Connecting to host 192.168.0.51, port 5201
Reverse mode, remote host 192.168.0.51 is sending
[  5] local 192.168.0.131 port 47550 connected to 192.168.0.51 port 5201
[  7] local 192.168.0.131 port 47560 connected to 192.168.0.51 port 5201
[  9] local 192.168.0.131 port 47572 connected to 192.168.0.51 port 5201
[ 11] local 192.168.0.131 port 47574 connected to 192.168.0.51 port 5201
[ 13] local 192.168.0.131 port 47588 connected to 192.168.0.51 port 5201
[ ID] Interval           Transfer     Bitrate
[  5]   0.00-1.00   sec   390 KBytes  3.20 Mbits/sec                  
[  7]   0.00-1.00   sec   380 KBytes  3.12 Mbits/sec                  
[  9]   0.00-1.00   sec   363 KBytes  2.98 Mbits/sec                  
[ 11]   0.00-1.00   sec   358 KBytes  2.93 Mbits/sec                  
[ 13]   0.00-1.00   sec   358 KBytes  2.93 Mbits/sec                  
[SUM]   0.00-1.00   sec  1.81 MBytes  15.2 Mbits/sec                  
- - - - - - - - - - - - - - - - - - - - - - - - -
[  5]   1.00-2.00   sec   685 KBytes  5.61 Mbits/sec                  
[  7]   1.00-2.00   sec   864 KBytes  7.08 Mbits/sec                  
[  9]   1.00-2.00   sec   827 KBytes  6.78 Mbits/sec                  
[ 11]   1.00-2.00   sec  1.09 MBytes  9.16 Mbits/sec                  
[ 13]   1.00-2.00   sec   812 KBytes  6.65 Mbits/sec                  
[SUM]   1.00-2.00   sec  4.21 MBytes  35.3 Mbits/sec                  
- - - - - - - - - - - - - - - - - - - - - - - - -
[  5]   2.00-3.00   sec   160 KBytes  1.31 Mbits/sec                  
[  7]   2.00-3.00   sec   365 KBytes  2.99 Mbits/sec                  
[  9]   2.00-3.00   sec  0.00 Bytes  0.00 bits/sec                  
[ 11]   2.00-3.00   sec  0.00 Bytes  0.00 bits/sec                  
[ 13]   2.00-3.00   sec  0.00 Bytes  0.00 bits/sec                  
[SUM]   2.00-3.00   sec   525 KBytes  4.30 Mbits/sec                  
- - - - - - - - - - - - - - - - - - - - - - - - -
[  5]   3.00-4.00   sec  22.6 KBytes   185 Kbits/sec                  
[  7]   3.00-4.00   sec  0.00 Bytes  0.00 bits/sec                  
[  9]   3.00-4.00   sec  0.00 Bytes  0.00 bits/sec                  
[ 11]   3.00-4.00   sec  0.00 Bytes  0.00 bits/sec                  
[ 13]   3.00-4.00   sec  0.00 Bytes  0.00 bits/sec                  
[SUM]   3.00-4.00   sec  22.6 KBytes   185 Kbits/sec                  
- - - - - - - - - - - - - - - - - - - - - - - - -
[  5]   4.00-5.00   sec   161 KBytes  1.32 Mbits/sec                  
[  7]   4.00-5.00   sec  0.00 Bytes  0.00 bits/sec                  
[  9]   4.00-5.00   sec  0.00 Bytes  0.00 bits/sec                  
[ 11]   4.00-5.00   sec  0.00 Bytes  0.00 bits/sec                  
[ 13]   4.00-5.00   sec  0.00 Bytes  0.00 bits/sec                  
[SUM]   4.00-5.00   sec   161 KBytes  1.32 Mbits/sec                  
- - - - - - - - - - - - - - - - - - - - - - - - -
[  5]   5.00-6.00   sec   100 KBytes   822 Kbits/sec                  
[  7]   5.00-6.00   sec  0.00 Bytes  0.00 bits/sec                  
[  9]   5.00-6.00   sec  0.00 Bytes  0.00 bits/sec                  
[ 11]   5.00-6.00   sec  0.00 Bytes  0.00 bits/sec                  
[ 13]   5.00-6.00   sec  0.00 Bytes  0.00 bits/sec                  
[SUM]   5.00-6.00   sec   100 KBytes   822 Kbits/sec                  
- - - - - - - - - - - - - - - - - - - - - - - - -
[  5]   6.00-7.00   sec  0.00 Bytes  0.00 bits/sec                  
[  7]   6.00-7.00   sec  0.00 Bytes  0.00 bits/sec                  
[  9]   6.00-7.00   sec  1.18 MBytes  9.89 Mbits/sec                  
[ 11]   6.00-7.00   sec  0.00 Bytes  0.00 bits/sec                  
[ 13]   6.00-7.00   sec  0.00 Bytes  0.00 bits/sec                  
[SUM]   6.00-7.00   sec  1.18 MBytes  9.89 Mbits/sec                  
- - - - - - - - - - - - - - - - - - - - - - - - -
[  5]   7.00-8.00   sec  1.41 KBytes  11.6 Kbits/sec                  
[  7]   7.00-8.00   sec  0.00 Bytes  0.00 bits/sec                  
[  9]   7.00-8.00   sec  0.00 Bytes  0.00 bits/sec                  
[ 11]   7.00-8.00   sec   533 KBytes  4.37 Mbits/sec                  
[ 13]   7.00-8.00   sec  1.10 MBytes  9.26 Mbits/sec                  
[SUM]   7.00-8.00   sec  1.63 MBytes  13.6 Mbits/sec                  
- - - - - - - - - - - - - - - - - - - - - - - - -
[  5]   8.00-9.00   sec   314 KBytes  2.57 Mbits/sec                  
[  7]   8.00-9.00   sec  2.84 MBytes  23.9 Mbits/sec                  
[  9]   8.00-9.00   sec  15.6 KBytes   128 Kbits/sec                  
[ 11]   8.00-9.00   sec  1.43 MBytes  12.0 Mbits/sec                  
[ 13]   8.00-9.00   sec  15.6 KBytes   128 Kbits/sec                  
[SUM]   8.00-9.00   sec  4.61 MBytes  38.7 Mbits/sec                  
- - - - - - - - - - - - - - - - - - - - - - - - -
[  5]   9.00-10.00  sec  1.12 MBytes  9.38 Mbits/sec                  
[  7]   9.00-10.00  sec  5.89 MBytes  49.4 Mbits/sec                  
[  9]   9.00-10.00  sec   441 KBytes  3.61 Mbits/sec                  
[ 11]   9.00-10.00  sec   356 KBytes  2.92 Mbits/sec                  
[ 13]   9.00-10.00  sec   221 KBytes  1.81 Mbits/sec                  
[SUM]   9.00-10.00  sec  8.01 MBytes  67.2 Mbits/sec                  
- - - - - - - - - - - - - - - - - - - - - - - - -
[  5]  10.00-11.00  sec   716 KBytes  5.86 Mbits/sec                  
[  7]  10.00-11.00  sec  3.64 MBytes  30.6 Mbits/sec                  
[  9]  10.00-11.00  sec  1.48 MBytes  12.4 Mbits/sec                  
[ 11]  10.00-11.00  sec   351 KBytes  2.87 Mbits/sec                  
[ 13]  10.00-11.00  sec  1.70 MBytes  14.2 Mbits/sec                  
[SUM]  10.00-11.00  sec  7.87 MBytes  66.0 Mbits/sec                  
- - - - - - - - - - - - - - - - - - - - - - - - -
[  5]  11.00-12.00  sec   370 KBytes  3.04 Mbits/sec                  
[  7]  11.00-12.00  sec  2.10 MBytes  17.6 Mbits/sec                  
[  9]  11.00-12.00  sec  1.18 MBytes  9.90 Mbits/sec                  
[ 11]  11.00-12.00  sec   119 KBytes   973 Kbits/sec                  
[ 13]  11.00-12.00  sec  1.10 MBytes  9.27 Mbits/sec                  
[SUM]  11.00-12.00  sec  4.86 MBytes  40.8 Mbits/sec                  
- - - - - - - - - - - - - - - - - - - - - - - - -
[  5]  12.00-13.00  sec   314 KBytes  2.57 Mbits/sec                  
[  7]  12.00-13.00  sec  1.95 MBytes  16.3 Mbits/sec                  
[  9]  12.00-13.00  sec  1.18 MBytes  9.92 Mbits/sec                  
[ 11]  12.00-13.00  sec   119 KBytes   973 Kbits/sec                  
[ 13]  12.00-13.00  sec  1.11 MBytes  9.28 Mbits/sec                  
[SUM]  12.00-13.00  sec  4.66 MBytes  39.1 Mbits/sec                  
- - - - - - - - - - - - - - - - - - - - - - - - -
[  5]  13.00-14.00  sec   461 KBytes  3.77 Mbits/sec                  
[  7]  13.00-14.00  sec  1.92 MBytes  16.1 Mbits/sec                  
[  9]  13.00-14.00  sec  2.03 MBytes  17.0 Mbits/sec                  
[ 11]  13.00-14.00  sec   156 KBytes  1.27 Mbits/sec                  
[ 13]  13.00-14.00  sec  1.13 MBytes  9.45 Mbits/sec                  
[SUM]  13.00-14.00  sec  5.68 MBytes  47.6 Mbits/sec                  
- - - - - - - - - - - - - - - - - - - - - - - - -
[  5]  14.00-15.00  sec   407 KBytes  3.34 Mbits/sec                  
[  7]  14.00-15.00  sec  1.69 MBytes  14.2 Mbits/sec                  
[  9]  14.00-15.00  sec  1.24 MBytes  10.4 Mbits/sec                  
[ 11]  14.00-15.00  sec   136 KBytes  1.11 Mbits/sec                  
[ 13]  14.00-15.00  sec  1.16 MBytes  9.70 Mbits/sec                  
[SUM]  14.00-15.00  sec  4.62 MBytes  38.7 Mbits/sec                  
- - - - - - - - - - - - - - - - - - - - - - - - -
[  5]  15.00-16.00  sec   474 KBytes  3.88 Mbits/sec                  
[  7]  15.00-16.00  sec  1.75 MBytes  14.7 Mbits/sec                  
[  9]  15.00-16.00  sec  1.27 MBytes  10.6 Mbits/sec                  
[ 11]  15.00-16.00  sec   167 KBytes  1.37 Mbits/sec                  
[ 13]  15.00-16.00  sec  1.17 MBytes  9.81 Mbits/sec                  
[SUM]  15.00-16.00  sec  4.81 MBytes  40.4 Mbits/sec                  
- - - - - - - - - - - - - - - - - - - - - - - - -
[  5]  16.00-17.00  sec   465 KBytes  3.81 Mbits/sec                  
[  7]  16.00-17.00  sec  1.74 MBytes  14.6 Mbits/sec                  
[  9]  16.00-17.00  sec  1.19 MBytes  10.0 Mbits/sec                  
[ 11]  16.00-17.00  sec  94.7 KBytes   776 Kbits/sec                  
[ 13]  16.00-17.00  sec  1.11 MBytes  9.34 Mbits/sec                  
[SUM]  16.00-17.00  sec  4.59 MBytes  38.5 Mbits/sec                  
- - - - - - - - - - - - - - - - - - - - - - - - -
[  5]  17.00-18.00  sec   588 KBytes  4.82 Mbits/sec                  
[  7]  17.00-18.00  sec  1.83 MBytes  15.4 Mbits/sec                  
[  9]  17.00-18.00  sec  1.30 MBytes  10.9 Mbits/sec                  
[ 11]  17.00-18.00  sec  93.3 KBytes   765 Kbits/sec                  
[ 13]  17.00-18.00  sec  1.19 MBytes  9.96 Mbits/sec                  
[SUM]  17.00-18.00  sec  4.98 MBytes  41.8 Mbits/sec                  
- - - - - - - - - - - - - - - - - - - - - - - - -
[  5]  18.00-19.00  sec   817 KBytes  6.70 Mbits/sec                  
[  7]  18.00-19.00  sec  2.18 MBytes  18.3 Mbits/sec                  
[  9]  18.00-19.00  sec  1.44 MBytes  12.1 Mbits/sec                  
[ 11]  18.00-19.00  sec   181 KBytes  1.48 Mbits/sec                  
[ 13]  18.00-19.00  sec  1.34 MBytes  11.2 Mbits/sec                  
[SUM]  18.00-19.00  sec  5.94 MBytes  49.9 Mbits/sec                  
- - - - - - - - - - - - - - - - - - - - - - - - -
[  5]  19.00-20.00  sec   877 KBytes  7.18 Mbits/sec                  
[  7]  19.00-20.00  sec  2.50 MBytes  21.0 Mbits/sec                  
[  9]  19.00-20.00  sec  1.69 MBytes  14.2 Mbits/sec                  
[ 11]  19.00-20.00  sec   120 KBytes   984 Kbits/sec                  
[ 13]  19.00-20.00  sec  1.73 MBytes  14.5 Mbits/sec                  
[SUM]  19.00-20.00  sec  6.89 MBytes  57.8 Mbits/sec                  
- - - - - - - - - - - - - - - - - - - - - - - - -
[  5]  20.00-21.00  sec  1008 KBytes  8.26 Mbits/sec                  
[  7]  20.00-21.00  sec  1.87 MBytes  15.7 Mbits/sec                  
[  9]  20.00-21.00  sec  1.41 MBytes  11.9 Mbits/sec                  
[ 11]  20.00-21.00  sec   116 KBytes   950 Kbits/sec                  
[ 13]  20.00-21.00  sec  1.08 MBytes  9.05 Mbits/sec                  
[SUM]  20.00-21.00  sec  5.46 MBytes  45.8 Mbits/sec                  
- - - - - - - - - - - - - - - - - - - - - - - - -
[  5]  21.00-22.00  sec   136 KBytes  1.11 Mbits/sec                  
[  7]  21.00-22.00  sec   383 KBytes  3.14 Mbits/sec                  
[  9]  21.00-22.00  sec   164 KBytes  1.34 Mbits/sec                  
[ 11]  21.00-22.00  sec  2.83 KBytes  23.2 Kbits/sec                  
[ 13]  21.00-22.00  sec  1.04 MBytes  8.68 Mbits/sec                  
[SUM]  21.00-22.00  sec  1.71 MBytes  14.3 Mbits/sec                  
- - - - - - - - - - - - - - - - - - - - - - - - -
[  5]  22.00-23.00  sec   659 KBytes  5.40 Mbits/sec                  
[  7]  22.00-23.00  sec  0.00 Bytes  0.00 bits/sec                  
[  9]  22.00-23.00  sec  18.4 KBytes   151 Kbits/sec                  
[ 11]  22.00-23.00  sec  1.41 KBytes  11.6 Kbits/sec                  
[ 13]  22.00-23.00  sec  0.00 Bytes  0.00 bits/sec                  
[SUM]  22.00-23.00  sec   679 KBytes  5.56 Mbits/sec                  
- - - - - - - - - - - - - - - - - - - - - - - - -
[  5]  23.00-24.00  sec   615 KBytes  5.04 Mbits/sec                  
[  7]  23.00-24.00  sec  1018 KBytes  8.34 Mbits/sec                  
[  9]  23.00-24.00  sec  1.81 MBytes  15.2 Mbits/sec                  
[ 11]  23.00-24.00  sec   117 KBytes   962 Kbits/sec                  
[ 13]  23.00-24.00  sec  0.00 Bytes  0.00 bits/sec                  
[SUM]  23.00-24.00  sec  3.52 MBytes  29.6 Mbits/sec                  
- - - - - - - - - - - - - - - - - - - - - - - - -
[  5]  24.00-25.00  sec   129 KBytes  1.05 Mbits/sec                  
[  7]  24.00-25.00  sec   636 KBytes  5.21 Mbits/sec                  
[  9]  24.00-25.00  sec  7.07 KBytes  57.9 Kbits/sec                  
[ 11]  24.00-25.00  sec  0.00 Bytes  0.00 bits/sec                  
[ 13]  24.00-25.00  sec   479 KBytes  3.93 Mbits/sec                  
[SUM]  24.00-25.00  sec  1.22 MBytes  10.2 Mbits/sec                  
- - - - - - - - - - - - - - - - - - - - - - - - -
[  5]  25.00-26.00  sec  0.00 Bytes  0.00 bits/sec                  
[  7]  25.00-26.00  sec   455 KBytes  3.73 Mbits/sec                  
[  9]  25.00-26.00  sec  0.00 Bytes  0.00 bits/sec                  
[ 11]  25.00-26.00  sec  49.5 KBytes   405 Kbits/sec                  
[ 13]  25.00-26.00  sec  0.00 Bytes  0.00 bits/sec                  
[SUM]  25.00-26.00  sec   505 KBytes  4.13 Mbits/sec                  
- - - - - - - - - - - - - - - - - - - - - - - - -
[  5]  26.00-27.00  sec  0.00 Bytes  0.00 bits/sec                  
[  7]  26.00-27.00  sec  0.00 Bytes  0.00 bits/sec                  
[  9]  26.00-27.00  sec  0.00 Bytes  0.00 bits/sec                  
[ 11]  26.00-27.00  sec  67.9 KBytes   556 Kbits/sec                  
[ 13]  26.00-27.00  sec  0.00 Bytes  0.00 bits/sec                  
[SUM]  26.00-27.00  sec  67.9 KBytes   556 Kbits/sec                  
- - - - - - - - - - - - - - - - - - - - - - - - -
[  5]  27.00-28.00  sec  0.00 Bytes  0.00 bits/sec                  
[  7]  27.00-28.00  sec  1.04 MBytes  8.71 Mbits/sec                  
[  9]  27.00-28.00  sec  0.00 Bytes  0.00 bits/sec                  
[ 11]  27.00-28.00  sec  0.00 Bytes  0.00 bits/sec                  
[ 13]  27.00-28.00  sec  1.40 MBytes  11.7 Mbits/sec                  
[SUM]  27.00-28.00  sec  2.43 MBytes  20.4 Mbits/sec                  
- - - - - - - - - - - - - - - - - - - - - - - - -
[  5]  28.00-29.00  sec  0.00 Bytes  0.00 bits/sec                  
[  7]  28.00-29.00  sec  0.00 Bytes  0.00 bits/sec                  
[  9]  28.00-29.00  sec  0.00 Bytes  0.00 bits/sec                  
[ 11]  28.00-29.00  sec  0.00 Bytes  0.00 bits/sec                  
[ 13]  28.00-29.00  sec   154 KBytes  1.26 Mbits/sec                  
[SUM]  28.00-29.00  sec   154 KBytes  1.26 Mbits/sec                  
- - - - - - - - - - - - - - - - - - - - - - - - -
[  5]  29.00-30.00  sec  0.00 Bytes  0.00 bits/sec                  
[  7]  29.00-30.00  sec  0.00 Bytes  0.00 bits/sec                  
[  9]  29.00-30.00  sec  0.00 Bytes  0.00 bits/sec                  
[ 11]  29.00-30.00  sec  0.00 Bytes  0.00 bits/sec                  
[ 13]  29.00-30.00  sec  0.00 Bytes  0.00 bits/sec                  
[SUM]  29.00-30.00  sec  0.00 Bytes  0.00 bits/sec                  
- - - - - - - - - - - - - - - - - - - - - - - - -
[ ID] Interval           Transfer     Bitrate
[  5]   0.00-32.55  sec  14.8 MBytes  3.80 Mbits/sec                  sender
[  5]   0.00-30.00  sec  10.8 MBytes  3.01 Mbits/sec                  receiver
[  7]   0.00-32.55  sec  40.8 MBytes  10.5 Mbits/sec                  sender
[  7]   0.00-30.00  sec  37.0 MBytes  10.3 Mbits/sec                  receiver
[  9]   0.00-32.55  sec  24.1 MBytes  6.22 Mbits/sec                  sender
[  9]   0.00-30.00  sec  20.2 MBytes  5.65 Mbits/sec                  receiver
[ 11]   0.00-32.55  sec  6.88 MBytes  1.77 Mbits/sec                  sender
[ 11]   0.00-30.00  sec  5.59 MBytes  1.56 Mbits/sec                  receiver
[ 13]   0.00-32.55  sec  21.6 MBytes  5.57 Mbits/sec                  sender
[ 13]   0.00-30.00  sec  19.3 MBytes  5.41 Mbits/sec                  receiver
[SUM]   0.00-32.55  sec   108 MBytes  27.9 Mbits/sec                  sender
[SUM]   0.00-30.00  sec  92.8 MBytes  26.0 Mbits/sec                  receiver

iperf Done.
