Connecting to host 192.168.0.51, port 5201
[  5] local 192.168.0.131 port 48780 connected to 192.168.0.51 port 5201
[  7] local 192.168.0.131 port 48786 connected to 192.168.0.51 port 5201
[  9] local 192.168.0.131 port 48788 connected to 192.168.0.51 port 5201
[ 11] local 192.168.0.131 port 48804 connected to 192.168.0.51 port 5201
[ 13] local 192.168.0.131 port 48814 connected to 192.168.0.51 port 5201
[ ID] Interval           Transfer     Bitrate         Retr  Cwnd
[  5]   0.00-1.00   sec  2.75 MBytes  23.0 Mbits/sec    1    359 KBytes       
[  7]   0.00-1.00   sec  1.75 MBytes  14.7 Mbits/sec    0    257 KBytes       
[  9]   0.00-1.00   sec  1.44 MBytes  12.1 Mbits/sec    1    229 KBytes       
[ 11]   0.00-1.00   sec  2.56 MBytes  21.5 Mbits/sec    1    359 KBytes       
[ 13]   0.00-1.00   sec  1.34 MBytes  11.2 Mbits/sec    1    187 KBytes       
[SUM]   0.00-1.00   sec  9.85 MBytes  82.5 Mbits/sec    4             
- - - - - - - - - - - - - - - - - - - - - - - - -
[  5]   1.00-2.00   sec   891 KBytes  7.30 Mbits/sec    0    387 KBytes       
[  7]   1.00-2.00   sec   636 KBytes  5.21 Mbits/sec    0    279 KBytes       
[  9]   1.00-2.00   sec   573 KBytes  4.69 Mbits/sec    0    246 KBytes       
[ 11]   1.00-2.00   sec  2.43 MBytes  20.4 Mbits/sec    0    642 KBytes       
[ 13]   1.00-2.00   sec   445 KBytes  3.65 Mbits/sec    0    201 KBytes       
[SUM]   1.00-2.00   sec  4.92 MBytes  41.2 Mbits/sec    0             
- - - - - - - - - - - - - - - - - - - - - - - - -
[  5]   2.00-3.00   sec  0.00 Bytes  0.00 bits/sec    0    387 KBytes       
[  7]   2.00-3.00   sec   636 KBytes  5.21 Mbits/sec    0    279 KBytes       
[  9]   2.00-3.00   sec   573 KBytes  4.69 Mbits/sec    0    246 KBytes       
[ 11]   2.00-3.00   sec  0.00 Bytes  0.00 bits/sec    0    642 KBytes       
[ 13]   2.00-3.00   sec   445 KBytes  3.65 Mbits/sec    0    202 KBytes       
[SUM]   2.00-3.00   sec  1.62 MBytes  13.6 Mbits/sec    0             
- - - - - - - - - - - - - - - - - - - - - - - - -
[  5]   3.00-4.00   sec   827 KBytes  6.78 Mbits/sec    0    409 KBytes       
[  7]   3.00-4.00   sec   636 KBytes  5.21 Mbits/sec    0    293 KBytes       
[  9]   3.00-4.00   sec   573 KBytes  4.69 Mbits/sec    0    259 KBytes       
[ 11]   3.00-4.00   sec  2.50 MBytes  21.0 Mbits/sec    0    677 KBytes       
[ 13]   3.00-4.00   sec   445 KBytes  3.65 Mbits/sec    0    221 KBytes       
[SUM]   3.00-4.00   sec  4.92 MBytes  41.3 Mbits/sec    0             
- - - - - - - - - - - - - - - - - - - - - - - - -
[  5]   4.00-5.00   sec   827 KBytes  6.77 Mbits/sec    0    409 KBytes       
[  7]   4.00-5.00   sec   636 KBytes  5.21 Mbits/sec    0    293 KBytes       
[  9]   4.00-5.00   sec   573 KBytes  4.69 Mbits/sec    0    259 KBytes       
[ 11]   4.00-5.00   sec  0.00 Bytes  0.00 bits/sec    0    677 KBytes       
[ 13]   4.00-5.00   sec   509 KBytes  4.17 Mbits/sec    0    221 KBytes       
[SUM]   4.00-5.00   sec  2.49 MBytes  20.8 Mbits/sec    0             
- - - - - - - - - - - - - - - - - - - - - - - - -
[  5]   5.00-6.00   sec   827 KBytes  6.78 Mbits/sec    0    409 KBytes       
[  7]   5.00-6.00   sec  0.00 Bytes  0.00 bits/sec    0    293 KBytes       
[  9]   5.00-6.00   sec  0.00 Bytes  0.00 bits/sec    0    259 KBytes       
[ 11]   5.00-6.00   sec  1.25 MBytes  10.5 Mbits/sec    0    677 KBytes       
[ 13]   5.00-6.00   sec  0.00 Bytes  0.00 bits/sec    0    221 KBytes       
[SUM]   5.00-6.00   sec  2.06 MBytes  17.3 Mbits/sec    0             
- - - - - - - - - - - - - - - - - - - - - - - - -
[  5]   6.00-7.00   sec  0.00 Bytes  0.00 bits/sec    0    409 KBytes       
[  7]   6.00-7.00   sec   636 KBytes  5.21 Mbits/sec    0    293 KBytes       
[  9]   6.00-7.00   sec   573 KBytes  4.69 Mbits/sec    0    259 KBytes       
[ 11]   6.00-7.00   sec  1.25 MBytes  10.5 Mbits/sec    0    677 KBytes       
[ 13]   6.00-7.00   sec   509 KBytes  4.17 Mbits/sec    0    221 KBytes       
[SUM]   6.00-7.00   sec  2.93 MBytes  24.6 Mbits/sec    0             
- - - - - - - - - - - - - - - - - - - - - - - - -
[  5]   7.00-8.00   sec  1.93 MBytes  16.2 Mbits/sec    0    488 KBytes       
[  7]   7.00-8.00   sec   764 KBytes  6.26 Mbits/sec    0    379 KBytes       
[  9]   7.00-8.00   sec   636 KBytes  5.21 Mbits/sec    0    314 KBytes       
[ 11]   7.00-8.00   sec  1.25 MBytes  10.5 Mbits/sec    0    713 KBytes       
[ 13]   7.00-8.00   sec   700 KBytes  5.74 Mbits/sec    0    305 KBytes       
[SUM]   7.00-8.00   sec  5.23 MBytes  43.9 Mbits/sec    0             
- - - - - - - - - - - - - - - - - - - - - - - - -
[  5]   8.00-9.00   sec  2.24 MBytes  18.8 Mbits/sec    0    568 KBytes       
[  7]   8.00-9.00   sec  1.80 MBytes  15.1 Mbits/sec    0    460 KBytes       
[  9]   8.00-9.00   sec  1.43 MBytes  12.0 Mbits/sec    0    372 KBytes       
[ 11]   8.00-9.00   sec  1.25 MBytes  10.5 Mbits/sec    0    759 KBytes       
[ 13]   8.00-9.00   sec  1.55 MBytes  13.0 Mbits/sec    0    389 KBytes       
[SUM]   8.00-9.00   sec  8.27 MBytes  69.4 Mbits/sec    0             
- - - - - - - - - - - - - - - - - - - - - - - - -
[  5]   9.00-10.00  sec  1.12 MBytes  9.38 Mbits/sec    0    568 KBytes       
[  7]   9.00-10.00  sec  1018 KBytes  8.34 Mbits/sec    0    460 KBytes       
[  9]   9.00-10.00  sec   891 KBytes  7.30 Mbits/sec    0    372 KBytes       
[ 11]   9.00-10.00  sec  2.50 MBytes  21.0 Mbits/sec    0    759 KBytes       
[ 13]   9.00-10.00  sec   954 KBytes  7.82 Mbits/sec    0    389 KBytes       
[SUM]   9.00-10.00  sec  6.41 MBytes  53.8 Mbits/sec    0             
- - - - - - - - - - - - - - - - - - - - - - - - -
[  5]  10.00-11.00  sec  1.12 MBytes  9.38 Mbits/sec    0    568 KBytes       
[  7]  10.00-11.00  sec   954 KBytes  7.82 Mbits/sec    0    460 KBytes       
[  9]  10.00-11.00  sec   827 KBytes  6.78 Mbits/sec    0    372 KBytes       
[ 11]  10.00-11.00  sec  1.25 MBytes  10.5 Mbits/sec    0    759 KBytes       
[ 13]  10.00-11.00  sec   827 KBytes  6.78 Mbits/sec    0    389 KBytes       
[SUM]  10.00-11.00  sec  4.92 MBytes  41.2 Mbits/sec    0             
- - - - - - - - - - - - - - - - - - - - - - - - -
[  5]  11.00-12.00  sec  1.12 MBytes  9.38 Mbits/sec    0    568 KBytes       
[  7]  11.00-12.00  sec   954 KBytes  7.82 Mbits/sec    0    460 KBytes       
[  9]  11.00-12.00  sec   764 KBytes  6.26 Mbits/sec    0    372 KBytes       
[ 11]  11.00-12.00  sec  1.25 MBytes  10.5 Mbits/sec    0    759 KBytes       
[ 13]  11.00-12.00  sec   827 KBytes  6.78 Mbits/sec    0    389 KBytes       
[SUM]  11.00-12.00  sec  4.85 MBytes  40.7 Mbits/sec    0             
- - - - - - - - - - - - - - - - - - - - - - - - -
[  5]  12.00-13.00  sec  1.12 MBytes  9.38 Mbits/sec    0    568 KBytes       
[  7]  12.00-13.00  sec   954 KBytes  7.82 Mbits/sec    0    460 KBytes       
[  9]  12.00-13.00  sec   764 KBytes  6.26 Mbits/sec    0    372 KBytes       
[ 11]  12.00-13.00  sec  0.00 Bytes  0.00 bits/sec    0    759 KBytes       
[ 13]  12.00-13.00  sec  0.00 Bytes  0.00 bits/sec    0    389 KBytes       
[SUM]  12.00-13.00  sec  2.80 MBytes  23.5 Mbits/sec    0             
- - - - - - - - - - - - - - - - - - - - - - - - -
[  5]  13.00-14.00  sec  1.25 MBytes  10.5 Mbits/sec    0    887 KBytes       
[  7]  13.00-14.00  sec  2.24 MBytes  18.8 Mbits/sec    0    716 KBytes       
[  9]  13.00-14.00  sec  2.11 MBytes  17.7 Mbits/sec    0    587 KBytes       
[ 11]  13.00-14.00  sec  2.50 MBytes  21.0 Mbits/sec    0   1.13 MBytes       
[ 13]  13.00-14.00  sec  1.93 MBytes  16.2 Mbits/sec    0    595 KBytes       
[SUM]  13.00-14.00  sec  10.0 MBytes  84.1 Mbits/sec    0             
- - - - - - - - - - - - - - - - - - - - - - - - -
[  5]  14.00-15.00  sec  1.25 MBytes  10.5 Mbits/sec    0    887 KBytes       
[  7]  14.00-15.00  sec  1.25 MBytes  10.5 Mbits/sec    0    716 KBytes       
[  9]  14.00-15.00  sec  1.18 MBytes  9.91 Mbits/sec    0    587 KBytes       
[ 11]  14.00-15.00  sec  2.50 MBytes  21.0 Mbits/sec    0   1.13 MBytes       
[ 13]  14.00-15.00  sec  1.24 MBytes  10.4 Mbits/sec    0    595 KBytes       
[SUM]  14.00-15.00  sec  7.42 MBytes  62.3 Mbits/sec    0             
- - - - - - - - - - - - - - - - - - - - - - - - -
[  5]  15.00-16.00  sec  1.25 MBytes  10.5 Mbits/sec    0    887 KBytes       
[  7]  15.00-16.00  sec  1.25 MBytes  10.5 Mbits/sec    0    716 KBytes       
[  9]  15.00-16.00  sec  1.18 MBytes  9.90 Mbits/sec    0    587 KBytes       
[ 11]  15.00-16.00  sec  1.25 MBytes  10.5 Mbits/sec    0   1.13 MBytes       
[ 13]  15.00-16.00  sec  1.18 MBytes  9.90 Mbits/sec    0    595 KBytes       
[SUM]  15.00-16.00  sec  6.11 MBytes  51.3 Mbits/sec    0             
- - - - - - - - - - - - - - - - - - - - - - - - -
[  5]  16.00-17.00  sec  1.25 MBytes  10.5 Mbits/sec    0    887 KBytes       
[  7]  16.00-17.00  sec  1.25 MBytes  10.5 Mbits/sec    0    716 KBytes       
[  9]  16.00-17.00  sec  0.00 Bytes  0.00 bits/sec    0    587 KBytes       
[ 11]  16.00-17.00  sec  0.00 Bytes  0.00 bits/sec    0   1.13 MBytes       
[ 13]  16.00-17.00  sec  1.18 MBytes  9.91 Mbits/sec    0    595 KBytes       
[SUM]  16.00-17.00  sec  3.68 MBytes  30.9 Mbits/sec    0             
- - - - - - - - - - - - - - - - - - - - - - - - -
[  5]  17.00-18.00  sec  1.25 MBytes  10.5 Mbits/sec    0    887 KBytes       
[  7]  17.00-18.00  sec  0.00 Bytes  0.00 bits/sec    0    716 KBytes       
[  9]  17.00-18.00  sec  1.18 MBytes  9.90 Mbits/sec    0    587 KBytes       
[ 11]  17.00-18.00  sec  1.25 MBytes  10.5 Mbits/sec    0   1.13 MBytes       
[ 13]  17.00-18.00  sec  0.00 Bytes  0.00 bits/sec    0    595 KBytes       
[SUM]  17.00-18.00  sec  3.68 MBytes  30.9 Mbits/sec    0             
- - - - - - - - - - - - - - - - - - - - - - - - -
[  5]  18.00-19.00  sec  1.25 MBytes  10.5 Mbits/sec   39    119 KBytes       
[  7]  18.00-19.00  sec  1.25 MBytes  10.5 Mbits/sec    0    716 KBytes       
[  9]  18.00-19.00  sec  1.18 MBytes  9.91 Mbits/sec   31    144 KBytes       
[ 11]  18.00-19.00  sec  1.25 MBytes  10.5 Mbits/sec   41    127 KBytes       
[ 13]  18.00-19.00  sec  1.24 MBytes  10.4 Mbits/sec    6    124 KBytes       
[SUM]  18.00-19.00  sec  6.17 MBytes  51.8 Mbits/sec  117             
- - - - - - - - - - - - - - - - - - - - - - - - -
[  5]  19.00-20.00  sec  1.25 MBytes  10.5 Mbits/sec    6    669 KBytes       
[  7]  19.00-20.00  sec  2.50 MBytes  21.0 Mbits/sec    0   1.15 MBytes       
[  9]  19.00-20.00  sec  1.24 MBytes  10.4 Mbits/sec    0    417 KBytes       
[ 11]  19.00-20.00  sec  2.50 MBytes  21.0 Mbits/sec    4    865 KBytes       
[ 13]  19.00-20.00  sec  1.18 MBytes  9.91 Mbits/sec    0    458 KBytes       
[SUM]  19.00-20.00  sec  8.67 MBytes  72.8 Mbits/sec   10             
- - - - - - - - - - - - - - - - - - - - - - - - -
[  5]  20.00-21.00  sec  1.25 MBytes  10.5 Mbits/sec    0    670 KBytes       
[  7]  20.00-21.00  sec  1.25 MBytes  10.5 Mbits/sec    0   1.15 MBytes       
[  9]  20.00-21.00  sec  0.00 Bytes  0.00 bits/sec    0    417 KBytes       
[ 11]  20.00-21.00  sec  1.25 MBytes  10.5 Mbits/sec    0    870 KBytes       
[ 13]  20.00-21.00  sec  1.25 MBytes  10.5 Mbits/sec    0    458 KBytes       
[SUM]  20.00-21.00  sec  5.00 MBytes  41.9 Mbits/sec    0             
- - - - - - - - - - - - - - - - - - - - - - - - -
[  5]  21.00-22.00  sec  0.00 Bytes  0.00 bits/sec    0    670 KBytes       
[  7]  21.00-22.00  sec  1.25 MBytes  10.5 Mbits/sec    0   1.15 MBytes       
[  9]  21.00-22.00  sec  1.18 MBytes  9.91 Mbits/sec    0    417 KBytes       
[ 11]  21.00-22.00  sec  1.25 MBytes  10.5 Mbits/sec    0    870 KBytes       
[ 13]  21.00-22.00  sec  1.24 MBytes  10.4 Mbits/sec    0    458 KBytes       
[SUM]  21.00-22.00  sec  4.92 MBytes  41.3 Mbits/sec    0             
- - - - - - - - - - - - - - - - - - - - - - - - -
[  5]  22.00-23.00  sec  1.25 MBytes  10.5 Mbits/sec    0    670 KBytes       
[  7]  22.00-23.00  sec  1.25 MBytes  10.5 Mbits/sec    0   1.15 MBytes       
[  9]  22.00-23.00  sec  0.00 Bytes  0.00 bits/sec    0    417 KBytes       
[ 11]  22.00-23.00  sec  0.00 Bytes  0.00 bits/sec    0    870 KBytes       
[ 13]  22.00-23.00  sec  0.00 Bytes  0.00 bits/sec    0    458 KBytes       
[SUM]  22.00-23.00  sec  2.50 MBytes  21.0 Mbits/sec    0             
- - - - - - - - - - - - - - - - - - - - - - - - -
[  5]  23.00-24.00  sec  0.00 Bytes  0.00 bits/sec    0    670 KBytes       
[  7]  23.00-24.00  sec  1.25 MBytes  10.5 Mbits/sec    0   1.15 MBytes       
[  9]  23.00-24.00  sec  1.18 MBytes  9.91 Mbits/sec    0    417 KBytes       
[ 11]  23.00-24.00  sec  1.25 MBytes  10.5 Mbits/sec    0    870 KBytes       
[ 13]  23.00-24.00  sec  0.00 Bytes  0.00 bits/sec    0    458 KBytes       
[SUM]  23.00-24.00  sec  3.68 MBytes  30.9 Mbits/sec    0             
- - - - - - - - - - - - - - - - - - - - - - - - -
[  5]  24.00-25.00  sec  1.25 MBytes  10.5 Mbits/sec    0    670 KBytes       
[  7]  24.00-25.00  sec  0.00 Bytes  0.00 bits/sec    0   1.15 MBytes       
[  9]  24.00-25.00  sec  0.00 Bytes  0.00 bits/sec    0    417 KBytes       
[ 11]  24.00-25.00  sec  0.00 Bytes  0.00 bits/sec    0    870 KBytes       
[ 13]  24.00-25.00  sec  1.24 MBytes  10.4 Mbits/sec    0    458 KBytes       
[SUM]  24.00-25.00  sec  2.49 MBytes  20.9 Mbits/sec    0             
- - - - - - - - - - - - - - - - - - - - - - - - -
[  5]  25.00-26.00  sec  0.00 Bytes  0.00 bits/sec    0    670 KBytes       
[  7]  25.00-26.00  sec  1.25 MBytes  10.5 Mbits/sec    0   1.15 MBytes       
[  9]  25.00-26.00  sec  0.00 Bytes  0.00 bits/sec    0    417 KBytes       
[ 11]  25.00-26.00  sec  1.25 MBytes  10.5 Mbits/sec    0    870 KBytes       
[ 13]  25.00-26.00  sec  0.00 Bytes  0.00 bits/sec    0    458 KBytes       
[SUM]  25.00-26.00  sec  2.50 MBytes  21.0 Mbits/sec    0             
- - - - - - - - - - - - - - - - - - - - - - - - -
[  5]  26.00-27.00  sec  1.25 MBytes  10.5 Mbits/sec    0    670 KBytes       
[  7]  26.00-27.00  sec  0.00 Bytes  0.00 bits/sec    0   1.15 MBytes       
[  9]  26.00-27.00  sec  1.18 MBytes  9.91 Mbits/sec    0    417 KBytes       
[ 11]  26.00-27.00  sec  1.25 MBytes  10.5 Mbits/sec    0    870 KBytes       
[ 13]  26.00-27.00  sec  0.00 Bytes  0.00 bits/sec    0    458 KBytes       
[SUM]  26.00-27.00  sec  3.68 MBytes  30.9 Mbits/sec    0             
- - - - - - - - - - - - - - - - - - - - - - - - -
[  5]  27.00-28.00  sec  0.00 Bytes  0.00 bits/sec    0    670 KBytes       
[  7]  27.00-28.00  sec  1.25 MBytes  10.5 Mbits/sec    0   1.15 MBytes       
[  9]  27.00-28.00  sec  0.00 Bytes  0.00 bits/sec    0    417 KBytes       
[ 11]  27.00-28.00  sec  0.00 Bytes  0.00 bits/sec    0    870 KBytes       
[ 13]  27.00-28.00  sec  1.18 MBytes  9.90 Mbits/sec    0    458 KBytes       
[SUM]  27.00-28.00  sec  2.43 MBytes  20.4 Mbits/sec    0             
- - - - - - - - - - - - - - - - - - - - - - - - -
[  5]  28.00-29.00  sec  1.25 MBytes  10.5 Mbits/sec    0    670 KBytes       
[  7]  28.00-29.00  sec  1.25 MBytes  10.5 Mbits/sec    0   1.15 MBytes       
[  9]  28.00-29.00  sec  0.00 Bytes  0.00 bits/sec    0    417 KBytes       
[ 11]  28.00-29.00  sec  1.25 MBytes  10.5 Mbits/sec    0    870 KBytes       
[ 13]  28.00-29.00  sec  0.00 Bytes  0.00 bits/sec    0    458 KBytes       
[SUM]  28.00-29.00  sec  3.75 MBytes  31.5 Mbits/sec    0             
- - - - - - - - - - - - - - - - - - - - - - - - -
[  5]  29.00-30.00  sec  0.00 Bytes  0.00 bits/sec    0    670 KBytes       
[  7]  29.00-30.00  sec  0.00 Bytes  0.00 bits/sec    0   1.15 MBytes       
[  9]  29.00-30.00  sec  1.18 MBytes  9.91 Mbits/sec    0    417 KBytes       
[ 11]  29.00-30.00  sec  0.00 Bytes  0.00 bits/sec    0    870 KBytes       
[ 13]  29.00-30.00  sec  0.00 Bytes  0.00 bits/sec    0    458 KBytes       
[SUM]  29.00-30.00  sec  1.18 MBytes  9.91 Mbits/sec    0             
- - - - - - - - - - - - - - - - - - - - - - - - -
[ ID] Interval           Transfer     Bitrate         Retr
[  5]   0.00-30.00  sec  29.7 MBytes  8.30 Mbits/sec   46             sender
[  5]   0.00-30.14  sec  26.8 MBytes  7.45 Mbits/sec                  receiver
[  7]   0.00-30.00  sec  29.7 MBytes  8.30 Mbits/sec    0             sender
[  7]   0.00-30.14  sec  26.9 MBytes  7.48 Mbits/sec                  receiver
[  9]   0.00-30.00  sec  22.3 MBytes  6.22 Mbits/sec   32             sender
[  9]   0.00-30.14  sec  18.8 MBytes  5.22 Mbits/sec                  receiver
[ 11]   0.00-30.00  sec  36.2 MBytes  10.1 Mbits/sec   46             sender
[ 11]   0.00-30.14  sec  33.4 MBytes  9.29 Mbits/sec                  receiver
[ 13]   0.00-30.00  sec  21.3 MBytes  5.95 Mbits/sec    7             sender
[ 13]   0.00-30.14  sec  18.9 MBytes  5.25 Mbits/sec                  receiver
[SUM]   0.00-30.00  sec   139 MBytes  38.9 Mbits/sec  131             sender
[SUM]   0.00-30.14  sec   125 MBytes  34.7 Mbits/sec                  receiver

iperf Done.
