Connecting to host 192.168.0.51, port 5201
[  5] local 192.168.0.131 port 53660 connected to 192.168.0.51 port 5201
[ ID] Interval           Transfer     Bitrate         Retr  Cwnd
[  5]   0.00-1.00   sec  8.13 MBytes  68.2 Mbits/sec    0    779 KBytes       
[  5]   1.00-2.00   sec  5.01 MBytes  42.0 Mbits/sec    0    826 KBytes       
[  5]   2.00-3.00   sec  5.17 MBytes  43.4 Mbits/sec    0    826 KBytes       
[  5]   3.00-4.00   sec  4.33 MBytes  36.3 Mbits/sec    0    871 KBytes       
[  5]   4.00-5.00   sec  4.46 MBytes  37.4 Mbits/sec    0    871 KBytes       
[  5]   5.00-6.00   sec  5.34 MBytes  44.8 Mbits/sec    0    871 KBytes       
[  5]   6.00-7.00   sec  4.85 MBytes  40.6 Mbits/sec    0    871 KBytes       
[  5]   7.00-8.00   sec  2.80 MBytes  23.5 Mbits/sec    0    871 KBytes       
[  5]   8.00-9.00   sec  3.38 MBytes  28.3 Mbits/sec    0   1.10 MBytes       
[  5]   9.00-10.00  sec  2.22 MBytes  18.6 Mbits/sec    0   1.19 MBytes       
[  5]  10.00-11.00  sec  3.26 MBytes  27.3 Mbits/sec    0   1.37 MBytes       
[  5]  11.00-12.00  sec  2.54 MBytes  21.3 Mbits/sec    0   1.37 MBytes       
[  5]  12.00-13.00  sec  2.66 MBytes  22.3 Mbits/sec    1   1.39 MBytes       
[  5]  13.00-14.00  sec  2.00 MBytes  16.8 Mbits/sec    0   1.39 MBytes       
[  5]  14.00-15.00  sec  2.06 MBytes  17.2 Mbits/sec    0   1.39 MBytes       
[  5]  15.00-16.00  sec  2.75 MBytes  23.1 Mbits/sec    0   1.39 MBytes       
[  5]  16.00-17.00  sec  2.40 MBytes  20.2 Mbits/sec    0   1.39 MBytes       
[  5]  17.00-18.00  sec  2.86 MBytes  24.0 Mbits/sec    2   1.52 MBytes       
[  5]  18.00-19.00  sec  2.35 MBytes  19.7 Mbits/sec    0   1.52 MBytes       
[  5]  19.00-20.00  sec  2.92 MBytes  24.5 Mbits/sec    0   1.59 MBytes       
[  5]  20.00-21.00  sec  3.60 MBytes  30.3 Mbits/sec    0   1.64 MBytes       
[  5]  21.00-22.00  sec  3.50 MBytes  29.3 Mbits/sec    1   1.79 MBytes       
[  5]  22.00-23.00  sec  3.04 MBytes  25.5 Mbits/sec    0   1.79 MBytes       
[  5]  23.00-24.00  sec  2.80 MBytes  23.5 Mbits/sec    0   1.79 MBytes       
[  5]  24.00-25.00  sec  5.31 MBytes  44.6 Mbits/sec    0   1.79 MBytes       
[  5]  25.00-26.00  sec  5.21 MBytes  43.7 Mbits/sec    0   1.79 MBytes       
[  5]  26.00-27.00  sec  5.31 MBytes  44.6 Mbits/sec    0   1.79 MBytes       
[  5]  27.00-28.00  sec  5.23 MBytes  43.9 Mbits/sec    0   1.79 MBytes       
[  5]  28.00-29.00  sec  5.01 MBytes  42.0 Mbits/sec    0   1.79 MBytes       
[  5]  29.00-30.00  sec  5.14 MBytes  43.1 Mbits/sec    0   1.79 MBytes       
- - - - - - - - - - - - - - - - - - - - - - - - -
[ ID] Interval           Transfer     Bitrate         Retr
[  5]   0.00-30.00  sec   116 MBytes  32.3 Mbits/sec    4             sender
[  5]   0.00-30.04  sec   113 MBytes  31.6 Mbits/sec                  receiver

iperf Done.
