Connecting to host 192.168.0.51, port 5201
[  5] local 192.168.0.129 port 52518 connected to 192.168.0.51 port 5201
[  7] local 192.168.0.129 port 52530 connected to 192.168.0.51 port 5201
[  9] local 192.168.0.129 port 52546 connected to 192.168.0.51 port 5201
[ 11] local 192.168.0.129 port 52560 connected to 192.168.0.51 port 5201
[ 13] local 192.168.0.129 port 52572 connected to 192.168.0.51 port 5201
[ ID] Interval           Transfer     Bitrate         Retr  Cwnd
[  5]   0.00-1.00   sec  5.48 MBytes  46.0 Mbits/sec    0    380 KBytes       
[  7]   0.00-1.00   sec  3.83 MBytes  32.1 Mbits/sec    0    222 KBytes       
[  9]   0.00-1.00   sec  3.39 MBytes  28.4 Mbits/sec    0    218 KBytes       
[ 11]   0.00-1.00   sec  4.88 MBytes  40.9 Mbits/sec    0    379 KBytes       
[ 13]   0.00-1.00   sec  3.76 MBytes  31.5 Mbits/sec    0    260 KBytes       
[SUM]   0.00-1.00   sec  21.3 MBytes   179 Mbits/sec    0             
- - - - - - - - - - - - - - - - - - - - - - - - -
[  5]   1.00-2.00   sec  3.54 MBytes  29.7 Mbits/sec    0    427 KBytes       
[  7]   1.00-2.00   sec  3.60 MBytes  30.3 Mbits/sec    0    322 KBytes       
[  9]   1.00-2.00   sec  2.61 MBytes  21.9 Mbits/sec    0    252 KBytes       
[ 11]   1.00-2.00   sec  4.16 MBytes  34.9 Mbits/sec    0    436 KBytes       
[ 13]   1.00-2.00   sec  3.11 MBytes  26.1 Mbits/sec    0    308 KBytes       
[SUM]   1.00-2.00   sec  17.0 MBytes   143 Mbits/sec    0             
- - - - - - - - - - - - - - - - - - - - - - - - -
[  5]   2.00-3.00   sec  3.67 MBytes  30.8 Mbits/sec    0    448 KBytes       
[  7]   2.00-3.00   sec  2.92 MBytes  24.5 Mbits/sec    0    355 KBytes       
[  9]   2.00-3.00   sec  1.68 MBytes  14.1 Mbits/sec    0    267 KBytes       
[ 11]   2.00-3.00   sec  3.73 MBytes  31.3 Mbits/sec    0    461 KBytes       
[ 13]   2.00-3.00   sec  3.60 MBytes  30.2 Mbits/sec    0    346 KBytes       
[SUM]   2.00-3.00   sec  15.6 MBytes   131 Mbits/sec    0             
- - - - - - - - - - - - - - - - - - - - - - - - -
[  5]   3.00-4.00   sec  2.80 MBytes  23.5 Mbits/sec    0    448 KBytes       
[  7]   3.00-4.00   sec  3.04 MBytes  25.5 Mbits/sec    0    372 KBytes       
[  9]   3.00-4.00   sec  1.68 MBytes  14.1 Mbits/sec    0    267 KBytes       
[ 11]   3.00-4.00   sec  2.80 MBytes  23.5 Mbits/sec    0    461 KBytes       
[ 13]   3.00-4.00   sec  3.11 MBytes  26.1 Mbits/sec    0    369 KBytes       
[SUM]   3.00-4.00   sec  13.4 MBytes   113 Mbits/sec    0             
- - - - - - - - - - - - - - - - - - - - - - - - -
[  5]   4.00-5.00   sec  3.73 MBytes  31.3 Mbits/sec    0    448 KBytes       
[  7]   4.00-5.00   sec  3.79 MBytes  31.8 Mbits/sec    0    372 KBytes       
[  9]   4.00-5.00   sec  2.24 MBytes  18.8 Mbits/sec    0    280 KBytes       
[ 11]   4.00-5.00   sec  3.73 MBytes  31.3 Mbits/sec    0    461 KBytes       
[ 13]   4.00-5.00   sec  3.11 MBytes  26.1 Mbits/sec    0    369 KBytes       
[SUM]   4.00-5.00   sec  16.6 MBytes   139 Mbits/sec    0             
- - - - - - - - - - - - - - - - - - - - - - - - -
[  5]   5.00-6.00   sec  1.93 MBytes  16.2 Mbits/sec    1   1.41 KBytes       
[  7]   5.00-6.00   sec  1.55 MBytes  13.0 Mbits/sec    0    372 KBytes       
[  9]   5.00-6.00   sec  1.86 MBytes  15.6 Mbits/sec    1   1.41 KBytes       
[ 11]   5.00-6.00   sec  1.86 MBytes  15.6 Mbits/sec    1   1.41 KBytes       
[ 13]   5.00-6.00   sec  1.55 MBytes  13.0 Mbits/sec    1   1.41 KBytes       
[SUM]   5.00-6.00   sec  8.76 MBytes  73.5 Mbits/sec    4             
- - - - - - - - - - - - - - - - - - - - - - - - -
[  5]   6.00-7.00   sec  0.00 Bytes  0.00 bits/sec    1   1.41 KBytes       
[  7]   6.00-7.00   sec  0.00 Bytes  0.00 bits/sec    2   1.41 KBytes       
[  9]   6.00-7.00   sec  0.00 Bytes  0.00 bits/sec    1   1.41 KBytes       
[ 11]   6.00-7.00   sec  0.00 Bytes  0.00 bits/sec    1   1.41 KBytes       
[ 13]   6.00-7.00   sec  0.00 Bytes  0.00 bits/sec    1   1.41 KBytes       
[SUM]   6.00-7.00   sec  0.00 Bytes  0.00 bits/sec    6             
- - - - - - - - - - - - - - - - - - - - - - - - -
[  5]   7.00-8.00   sec