Connecting to host 192.168.0.51, port 5201
[  5] local 192.168.0.131 port 48966 connected to 192.168.0.51 port 5201
[ ID] Interval           Transfer     Bitrate         Retr  Cwnd
[  5]   0.00-1.00   sec  10.5 MBytes  88.2 Mbits/sec    0    430 KBytes       
[  5]   1.00-2.00   sec  10.2 MBytes  85.4 Mbits/sec    0    540 KBytes       
[  5]   2.00-3.00   sec  10.3 MBytes  86.6 Mbits/sec    0    568 KBytes       
[  5]   3.00-4.00   sec  8.41 MBytes  70.6 Mbits/sec    0    568 KBytes       
[  5]   4.00-5.00   sec  10.7 MBytes  89.6 Mbits/sec    0    672 KBytes       
[  5]   5.00-6.00   sec  10.9 MBytes  91.5 Mbits/sec    0    672 KBytes       
[  5]   6.00-7.00   sec  11.6 MBytes  97.6 Mbits/sec    0    672 KBytes       
[  5]   7.00-8.00   sec  11.4 MBytes  95.7 Mbits/sec    0    672 KBytes       
[  5]   8.00-9.00   sec  9.57 MBytes  80.3 Mbits/sec    0    672 KBytes       
[  5]   9.00-10.00  sec  5.10 MBytes  42.8 Mbits/sec    0    744 KBytes       
[  5]  10.00-11.00  sec  7.17 MBytes  60.1 Mbits/sec    0    744 KBytes       
[  5]  11.00-12.00  sec  3.55 MBytes  29.8 Mbits/sec    0   1.01 MBytes       
[  5]  12.00-13.00  sec  7.52 MBytes  63.1 Mbits/sec    0   1.11 MBytes       
[  5]  13.00-14.00  sec  4.97 MBytes  41.6 Mbits/sec    0   1.46 MBytes       
[  5]  14.00-15.00  sec  5.07 MBytes  42.6 Mbits/sec    1   1.55 MBytes       
[  5]  15.00-16.00  sec  5.62 MBytes  47.1 Mbits/sec    0   1.55 MBytes       
[  5]  16.00-17.00  sec  4.47 MBytes  37.5 Mbits/sec    0   1.55 MBytes       
[  5]  17.00-18.00  sec  4.41 MBytes  37.0 Mbits/sec    0   1.55 MBytes       
[  5]  18.00-19.00  sec  4.41 MBytes  37.0 Mbits/sec    0   1.55 MBytes       
[  5]  19.00-20.00  sec  4.59 MBytes  38.5 Mbits/sec    0   1.55 MBytes       
[  5]  20.00-21.00  sec  3.68 MBytes  30.9 Mbits/sec    0   1.55 MBytes       
[  5]  21.00-22.00  sec  3.79 MBytes  31.8 Mbits/sec    0   1.65 MBytes       
[  5]  22.00-23.00  sec  4.50 MBytes  37.8 Mbits/sec    0   1.65 MBytes       
[  5]  23.00-24.00  sec  4.43 MBytes  37.2 Mbits/sec    0   1.65 MBytes       
[  5]  24.00-25.00  sec  3.59 MBytes  30.1 Mbits/sec    0   1.65 MBytes       
[  5]  25.00-26.00  sec  6.88 MBytes  57.7 Mbits/sec    0   1.65 MBytes       
[  5]  26.00-27.00  sec  8.08 MBytes  67.8 Mbits/sec    0   1.65 MBytes       
[  5]  27.00-28.00  sec  10.9 MBytes  91.5 Mbits/sec    0   1.65 MBytes       
[  5]  28.00-29.00  sec  12.0 MBytes   101 Mbits/sec    0   1.65 MBytes       
[  5]  29.00-30.00  sec  9.28 MBytes  77.8 Mbits/sec    0   1.65 MBytes       
- - - - - - - - - - - - - - - - - - - - - - - - -
[ ID] Interval           Transfer     Bitrate         Retr
[  5]   0.00-30.00  sec   218 MBytes  60.9 Mbits/sec    1             sender
[  5]   0.00-30.03  sec   215 MBytes  60.1 Mbits/sec                  receiver

iperf Done.
