Connecting to host 192.168.0.51, port 5201
Reverse mode, remote host 192.168.0.51 is sending
[  5] local 192.168.0.131 port 57130 connected to 192.168.0.51 port 5201
[  7] local 192.168.0.131 port 57138 connected to 192.168.0.51 port 5201
[  9] local 192.168.0.131 port 57146 connected to 192.168.0.51 port 5201
[ 11] local 192.168.0.131 port 57156 connected to 192.168.0.51 port 5201
[ 13] local 192.168.0.131 port 57162 connected to 192.168.0.51 port 5201
[ ID] Interval           Transfer     Bitrate
[  5]   0.00-1.00   sec   648 KBytes  5.31 Mbits/sec                  
[  7]   0.00-1.00   sec  3.12 MBytes  26.2 Mbits/sec                  
[  9]   0.00-1.00   sec  2.38 MBytes  19.9 Mbits/sec                  
[ 11]   0.00-1.00   sec  2.13 MBytes  17.9 Mbits/sec                  
[ 13]   0.00-1.00   sec  3.42 MBytes  28.7 Mbits/sec                  
[SUM]   0.00-1.00   sec  11.7 MBytes  98.0 Mbits/sec                  
- - - - - - - - - - - - - - - - - - - - - - - - -
[  5]   1.00-2.00   sec   205 KBytes  1.68 Mbits/sec                  
[  7]   1.00-2.00   sec  5.57 MBytes  46.7 Mbits/sec                  
[  9]   1.00-2.00   sec   345 KBytes  2.83 Mbits/sec                  
[ 11]   1.00-2.00   sec  4.93 MBytes  41.4 Mbits/sec                  
[ 13]   1.00-2.00   sec  5.48 MBytes  46.0 Mbits/sec                  
[SUM]   1.00-2.00   sec  16.5 MBytes   139 Mbits/sec                  
- - - - - - - - - - - - - - - - - - - - - - - - -
[  5]   2.00-3.00   sec   215 KBytes  1.76 Mbits/sec                  
[  7]   2.00-3.00   sec  5.35 MBytes  44.9 Mbits/sec                  
[  9]   2.00-3.00   sec  1.15 MBytes  9.63 Mbits/sec                  
[ 11]   2.00-3.00   sec  5.60 MBytes  46.9 Mbits/sec                  
[ 13]   2.00-3.00   sec  5.42 MBytes  45.5 Mbits/sec                  
[SUM]   2.00-3.00   sec  17.7 MBytes   149 Mbits/sec                  
- - - - - - - - - - - - - - - - - - - - - - - - -
[  5]   3.00-4.00   sec   218 KBytes  1.78 Mbits/sec                  
[  7]   3.00-4.00   sec  5.34 MBytes  44.8 Mbits/sec                  
[  9]   3.00-4.00   sec  1.41 MBytes  11.8 Mbits/sec                  
[ 11]   3.00-4.00   sec  6.57 MBytes  55.1 Mbits/sec                  
[ 13]   3.00-4.00   sec  5.30 MBytes  44.5 Mbits/sec                  
[SUM]   3.00-4.00   sec  18.8 MBytes   158 Mbits/sec                  
- - - - - - - - - - - - - - - - - - - - - - - - -
[  5]   4.00-5.00   sec   222 KBytes  1.82 Mbits/sec                  
[  7]   4.00-5.00   sec  5.26 MBytes  44.1 Mbits/sec                  
[  9]   4.00-5.00   sec  1.18 MBytes  9.86 Mbits/sec                  
[ 11]   4.00-5.00   sec  6.43 MBytes  53.9 Mbits/sec                  
[ 13]   4.00-5.00   sec  5.24 MBytes  44.0 Mbits/sec                  
[SUM]   4.00-5.00   sec  18.3 MBytes   154 Mbits/sec                  
- - - - - - - - - - - - - - - - - - - - - - - - -
[  5]   5.00-6.00   sec   154 KBytes  1.26 Mbits/sec                  
[  7]   5.00-6.00   sec  4.79 MBytes  40.2 Mbits/sec                  
[  9]   5.00-6.00   sec  1.30 MBytes  10.9 Mbits/sec                  
[ 11]   5.00-6.00   sec  2.85 MBytes  23.9 Mbits/sec                  
[ 13]   5.00-6.00   sec  4.89 MBytes  41.1 Mbits/sec                  
[SUM]   5.00-6.00   sec  14.0 MBytes   117 Mbits/sec                  
- - - - - - - - - - - - - - - - - - - - - - - - -
[  5]   6.00-7.00   sec   420 KBytes  3.44 Mbits/sec                  
[  7]   6.00-7.00   sec  6.76 MBytes  56.7 Mbits/sec                  
[  9]   6.00-7.00   sec  2.54 MBytes  21.3 Mbits/sec                  
[ 11]   6.00-7.00   sec  3.87 MBytes  32.5 Mbits/sec                  
[ 13]   6.00-7.00   sec  6.95 MBytes  58.3 Mbits/sec                  
[SUM]   6.00-7.00   sec  20.5 MBytes   172 Mbits/sec                  
- - - - - - - - - - - - - - - - - - - - - - - - -
[  5]   7.00-8.00   sec   567 KBytes  4.65 Mbits/sec                  
[  7]   7.00-8.00   sec  6.75 MBytes  56.6 Mbits/sec                  
[  9]   7.00-8.00   sec  3.38 MBytes  28.4 Mbits/sec                  
[ 11]   7.00-8.00   sec   170 KBytes  1.39 Mbits/sec                  
[ 13]   7.00-8.00   sec  6.72 MBytes  56.4 Mbits/sec                  
[SUM]   7.00-8.00   sec  17.6 MBytes   147 Mbits/sec                  
- - - - - - - - - - - - - - - - - - - - - - - - -
[  5]   8.00-9.00   sec   673 KBytes  5.51 Mbits/sec                  
[  7]   8.00-9.00   sec  5.89 MBytes  49.4 Mbits/sec                  
[  9]   8.00-9.00   sec  2.73 MBytes  22.9 Mbits/sec                  
[ 11]   8.00-9.00   sec  1.39 MBytes  11.6 Mbits/sec                  
[ 13]   8.00-9.00   sec  6.31 MBytes  53.0 Mbits/sec                  
[SUM]   8.00-9.00   sec  17.0 MBytes   142 Mbits/sec                  
- - - - - - - - - - - - - - - - - - - - - - - - -
[  5]   9.00-10.00  sec   544 KBytes  4.46 Mbits/sec                  
[  7]   9.00-10.00  sec  4.66 MBytes  39.1 Mbits/sec                  
[  9]   9.00-10.00  sec  2.44 MBytes  20.5 Mbits/sec                  
[ 11]   9.00-10.00  sec  4.12 MBytes  34.5 Mbits/sec                  
[ 13]   9.00-10.00  sec  4.70 MBytes  39.4 Mbits/sec                  
[SUM]   9.00-10.00  sec  16.4 MBytes   138 Mbits/sec                  
- - - - - - - - - - - - - - - - - - - - - - - - -
[  5]  10.00-11.00  sec   269 KBytes  2.20 Mbits/sec                  
[  7]  10.00-11.00  sec  2.07 MBytes  17.3 Mbits/sec                  
[  9]  10.00-11.00  sec   880 KBytes  7.20 Mbits/sec                  
[ 11]  10.00-11.00  sec  2.05 MBytes  17.2 Mbits/sec                  
[ 13]  10.00-11.00  sec  2.16 MBytes  18.1 Mbits/sec                  
[SUM]  10.00-11.00  sec  7.39 MBytes  62.0 Mbits/sec                  
- - - - - - - - - - - - - - - - - - - - - - - - -
[  5]  11.00-12.00  sec   952 KBytes  7.80 Mbits/sec                  
[  7]  11.00-12.00  sec  2.99 MBytes  25.1 Mbits/sec                  
[  9]  11.00-12.00  sec  2.48 MBytes  20.8 Mbits/sec                  
[ 11]  11.00-12.00  sec  3.75 MBytes  31.4 Mbits/sec                  
[ 13]  11.00-12.00  sec  3.19 MBytes  26.8 Mbits/sec                  
[SUM]  11.00-12.00  sec  13.3 MBytes   112 Mbits/sec                  
- - - - - - - - - - - - - - - - - - - - - - - - -
[  5]  12.00-13.00  sec   757 KBytes  6.20 Mbits/sec                  
[  7]  12.00-13.00  sec  2.45 MBytes  20.6 Mbits/sec                  
[  9]  12.00-13.00  sec  1.79 MBytes  15.0 Mbits/sec                  
[ 11]  12.00-13.00  sec  3.31 MBytes  27.8 Mbits/sec                  
[ 13]  12.00-13.00  sec  2.55 MBytes  21.4 Mbits/sec                  
[SUM]  12.00-13.00  sec  10.8 MBytes  91.0 Mbits/sec                  
- - - - - - - - - - - - - - - - - - - - - - - - -
[  5]  13.00-14.00  sec   502 KBytes  4.11 Mbits/sec                  
[  7]  13.00-14.00  sec   967 KBytes  7.92 Mbits/sec                  
[  9]  13.00-14.00  sec   662 KBytes  5.43 Mbits/sec                  
[ 11]  13.00-14.00  sec  1.34 MBytes  11.2 Mbits/sec                  
[ 13]  13.00-14.00  sec  1.27 MBytes  10.6 Mbits/sec                  
[SUM]  13.00-14.00  sec  4.68 MBytes  39.3 Mbits/sec                  
- - - - - - - - - - - - - - - - - - - - - - - - -
[  5]  14.00-15.00  sec   726 KBytes  5.94 Mbits/sec                  
[  7]  14.00-15.00  sec  2.37 MBytes  19.9 Mbits/sec                  
[  9]  14.00-15.00  sec  1011 KBytes  8.28 Mbits/sec                  
[ 11]  14.00-15.00  sec  2.58 MBytes  21.6 Mbits/sec                  
[ 13]  14.00-15.00  sec  2.64 MBytes  22.1 Mbits/sec                  
[SUM]  14.00-15.00  sec  9.28 MBytes  77.8 Mbits/sec                  
- - - - - - - - - - - - - - - - - - - - - - - - -
[  5]  15.00-16.00  sec   942 KBytes  7.71 Mbits/sec                  
[  7]  15.00-16.00  sec  2.43 MBytes  20.4 Mbits/sec                  
[  9]  15.00-16.00  sec   804 KBytes  6.58 Mbits/sec                  
[ 11]  15.00-16.00  sec  2.62 MBytes  22.0 Mbits/sec                  
[ 13]  15.00-16.00  sec  1.96 MBytes  16.4 Mbits/sec                  
[SUM]  15.00-16.00  sec  8.71 MBytes  73.1 Mbits/sec                  
- - - - - - - - - - - - - - - - - - - - - - - - -
[  5]  16.00-17.00  sec   531 KBytes  4.35 Mbits/sec                  
[  7]  16.00-17.00  sec  2.42 MBytes  20.3 Mbits/sec                  
[  9]  16.00-17.00  sec   802 KBytes  6.57 Mbits/sec                  
[ 11]  16.00-17.00  sec  1.97 MBytes  16.5 Mbits/sec                  
[ 13]  16.00-17.00  sec  2.22 MBytes  18.6 Mbits/sec                  
[SUM]  16.00-17.00  sec  7.91 MBytes  66.3 Mbits/sec                  
- - - - - - - - - - - - - - - - - - - - - - - - -
[  5]  17.00-18.00  sec   355 KBytes  2.91 Mbits/sec                  
[  7]  17.00-18.00  sec  1.47 MBytes  12.3 Mbits/sec                  
[  9]  17.00-18.00  sec   590 KBytes  4.83 Mbits/sec                  
[ 11]  17.00-18.00  sec  1.42 MBytes  11.9 Mbits/sec                  
[ 13]  17.00-18.00  sec   632 KBytes  5.18 Mbits/sec                  
[SUM]  17.00-18.00  sec  4.43 MBytes  37.1 Mbits/sec                  
- - - - - - - - - - - - - - - - - - - - - - - - -
[  5]  18.00-19.00  sec   297 KBytes  2.43 Mbits/sec                  
[  7]  18.00-19.00  sec  1.03 MBytes  8.62 Mbits/sec                  
[  9]  18.00-19.00  sec   365 KBytes  2.99 Mbits/sec                  
[ 11]  18.00-19.00  sec  1020 KBytes  8.35 Mbits/sec                  
[ 13]  18.00-19.00  sec   544 KBytes  4.46 Mbits/sec                  
[SUM]  18.00-19.00  sec  3.20 MBytes  26.9 Mbits/sec                  
- - - - - - - - - - - - - - - - - - - - - - - - -
[  5]  19.00-20.00  sec  12.7 KBytes   104 Kbits/sec                  
[  7]  19.00-20.00  sec  1.32 MBytes  11.1 Mbits/sec                  
[  9]  19.00-20.00  sec   431 KBytes  3.53 Mbits/sec                  
[ 11]  19.00-20.00  sec  1.09 MBytes  9.12 Mbits/sec                  
[ 13]  19.00-20.00  sec   427 KBytes  3.50 Mbits/sec                  
[SUM]  19.00-20.00  sec  3.26 MBytes  27.3 Mbits/sec                  
- - - - - - - - - - - - - - - - - - - - - - - - -
[  5]  20.00-21.00  sec  42.4 KBytes   347 Kbits/sec                  
[  7]  20.00-21.00  sec   571 KBytes  4.68 Mbits/sec                  
[  9]  20.00-21.00  sec   156 KBytes  1.27 Mbits/sec                  
[ 11]  20.00-21.00  sec   665 KBytes  5.44 Mbits/sec                  
[ 13]  20.00-21.00  sec  86.3 KBytes   707 Kbits/sec                  
[SUM]  20.00-21.00  sec  1.48 MBytes  12.5 Mbits/sec                  
- - - - - - - - - - - - - - - - - - - - - - - - -
[  5]  21.00-22.00  sec  66.5 KBytes   544 Kbits/sec                  
[  7]  21.00-22.00  sec  1.26 MBytes  10.6 Mbits/sec                  
[  9]  21.00-22.00  sec   283 KBytes  2.32 Mbits/sec                  
[ 11]  21.00-22.00  sec   540 KBytes  4.42 Mbits/sec                  
[ 13]  21.00-22.00  sec   561 KBytes  4.60 Mbits/sec                  
[SUM]  21.00-22.00  sec  2.68 MBytes  22.5 Mbits/sec                  
- - - - - - - - - - - - - - - - - - - - - - - - -
[  5]  22.00-23.00  sec  89.1 KBytes   730 Kbits/sec                  
[  7]  22.00-23.00  sec  1.36 MBytes  11.4 Mbits/sec                  
[  9]  22.00-23.00  sec   523 KBytes  4.29 Mbits/sec                  
[ 11]  22.00-23.00  sec  1.32 MBytes  11.1 Mbits/sec                  
[ 13]  22.00-23.00  sec   310 KBytes  2.54 Mbits/sec                  
[SUM]  22.00-23.00  sec  3.58 MBytes  30.0 Mbits/sec                  
- - - - - - - - - - - - - - - - - - - - - - - - -
[  5]  23.00-24.00  sec  94.7 KBytes   776 Kbits/sec                  
[  7]  23.00-24.00  sec  1.14 MBytes  9.57 Mbits/sec                  
[  9]  23.00-24.00  sec   556 KBytes  4.55 Mbits/sec                  
[ 11]  23.00-24.00  sec  1.02 MBytes  8.59 Mbits/sec                  
[ 13]  23.00-24.00  sec   501 KBytes  4.10 Mbits/sec                  
[SUM]  23.00-24.00  sec  3.29 MBytes  27.6 Mbits/sec                  
- - - - - - - - - - - - - - - - - - - - - - - - -
[  5]  24.00-25.00  sec  49.5 KBytes   405 Kbits/sec                  
[  7]  24.00-25.00  sec  46.7 KBytes   382 Kbits/sec                  
[  9]  24.00-25.00  sec   133 KBytes  1.09 Mbits/sec                  
[ 11]  24.00-25.00  sec   472 KBytes  3.87 Mbits/sec                  
[ 13]  24.00-25.00  sec   215 KBytes  1.76 Mbits/sec                  
[SUM]  24.00-25.00  sec   916 KBytes  7.50 Mbits/sec                  
- - - - - - - - - - - - - - - - - - - - - - - - -
[  5]  25.00-26.00  sec  52.3 KBytes   429 Kbits/sec                  
[  7]  25.00-26.00  sec   769 KBytes  6.30 Mbits/sec                  
[  9]  25.00-26.00  sec   288 KBytes  2.36 Mbits/sec                  
[ 11]  25.00-26.00  sec   116 KBytes   950 Kbits/sec                  
[ 13]  25.00-26.00  sec   223 KBytes  1.83 Mbits/sec                  
[SUM]  25.00-26.00  sec  1.42 MBytes  11.9 Mbits/sec                  
- - - - - - - - - - - - - - - - - - - - - - - - -
[  5]  26.00-27.00  sec  62.2 KBytes   510 Kbits/sec                  
[  7]  26.00-27.00  sec  2.83 KBytes  23.2 Kbits/sec                  
[  9]  26.00-27.00  sec  46.7 KBytes   382 Kbits/sec                  
[ 11]  26.00-27.00  sec  0.00 Bytes  0.00 bits/sec                  
[ 13]  26.00-27.00  sec  38.2 KBytes   313 Kbits/sec                  
[SUM]  26.00-27.00  sec   150 KBytes  1.23 Mbits/sec                  
- - - - - - - - - - - - - - - - - - - - - - - - -
[  5]  27.00-28.00  sec  0.00 Bytes  0.00 bits/sec                  
[  7]  27.00-28.00  sec  0.00 Bytes  0.00 bits/sec                  
[  9]  27.00-28.00  sec   228 KBytes  1.86 Mbits/sec                  
[ 11]  27.00-28.00  sec  0.00 Bytes  0.00 bits/sec                  
[ 13]  27.00-28.00  sec   115 KBytes   938 Kbits/sec                  
[SUM]  27.00-28.00  sec   342 KBytes  2.80 Mbits/sec                  
- - - - - - - - - - - - - - - - - - - - - - - - -
[  5]  28.00-29.00  sec   383 KBytes  3.14 Mbits/sec                  
[  7]  28.00-29.00  sec  2.17 MBytes  18.2 Mbits/sec                  
[  9]  28.00-29.00  sec  1.24 MBytes  10.4 Mbits/sec                  
[ 11]  28.00-29.00  sec  1.88 MBytes  15.7 Mbits/sec                  
[ 13]  28.00-29.00  sec   659 KBytes  5.40 Mbits/sec                  
[SUM]  28.00-29.00  sec  6.30 MBytes  52.8 Mbits/sec                  
- - - - - - - - - - - - - - - - - - - - - - - - -
[  5]  29.00-30.00  sec  1.47 MBytes  12.3 Mbits/sec                  
[  7]  29.00-30.00  sec  4.16 MBytes  34.9 Mbits/sec                  
[  9]  29.00-30.00  sec  4.52 MBytes  37.9 Mbits/sec                  
[ 11]  29.00-30.00  sec  4.75 MBytes  39.9 Mbits/sec                  
[ 13]  29.00-30.00  sec  1.34 MBytes  11.2 Mbits/sec                  
[SUM]  29.00-30.00  sec  16.2 MBytes   136 Mbits/sec                  
- - - - - - - - - - - - - - - - - - - - - - - - -
[ ID] Interval           Transfer     Bitrate
[  5]   0.00-30.18  sec  11.9 MBytes  3.30 Mbits/sec                  sender
[  5]   0.00-30.00  sec  11.3 MBytes  3.15 Mbits/sec                  receiver
[  7]   0.00-30.18  sec  86.1 MBytes  23.9 Mbits/sec                  sender
[  7]   0.00-30.00  sec  84.4 MBytes  23.6 Mbits/sec                  receiver
[  9]   0.00-30.18  sec  38.0 MBytes  10.6 Mbits/sec                  sender
[  9]   0.00-30.00  sec  36.4 MBytes  10.2 Mbits/sec                  receiver
[ 11]   0.00-30.18  sec  71.6 MBytes  19.9 Mbits/sec                  sender
[ 11]   0.00-30.00  sec  69.9 MBytes  19.5 Mbits/sec                  receiver
[ 13]   0.00-30.18  sec  76.5 MBytes  21.3 Mbits/sec                  sender
[ 13]   0.00-30.00  sec  76.0 MBytes  21.2 Mbits/sec                  receiver
[SUM]   0.00-30.18  sec   284 MBytes  79.0 Mbits/sec                  sender
[SUM]   0.00-30.00  sec   278 MBytes  77.7 Mbits/sec                  receiver

iperf Done.
