Connecting to host 192.168.0.51, port 5201
[  5] local 192.168.0.131 port 54818 connected to 192.168.0.51 port 5201
[  7] local 192.168.0.131 port 54834 connected to 192.168.0.51 port 5201
[  9] local 192.168.0.131 port 54836 connected to 192.168.0.51 port 5201
[ 11] local 192.168.0.131 port 54846 connected to 192.168.0.51 port 5201
[ 13] local 192.168.0.131 port 54852 connected to 192.168.0.51 port 5201
[ ID] Interval           Transfer     Bitrate         Retr  Cwnd
[  5]   0.00-1.00   sec  3.25 MBytes  27.2 Mbits/sec    0    173 KBytes       
[  7]   0.00-1.00   sec  4.57 MBytes  38.3 Mbits/sec    0    356 KBytes       
[  9]   0.00-1.00   sec  3.56 MBytes  29.8 Mbits/sec    0    221 KBytes       
[ 11]   0.00-1.00   sec  5.42 MBytes  45.5 Mbits/sec    0    393 KBytes       
[ 13]   0.00-1.00   sec  3.25 MBytes  27.2 Mbits/sec    0    197 KBytes       
[SUM]   0.00-1.00   sec  20.0 MBytes   168 Mbits/sec    0             
- - - - - - - - - - - - - - - - - - - - - - - - -
[  5]   1.00-2.00   sec  2.61 MBytes  21.9 Mbits/sec    0    173 KBytes       
[  7]   1.00-2.00   sec  3.73 MBytes  31.3 Mbits/sec    0    356 KBytes       
[  9]   1.00-2.00   sec  2.42 MBytes  20.3 Mbits/sec    0    221 KBytes       
[ 11]   1.00-2.00   sec  3.23 MBytes  27.1 Mbits/sec    0    393 KBytes       
[ 13]   1.00-2.00   sec  2.73 MBytes  22.9 Mbits/sec    0    197 KBytes       
[SUM]   1.00-2.00   sec  14.7 MBytes   124 Mbits/sec    0             
- - - - - - - - - - - - - - - - - - - - - - - - -
[  5]   2.00-3.00   sec  2.24 MBytes  18.8 Mbits/sec    0    173 KBytes       
[  7]   2.00-3.00   sec  2.98 MBytes  25.0 Mbits/sec    0    356 KBytes       
[  9]   2.00-3.00   sec  2.86 MBytes  24.0 Mbits/sec    0    221 KBytes       
[ 11]   2.00-3.00   sec  3.23 MBytes  27.1 Mbits/sec    0    393 KBytes       
[ 13]   2.00-3.00   sec  2.24 MBytes  18.8 Mbits/sec    0    206 KBytes       
[SUM]   2.00-3.00   sec  13.5 MBytes   114 Mbits/sec    0             
- - - - - - - - - - - - - - - - - - - - - - - - -
[  5]   3.00-4.00   sec  2.61 MBytes  21.9 Mbits/sec    0    173 KBytes       
[  7]   3.00-4.00   sec  3.73 MBytes  31.3 Mbits/sec    0    356 KBytes       
[  9]   3.00-4.00   sec  2.49 MBytes  20.8 Mbits/sec    0    221 KBytes       
[ 11]   3.00-4.00   sec  3.23 MBytes  27.1 Mbits/sec    0    393 KBytes       
[ 13]   3.00-4.00   sec  2.80 MBytes  23.4 Mbits/sec    0    206 KBytes       
[SUM]   3.00-4.00   sec  14.9 MBytes   125 Mbits/sec    0             
- - - - - - - - - - - - - - - - - - - - - - - - -
[  5]   4.00-5.00   sec  2.24 MBytes  18.8 Mbits/sec    0    219 KBytes       
[  7]   4.00-5.00   sec  2.98 MBytes  25.0 Mbits/sec    0    375 KBytes       
[  9]   4.00-5.00   sec  2.61 MBytes  21.9 Mbits/sec    0    249 KBytes       
[ 11]   4.00-5.00   sec  3.36 MBytes  28.2 Mbits/sec    0    413 KBytes       
[ 13]   4.00-5.00   sec  2.55 MBytes  21.4 Mbits/sec    0    240 KBytes       
[SUM]   4.00-5.00   sec  13.7 MBytes   115 Mbits/sec    0             
- - - - - - - - - - - - - - - - - - - - - - - - -
[  5]   5.00-6.00   sec  2.86 MBytes  24.0 Mbits/sec    0    219 KBytes       
[  7]   5.00-6.00   sec  3.79 MBytes  31.8 Mbits/sec    0    375 KBytes       
[  9]   5.00-6.00   sec  2.86 MBytes  24.0 Mbits/sec    0    270 KBytes       
[ 11]   5.00-6.00   sec  3.54 MBytes  29.7 Mbits/sec    0    413 KBytes       
[ 13]   5.00-6.00   sec  2.80 MBytes  23.5 Mbits/sec    0    273 KBytes       
[SUM]   5.00-6.00   sec  15.8 MBytes   133 Mbits/sec    0             
- - - - - - - - - - - - - - - - - - - - - - - - -
[  5]   6.00-7.00   sec  1.99 MBytes  16.7 Mbits/sec    0    219 KBytes       
[  7]   6.00-7.00   sec  2.98 MBytes  25.0 Mbits/sec    0    375 KBytes       
[  9]   6.00-7.00   sec  2.98 MBytes  25.0 Mbits/sec    0    270 KBytes       
[ 11]   6.00-7.00   sec  2.61 MBytes  21.9 Mbits/sec    0    413 KBytes       
[ 13]   6.00-7.00   sec  2.98 MBytes  25.0 Mbits/sec    0    273 KBytes       
[SUM]   6.00-7.00   sec  13.5 MBytes   114 Mbits/sec    0             
- - - - - - - - - - - - - - - - - - - - - - - - -
[  5]   7.00-8.00   sec  2.49 MBytes  20.9 Mbits/sec    0    219 KBytes       
[  7]   7.00-8.00   sec  2.98 MBytes  25.0 Mbits/sec    0    375 KBytes       
[  9]   7.00-8.00   sec  3.54 MBytes  29.7 Mbits/sec    0    270 KBytes       
[ 11]   7.00-8.00   sec  3.48 MBytes  29.2 Mbits/sec    0    413 KBytes       
[ 13]   7.00-8.00   sec  3.42 MBytes  28.7 Mbits/sec    0    273 KBytes       
[SUM]   7.00-8.00   sec  15.9 MBytes   133 Mbits/sec    0             
- - - - - - - - - - - - - - - - - - - - - - - - -
[  5]   8.00-9.00   sec  2.42 MBytes  20.3 Mbits/sec    0    219 KBytes       
[  7]   8.00-9.00   sec  2.98 MBytes  25.0 Mbits/sec    0    375 KBytes       
[  9]   8.00-9.00   sec  2.98 MBytes  25.0 Mbits/sec    0    270 KBytes       
[ 11]   8.00-9.00   sec  3.48 MBytes  29.2 Mbits/sec    0    413 KBytes       
[ 13]   8.00-9.00   sec  2.92 MBytes  24.5 Mbits/sec    0    273 KBytes       
[SUM]   8.00-9.00   sec  14.8 MBytes   124 Mbits/sec    0             
- - - - - - - - - - - - - - - - - - - - - - - - -
[  5]   9.00-10.00  sec  1.93 MBytes  16.2 Mbits/sec    0    219 KBytes       
[  7]   9.00-10.00  sec  3.73 MBytes  31.3 Mbits/sec    0    375 KBytes       
[  9]   9.00-10.00  sec  2.92 MBytes  24.5 Mbits/sec    0    270 KBytes       
[ 11]   9.00-10.00  sec  2.61 MBytes  21.9 Mbits/sec    0    413 KBytes       
[ 13]   9.00-10.00  sec  2.98 MBytes  25.0 Mbits/sec    0    273 KBytes       
[SUM]   9.00-10.00  sec  14.2 MBytes   119 Mbits/sec    0             
- - - - - - - - - - - - - - - - - - - - - - - - -
[  5]  10.00-11.00  sec  2.42 MBytes  20.3 Mbits/sec    0    219 KBytes       
[  7]  10.00-11.00  sec  2.98 MBytes  25.0 Mbits/sec    0    375 KBytes       
[  9]  10.00-11.00  sec  3.04 MBytes  25.5 Mbits/sec    0    270 KBytes       
[ 11]  10.00-11.00  sec  3.48 MBytes  29.2 Mbits/sec    0    413 KBytes       
[ 13]  10.00-11.00  sec  2.92 MBytes  24.5 Mbits/sec    0    273 KBytes       
[SUM]  10.00-11.00  sec  14.9 MBytes   125 Mbits/sec    0             
- - - - - - - - - - - - - - - - - - - - - - - - -
[  5]  11.00-12.00  sec  1.49 MBytes  12.5 Mbits/sec    0    219 KBytes       
[  7]  11.00-12.00  sec  2.24 MBytes  18.8 Mbits/sec    0    375 KBytes       
[  9]  11.00-12.00  sec  2.30 MBytes  19.3 Mbits/sec    0    270 KBytes       
[ 11]  11.00-12.00  sec  2.55 MBytes  21.4 Mbits/sec    1    419 KBytes       
[ 13]  11.00-12.00  sec  3.04 MBytes  25.5 Mbits/sec    1    277 KBytes       
[SUM]  11.00-12.00  sec  11.6 MBytes  97.5 Mbits/sec    2             
- - - - - - - - - - - - - - - - - - - - - - - - -
[  5]  12.00-13.00  sec  1.93 MBytes  16.2 Mbits/sec    0    337 KBytes       
[  7]  12.00-13.00  sec  2.73 MBytes  22.9 Mbits/sec    0    530 KBytes       
[  9]  12.00-13.00  sec  1.49 MBytes  12.5 Mbits/sec    0    402 KBytes       
[ 11]  12.00-13.00  sec  1.80 MBytes  15.1 Mbits/sec    0    419 KBytes       
[ 13]  12.00-13.00  sec  1.24 MBytes  10.4 Mbits/sec    0    303 KBytes       
[SUM]  12.00-13.00  sec  9.20 MBytes  77.1 Mbits/sec    0             
- - - - - - - - - - - - - - - - - - - - - - - - -
[  5]  13.00-14.00  sec  1.43 MBytes  12.0 Mbits/sec    0    337 KBytes       
[  7]  13.00-14.00  sec  1.06 MBytes  8.86 Mbits/sec    0    530 KBytes       
[  9]  13.00-14.00  sec  1.62 MBytes  13.5 Mbits/sec    0    402 KBytes       
[ 11]  13.00-14.00  sec   891 KBytes  7.30 Mbits/sec    0    419 KBytes       
[ 13]  13.00-14.00  sec  1.24 MBytes  10.4 Mbits/sec    0    303 KBytes       
[SUM]  13.00-14.00  sec  6.21 MBytes  52.1 Mbits/sec    0             
- - - - - - - - - - - - - - - - - - - - - - - - -
[  5]  14.00-15.00  sec  0.00 Bytes  0.00 bits/sec    1   1.41 KBytes       
[  7]  14.00-15.00  sec  1.12 MBytes  9.38 Mbits/sec    1   1.41 KBytes       
[  9]  14.00-15.00  sec   827 KBytes  6.78 Mbits/sec    1   1.41 KBytes       
[ 11]  14.00-15.00  sec   891 KBytes  7.30 Mbits/sec    1   1.41 KBytes       
[ 13]  14.00-15.00  sec   636 KBytes  5.21 Mbits/sec    1   1.41 KBytes       
[SUM]  14.00-15.00  sec  3.42 MBytes  28.7 Mbits/sec    5             
- - - - - - - - - - - - - - - - - - - - - - - - -
[  5]  15.00-16.00  sec  1.37 MBytes  11.5 Mbits/sec    0    339 KBytes       
[  7]  15.00-16.00  sec  1.06 MBytes  8.86 Mbits/sec    0    536 KBytes       
[  9]  15.00-16.00  sec  1.62 MBytes  13.6 Mbits/sec    0    407 KBytes       
[ 11]  15.00-16.00  sec  1.74 MBytes  14.6 Mbits/sec    0    424 KBytes       
[ 13]  15.00-16.00  sec  1.30 MBytes  10.9 Mbits/sec    0    310 KBytes       
[SUM]  15.00-16.00  sec  7.08 MBytes  59.4 Mbits/sec    0             
- - - - - - - - - - - - - - - - - - - - - - - - -
[  5]  16.00-17.00  sec  2.24 MBytes  18.8 Mbits/sec    0    379 KBytes       
[  7]  16.00-17.00  sec  3.48 MBytes  29.2 Mbits/sec    0    592 KBytes       
[  9]  16.00-17.00  sec  1.93 MBytes  16.2 Mbits/sec    0    455 KBytes       
[ 11]  16.00-17.00  sec  1.99 MBytes  16.7 Mbits/sec    0    469 KBytes       
[ 13]  16.00-17.00  sec  1.30 MBytes  10.9 Mbits/sec    0    345 KBytes       
[SUM]  16.00-17.00  sec  10.9 MBytes  91.8 Mbits/sec    0             
- - - - - - - - - - - - - - - - - - - - - - - - -
[  5]  17.00-18.00  sec   827 KBytes  6.78 Mbits/sec    0    395 KBytes       
[  7]  17.00-18.00  sec  1.18 MBytes  9.90 Mbits/sec    0    592 KBytes       
[  9]  17.00-18.00  sec   954 KBytes  7.82 Mbits/sec    0    455 KBytes       
[ 11]  17.00-18.00  sec   954 KBytes  7.82 Mbits/sec    0    469 KBytes       
[ 13]  17.00-18.00  sec  1.49 MBytes  12.5 Mbits/sec    0    362 KBytes       
[SUM]  17.00-18.00  sec  5.34 MBytes  44.8 Mbits/sec    0             
- - - - - - - - - - - - - - - - - - - - - - - - -
[  5]  18.00-19.00  sec  1.68 MBytes  14.1 Mbits/sec    0    416 KBytes       
[  7]  18.00-19.00  sec  1.24 MBytes  10.4 Mbits/sec    1    611 KBytes       
[  9]  18.00-19.00  sec  2.05 MBytes  17.2 Mbits/sec    0    481 KBytes       
[ 11]  18.00-19.00  sec  2.11 MBytes  17.7 Mbits/sec    0    494 KBytes       
[ 13]  18.00-19.00  sec  1.74 MBytes  14.6 Mbits/sec    0    382 KBytes       
[SUM]  18.00-19.00  sec  8.82 MBytes  74.0 Mbits/sec    1             
- - - - - - - - - - - - - - - - - - - - - - - - -
[  5]  19.00-20.00  sec  1.74 MBytes  14.6 Mbits/sec    0    416 KBytes       
[  7]  19.00-20.00  sec  2.49 MBytes  20.8 Mbits/sec    1    129 KBytes       
[  9]  19.00-20.00  sec  1018 KBytes  8.34 Mbits/sec    0    481 KBytes       
[ 11]  19.00-20.00  sec  1018 KBytes  8.34 Mbits/sec    1    129 KBytes       
[ 13]  19.00-20.00  sec   827 KBytes  6.78 Mbits/sec    1    129 KBytes       
[SUM]  19.00-20.00  sec  7.02 MBytes  58.9 Mbits/sec    3             
- - - - - - - - - - - - - - - - - - - - - - - - -
[  5]  20.00-21.00  sec  1.80 MBytes  15.1 Mbits/sec    0    437 KBytes       
[  7]  20.00-21.00  sec  1.24 MBytes  10.4 Mbits/sec    0    629 KBytes       
[  9]  20.00-21.00  sec  1.99 MBytes  16.7 Mbits/sec    0    503 KBytes       
[ 11]  20.00-21.00  sec  2.05 MBytes  17.2 Mbits/sec    0    509 KBytes       
[ 13]  20.00-21.00  sec  2.49 MBytes  20.9 Mbits/sec    0    397 KBytes       
[SUM]  20.00-21.00  sec  9.57 MBytes  80.3 Mbits/sec    0             
- - - - - - - - - - - - - - - - - - - - - - - - -
[  5]  21.00-22.00  sec   891 KBytes  7.30 Mbits/sec    0    437 KBytes       
[  7]  21.00-22.00  sec  2.49 MBytes  20.9 Mbits/sec    0    629 KBytes       
[  9]  21.00-22.00  sec  1.99 MBytes  16.7 Mbits/sec    0    503 KBytes       
[ 11]  21.00-22.00  sec  1.06 MBytes  8.86 Mbits/sec    0    509 KBytes       
[ 13]  21.00-22.00  sec   827 KBytes  6.78 Mbits/sec    0    397 KBytes       
[SUM]  21.00-22.00  sec  7.21 MBytes  60.5 Mbits/sec    0             
- - - - - - - - - - - - - - - - - - - - - - - - -
[  5]  22.00-23.00  sec  1.74 MBytes  14.6 Mbits/sec    0    437 KBytes       
[  7]  22.00-23.00  sec  1.24 MBytes  10.4 Mbits/sec    0    629 KBytes       
[  9]  22.00-23.00  sec  1018 KBytes  8.34 Mbits/sec    0    503 KBytes       
[ 11]  22.00-23.00  sec  2.05 MBytes  17.2 Mbits/sec    0    509 KBytes       
[ 13]  22.00-23.00  sec  1.68 MBytes  14.1 Mbits/sec    0    397 KBytes       
[SUM]  22.00-23.00  sec  7.71 MBytes  64.6 Mbits/sec    0             
- - - - - - - - - - - - - - - - - - - - - - - - -
[  5]  23.00-24.00  sec  1.74 MBytes  14.6 Mbits/sec    0    437 KBytes       
[  7]  23.00-24.00  sec  2.49 MBytes  20.9 Mbits/sec    0    629 KBytes       
[  9]  23.00-24.00  sec  1.99 MBytes  16.7 Mbits/sec    0    503 KBytes       
[ 11]  23.00-24.00  sec  2.05 MBytes  17.2 Mbits/sec    0    509 KBytes       
[ 13]  23.00-24.00  sec   827 KBytes  6.78 Mbits/sec    0    397 KBytes       
[SUM]  23.00-24.00  sec  9.08 MBytes  76.2 Mbits/sec    0             
- - - - - - - - - - - - - - - - - - - - - - - - -
[  5]  24.00-25.00  sec  2.05 MBytes  17.2 Mbits/sec    0    629 KBytes       
[  7]  24.00-25.00  sec  1.24 MBytes  10.4 Mbits/sec    0    666 KBytes       
[  9]  24.00-25.00  sec  2.24 MBytes  18.8 Mbits/sec    0    752 KBytes       
[ 11]  24.00-25.00  sec  1.06 MBytes  8.86 Mbits/sec    0    546 KBytes       
[ 13]  24.00-25.00  sec  2.55 MBytes  21.4 Mbits/sec    0    433 KBytes       
[SUM]  24.00-25.00  sec  9.13 MBytes  76.6 Mbits/sec    0             
- - - - - - - - - - - - - - - - - - - - - - - - -
[  5]  25.00-26.00  sec  1.25 MBytes  10.5 Mbits/sec    0    629 KBytes       
[  7]  25.00-26.00  sec  2.50 MBytes  21.0 Mbits/sec    0    666 KBytes       
[  9]  25.00-26.00  sec  2.50 MBytes  21.0 Mbits/sec    0    752 KBytes       
[ 11]  25.00-26.00  sec  2.17 MBytes  18.2 Mbits/sec    0    546 KBytes       
[ 13]  25.00-26.00  sec   891 KBytes  7.30 Mbits/sec    0    433 KBytes       
[SUM]  25.00-26.00  sec  9.29 MBytes  78.0 Mbits/sec    0             
- - - - - - - - - - - - - - - - - - - - - - - - -
[  5]  26.00-27.00  sec  2.49 MBytes  20.9 Mbits/sec    0    915 KBytes       
[  7]  26.00-27.00  sec  1.25 MBytes  10.5 Mbits/sec    1    675 KBytes       
[  9]  26.00-27.00  sec  1.25 MBytes  10.5 Mbits/sec    1    773 KBytes       
[ 11]  26.00-27.00  sec  1.25 MBytes  10.5 Mbits/sec    0    663 KBytes       
[ 13]  26.00-27.00  sec   954 KBytes  7.82 Mbits/sec    3    311 KBytes       
[SUM]  26.00-27.00  sec  7.17 MBytes  60.1 Mbits/sec    5             
- - - - - - - - - - - - - - - - - - - - - - - - -
[  5]  27.00-28.00  sec  2.50 MBytes  21.0 Mbits/sec    0    915 KBytes       
[  7]  27.00-28.00  sec  1.25 MBytes  10.5 Mbits/sec    0    675 KBytes       
[  9]  27.00-28.00  sec  1.25 MBytes  10.5 Mbits/sec    0    773 KBytes       
[ 11]  27.00-28.00  sec  2.50 MBytes  21.0 Mbits/sec    0    663 KBytes       
[ 13]  27.00-28.00  sec   954 KBytes  7.82 Mbits/sec    0    311 KBytes       
[SUM]  27.00-28.00  sec  8.43 MBytes  70.7 Mbits/sec    0             
- - - - - - - - - - - - - - - - - - - - - - - - -
[  5]  28.00-29.00  sec  0.00 Bytes  0.00 bits/sec    4    119 KBytes       
[  7]  28.00-29.00  sec  1.25 MBytes  10.5 Mbits/sec   36    173 KBytes       
[  9]  28.00-29.00  sec  1.25 MBytes  10.5 Mbits/sec   16    156 KBytes       
[ 11]  28.00-29.00  sec  1.25 MBytes  10.5 Mbits/sec   44    160 KBytes       
[ 13]  28.00-29.00  sec  2.67 MBytes  22.4 Mbits/sec    0    322 KBytes       
[SUM]  28.00-29.00  sec  6.42 MBytes  53.9 Mbits/sec  100             
- - - - - - - - - - - - - - - - - - - - - - - - -
[  5]  29.00-30.00  sec  2.50 MBytes  21.0 Mbits/sec    0    327 KBytes       
[  7]  29.00-30.00  sec  2.50 MBytes  21.0 Mbits/sec    0    317 KBytes       
[  9]  29.00-30.00  sec  2.50 MBytes  21.0 Mbits/sec    0    308 KBytes       
[ 11]  29.00-30.00  sec  1.25 MBytes  10.5 Mbits/sec    0    304 KBytes       
[ 13]  29.00-30.00  sec  2.73 MBytes  22.9 Mbits/sec    0    375 KBytes       
[SUM]  29.00-30.00  sec  11.5 MBytes  96.3 Mbits/sec    0             
- - - - - - - - - - - - - - - - - - - - - - - - -
[ ID] Interval           Transfer     Bitrate         Retr
[  5]   0.00-30.00  sec  56.7 MBytes  15.8 Mbits/sec    5             sender
[  5]   0.00-30.17  sec  53.5 MBytes  14.9 Mbits/sec                  receiver
[  7]   0.00-30.00  sec  71.5 MBytes  20.0 Mbits/sec   40             sender
[  7]   0.00-30.17  sec  68.4 MBytes  19.0 Mbits/sec                  receiver
[  9]   0.00-30.00  sec  64.0 MBytes  17.9 Mbits/sec   18             sender
[  9]   0.00-30.17  sec  60.6 MBytes  16.9 Mbits/sec                  receiver
[ 11]   0.00-30.00  sec  68.2 MBytes  19.1 Mbits/sec   47             sender
[ 11]   0.00-30.17  sec  65.6 MBytes  18.2 Mbits/sec                  receiver
[ 13]   0.00-30.00  sec  60.9 MBytes  17.0 Mbits/sec    6             sender
[ 13]   0.00-30.17  sec  58.6 MBytes  16.3 Mbits/sec                  receiver
[SUM]   0.00-30.00  sec   321 MBytes  89.8 Mbits/sec  116             sender
[SUM]   0.00-30.17  sec   307 MBytes  85.3 Mbits/sec                  receiver

iperf Done.
