Connecting to host 192.168.0.51, port 5201
Reverse mode, remote host 192.168.0.51 is sending
[  5] local 192.168.0.131 port 55870 connected to 192.168.0.51 port 5201
[  7] local 192.168.0.131 port 55874 connected to 192.168.0.51 port 5201
[  9] local 192.168.0.131 port 55880 connected to 192.168.0.51 port 5201
[ 11] local 192.168.0.131 port 55888 connected to 192.168.0.51 port 5201
[ 13] local 192.168.0.131 port 55900 connected to 192.168.0.51 port 5201
[ ID] Interval           Transfer     Bitrate
[  5]   0.00-1.00   sec  3.36 MBytes  28.2 Mbits/sec                  
[  7]   0.00-1.00   sec  3.17 MBytes  26.6 Mbits/sec                  
[  9]   0.00-1.00   sec  3.17 MBytes  26.6 Mbits/sec                  
[ 11]   0.00-1.00   sec  2.82 MBytes  23.6 Mbits/sec                  
[ 13]   0.00-1.00   sec  3.03 MBytes  25.4 Mbits/sec                  
[SUM]   0.00-1.00   sec  15.5 MBytes   130 Mbits/sec                  
- - - - - - - - - - - - - - - - - - - - - - - - -
[  5]   1.00-2.00   sec  3.00 MBytes  25.2 Mbits/sec                  
[  7]   1.00-2.00   sec  3.18 MBytes  26.6 Mbits/sec                  
[  9]   1.00-2.00   sec  1.82 MBytes  15.2 Mbits/sec                  
[ 11]   1.00-2.00   sec  2.75 MBytes  23.1 Mbits/sec                  
[ 13]   1.00-2.00   sec  3.01 MBytes  25.3 Mbits/sec                  
[SUM]   1.00-2.00   sec  13.8 MBytes   115 Mbits/sec                  
- - - - - - - - - - - - - - - - - - - - - - - - -
[  5]   2.00-3.00   sec  3.86 MBytes  32.4 Mbits/sec                  
[  7]   2.00-3.00   sec  3.87 MBytes  32.4 Mbits/sec                  
[  9]   2.00-3.00   sec  1.41 MBytes  11.8 Mbits/sec                  
[ 11]   2.00-3.00   sec  3.32 MBytes  27.8 Mbits/sec                  
[ 13]   2.00-3.00   sec  31.1 KBytes   255 Kbits/sec                  
[SUM]   2.00-3.00   sec  12.5 MBytes   105 Mbits/sec                  
- - - - - - - - - - - - - - - - - - - - - - - - -
[  5]   3.00-4.00   sec  1.60 MBytes  13.4 Mbits/sec                  
[  7]   3.00-4.00   sec  0.00 Bytes  0.00 bits/sec                  
[  9]   3.00-4.00   sec  3.83 MBytes  32.1 Mbits/sec                  
[ 11]   3.00-4.00   sec   570 KBytes  4.67 Mbits/sec                  
[ 13]   3.00-4.00   sec  3.85 MBytes  32.3 Mbits/sec                  
[SUM]   3.00-4.00   sec  9.83 MBytes  82.5 Mbits/sec                  
- - - - - - - - - - - - - - - - - - - - - - - - -
[  5]   4.00-5.00   sec  2.27 MBytes  19.0 Mbits/sec                  
[  7]   4.00-5.00   sec  3.87 MBytes  32.4 Mbits/sec                  
[  9]   4.00-5.00   sec  38.2 KBytes   313 Kbits/sec                  
[ 11]   4.00-5.00   sec  3.86 MBytes  32.3 Mbits/sec                  
[ 13]   4.00-5.00   sec  1.55 MBytes  13.0 Mbits/sec                  
[SUM]   4.00-5.00   sec  11.6 MBytes  97.1 Mbits/sec                  
- - - - - - - - - - - - - - - - - - - - - - - - -
[  5]   5.00-6.00   sec  3.86 MBytes  32.4 Mbits/sec                  
[  7]   5.00-6.00   sec  1.38 MBytes  11.6 Mbits/sec                  
[  9]   5.00-6.00   sec  3.85 MBytes  32.3 Mbits/sec                  
[ 11]   5.00-6.00   sec  8.48 KBytes  69.5 Kbits/sec                  
[ 13]   5.00-6.00   sec  2.32 MBytes  19.5 Mbits/sec                  
[SUM]   5.00-6.00   sec  11.4 MBytes  95.8 Mbits/sec                  
- - - - - - - - - - - - - - - - - - - - - - - - -
[  5]   6.00-7.00   sec  8.48 KBytes  69.5 Kbits/sec                  
[  7]   6.00-7.00   sec  2.48 MBytes  20.8 Mbits/sec                  
[  9]   6.00-7.00   sec  1.46 MBytes  12.3 Mbits/sec                  
[ 11]   6.00-7.00   sec  3.86 MBytes  32.4 Mbits/sec                  
[ 13]   6.00-7.00   sec  3.34 MBytes  28.0 Mbits/sec                  
[SUM]   6.00-7.00   sec  11.2 MBytes  93.6 Mbits/sec                  
- - - - - - - - - - - - - - - - - - - - - - - - -
[  5]   7.00-8.00   sec  3.86 MBytes  32.4 Mbits/sec                  
[  7]   7.00-8.00   sec  3.86 MBytes  32.4 Mbits/sec                  
[  9]   7.00-8.00   sec  2.40 MBytes  20.2 Mbits/sec                  
[ 11]   7.00-8.00   sec   817 KBytes  6.69 Mbits/sec                  
[ 13]   7.00-8.00   sec   547 KBytes  4.48 Mbits/sec                  
[SUM]   7.00-8.00   sec  11.5 MBytes  96.1 Mbits/sec                  
- - - - - - - - - - - - - - - - - - - - - - - - -
[  5]   8.00-9.00   sec  1.20 MBytes  10.1 Mbits/sec                  
[  7]   8.00-9.00   sec  2.83 KBytes  23.2 Kbits/sec                  
[  9]   8.00-9.00   sec  3.84 MBytes  32.2 Mbits/sec                  
[ 11]   8.00-9.00   sec  3.07 MBytes  25.8 Mbits/sec                  
[ 13]   8.00-9.00   sec  3.85 MBytes  32.3 Mbits/sec                  
[SUM]   8.00-9.00   sec  12.0 MBytes   100 Mbits/sec                  
- - - - - - - - - - - - - - - - - - - - - - - - -
[  5]   9.00-10.00  sec  2.67 MBytes  22.4 Mbits/sec                  
[  7]   9.00-10.00  sec  3.87 MBytes  32.4 Mbits/sec                  
[  9]   9.00-10.00  sec  36.8 KBytes   301 Kbits/sec                  
[ 11]   9.00-10.00  sec  3.86 MBytes  32.4 Mbits/sec                  
[ 13]   9.00-10.00  sec  1.67 MBytes  14.0 Mbits/sec                  
[SUM]   9.00-10.00  sec  12.1 MBytes   101 Mbits/sec                  
- - - - - - - - - - - - - - - - - - - - - - - - -
[  5]  10.00-11.00  sec  3.86 MBytes  32.4 Mbits/sec                  
[  7]  10.00-11.00  sec  1.21 MBytes  10.1 Mbits/sec                  
[  9]  10.00-11.00  sec  3.85 MBytes  32.3 Mbits/sec                  
[ 11]  10.00-11.00  sec  8.48 KBytes  69.5 Kbits/sec                  
[ 13]  10.00-11.00  sec  2.20 MBytes  18.5 Mbits/sec                  
[SUM]  10.00-11.00  sec  11.1 MBytes  93.4 Mbits/sec                  
- - - - - - - - - - - - - - - - - - - - - - - - -
[  5]  11.00-12.00  sec  7.07 KBytes  57.9 Kbits/sec                  
[  7]  11.00-12.00  sec  2.66 MBytes  22.3 Mbits/sec                  
[  9]  11.00-12.00  sec  1.46 MBytes  12.3 Mbits/sec                  
[ 11]  11.00-12.00  sec  3.86 MBytes  32.3 Mbits/sec                  
[ 13]  11.00-12.00  sec  3.57 MBytes  29.9 Mbits/sec                  
[SUM]  11.00-12.00  sec  11.6 MBytes  96.9 Mbits/sec                  
- - - - - - - - - - - - - - - - - - - - - - - - -
[  5]  12.00-13.00  sec  3.86 MBytes  32.4 Mbits/sec                  
[  7]  12.00-13.00  sec   860 KBytes  7.04 Mbits/sec                  
[  9]  12.00-13.00  sec  2.23 MBytes  18.7 Mbits/sec                  
[ 11]  12.00-13.00  sec  7.07 KBytes  57.9 Kbits/sec                  
[ 13]  12.00-13.00  sec   304 KBytes  2.49 Mbits/sec                  
[SUM]  12.00-13.00  sec  7.23 MBytes  60.6 Mbits/sec                  
- - - - - - - - - - - - - - - - - - - - - - - - -
[  5]  13.00-14.00  sec  8.48 KBytes  69.5 Kbits/sec                  
[  7]  13.00-14.00  sec  0.00 Bytes  0.00 bits/sec                  
[  9]  13.00-14.00  sec  0.00 Bytes  0.00 bits/sec                  
[ 11]  13.00-14.00  sec  1.37 MBytes  11.5 Mbits/sec                  
[ 13]  13.00-14.00  sec   854 KBytes  7.00 Mbits/sec                  
[SUM]  13.00-14.00  sec  2.21 MBytes  18.6 Mbits/sec                  
- - - - - - - - - - - - - - - - - - - - - - - - -
[  5]  14.00-15.00  sec  1.65 MBytes  13.8 Mbits/sec                  
[  7]  14.00-15.00  sec  0.00 Bytes  0.00 bits/sec                  
[  9]  14.00-15.00  sec  2.85 MBytes  23.9 Mbits/sec                  
[ 11]  14.00-15.00  sec  0.00 Bytes  0.00 bits/sec                  
[ 13]  14.00-15.00  sec   447 KBytes  3.66 Mbits/sec                  
[SUM]  14.00-15.00  sec  4.93 MBytes  41.3 Mbits/sec                  
- - - - - - - - - - - - - - - - - - - - - - - - -
[  5]  15.00-16.00  sec  2.09 MBytes  17.5 Mbits/sec                  
[  7]  15.00-16.00  sec  3.87 MBytes  32.4 Mbits/sec                  
[  9]  15.00-16.00  sec  1.02 MBytes  8.56 Mbits/sec                  
[ 11]  15.00-16.00  sec  3.87 MBytes  32.4 Mbits/sec                  
[ 13]  15.00-16.00  sec  3.87 MBytes  32.4 Mbits/sec                  
[SUM]  15.00-16.00  sec  14.7 MBytes   123 Mbits/sec                  
- - - - - - - - - - - - - - - - - - - - - - - - -
[  5]  16.00-17.00  sec  3.95 MBytes  33.2 Mbits/sec                  
[  7]  16.00-17.00  sec   352 KBytes  2.88 Mbits/sec                  
[  9]  16.00-17.00  sec   411 KBytes  3.37 Mbits/sec                  
[ 11]  16.00-17.00  sec   341 KBytes  2.79 Mbits/sec                  
[ 13]  16.00-17.00  sec   171 KBytes  1.40 Mbits/sec                  
[SUM]  16.00-17.00  sec  5.20 MBytes  43.6 Mbits/sec                  
- - - - - - - - - - - - - - - - - - - - - - - - -
[  5]  17.00-18.00  sec   652 KBytes  5.34 Mbits/sec                  
[  7]  17.00-18.00  sec   732 KBytes  6.00 Mbits/sec                  
[  9]  17.00-18.00  sec  1.70 MBytes  14.3 Mbits/sec                  
[ 11]  17.00-18.00  sec  1.01 MBytes  8.49 Mbits/sec                  
[ 13]  17.00-18.00  sec  1.03 MBytes  8.68 Mbits/sec                  
[SUM]  17.00-18.00  sec  5.10 MBytes  42.8 Mbits/sec                  
- - - - - - - - - - - - - - - - - - - - - - - - -
[  5]  18.00-19.00  sec   225 KBytes  1.84 Mbits/sec                  
[  7]  18.00-19.00  sec  1.09 MBytes  9.13 Mbits/sec                  
[  9]  18.00-19.00  sec  0.00 Bytes  0.00 bits/sec                  
[ 11]  18.00-19.00  sec  1.35 MBytes  11.3 Mbits/sec                  
[ 13]  18.00-19.00  sec   181 KBytes  1.48 Mbits/sec                  
[SUM]  18.00-19.00  sec  2.83 MBytes  23.8 Mbits/sec                  
- - - - - - - - - - - - - - - - - - - - - - - - -
[  5]  19.00-20.00  sec  91.9 KBytes   753 Kbits/sec                  
[  7]  19.00-20.00  sec   209 KBytes  1.71 Mbits/sec                  
[  9]  19.00-20.00  sec  1.41 KBytes  11.6 Kbits/sec                  
[ 11]  19.00-20.00  sec  0.00 Bytes  0.00 bits/sec                  
[ 13]  19.00-20.00  sec   923 KBytes  7.56 Mbits/sec                  
[SUM]  19.00-20.00  sec  1.20 MBytes  10.0 Mbits/sec                  
- - - - - - - - - - - - - - - - - - - - - - - - -
[  5]  20.00-21.00  sec  1.04 MBytes  8.74 Mbits/sec                  
[  7]  20.00-21.00  sec   228 KBytes  1.87 Mbits/sec                  
[  9]  20.00-21.00  sec  2.88 MBytes  24.2 Mbits/sec                  
[ 11]  20.00-21.00  sec  1.87 MBytes  15.7 Mbits/sec                  
[ 13]  20.00-21.00  sec  1011 KBytes  8.29 Mbits/sec                  
[SUM]  20.00-21.00  sec  7.00 MBytes  58.8 Mbits/sec                  
- - - - - - - - - - - - - - - - - - - - - - - - -
[  5]  21.00-22.00  sec  99.0 KBytes   811 Kbits/sec                  
[  7]  21.00-22.00  sec  1.41 KBytes  11.6 Kbits/sec                  
[  9]  21.00-22.00  sec  62.2 KBytes   510 Kbits/sec                  
[ 11]  21.00-22.00  sec  0.00 Bytes  0.00 bits/sec                  
[ 13]  21.00-22.00  sec   867 KBytes  7.10 Mbits/sec                  
[SUM]  21.00-22.00  sec  1.01 MBytes  8.43 Mbits/sec                  
- - - - - - - - - - - - - - - - - - - - - - - - -
[  5]  22.00-23.00  sec   161 KBytes  1.32 Mbits/sec                  
[  7]  22.00-23.00  sec  0.00 Bytes  0.00 bits/sec                  
[  9]  22.00-23.00  sec  86.3 KBytes   707 Kbits/sec                  
[ 11]  22.00-23.00  sec  0.00 Bytes  0.00 bits/sec                  
[ 13]  22.00-23.00  sec   699 KBytes  5.72 Mbits/sec                  
[SUM]  22.00-23.00  sec   946 KBytes  7.75 Mbits/sec                  
- - - - - - - - - - - - - - - - - - - - - - - - -
[  5]  23.00-24.00  sec   144 KBytes  1.18 Mbits/sec                  
[  7]  23.00-24.00  sec  0.00 Bytes  0.00 bits/sec                  
[  9]  23.00-24.00  sec  0.00 Bytes  0.00 bits/sec                  
[ 11]  23.00-24.00  sec  0.00 Bytes  0.00 bits/sec                  
[ 13]  23.00-24.00  sec  0.00 Bytes  0.00 bits/sec                  
[SUM]  23.00-24.00  sec   144 KBytes  1.18 Mbits/sec                  
- - - - - - - - - - - - - - - - - - - - - - - - -
[  5]  24.00-25.00  sec  0.00 Bytes  0.00 bits/sec                  
[  7]  24.00-25.00  sec  97.6 KBytes   800 Kbits/sec                  
[  9]  24.00-25.00  sec  0.00 Bytes  0.00 bits/sec                  
[ 11]  24.00-25.00  sec  0.00 Bytes  0.00 bits/sec                  
[ 13]  24.00-25.00  sec  0.00 Bytes  0.00 bits/sec                  
[SUM]  24.00-25.00  sec  97.6 KBytes   800 Kbits/sec                  
- - - - - - - - - - - - - - - - - - - - - - - - -
[  5]  25.00-26.00  sec  0.00 Bytes  0.00 bits/sec                  
[  7]  25.00-26.00  sec   342 KBytes  2.80 Mbits/sec                  
[  9]  25.00-26.00  sec  0.00 Bytes  0.00 bits/sec                  
[ 11]  25.00-26.00  sec  0.00 Bytes  0.00 bits/sec                  
[ 13]  25.00-26.00  sec  0.00 Bytes  0.00 bits/sec                  
[SUM]  25.00-26.00  sec   342 KBytes  2.80 Mbits/sec                  
- - - - - - - - - - - - - - - - - - - - - - - - -
[  5]  26.00-27.00  sec   748 KBytes  6.13 Mbits/sec                  
[  7]  26.00-27.00  sec  19.8 KBytes   162 Kbits/sec                  
[  9]  26.00-27.00  sec  1.32 MBytes  11.1 Mbits/sec                  
[ 11]  26.00-27.00  sec  2.71 MBytes  22.7 Mbits/sec                  
[ 13]  26.00-27.00  sec   663 KBytes  5.43 Mbits/sec                  
[SUM]  26.00-27.00  sec  5.43 MBytes  45.5 Mbits/sec                  
- - - - - - - - - - - - - - - - - - - - - - - - -
[  5]  27.00-28.00  sec  0.00 Bytes  0.00 bits/sec                  
[  7]  27.00-28.00  sec   474 KBytes  3.88 Mbits/sec                  
[  9]  27.00-28.00  sec  0.00 Bytes  0.00 bits/sec                  
[ 11]  27.00-28.00  sec  1001 KBytes  8.20 Mbits/sec                  
[ 13]  27.00-28.00  sec  2.30 MBytes  19.3 Mbits/sec                  
[SUM]  27.00-28.00  sec  3.74 MBytes  31.4 Mbits/sec                  
- - - - - - - - - - - - - - - - - - - - - - - - -
[  5]  28.00-29.00  sec  14.1 KBytes   116 Kbits/sec                  
[  7]  28.00-29.00  sec   939 KBytes  7.69 Mbits/sec                  
[  9]  28.00-29.00  sec   991 KBytes  8.12 Mbits/sec                  
[ 11]  28.00-29.00  sec   362 KBytes  2.97 Mbits/sec                  
[ 13]  28.00-29.00  sec   940 KBytes  7.71 Mbits/sec                  
[SUM]  28.00-29.00  sec  3.17 MBytes  26.6 Mbits/sec                  
- - - - - - - - - - - - - - - - - - - - - - - - -
[  5]  29.00-30.00  sec  1.41 KBytes  11.6 Kbits/sec                  
[  7]  29.00-30.00  sec  8.48 KBytes  69.5 Kbits/sec                  
[  9]  29.00-30.00  sec  0.00 Bytes  0.00 bits/sec                  
[ 11]  29.00-30.00  sec  1.63 MBytes  13.7 Mbits/sec                  
[ 13]  29.00-30.00  sec  1.25 MBytes  10.5 Mbits/sec                  
[SUM]  29.00-30.00  sec  2.89 MBytes  24.2 Mbits/sec                  
- - - - - - - - - - - - - - - - - - - - - - - - -
[ ID] Interval           Transfer     Bitrate
[  5]   0.00-30.41  sec  44.9 MBytes  12.4 Mbits/sec                  sender
[  5]   0.00-30.00  sec  44.2 MBytes  12.4 Mbits/sec                  receiver
[  7]   0.00-30.41  sec  41.2 MBytes  11.4 Mbits/sec                  sender
[  7]   0.00-30.00  sec  38.7 MBytes  10.8 Mbits/sec                  receiver
[  9]   0.00-30.41  sec  43.2 MBytes  11.9 Mbits/sec                  sender
[  9]   0.00-30.00  sec  40.7 MBytes  11.4 Mbits/sec                  receiver
[ 11]   0.00-30.41  sec  48.1 MBytes  13.3 Mbits/sec                  sender
[ 11]   0.00-30.00  sec  44.2 MBytes  12.4 Mbits/sec                  receiver
[ 13]   0.00-30.41  sec  46.1 MBytes  12.7 Mbits/sec                  sender
[ 13]   0.00-30.00  sec  44.3 MBytes  12.4 Mbits/sec                  receiver
[SUM]   0.00-30.41  sec   224 MBytes  61.7 Mbits/sec                  sender
[SUM]   0.00-30.00  sec   212 MBytes  59.3 Mbits/sec                  receiver

iperf Done.
