Connecting to host 192.168.0.51, port 5201
[  5] local 192.168.0.131 port 48468 connected to 192.168.0.51 port 5201
[ ID] Interval           Transfer     Bitrate         Retr  Cwnd
[  5]   0.00-1.00   sec  12.6 MBytes   106 Mbits/sec    0    580 KBytes       
[  5]   1.00-2.00   sec  9.75 MBytes  81.8 Mbits/sec    0    621 KBytes       
[  5]   2.00-3.00   sec  10.7 MBytes  90.1 Mbits/sec    0    708 KBytes       
[  5]   3.00-4.00   sec  12.8 MBytes   108 Mbits/sec    0    708 KBytes       
[  5]   4.00-5.00   sec  12.2 MBytes   102 Mbits/sec    0    748 KBytes       
[  5]   5.00-6.00   sec  11.4 MBytes  95.6 Mbits/sec    0    807 KBytes       
[  5]   6.00-7.00   sec  11.0 MBytes  91.9 Mbits/sec    0    807 KBytes       
[  5]   7.00-8.00   sec  5.49 MBytes  46.0 Mbits/sec    0    807 KBytes       
[  5]   8.00-9.00   sec  5.63 MBytes  47.3 Mbits/sec    0    807 KBytes       
[  5]   9.00-10.00  sec  4.75 MBytes  39.9 Mbits/sec    0    986 KBytes       
[  5]  10.00-11.00  sec  5.87 MBytes  49.3 Mbits/sec    0    986 KBytes       
[  5]  11.00-12.00  sec  4.17 MBytes  34.9 Mbits/sec    0    986 KBytes       
[  5]  12.00-13.00  sec  6.89 MBytes  57.8 Mbits/sec    0   1.42 MBytes       
[  5]  13.00-14.00  sec  4.54 MBytes  38.1 Mbits/sec    1   1.48 MBytes       
[  5]  14.00-15.00  sec  4.79 MBytes  40.2 Mbits/sec    0   1.48 MBytes       
[  5]  15.00-16.00  sec  6.28 MBytes  52.6 Mbits/sec    0   1.56 MBytes       
[  5]  16.00-17.00  sec  5.95 MBytes  49.9 Mbits/sec    0   1.64 MBytes       
[  5]  17.00-18.00  sec  3.04 MBytes  25.5 Mbits/sec    1   1.65 MBytes       
[  5]  18.00-19.00  sec  5.54 MBytes  46.5 Mbits/sec    0   1.74 MBytes       
[  5]  19.00-20.00  sec  5.78 MBytes  48.5 Mbits/sec    0   1.74 MBytes       
[  5]  20.00-21.00  sec  5.39 MBytes  45.2 Mbits/sec    0   1.74 MBytes       
[  5]  21.00-22.00  sec  4.85 MBytes  40.7 Mbits/sec    0   1.74 MBytes       
[  5]  22.00-23.00  sec  5.65 MBytes  47.4 Mbits/sec    0   1.74 MBytes       
[  5]  23.00-24.00  sec  10.9 MBytes  91.7 Mbits/sec    0   1.74 MBytes       
[  5]  24.00-25.00  sec  10.1 MBytes  84.7 Mbits/sec    0   1.74 MBytes       
[  5]  25.00-26.00  sec  11.7 MBytes  98.3 Mbits/sec    0   1.74 MBytes       
[  5]  26.00-27.00  sec  9.60 MBytes  80.5 Mbits/sec    0   1.74 MBytes       
[  5]  27.00-28.00  sec  6.02 MBytes  50.5 Mbits/sec    0   1.74 MBytes       
[  5]  28.00-29.00  sec  5.18 MBytes  43.5 Mbits/sec    0   1.74 MBytes       
[  5]  29.00-30.00  sec  6.60 MBytes  55.3 Mbits/sec    0   1.74 MBytes       
- - - - - - - - - - - - - - - - - - - - - - - - -
[ ID] Interval           Transfer     Bitrate         Retr
[  5]   0.00-30.00  sec   225 MBytes  63.0 Mbits/sec    2             sender
[  5]   0.00-30.20  sec   223 MBytes  61.8 Mbits/sec                  receiver

iperf Done.
