Connecting to host 192.168.0.51, port 5201
[  5] local 192.168.0.131 port 34670 connected to 192.168.0.51 port 5201
[ ID] Interval           Transfer     Bitrate         Retr  Cwnd
[  5]   0.00-1.00   sec  4.13 MBytes  34.6 Mbits/sec    0    625 KBytes       
[  5]   1.00-2.00   sec  3.68 MBytes  30.9 Mbits/sec    0    721 KBytes       
[  5]   2.00-3.00   sec  3.35 MBytes  28.1 Mbits/sec    0    843 KBytes       
[  5]   3.00-4.00   sec  3.04 MBytes  25.5 Mbits/sec    0    843 KBytes       
[  5]   4.00-5.00   sec  4.29 MBytes  35.9 Mbits/sec    0    979 KBytes       
[  5]   5.00-6.00   sec  2.72 MBytes  22.9 Mbits/sec    0   1.04 MBytes       
[  5]   6.00-7.00   sec  3.93 MBytes  32.9 Mbits/sec    0   1.10 MBytes       
[  5]   7.00-8.00   sec  5.45 MBytes  45.7 Mbits/sec    0   1.15 MBytes       
[  5]   8.00-9.00   sec  9.12 MBytes  76.5 Mbits/sec    0   1.35 MBytes       
[  5]   9.00-10.00  sec  7.82 MBytes  65.6 Mbits/sec    0   1.41 MBytes       
[  5]  10.00-11.00  sec  7.73 MBytes  64.8 Mbits/sec    0   1.50 MBytes       
[  5]  11.00-12.00  sec  7.70 MBytes  64.6 Mbits/sec    0   1.57 MBytes       
[  5]  12.00-13.00  sec  7.82 MBytes  65.6 Mbits/sec    0   1.57 MBytes       
[  5]  13.00-14.00  sec  3.60 MBytes  30.2 Mbits/sec  434    368 KBytes       
[  5]  14.00-15.00  sec  5.47 MBytes  45.9 Mbits/sec  297    602 KBytes       
[  5]  15.00-16.00  sec  4.26 MBytes  35.7 Mbits/sec  268    322 KBytes       
[  5]  16.00-17.00  sec  2.63 MBytes  22.1 Mbits/sec   96    245 KBytes       
[  5]  17.00-18.00  sec  2.67 MBytes  22.4 Mbits/sec   30    194 KBytes       
[  5]  18.00-19.00  sec  2.04 MBytes  17.1 Mbits/sec   96    106 KBytes       
[  5]  19.00-20.00  sec  3.00 MBytes  25.2 Mbits/sec    1   99.0 KBytes       
[  5]  20.00-21.00  sec  6.96 MBytes  58.4 Mbits/sec    0    143 KBytes       
[  5]  21.00-22.00  sec  6.02 MBytes  50.5 Mbits/sec    0    171 KBytes       
[  5]  22.00-23.00  sec  3.62 MBytes  30.4 Mbits/sec    0    188 KBytes       
[  5]  23.00-24.00  sec  3.79 MBytes  31.8 Mbits/sec    0    202 KBytes       
[  5]  24.00-25.00  sec  2.40 MBytes  20.2 Mbits/sec    0    211 KBytes       
[  5]  25.00-26.00  sec  4.63 MBytes  38.9 Mbits/sec    0    228 KBytes       
[  5]  26.00-27.00  sec  3.40 MBytes  28.6 Mbits/sec    0    238 KBytes       
[  5]  27.00-28.00  sec  3.66 MBytes  30.7 Mbits/sec    0    249 KBytes       
[  5]  28.00-29.00  sec  3.68 MBytes  30.9 Mbits/sec    0    260 KBytes       
[  5]  29.00-30.00  sec  2.79 MBytes  23.4 Mbits/sec    0    317 KBytes       
- - - - - - - - - - - - - - - - - - - - - - - - -
[ ID] Interval           Transfer     Bitrate         Retr
[  5]   0.00-30.00  sec   135 MBytes  37.9 Mbits/sec  1222             sender
[  5]   0.00-30.04  sec   133 MBytes  37.2 Mbits/sec                  receiver

iperf Done.
