Connecting to host 192.168.0.51, port 5201
Reverse mode, remote host 192.168.0.51 is sending
[  5] local 192.168.0.129 port 33054 connected to 192.168.0.51 port 5201
[  7] local 192.168.0.129 port 33068 connected to 192.168.0.51 port 5201
[  9] local 192.168.0.129 port 33082 connected to 192.168.0.51 port 5201
[ 11] local 192.168.0.129 port 33094 connected to 192.168.0.51 port 5201
[ 13] local 192.168.0.129 port 33096 connected to 192.168.0.51 port 5201
[ ID] Interval           Transfer     Bitrate
[  5]   0.00-1.00   sec  1.87 MBytes  15.6 Mbits/sec                  
[  7]   0.00-1.00   sec  1.86 MBytes  15.6 Mbits/sec                  
[  9]   0.00-1.00   sec  1.84 MBytes  15.4 Mbits/sec                  
[ 11]   0.00-1.00   sec  1.84 MBytes  15.5 Mbits/sec                  
[ 13]   0.00-1.00   sec  1.81 MBytes  15.2 Mbits/sec                  
[SUM]   0.00-1.00   sec  9.22 MBytes  77.3 Mbits/sec                  
- - - - - - - - - - - - - - - - - - - - - - - - -
[  5]   1.00-2.00   sec  1.47 MBytes  12.4 Mbits/sec                  
[  7]   1.00-2.00   sec  1.56 MBytes  13.0 Mbits/sec                  
[  9]   1.00-2.00   sec  1.48 MBytes  12.4 Mbits/sec                  
[ 11]   1.00-2.00   sec  1.47 MBytes  12.3 Mbits/sec                  
[ 13]   1.00-2.00   sec  1.52 MBytes  12.8 Mbits/sec                  
[SUM]   1.00-2.00   sec  7.49 MBytes  62.8 Mbits/sec                  
- - - - - - - - - - - - - - - - - - - - - - - - -
[  5]   2.00-3.00   sec  1.42 MBytes  11.9 Mbits/sec                  
[  7]   2.00-3.00   sec  1.48 MBytes  12.4 Mbits/sec                  
[  9]   2.00-3.00   sec  1.47 MBytes  12.4 Mbits/sec                  
[ 11]   2.00-3.00   sec  1.49 MBytes  12.5 Mbits/sec                  
[ 13]   2.00-3.00   sec  1.49 MBytes  12.5 Mbits/sec                  
[SUM]   2.00-3.00   sec  7.35 MBytes  61.7 Mbits/sec                  
- - - - - - - - - - - - - - - - - - - - - - - - -
[  5]   3.00-4.00   sec  1.93 MBytes  16.2 Mbits/sec                  
[  7]   3.00-4.00   sec  1.92 MBytes  16.1 Mbits/sec                  
[  9]   3.00-4.00   sec  1.92 MBytes  16.1 Mbits/sec                  
[ 11]   3.00-4.00   sec  1.85 MBytes  15.5 Mbits/sec                  
[ 13]   3.00-4.00   sec  1.85 MBytes  15.5 Mbits/sec                  
[SUM]   3.00-4.00   sec  9.47 MBytes  79.5 Mbits/sec                  
- - - - - - - - - - - - - - - - - - - - - - - - -
[  5]   4.00-5.00   sec  1.68 MBytes  14.1 Mbits/sec                  
[  7]   4.00-5.00   sec  1.72 MBytes  14.4 Mbits/sec                  
[  9]   4.00-5.00   sec  1.72 MBytes  14.4 Mbits/sec                  
[ 11]   4.00-5.00   sec  1.78 MBytes  14.9 Mbits/sec                  
[ 13]   4.00-5.00   sec  1.65 MBytes  13.9 Mbits/sec                  
[SUM]   4.00-5.00   sec  8.54 MBytes  71.6 Mbits/sec                  
- - - - - - - - - - - - - - - - - - - - - - - - -
[  5]   5.00-6.00   sec  2.33 MBytes  19.6 Mbits/sec                  
[  7]   5.00-6.00   sec  2.27 MBytes  19.0 Mbits/sec                  
[  9]   5.00-6.00   sec  2.29 MBytes  19.2 Mbits/sec                  
[ 11]   5.00-6.00   sec  2.38 MBytes  19.9 Mbits/sec                  
[ 13]   5.00-6.00   sec  2.29 MBytes  19.2 Mbits/sec                  
[SUM]   5.00-6.00   sec  11.6 MBytes  96.9 Mbits/sec                  
- - - - - - - - - - - - - - - - - - - - - - - - -
[  5]   6.00-7.00   sec  3.10 MBytes  26.0 Mbits/sec                  
[  7]   6.00-7.00   sec  3.09 MBytes  25.9 Mbits/sec                  
[  9]   6.00-7.00   sec  3.10 MBytes  26.0 Mbits/sec                  
[ 11]   6.00-7.00   sec  3.11 MBytes  26.1 Mbits/sec                  
[ 13]   6.00-7.00   sec  3.10 MBytes  26.0 Mbits/sec                  
[SUM]   6.00-7.00   sec  15.5 MBytes   130 Mbits/sec                  
- - - - - - - - - - - - - - - - - - - - - - - - -
[  5]   7.00-8.00   sec  3.94 MBytes  33.0 Mbits/sec                  
[  7]   7.00-8.00   sec  3.86 MBytes  32.3 Mbits/sec                  
[  9]   7.00-8.00   sec  3.93 MBytes  33.0 Mbits/sec                  
[ 11]   7.00-8.00   sec  3.93 MBytes  33.0 Mbits/sec                  
[ 13]   7.00-8.00   sec  3.93 MBytes  33.0 Mbits/sec                  
[SUM]   7.00-8.00   sec  19.6 MBytes   164 Mbits/sec                  
- - - - - - - - - - - - - - - - - - - - - - - - -
[  5]   8.00-9.00   sec  3.86 MBytes  32.4 Mbits/sec                  
[  7]   8.00-9.00   sec  3.93 MBytes  33.0 Mbits/sec                  
[  9]   8.00-9.00   sec  3.93 MBytes  33.0 Mbits/sec                  
[ 11]   8.00-9.00   sec  3.84 MBytes  32.2 Mbits/sec                  
[ 13]   8.00-9.00   sec  3.93 MBytes  33.0 Mbits/sec                  
[SUM]   8.00-9.00   sec  19.5 MBytes   164 Mbits/sec                  
- - - - - - - - - - - - - - - - - - - - - - - - -
[  5]   9.00-10.00  sec  3.77 MBytes  31.6 Mbits/sec                  
[  7]   9.00-10.00  sec  3.82 MBytes  32.1 Mbits/sec                  
[  9]   9.00-10.00  sec  3.74 MBytes  31.4 Mbits/sec                  
[ 11]   9.00-10.00  sec  3.82 MBytes  32.1 Mbits/sec                  
[ 13]   9.00-10.00  sec  3.73 MBytes  31.3 Mbits/sec                  
[SUM]   9.00-10.00  sec  18.9 MBytes   158 Mbits/sec                  
- - - - - - - - - - - - - - - - - - - - - - - - -
[  5]  10.00-11.00  sec  3.59 MBytes  30.1 Mbits/sec                  
[  7]  10.00-11.00  sec  3.47 MBytes  29.1 Mbits/sec                  
[  9]  10.00-11.00  sec  3.55 MBytes  29.8 Mbits/sec                  
[ 11]  10.00-11.00  sec  3.58 MBytes  30.0 Mbits/sec                  
[ 13]  10.00-11.00  sec  3.57 MBytes  29.9 Mbits/sec                  
[SUM]  10.00-11.00  sec  17.8 MBytes   149 Mbits/sec                  
- - - - - - - - - - - - - - - - - - - - - - - - -
[  5]  11.00-12.00  sec  3.82 MBytes  32.1 Mbits/sec                  
[  7]  11.00-12.00  sec  3.84 MBytes  32.3 Mbits/sec                  
[  9]  11.00-12.00  sec  3.82 MBytes  32.1 Mbits/sec                  
[ 11]  11.00-12.00  sec  3.84 MBytes  32.2 Mbits/sec                  
[ 13]  11.00-12.00  sec  3.82 MBytes  32.1 Mbits/sec                  
[SUM]  11.00-12.00  sec  19.1 MBytes   161 Mbits/sec                  
- - - - - - - - - - - - - - - - - - - - - - - - -
[  5]  12.00-13.00  sec  3.93 MBytes  33.0 Mbits/sec                  
[  7]  12.00-13.00  sec  3.91 MBytes  32.8 Mbits/sec                  
[  9]  12.00-13.00  sec  3.94 MBytes  33.0 Mbits/sec                  
[ 11]  12.00-13.00  sec  3.82 MBytes  32.0 Mbits/sec                  
[ 13]  12.00-13.00  sec  3.84 MBytes  32.2 Mbits/sec                  
[SUM]  12.00-13.00  sec  19.4 MBytes   163 Mbits/sec                  
- - - - - - - - - - - - - - - - - - - - - - - - -
[  5]  13.00-14.00  sec  3.48 MBytes  29.2 Mbits/sec                  
[  7]  13.00-14.00  sec  3.59 MBytes  30.1 Mbits/sec                  
[  9]  13.00-14.00  sec  3.48 MBytes  29.2 Mbits/sec                  
[ 11]  13.00-14.00  sec  3.59 MBytes  30.1 Mbits/sec                  
[ 13]  13.00-14.00  sec  3.56 MBytes  29.9 Mbits/sec                  
[SUM]  13.00-14.00  sec  17.7 MBytes   149 Mbits/sec                  
- - - - - - - - - - - - - - - - - - - - - - - - -
[  5]  14.00-15.00  sec  3.82 MBytes  32.1 Mbits/sec                  
[  7]  14.00-15.00  sec  3.82 MBytes  32.1 Mbits/sec                  
[  9]  14.00-15.00  sec  3.93 MBytes  33.0 Mbits/sec                  
[ 11]  14.00-15.00  sec  3.82 MBytes  32.1 Mbits/sec                  
[ 13]  14.00-15.00  sec  3.85 MBytes  32.3 Mbits/sec                  
[SUM]  14.00-15.00  sec  19.3 MBytes   161 Mbits/sec                  
- - - - - - - - - - - - - - - - - - - - - - - - -
[  5]  15.00-16.00  sec  4.05 MBytes  34.0 Mbits/sec                  
[  7]  15.00-16.00  sec  4.05 MBytes  34.0 Mbits/sec                  
[  9]  15.00-16.00  sec  3.95 MBytes  33.1 Mbits/sec                  
[ 11]  15.00-16.00  sec  4.06 MBytes  34.1 Mbits/sec                  
[ 13]  15.00-16.00  sec  4.03 MBytes  33.8 Mbits/sec                  
[SUM]  15.00-16.00  sec  20.1 MBytes   169 Mbits/sec                  
- - - - - - - - - - - - - - - - - - - - - - - - -
[  5]  16.00-17.00  sec  3.99 MBytes  33.5 Mbits/sec                  
[  7]  16.00-17.00  sec  3.94 MBytes  33.1 Mbits/sec                  
[  9]  16.00-17.00  sec  4.00 MBytes  33.5 Mbits/sec                  
[ 11]  16.00-17.00  sec  3.94 MBytes  33.0 Mbits/sec                  
[ 13]  16.00-17.00  sec  3.99 MBytes  33.5 Mbits/sec                  
[SUM]  16.00-17.00  sec  19.9 MBytes   167 Mbits/sec                  
- - - - - - - - - - - - - - - - - - - - - - - - -
[  5]  17.00-18.00  sec  3.94 MBytes  33.1 Mbits/sec                  
[  7]  17.00-18.00  sec  3.93 MBytes  33.0 Mbits/sec                  
[  9]  17.00-18.00  sec  3.98 MBytes  33.4 Mbits/sec                  
[ 11]  17.00-18.00  sec  3.93 MBytes  33.0 Mbits/sec                  
[ 13]  17.00-18.00  sec  3.98 MBytes  33.4 Mbits/sec                  
[SUM]  17.00-18.00  sec  19.8 MBytes   166 Mbits/sec                  
- - - - - - - - - - - - - - - - - - - - - - - - -
[  5]  18.00-19.00  sec  3.88 MBytes  32.5 Mbits/sec                  
[  7]  18.00-19.00  sec  3.94 MBytes  33.0 Mbits/sec                  
[  9]  18.00-19.00  sec  3.86 MBytes  32.4 Mbits/sec                  
[ 11]  18.00-19.00  sec  3.94 MBytes  33.1 Mbits/sec                  
[ 13]  18.00-19.00  sec  3.85 MBytes  32.3 Mbits/sec                  
[SUM]  18.00-19.00  sec  19.5 MBytes   163 Mbits/sec                  
- - - - - - - - - - - - - - - - - - - - - - - - -
[  5]  19.00-20.00  sec  4.04 MBytes  33.8 Mbits/sec                  
[  7]  19.00-20.00  sec  3.98 MBytes  33.4 Mbits/sec                  
[  9]  19.00-20.00  sec  4.01 MBytes  33.6 Mbits/sec                  
[ 11]  19.00-20.00  sec  4.05 MBytes  34.0 Mbits/sec                  
[ 13]  19.00-20.00  sec  4.03 MBytes  33.8 Mbits/sec                  
[SUM]  19.00-20.00  sec  20.1 MBytes   169 Mbits/sec                  
- - - - - - - - - - - - - - - - - - - - - - - - -
[  5]  20.00-21.00  sec  2.57 MBytes  21.6 Mbits/sec                  
[  7]  20.00-21.00  sec  2.96 MBytes  24.9 Mbits/sec                  
[  9]  20.00-21.00  sec  2.29 MBytes  19.2 Mbits/sec                  
[ 11]  20.00-21.00  sec  2.87 MBytes  24.1 Mbits/sec                  
[ 13]  20.00-21.00  sec  2.85 MBytes  23.9 Mbits/sec                  
[SUM]  20.00-21.00  sec  13.5 MBytes   114 Mbits/sec                  
- - - - - - - - - - - - - - - - - - - - - - - - -
[  5]  21.00-22.00  sec  1.47 MBytes  12.3 Mbits/sec                  
[  7]  21.00-22.00  sec  1.85 MBytes  15.5 Mbits/sec                  
[  9]  21.00-22.00  sec  1.45 MBytes  12.2 Mbits/sec                  
[ 11]  21.00-22.00  sec  1.79 MBytes  15.0 Mbits/sec                  
[ 13]  21.00-22.00  sec  1.96 MBytes  16.4 Mbits/sec                  
[SUM]  21.00-22.00  sec  8.52 MBytes  71.4 Mbits/sec                  
- - - - - - - - - - - - - - - - - - - - - - - - -
[  5]  22.00-23.00  sec  1.71 MBytes  14.4 Mbits/sec                  
[  7]  22.00-23.00  sec  2.53 MBytes  21.2 Mbits/sec                  
[  9]  22.00-23.00  sec  1.71 MBytes  14.3 Mbits/sec                  
[ 11]  22.00-23.00  sec  2.54 MBytes  21.3 Mbits/sec                  
[ 13]  22.00-23.00  sec  2.53 MBytes  21.3 Mbits/sec                  
[SUM]  22.00-23.00  sec  11.0 MBytes  92.4 Mbits/sec                  
- - - - - - - - - - - - - - - - - - - - - - - - -
[  5]  23.00-24.00  sec  1.37 MBytes  11.5 Mbits/sec                  
[  7]  23.00-24.00  sec  2.48 MBytes  20.8 Mbits/sec                  
[  9]  23.00-24.00  sec  1.22 MBytes  10.3 Mbits/sec                  
[ 11]  23.00-24.00  sec  2.55 MBytes  21.4 Mbits/sec                  
[ 13]  23.00-24.00  sec  2.45 MBytes  20.6 Mbits/sec                  
[SUM]  23.00-24.00  sec  10.1 MBytes  84.5 Mbits/sec                  
- - - - - - - - - - - - - - - - - - - - - - - - -
[  5]  24.00-25.00  sec  1.15 MBytes  9.65 Mbits/sec                  
[  7]  24.00-25.00  sec  2.09 MBytes  17.5 Mbits/sec                  
[  9]  24.00-25.00  sec  1.32 MBytes  11.0 Mbits/sec                  
[ 11]  24.00-25.00  sec  2.65 MBytes  22.2 Mbits/sec                  
[ 13]  24.00-25.00  sec  2.67 MBytes  22.4 Mbits/sec                  
[SUM]  24.00-25.00  sec  9.87 MBytes  82.8 Mbits/sec                  
- - - - - - - - - - - - - - - - - - - - - - - - -
[  5]  25.00-26.00  sec  1.21 MBytes  10.2 Mbits/sec                  
[  7]  25.00-26.00  sec  1.97 MBytes  16.5 Mbits/sec                  
[  9]  25.00-26.00  sec  1.86 MBytes  15.6 Mbits/sec                  
[ 11]  25.00-26.00  sec  2.31 MBytes  19.4 Mbits/sec                  
[ 13]  25.00-26.00  sec  2.41 MBytes  20.2 Mbits/sec                  
[SUM]  25.00-26.00  sec  9.76 MBytes  81.9 Mbits/sec                  
- - - - - - - - - - - - - - - - - - - - - - - - -
[  5]  26.00-27.00  sec  1.70 MBytes  14.3 Mbits/sec                  
[  7]  26.00-27.00  sec  2.21 MBytes  18.5 Mbits/sec                  
[  9]  26.00-27.00  sec  2.25 MBytes  18.9 Mbits/sec                  
[ 11]  26.00-27.00  sec  2.28 MBytes  19.1 Mbits/sec                  
[ 13]  26.00-27.00  sec  2.32 MBytes  19.4 Mbits/sec                  
[SUM]  26.00-27.00  sec  10.8 MBytes  90.2 Mbits/sec                  
- - - - - - - - - - - - - - - - - - - - - - - - -
[  5]  27.00-28.00  sec   762 KBytes  6.24 Mbits/sec                  
[  7]  27.00-28.00  sec   605 KBytes  4.96 Mbits/sec                  
[  9]  27.00-28.00  sec   523 KBytes  4.29 Mbits/sec                  
[ 11]  27.00-28.00  sec   731 KBytes  5.99 Mbits/sec                  
[ 13]  27.00-28.00  sec   687 KBytes  5.63 Mbits/sec                  
[SUM]  27.00-28.00  sec  3.23 MBytes  27.1 Mbits/sec                  
- - - - - - - - - - - - - - - - - - - - - - - - -
[  5]  28.00-29.00  sec   631 KBytes  5.17 Mbits/sec                  
[  7]  28.00-29.00  sec   683 KBytes  5.60 Mbits/sec                  
[  9]  28.00-29.00  sec   672 KBytes  5.50 Mbits/sec                  
[ 11]  28.00-29.00  sec   602 KBytes  4.94 Mbits/sec                  
[ 13]  28.00-29.00  sec   662 KBytes  5.42 Mbits/sec                  
[SUM]  28.00-29.00  sec  3.17 MBytes  26.6 Mbits/sec                  
- - - - - - - - - - - - - - - - - - - - - - - - -
[  5]  29.00-30.00  sec   745 KBytes  6.10 Mbits/sec                  
[  7]  29.00-30.00  sec   730 KBytes  5.98 Mbits/sec                  
[  9]  29.00-30.00  sec   761 KBytes  6.23 Mbits/sec                  
[ 11]  29.00-30.00  sec   823 KBytes  6.74 Mbits/sec                  
[ 13]  29.00-30.00  sec   809 KBytes  6.63 Mbits/sec                  
[SUM]  29.00-30.00  sec  3.78 MBytes  31.7 Mbits/sec                  
- - - - - - - - - - - - - - - - - - - - - - - - -
[ ID] Interval           Transfer     Bitrate
[  5]   0.00-30.20  sec  77.2 MBytes  21.5 Mbits/sec                  sender
[  5]   0.00-30.00  sec  77.2 MBytes  21.6 Mbits/sec                  receiver
[  7]   0.00-30.20  sec  82.1 MBytes  22.8 Mbits/sec                  sender
[  7]   0.00-30.00  sec  82.0 MBytes  22.9 Mbits/sec                  receiver
[  9]   0.00-30.20  sec  78.0 MBytes  21.7 Mbits/sec                  sender
[  9]   0.00-30.00  sec  78.0 MBytes  21.8 Mbits/sec                  receiver
[ 11]   0.00-30.20  sec  85.2 MBytes  23.7 Mbits/sec                  sender
[ 11]   0.00-30.00  sec  83.2 MBytes  23.3 Mbits/sec                  receiver
[ 13]   0.00-30.20  sec  83.2 MBytes  23.1 Mbits/sec                  sender
[ 13]   0.00-30.00  sec  83.1 MBytes  23.2 Mbits/sec                  receiver
[SUM]   0.00-30.20  sec   406 MBytes   113 Mbits/sec                  sender
[SUM]   0.00-30.00  sec   403 MBytes   113 Mbits/sec                  receiver

iperf Done.
