Connecting to host 192.168.0.104, port 5201
Reverse mode, remote host 192.168.0.104 is sending
[  6] local 192.168.0.168 port 39396 connected to 192.168.0.104 port 5201
[  8] local 192.168.0.168 port 39402 connected to 192.168.0.104 port 5201
[ 10] local 192.168.0.168 port 39408 connected to 192.168.0.104 port 5201
[ 12] local 192.168.0.168 port 39420 connected to 192.168.0.104 port 5201
[ 14] local 192.168.0.168 port 39434 connected to 192.168.0.104 port 5201
[ ID] Interval           Transfer     Bitrate
[  6]   0.00-1.00   sec  2.02 MBytes  16.9 Mbits/sec                  
[  8]   0.00-1.00   sec  3.28 MBytes  27.5 Mbits/sec                  
[ 10]   0.00-1.00   sec  3.20 MBytes  26.8 Mbits/sec                  
[ 12]   0.00-1.00   sec  3.21 MBytes  26.9 Mbits/sec                  
[ 14]   0.00-1.00   sec  3.19 MBytes  26.7 Mbits/sec                  
[SUM]   0.00-1.00   sec  14.9 MBytes   125 Mbits/sec                  
- - - - - - - - - - - - - - - - - - - - - - - - -
[  6]   1.00-2.00   sec  2.49 MBytes  20.9 Mbits/sec                  
[  8]   1.00-2.00   sec  4.10 MBytes  34.4 Mbits/sec                  
[ 10]   1.00-2.00   sec  4.23 MBytes  35.5 Mbits/sec                  
[ 12]   1.00-2.00   sec  3.91 MBytes  32.8 Mbits/sec                  
[ 14]   1.00-2.00   sec  4.05 MBytes  33.9 Mbits/sec                  
[SUM]   1.00-2.00   sec  18.8 MBytes   158 Mbits/sec                  
- - - - - - - - - - - - - - - - - - - - - - - - -
[  6]   2.00-3.00   sec  2.99 MBytes  25.1 Mbits/sec                  
[  8]   2.00-3.00   sec  4.17 MBytes  35.0 Mbits/sec                  
[ 10]   2.00-3.00   sec  4.23 MBytes  35.4 Mbits/sec                  
[ 12]   2.00-3.00   sec  4.26 MBytes  35.8 Mbits/sec                  
[ 14]   2.00-3.00   sec  4.16 MBytes  34.9 Mbits/sec                  
[SUM]   2.00-3.00   sec  19.8 MBytes   166 Mbits/sec                  
- - - - - - - - - - - - - - - - - - - - - - - - -
[  6]   3.00-4.00   sec  3.23 MBytes  27.1 Mbits/sec                  
[  8]   3.00-4.00   sec  3.91 MBytes  32.8 Mbits/sec                  
[ 10]   3.00-4.00   sec  4.35 MBytes  36.5 Mbits/sec                  
[ 12]   3.00-4.00   sec  4.45 MBytes  37.3 Mbits/sec                  
[ 14]   3.00-4.00   sec  4.29 MBytes  36.0 Mbits/sec                  
[SUM]   3.00-4.00   sec  20.2 MBytes   170 Mbits/sec                  
- - - - - - - - - - - - - - - - - - - - - - - - -
[  6]   4.00-5.00   sec  3.22 MBytes  27.0 Mbits/sec                  
[  8]   4.00-5.00   sec  3.17 MBytes  26.6 Mbits/sec                  
[ 10]   4.00-5.00   sec  4.29 MBytes  36.0 Mbits/sec                  
[ 12]   4.00-5.00   sec  4.52 MBytes  37.9 Mbits/sec                  
[ 14]   4.00-5.00   sec  4.35 MBytes  36.5 Mbits/sec                  
[SUM]   4.00-5.00   sec  19.5 MBytes   164 Mbits/sec                  
- - - - - - - - - - - - - - - - - - - - - - - - -
[  6]   5.00-6.00   sec  3.18 MBytes  26.7 Mbits/sec                  
[  8]   5.00-6.00   sec  2.80 MBytes  23.5 Mbits/sec                  
[ 10]   5.00-6.00   sec  3.99 MBytes  33.5 Mbits/sec                  
[ 12]   5.00-6.00   sec  4.23 MBytes  35.5 Mbits/sec                  
[ 14]   5.00-6.00   sec  4.66 MBytes  39.1 Mbits/sec                  
[SUM]   5.00-6.00   sec  18.9 MBytes   158 Mbits/sec                  
- - - - - - - - - - - - - - - - - - - - - - - - -
[  6]   6.00-7.00   sec  3.23 MBytes  27.1 Mbits/sec                  
[  8]   6.00-7.00   sec  2.73 MBytes  22.9 Mbits/sec                  
[ 10]   6.00-7.00   sec  3.59 MBytes  30.1 Mbits/sec                  
[ 12]   6.00-7.00   sec  4.27 MBytes  35.9 Mbits/sec                  
[ 14]   6.00-7.00   sec  6.59 MBytes  55.3 Mbits/sec                  
[SUM]   6.00-7.00   sec  20.4 MBytes   171 Mbits/sec                  
- - - - - - - - - - - - - - - - - - - - - - - - -
[  6]   7.00-8.00   sec  1.86 MBytes  15.6 Mbits/sec                  
[  8]   7.00-8.00   sec  1.28 MBytes  10.7 Mbits/sec                  
[ 10]   7.00-8.00   sec  1.50 MBytes  12.6 Mbits/sec                  
[ 12]   7.00-8.00   sec  1.50 MBytes  12.6 Mbits/sec                  
[ 14]   7.00-8.00   sec  3.20 MBytes  26.8 Mbits/sec                  
[SUM]   7.00-8.00   sec  9.34 MBytes  78.4 Mbits/sec                  
- - - - - - - - - - - - - - - - - - - - - - - - -
[  6]   8.00-9.00   sec   891 KBytes  7.30 Mbits/sec                  
[  8]   8.00-9.00   sec   742 KBytes  6.08 Mbits/sec                  
[ 10]   8.00-9.00   sec   945 KBytes  7.74 Mbits/sec                  
[ 12]   8.00-9.00   sec   938 KBytes  7.68 Mbits/sec                  
[ 14]   8.00-9.00   sec  1.96 MBytes  16.4 Mbits/sec                  
[SUM]   8.00-9.00   sec  5.39 MBytes  45.2 Mbits/sec                  
- - - - - - - - - - - - - - - - - - - - - - - - -
[  6]   9.00-10.00  sec  1.22 MBytes  10.3 Mbits/sec                  
[  8]   9.00-10.00  sec   973 KBytes  7.97 Mbits/sec                  
[ 10]   9.00-10.00  sec  1.08 MBytes  9.07 Mbits/sec                  
[ 12]   9.00-10.00  sec  1.10 MBytes  9.25 Mbits/sec                  
[ 14]   9.00-10.00  sec  2.38 MBytes  20.0 Mbits/sec                  
[SUM]   9.00-10.00  sec  6.74 MBytes  56.5 Mbits/sec                  
- - - - - - - - - - - - - - - - - - - - - - - - -
[  6]  10.00-11.00  sec  1.16 MBytes  9.76 Mbits/sec                  
[  8]  10.00-11.00  sec   952 KBytes  7.80 Mbits/sec                  
[ 10]  10.00-11.00  sec  1.28 MBytes  10.7 Mbits/sec                  
[ 12]  10.00-11.00  sec  1.27 MBytes  10.7 Mbits/sec                  
[ 14]  10.00-11.00  sec  2.59 MBytes  21.7 Mbits/sec                  
[SUM]  10.00-11.00  sec  7.23 MBytes  60.7 Mbits/sec                  
- - - - - - - - - - - - - - - - - - - - - - - - -
[  6]  11.00-12.00  sec  2.88 MBytes  24.2 Mbits/sec                  
[  8]  11.00-12.00  sec  2.50 MBytes  21.0 Mbits/sec                  
[ 10]  11.00-12.00  sec  3.20 MBytes  26.9 Mbits/sec                  
[ 12]  11.00-12.00  sec  4.18 MBytes  35.0 Mbits/sec                  
[ 14]  11.00-12.00  sec  6.52 MBytes  54.7 Mbits/sec                  
[SUM]  11.00-12.00  sec  19.3 MBytes   162 Mbits/sec                  
- - - - - - - - - - - - - - - - - - - - - - - - -
[  6]  12.00-13.00  sec  2.16 MBytes  18.2 Mbits/sec                  
[  8]  12.00-13.00  sec  2.04 MBytes  17.1 Mbits/sec                  
[ 10]  12.00-13.00  sec  1.82 MBytes  15.3 Mbits/sec                  
[ 12]  12.00-13.00  sec  3.74 MBytes  31.4 Mbits/sec                  
[ 14]  12.00-13.00  sec  4.72 MBytes  39.6 Mbits/sec                  
[SUM]  12.00-13.00  sec  14.5 MBytes   122 Mbits/sec                  
- - - - - - - - - - - - - - - - - - - - - - - - -
[  6]  13.00-14.00  sec  1.64 MBytes  13.8 Mbits/sec                  
[  8]  13.00-14.00  sec  1.58 MBytes  13.3 Mbits/sec                  
[ 10]  13.00-14.00  sec  1.57 MBytes  13.1 Mbits/sec                  
[ 12]  13.00-14.00  sec  2.52 MBytes  21.1 Mbits/sec                  
[ 14]  13.00-14.00  sec  3.24 MBytes  27.1 Mbits/sec                  
[SUM]  13.00-14.00  sec  10.5 MBytes  88.5 Mbits/sec                  
- - - - - - - - - - - - - - - - - - - - - - - - -
[  6]  14.00-15.00  sec  2.15 MBytes  18.0 Mbits/sec                  
[  8]  14.00-15.00  sec  2.27 MBytes  19.0 Mbits/sec                  
[ 10]  14.00-15.00  sec  2.15 MBytes  18.0 Mbits/sec                  
[ 12]  14.00-15.00  sec  3.56 MBytes  29.8 Mbits/sec                  
[ 14]  14.00-15.00  sec  4.04 MBytes  33.9 Mbits/sec                  
[SUM]  14.00-15.00  sec  14.2 MBytes   119 Mbits/sec                  
- - - - - - - - - - - - - - - - - - - - - - - - -
[  6]  15.00-16.00  sec  1.95 MBytes  16.4 Mbits/sec                  
[  8]  15.00-16.00  sec  2.07 MBytes  17.4 Mbits/sec                  
[ 10]  15.00-16.00  sec  1.87 MBytes  15.7 Mbits/sec                  
[ 12]  15.00-16.00  sec  3.22 MBytes  27.0 Mbits/sec                  
[ 14]  15.00-16.00  sec  3.91 MBytes  32.8 Mbits/sec                  
[SUM]  15.00-16.00  sec  13.0 MBytes   109 Mbits/sec                  
- - - - - - - - - - - - - - - - - - - - - - - - -
[  6]  16.00-17.00  sec  1.91 MBytes  16.0 Mbits/sec                  
[  8]  16.00-17.00  sec  1.92 MBytes  16.1 Mbits/sec                  
[ 10]  16.00-17.00  sec  1.70 MBytes  14.2 Mbits/sec                  
[ 12]  16.00-17.00  sec  2.72 MBytes  22.8 Mbits/sec                  
[ 14]  16.00-17.00  sec  3.71 MBytes  31.1 Mbits/sec                  
[SUM]  16.00-17.00  sec  12.0 MBytes   100 Mbits/sec                  
- - - - - - - - - - - - - - - - - - - - - - - - -
[  6]  17.00-18.00  sec  1.24 MBytes  10.4 Mbits/sec                  
[  8]  17.00-18.00  sec  1.33 MBytes  11.2 Mbits/sec                  
[ 10]  17.00-18.00  sec  1.14 MBytes  9.55 Mbits/sec                  
[ 12]  17.00-18.00  sec  2.15 MBytes  18.0 Mbits/sec                  
[ 14]  17.00-18.00  sec  2.44 MBytes  20.5 Mbits/sec                  
[SUM]  17.00-18.00  sec  8.30 MBytes  69.6 Mbits/sec                  
- - - - - - - - - - - - - - - - - - - - - - - - -
[  6]  18.00-19.00  sec   930 KBytes  7.62 Mbits/sec                  
[  8]  18.00-19.00  sec   981 KBytes  8.04 Mbits/sec                  
[ 10]  18.00-19.00  sec   850 KBytes  6.96 Mbits/sec                  
[ 12]  18.00-19.00  sec  1.62 MBytes  13.6 Mbits/sec                  
[ 14]  18.00-19.00  sec  1.79 MBytes  15.0 Mbits/sec                  
[SUM]  18.00-19.00  sec  6.11 MBytes  51.2 Mbits/sec                  
- - - - - - - - - - - - - - - - - - - - - - - - -
[  6]  19.00-20.00  sec  1.08 MBytes  9.04 Mbits/sec                  
[  8]  19.00-20.00  sec  1.16 MBytes  9.72 Mbits/sec                  
[ 10]  19.00-20.00  sec  1021 KBytes  8.36 Mbits/sec                  
[ 12]  19.00-20.00  sec  2.09 MBytes  17.6 Mbits/sec                  
[ 14]  19.00-20.00  sec  1.56 MBytes  13.1 Mbits/sec                  
[SUM]  19.00-20.00  sec  6.89 MBytes  57.8 Mbits/sec                  
- - - - - - - - - - - - - - - - - - - - - - - - -
[  6]  20.00-21.00  sec  1.89 MBytes  15.8 Mbits/sec                  
[  8]  20.00-21.00  sec  1.97 MBytes  16.6 Mbits/sec                  
[ 10]  20.00-21.00  sec  1.82 MBytes  15.3 Mbits/sec                  
[ 12]  20.00-21.00  sec  3.42 MBytes  28.7 Mbits/sec                  
[ 14]  20.00-21.00  sec  2.43 MBytes  20.4 Mbits/sec                  
[SUM]  20.00-21.00  sec  11.5 MBytes  96.7 Mbits/sec                  
- - - - - - - - - - - - - - - - - - - - - - - - -
[  6]  21.00-22.00  sec  1.12 MBytes  9.41 Mbits/sec                  
[  8]  21.00-22.00  sec  1.32 MBytes  11.1 Mbits/sec                  
[ 10]  21.00-22.00  sec  1.32 MBytes  11.1 Mbits/sec                  
[ 12]  21.00-22.00  sec  2.26 MBytes  19.0 Mbits/sec                  
[ 14]  21.00-22.00  sec  1.36 MBytes  11.4 Mbits/sec                  
[SUM]  21.00-22.00  sec  7.38 MBytes  61.9 Mbits/sec                  
- - - - - - - - - - - - - - - - - - - - - - - - -
[  6]  22.00-23.00  sec   608 KBytes  4.98 Mbits/sec                  
[  8]  22.00-23.00  sec   707 KBytes  5.79 Mbits/sec                  
[ 10]  22.00-23.00  sec   916 KBytes  7.50 Mbits/sec                  
[ 12]  22.00-23.00  sec  1.12 MBytes  9.38 Mbits/sec                  
[ 14]  22.00-23.00  sec   693 KBytes  5.67 Mbits/sec                  
[SUM]  22.00-23.00  sec  3.97 MBytes  33.3 Mbits/sec                  
- - - - - - - - - - - - - - - - - - - - - - - - -
[  6]  23.00-24.00  sec   690 KBytes  5.65 Mbits/sec                  
[  8]  23.00-24.00  sec   793 KBytes  6.50 Mbits/sec                  
[ 10]  23.00-24.00  sec  1.15 MBytes  9.68 Mbits/sec                  
[ 12]  23.00-24.00  sec  1.32 MBytes  11.1 Mbits/sec                  
[ 14]  23.00-24.00  sec   761 KBytes  6.23 Mbits/sec                  
[SUM]  23.00-24.00  sec  4.67 MBytes  39.2 Mbits/sec                  
- - - - - - - - - - - - - - - - - - - - - - - - -
[  6]  24.00-25.00  sec   926 KBytes  7.59 Mbits/sec                  
[  8]  24.00-25.00  sec  1.06 MBytes  8.86 Mbits/sec                  
[ 10]  24.00-25.00  sec  1.71 MBytes  14.4 Mbits/sec                  
[ 12]  24.00-25.00  sec  1.56 MBytes  13.1 Mbits/sec                  
[ 14]  24.00-25.00  sec   947 KBytes  7.76 Mbits/sec                  
[SUM]  24.00-25.00  sec  6.16 MBytes  51.7 Mbits/sec                  
- - - - - - - - - - - - - - - - - - - - - - - - -
[  6]  25.00-26.00  sec   646 KBytes  5.29 Mbits/sec                  
[  8]  25.00-26.00  sec   713 KBytes  5.84 Mbits/sec                  
[ 10]  25.00-26.00  sec  1.60 MBytes  13.4 Mbits/sec                  
[ 12]  25.00-26.00  sec  1.28 MBytes  10.7 Mbits/sec                  
[ 14]  25.00-26.00  sec   646 KBytes  5.30 Mbits/sec                  
[SUM]  25.00-26.00  sec  4.84 MBytes  40.6 Mbits/sec                  
- - - - - - - - - - - - - - - - - - - - - - - - -
[  6]  26.00-27.00  sec   871 KBytes  7.13 Mbits/sec                  
[  8]  26.00-27.00  sec  1.13 MBytes  9.46 Mbits/sec                  
[ 10]  26.00-27.00  sec  2.72 MBytes  22.8 Mbits/sec                  
[ 12]  26.00-27.00  sec  1.90 MBytes  15.9 Mbits/sec                  
[ 14]  26.00-27.00  sec   956 KBytes  7.83 Mbits/sec                  
[SUM]  26.00-27.00  sec  7.54 MBytes  63.2 Mbits/sec                  
- - - - - - - - - - - - - - - - - - - - - - - - -
[  6]  27.00-28.00  sec  1.34 MBytes  11.2 Mbits/sec                  
[  8]  27.00-28.00  sec  1.47 MBytes  12.3 Mbits/sec                  
[ 10]  27.00-28.00  sec  4.45 MBytes  37.4 Mbits/sec                  
[ 12]  27.00-28.00  sec  2.67 MBytes  22.4 Mbits/sec                  
[ 14]  27.00-28.00  sec  1.24 MBytes  10.4 Mbits/sec                  
[SUM]  27.00-28.00  sec  11.2 MBytes  93.7 Mbits/sec                  
- - - - - - - - - - - - - - - - - - - - - - - - -
[  6]  28.00-29.00  sec  2.03 MBytes  17.1 Mbits/sec                  
[  8]  28.00-29.00  sec  2.51 MBytes  21.1 Mbits/sec                  
[ 10]  28.00-29.00  sec  9.05 MBytes  75.9 Mbits/sec                  
[ 12]  28.00-29.00  sec  4.16 MBytes  34.9 Mbits/sec                  
[ 14]  28.00-29.00  sec  2.26 MBytes  19.0 Mbits/sec                  
[SUM]  28.00-29.00  sec  20.0 MBytes   168 Mbits/sec                  
- - - - - - - - - - - - - - - - - - - - - - - - -
[  6]  29.00-30.00  sec  1.98 MBytes  16.6 Mbits/sec                  
[  8]  29.00-30.00  sec  2.28 MBytes  19.2 Mbits/sec                  
[ 10]  29.00-30.00  sec  8.55 MBytes  71.7 Mbits/sec                  
[ 12]  29.00-30.00  sec  3.54 MBytes  29.7 Mbits/sec                  
[ 14]  29.00-30.00  sec  2.04 MBytes  17.1 Mbits/sec                  
[SUM]  29.00-30.00  sec  18.4 MBytes   154 Mbits/sec                  
- - - - - - - - - - - - - - - - - - - - - - - - -
[ ID] Interval           Transfer     Bitrate         Retr
[  6]   0.00-30.06  sec  57.2 MBytes  16.0 Mbits/sec   28             sender
[  6]   0.00-30.00  sec  53.4 MBytes  14.9 Mbits/sec                  receiver
[  8]   0.00-30.06  sec  61.1 MBytes  17.1 Mbits/sec   23             sender
[  8]   0.00-30.00  sec  57.8 MBytes  16.2 Mbits/sec                  receiver
[ 10]   0.00-30.06  sec  84.3 MBytes  23.5 Mbits/sec   24             sender
[ 10]   0.00-30.00  sec  81.2 MBytes  22.7 Mbits/sec                  receiver
[ 12]   0.00-30.06  sec  85.4 MBytes  23.8 Mbits/sec   17             sender
[ 12]   0.00-30.00  sec  82.7 MBytes  23.1 Mbits/sec                  receiver
[ 14]   0.00-30.06  sec  90.4 MBytes  25.2 Mbits/sec   27             sender
[ 14]   0.00-30.00  sec  86.6 MBytes  24.2 Mbits/sec                  receiver
[SUM]   0.00-30.06  sec   379 MBytes   106 Mbits/sec  119             sender
[SUM]   0.00-30.00  sec   362 MBytes   101 Mbits/sec                  receiver

iperf Done.
