Connecting to host 192.168.0.104, port 5201
[  6] local 192.168.0.168 port 50642 connected to 192.168.0.104 port 5201
[  8] local 192.168.0.168 port 50644 connected to 192.168.0.104 port 5201
[ 10] local 192.168.0.168 port 50648 connected to 192.168.0.104 port 5201
[ 12] local 192.168.0.168 port 50650 connected to 192.168.0.104 port 5201
[ 14] local 192.168.0.168 port 50666 connected to 192.168.0.104 port 5201
[ ID] Interval           Transfer     Bitrate         Retr  Cwnd
[  6]   0.00-1.00   sec  1.06 MBytes  8.85 Mbits/sec    0    120 KBytes       
[  8]   0.00-1.00   sec  1.38 MBytes  11.5 Mbits/sec    0    202 KBytes       
[ 10]   0.00-1.00   sec  1.93 MBytes  16.2 Mbits/sec    0    212 KBytes       
[ 12]   0.00-1.00   sec  1.86 MBytes  15.6 Mbits/sec    0    212 KBytes       
[ 14]   0.00-1.00   sec  4.48 MBytes  37.6 Mbits/sec    1    667 KBytes       
[SUM]   0.00-1.00   sec  10.7 MBytes  89.7 Mbits/sec    1             
- - - - - - - - - - - - - - - - - - - - - - - - -
[  6]   1.00-2.00   sec   636 KBytes  5.21 Mbits/sec    0    139 KBytes       
[  8]   1.00-2.00   sec  1.49 MBytes  12.5 Mbits/sec    0    233 KBytes       
[ 10]   1.00-2.00   sec  1.06 MBytes  8.86 Mbits/sec    0    249 KBytes       
[ 12]   1.00-2.00   sec  1018 KBytes  8.34 Mbits/sec    0    252 KBytes       
[ 14]   1.00-2.00   sec  2.50 MBytes  21.0 Mbits/sec    0    792 KBytes       
[SUM]   1.00-2.00   sec  6.66 MBytes  55.9 Mbits/sec    0             
- - - - - - - - - - - - - - - - - - - - - - - - -
[  6]   2.00-3.00   sec  1.06 MBytes  8.86 Mbits/sec    0    170 KBytes       
[  8]   2.00-3.00   sec  2.36 MBytes  19.8 Mbits/sec    0    311 KBytes       
[ 10]   2.00-3.00   sec  2.42 MBytes  20.3 Mbits/sec    0    324 KBytes       
[ 12]   2.00-3.00   sec  2.49 MBytes  20.9 Mbits/sec    0    328 KBytes       
[ 14]   2.00-3.00   sec  6.25 MBytes  52.4 Mbits/sec    0    912 KBytes       
[SUM]   2.00-3.00   sec  14.6 MBytes   122 Mbits/sec    0             
- - - - - - - - - - - - - - - - - - - - - - - - -
[  6]   3.00-4.00   sec  1.93 MBytes  16.2 Mbits/sec    0    233 KBytes       
[  8]   3.00-4.00   sec  4.16 MBytes  34.9 Mbits/sec    0    424 KBytes       
[ 10]   3.00-4.00   sec  4.29 MBytes  36.0 Mbits/sec    0    431 KBytes       
[ 12]   3.00-4.00   sec  4.29 MBytes  36.0 Mbits/sec    0    419 KBytes       
[ 14]   3.00-4.00   sec  6.25 MBytes  52.4 Mbits/sec    0   1.06 MBytes       
[SUM]   3.00-4.00   sec  20.9 MBytes   175 Mbits/sec    0             
- - - - - - - - - - - - - - - - - - - - - - - - -
[  6]   4.00-5.00   sec  3.11 MBytes  26.1 Mbits/sec    0    315 KBytes       
[  8]   4.00-5.00   sec  3.18 MBytes  26.6 Mbits/sec    0    494 KBytes       
[ 10]   4.00-5.00   sec  3.11 MBytes  26.1 Mbits/sec    0    530 KBytes       
[ 12]   4.00-5.00   sec  2.98 MBytes  25.0 Mbits/sec    0    502 KBytes       
[ 14]   4.00-5.00   sec  6.25 MBytes  52.4 Mbits/sec    0   1.19 MBytes       
[SUM]   4.00-5.00   sec  18.6 MBytes   156 Mbits/sec    0             
- - - - - - - - - - - - - - - - - - - - - - - - -
[  6]   5.00-6.00   sec  2.42 MBytes  20.3 Mbits/sec    0    396 KBytes       
[  8]   5.00-6.00   sec  3.29 MBytes  27.6 Mbits/sec    0    573 KBytes       
[ 10]   5.00-6.00   sec  3.54 MBytes  29.7 Mbits/sec    0    585 KBytes       
[ 12]   5.00-6.00   sec  3.48 MBytes  29.2 Mbits/sec    0    566 KBytes       
[ 14]   5.00-6.00   sec  6.25 MBytes  52.4 Mbits/sec    0   1.26 MBytes       
[SUM]   5.00-6.00   sec  19.0 MBytes   159 Mbits/sec    0             
- - - - - - - - - - - - - - - - - - - - - - - - -
[  6]   6.00-7.00   sec  3.36 MBytes  28.2 Mbits/sec    0    416 KBytes       
[  8]   6.00-7.00   sec  3.61 MBytes  30.3 Mbits/sec    0    598 KBytes       
[ 10]   6.00-7.00   sec  3.61 MBytes  30.3 Mbits/sec    0    611 KBytes       
[ 12]   6.00-7.00   sec  3.49 MBytes  29.3 Mbits/sec    0    591 KBytes       
[ 14]   6.00-7.00   sec  5.00 MBytes  41.9 Mbits/sec    0   1.31 MBytes       
[SUM]   6.00-7.00   sec  19.1 MBytes   160 Mbits/sec    0             
- - - - - - - - - - - - - - - - - - - - - - - - -
[  6]   7.00-8.00   sec  2.73 MBytes  22.9 Mbits/sec    0    437 KBytes       
[  8]   7.00-8.00   sec  2.50 MBytes  21.0 Mbits/sec    0    635 KBytes       
[ 10]   7.00-8.00   sec  2.50 MBytes  21.0 Mbits/sec    0    643 KBytes       
[ 12]   7.00-8.00   sec  3.75 MBytes  31.5 Mbits/sec    0    625 KBytes       
[ 14]   7.00-8.00   sec  7.50 MBytes  62.9 Mbits/sec    0   1.39 MBytes       
[SUM]   7.00-8.00   sec  19.0 MBytes   159 Mbits/sec    0             
- - - - - - - - - - - - - - - - - - - - - - - - -
[  6]   8.00-9.00   sec  2.98 MBytes  25.0 Mbits/sec    0    485 KBytes       
[  8]   8.00-9.00   sec  3.75 MBytes  31.5 Mbits/sec    0    635 KBytes       
[ 10]   8.00-9.00   sec  3.75 MBytes  31.5 Mbits/sec    0    643 KBytes       
[ 12]   8.00-9.00   sec  2.50 MBytes  21.0 Mbits/sec    0    625 KBytes       
[ 14]   8.00-9.00   sec  5.00 MBytes  41.9 Mbits/sec    0   1.39 MBytes       
[SUM]   8.00-9.00   sec  18.0 MBytes   151 Mbits/sec    0             
- - - - - - - - - - - - - - - - - - - - - - - - -
[  6]   9.00-10.00  sec  3.42 MBytes  28.7 Mbits/sec    0    587 KBytes       
[  8]   9.00-10.00  sec  2.50 MBytes  21.0 Mbits/sec    0    669 KBytes       
[ 10]   9.00-10.00  sec  2.50 MBytes  21.0 Mbits/sec    0    682 KBytes       
[ 12]   9.00-10.00  sec  2.50 MBytes  21.0 Mbits/sec    0    656 KBytes       
[ 14]   9.00-10.00  sec  5.00 MBytes  41.9 Mbits/sec    0   1.47 MBytes       
[SUM]   9.00-10.00  sec  15.9 MBytes   134 Mbits/sec    0             
- - - - - - - - - - - - - - - - - - - - - - - - -
[  6]  10.00-11.00  sec  3.54 MBytes  29.7 Mbits/sec    0    731 KBytes       
[  8]  10.00-11.00  sec  3.75 MBytes  31.5 Mbits/sec    0    669 KBytes       
[ 10]  10.00-11.00  sec  3.75 MBytes  31.5 Mbits/sec    0    803 KBytes       
[ 12]  10.00-11.00  sec  3.75 MBytes  31.5 Mbits/sec    0    656 KBytes       
[ 14]  10.00-11.00  sec  7.50 MBytes  62.9 Mbits/sec    0   1.47 MBytes       
[SUM]  10.00-11.00  sec  22.3 MBytes   187 Mbits/sec    0             
- - - - - - - - - - - - - - - - - - - - - - - - -
[  6]  11.00-12.00  sec  3.75 MBytes  31.5 Mbits/sec    0    820 KBytes       
[  8]  11.00-12.00  sec  3.75 MBytes  31.5 Mbits/sec    0    892 KBytes       
[ 10]  11.00-12.00  sec  3.75 MBytes  31.5 Mbits/sec    0    816 KBytes       
[ 12]  11.00-12.00  sec  5.00 MBytes  41.9 Mbits/sec    0    950 KBytes       
[ 14]  11.00-12.00  sec  7.50 MBytes  62.9 Mbits/sec    0   1.54 MBytes       
[SUM]  11.00-12.00  sec  23.8 MBytes   199 Mbits/sec    0             
- - - - - - - - - - - - - - - - - - - - - - - - -
[  6]  12.00-13.00  sec  2.50 MBytes  21.0 Mbits/sec    0    820 KBytes       
[  8]  12.00-13.00  sec  2.50 MBytes  21.0 Mbits/sec    0    892 KBytes       
[ 10]  12.00-13.00  sec  2.50 MBytes  21.0 Mbits/sec    0    816 KBytes       
[ 12]  12.00-13.00  sec  3.75 MBytes  31.5 Mbits/sec    0   1.04 MBytes       
[ 14]  12.00-13.00  sec  5.00 MBytes  41.9 Mbits/sec    0   1.54 MBytes       
[SUM]  12.00-13.00  sec  16.2 MBytes   136 Mbits/sec    0             
- - - - - - - - - - - - - - - - - - - - - - - - -
[  6]  13.00-14.00  sec  2.50 MBytes  21.0 Mbits/sec    0    820 KBytes       
[  8]  13.00-14.00  sec  2.50 MBytes  21.0 Mbits/sec    0    892 KBytes       
[ 10]  13.00-14.00  sec  2.50 MBytes  21.0 Mbits/sec    0    816 KBytes       
[ 12]  13.00-14.00  sec  1.25 MBytes  10.5 Mbits/sec    0   1.04 MBytes       
[ 14]  13.00-14.00  sec  3.75 MBytes  31.4 Mbits/sec    0   1.54 MBytes       
[SUM]  13.00-14.00  sec  12.5 MBytes   105 Mbits/sec    0             
- - - - - - - - - - - - - - - - - - - - - - - - -
[  6]  14.00-15.00  sec  0.00 Bytes  0.00 bits/sec    0    820 KBytes       
[  8]  14.00-15.00  sec  0.00 Bytes  0.00 bits/sec    0    892 KBytes       
[ 10]  14.00-15.00  sec  0.00 Bytes  0.00 bits/sec    0    816 KBytes       
[ 12]  14.00-15.00  sec  0.00 Bytes  0.00 bits/sec    1    748 KBytes       
[ 14]  14.00-15.00  sec  0.00 Bytes  0.00 bits/sec    2    361 KBytes       
[SUM]  14.00-15.00  sec  0.00 Bytes  0.00 bits/sec    3             
- - - - - - - - - - - - - - - - - - - - - - - - -
[  6]  15.00-16.00  sec  1.25 MBytes  10.5 Mbits/sec    0    820 KBytes       
[  8]  15.00-16.00  sec  1.25 MBytes  10.5 Mbits/sec    0    892 KBytes       
[ 10]  15.00-16.00  sec  1.25 MBytes  10.5 Mbits/sec    0    816 KBytes       
[ 12]  15.00-16.00  sec  1.25 MBytes  10.5 Mbits/sec    0    748 KBytes       
[ 14]  15.00-16.00  sec  1.25 MBytes  10.5 Mbits/sec    0   1.08 MBytes       
[SUM]  15.00-16.00  sec  6.25 MBytes  52.5 Mbits/sec    0             
- - - - - - - - - - - - - - - - - - - - - - - - -
[  6]  16.00-17.00  sec  1.25 MBytes  10.5 Mbits/sec    0    820 KBytes       
[  8]  16.00-17.00  sec  1.25 MBytes  10.5 Mbits/sec    0    892 KBytes       
[ 10]  16.00-17.00  sec  1.25 MBytes  10.5 Mbits/sec    0    816 KBytes       
[ 12]  16.00-17.00  sec  1.25 MBytes  10.5 Mbits/sec    0    748 KBytes       
[ 14]  16.00-17.00  sec  1.25 MBytes  10.5 Mbits/sec    0   1.08 MBytes       
[SUM]  16.00-17.00  sec  6.25 MBytes  52.4 Mbits/sec    0             
- - - - - - - - - - - - - - - - - - - - - - - - -
[  6]  17.00-18.00  sec  1.25 MBytes  10.5 Mbits/sec    0    820 KBytes       
[  8]  17.00-18.00  sec  2.50 MBytes  21.0 Mbits/sec    0    892 KBytes       
[ 10]  17.00-18.00  sec  1.25 MBytes  10.5 Mbits/sec    0    816 KBytes       
[ 12]  17.00-18.00  sec  2.50 MBytes  21.0 Mbits/sec    0    748 KBytes       
[ 14]  17.00-18.00  sec  3.75 MBytes  31.5 Mbits/sec    0   1.08 MBytes       
[SUM]  17.00-18.00  sec  11.2 MBytes  94.4 Mbits/sec    0             
- - - - - - - - - - - - - - - - - - - - - - - - -
[  6]  18.00-19.00  sec  2.50 MBytes  21.0 Mbits/sec    0    820 KBytes       
[  8]  18.00-19.00  sec  2.50 MBytes  21.0 Mbits/sec    0    892 KBytes       
[ 10]  18.00-19.00  sec  2.50 MBytes  21.0 Mbits/sec    0    816 KBytes       
[ 12]  18.00-19.00  sec  2.50 MBytes  21.0 Mbits/sec    0    748 KBytes       
[ 14]  18.00-19.00  sec  3.75 MBytes  31.5 Mbits/sec    0   1.08 MBytes       
[SUM]  18.00-19.00  sec  13.8 MBytes   115 Mbits/sec    0             
- - - - - - - - - - - - - - - - - - - - - - - - -
[  6]  19.00-20.00  sec  3.75 MBytes  31.5 Mbits/sec    0    820 KBytes       
[  8]  19.00-20.00  sec  2.50 MBytes  21.0 Mbits/sec    0    892 KBytes       
[ 10]  19.00-20.00  sec  3.75 MBytes  31.5 Mbits/sec    0    816 KBytes       
[ 12]  19.00-20.00  sec  2.50 MBytes  21.0 Mbits/sec    0    748 KBytes       
[ 14]  19.00-20.00  sec  3.75 MBytes  31.5 Mbits/sec    0   1.08 MBytes       
[SUM]  19.00-20.00  sec  16.2 MBytes   136 Mbits/sec    0             
- - - - - - - - - - - - - - - - - - - - - - - - -
[  6]  20.00-21.00  sec  2.50 MBytes  21.0 Mbits/sec    0    820 KBytes       
[  8]  20.00-21.00  sec  2.50 MBytes  21.0 Mbits/sec    0    892 KBytes       
[ 10]  20.00-21.00  sec  2.50 MBytes  21.0 Mbits/sec    0    816 KBytes       
[ 12]  20.00-21.00  sec  2.50 MBytes  21.0 Mbits/sec    0    752 KBytes       
[ 14]  20.00-21.00  sec  2.50 MBytes  21.0 Mbits/sec    0   1.08 MBytes       
[SUM]  20.00-21.00  sec  12.5 MBytes   105 Mbits/sec    0             
- - - - - - - - - - - - - - - - - - - - - - - - -
[  6]  21.00-22.00  sec  2.50 MBytes  21.0 Mbits/sec    0    820 KBytes       
[  8]  21.00-22.00  sec  2.50 MBytes  21.0 Mbits/sec    0    892 KBytes       
[ 10]  21.00-22.00  sec  2.50 MBytes  21.0 Mbits/sec    0    816 KBytes       
[ 12]  21.00-22.00  sec  3.75 MBytes  31.5 Mbits/sec    0    752 KBytes       
[ 14]  21.00-22.00  sec  3.75 MBytes  31.5 Mbits/sec    0   1.08 MBytes       
[SUM]  21.00-22.00  sec  15.0 MBytes   126 Mbits/sec    0             
- - - - - - - - - - - - - - - - - - - - - - - - -
[  6]  22.00-23.00  sec  3.75 MBytes  31.5 Mbits/sec    0    820 KBytes       
[  8]  22.00-23.00  sec  3.75 MBytes  31.5 Mbits/sec    0    892 KBytes       
[ 10]  22.00-23.00  sec  3.75 MBytes  31.5 Mbits/sec    0    816 KBytes       
[ 12]  22.00-23.00  sec  2.50 MBytes  21.0 Mbits/sec    0    752 KBytes       
[ 14]  22.00-23.00  sec  3.75 MBytes  31.5 Mbits/sec    1   1.08 MBytes       
[SUM]  22.00-23.00  sec  17.5 MBytes   147 Mbits/sec    1             
- - - - - - - - - - - - - - - - - - - - - - - - -
[  6]  23.00-24.00  sec  3.75 MBytes  31.5 Mbits/sec    0   1.14 MBytes       
[  8]  23.00-24.00  sec  3.75 MBytes  31.5 Mbits/sec    0   1.24 MBytes       
[ 10]  23.00-24.00  sec  3.75 MBytes  31.5 Mbits/sec    0   1.14 MBytes       
[ 12]  23.00-24.00  sec  3.75 MBytes  31.5 Mbits/sec    0    935 KBytes       
[ 14]  23.00-24.00  sec  5.00 MBytes  41.9 Mbits/sec    0   1.13 MBytes       
[SUM]  23.00-24.00  sec  20.0 MBytes   168 Mbits/sec    0             
- - - - - - - - - - - - - - - - - - - - - - - - -
[  6]  24.00-25.00  sec  3.75 MBytes  31.5 Mbits/sec    0   1.18 MBytes       
[  8]  24.00-25.00  sec  5.00 MBytes  41.9 Mbits/sec    0   1.33 MBytes       
[ 10]  24.00-25.00  sec  3.75 MBytes  31.5 Mbits/sec    0   1.17 MBytes       
[ 12]  24.00-25.00  sec  2.50 MBytes  21.0 Mbits/sec    0    946 KBytes       
[ 14]  24.00-25.00  sec  5.00 MBytes  41.9 Mbits/sec    0   1.15 MBytes       
[SUM]  24.00-25.00  sec  20.0 MBytes   168 Mbits/sec    0             
- - - - - - - - - - - - - - - - - - - - - - - - -
[  6]  25.00-26.00  sec  3.75 MBytes  31.5 Mbits/sec    0   1.18 MBytes       
[  8]  25.00-26.00  sec  5.00 MBytes  42.0 Mbits/sec    0   1.33 MBytes       
[ 10]  25.00-26.00  sec  3.75 MBytes  31.5 Mbits/sec    0   1.17 MBytes       
[ 12]  25.00-26.00  sec  2.50 MBytes  21.0 Mbits/sec    0    946 KBytes       
[ 14]  25.00-26.00  sec  3.75 MBytes  31.5 Mbits/sec    0   1.15 MBytes       
[SUM]  25.00-26.00  sec  18.8 MBytes   157 Mbits/sec    0             
- - - - - - - - - - - - - - - - - - - - - - - - -
[  6]  26.00-27.00  sec  5.00 MBytes  41.9 Mbits/sec    0   1.18 MBytes       
[  8]  26.00-27.00  sec  5.00 MBytes  41.9 Mbits/sec    0   1.33 MBytes       
[ 10]  26.00-27.00  sec  3.75 MBytes  31.5 Mbits/sec    0   1.17 MBytes       
[ 12]  26.00-27.00  sec  3.75 MBytes  31.5 Mbits/sec    0    946 KBytes       
[ 14]  26.00-27.00  sec  5.00 MBytes  41.9 Mbits/sec    0   1.15 MBytes       
[SUM]  26.00-27.00  sec  22.5 MBytes   189 Mbits/sec    0             
- - - - - - - - - - - - - - - - - - - - - - - - -
[  6]  27.00-28.00  sec  3.75 MBytes  31.5 Mbits/sec    0   1.18 MBytes       
[  8]  27.00-28.00  sec  5.00 MBytes  41.9 Mbits/sec    0   1.33 MBytes       
[ 10]  27.00-28.00  sec  3.75 MBytes  31.5 Mbits/sec    0   1.17 MBytes       
[ 12]  27.00-28.00  sec  2.50 MBytes  21.0 Mbits/sec    0    946 KBytes       
[ 14]  27.00-28.00  sec  3.75 MBytes  31.5 Mbits/sec    0   1.15 MBytes       
[SUM]  27.00-28.00  sec  18.8 MBytes   157 Mbits/sec    0             
- - - - - - - - - - - - - - - - - - - - - - - - -
[  6]  28.00-29.00  sec  3.75 MBytes  31.5 Mbits/sec    0   1.18 MBytes       
[  8]  28.00-29.00  sec  3.75 MBytes  31.5 Mbits/sec    0   1.33 MBytes       
[ 10]  28.00-29.00  sec  3.75 MBytes  31.5 Mbits/sec    0   1.17 MBytes       
[ 12]  28.00-29.00  sec  3.75 MBytes  31.5 Mbits/sec    0   1.01 MBytes       
[ 14]  28.00-29.00  sec  3.75 MBytes  31.5 Mbits/sec    0   1.15 MBytes       
[SUM]  28.00-29.00  sec  18.8 MBytes   157 Mbits/sec    0             
- - - - - - - - - - - - - - - - - - - - - - - - -
[  6]  29.00-30.00  sec  0.00 Bytes  0.00 bits/sec    0   1.18 MBytes       
[  8]  29.00-30.00  sec  0.00 Bytes  0.00 bits/sec    0   1.33 MBytes       
[ 10]  29.00-30.00  sec  0.00 Bytes  0.00 bits/sec    2    178 KBytes       
[ 12]  29.00-30.00  sec  0.00 Bytes  0.00 bits/sec    1   1.02 MBytes       
[ 14]  29.00-30.00  sec  0.00 Bytes  0.00 bits/sec    0   1.15 MBytes       
[SUM]  29.00-30.00  sec  0.00 Bytes  0.00 bits/sec    3             
- - - - - - - - - - - - - - - - - - - - - - - - -
[ ID] Interval           Transfer     Bitrate         Retr
[  6]   0.00-30.00  sec  77.5 MBytes  21.7 Mbits/sec    0             sender
[  6]   0.00-30.13  sec  75.1 MBytes  20.9 Mbits/sec                  receiver
[  8]   0.00-30.00  sec  87.0 MBytes  24.3 Mbits/sec    0             sender
[  8]   0.00-30.13  sec  84.0 MBytes  23.4 Mbits/sec                  receiver
[ 10]   0.00-30.00  sec  82.5 MBytes  23.1 Mbits/sec    2             sender
[ 10]   0.00-30.13  sec  79.6 MBytes  22.2 Mbits/sec                  receiver
[ 12]   0.00-30.00  sec  79.6 MBytes  22.2 Mbits/sec    2             sender
[ 12]   0.00-30.13  sec  76.6 MBytes  21.3 Mbits/sec                  receiver
[ 14]   0.00-30.00  sec   128 MBytes  35.9 Mbits/sec    4             sender
[ 14]   0.00-30.13  sec   125 MBytes  34.8 Mbits/sec                  receiver
[SUM]   0.00-30.00  sec   455 MBytes   127 Mbits/sec    8             sender
[SUM]   0.00-30.13  sec   440 MBytes   123 Mbits/sec                  receiver

iperf Done.
