Connecting to host 192.168.0.104, port 5201
Reverse mode, remote host 192.168.0.104 is sending
[  6] local 192.168.0.168 port 33888 connected to 192.168.0.104 port 5201
[  8] local 192.168.0.168 port 33890 connected to 192.168.0.104 port 5201
[ 10] local 192.168.0.168 port 33904 connected to 192.168.0.104 port 5201
[ 12] local 192.168.0.168 port 33906 connected to 192.168.0.104 port 5201
[ 14] local 192.168.0.168 port 33920 connected to 192.168.0.104 port 5201
[ ID] Interval           Transfer     Bitrate
[  6]   0.00-1.00   sec  3.81 MBytes  31.9 Mbits/sec                  
[  8]   0.00-1.00   sec  3.71 MBytes  31.1 Mbits/sec                  
[ 10]   0.00-1.00   sec  3.77 MBytes  31.6 Mbits/sec                  
[ 12]   0.00-1.00   sec  3.75 MBytes  31.5 Mbits/sec                  
[ 14]   0.00-1.00   sec  3.53 MBytes  29.6 Mbits/sec                  
[SUM]   0.00-1.00   sec  18.6 MBytes   156 Mbits/sec                  
- - - - - - - - - - - - - - - - - - - - - - - - -
[  6]   1.00-2.00   sec  3.72 MBytes  31.2 Mbits/sec                  
[  8]   1.00-2.00   sec  3.75 MBytes  31.5 Mbits/sec                  
[ 10]   1.00-2.00   sec  3.86 MBytes  32.4 Mbits/sec                  
[ 12]   1.00-2.00   sec  3.66 MBytes  30.7 Mbits/sec                  
[ 14]   1.00-2.00   sec  3.87 MBytes  32.4 Mbits/sec                  
[SUM]   1.00-2.00   sec  18.9 MBytes   158 Mbits/sec                  
- - - - - - - - - - - - - - - - - - - - - - - - -
[  6]   2.00-3.00   sec  3.65 MBytes  30.7 Mbits/sec                  
[  8]   2.00-3.00   sec  3.51 MBytes  29.4 Mbits/sec                  
[ 10]   2.00-3.00   sec  3.67 MBytes  30.8 Mbits/sec                  
[ 12]   2.00-3.00   sec  3.70 MBytes  31.0 Mbits/sec                  
[ 14]   2.00-3.00   sec  3.23 MBytes  27.1 Mbits/sec                  
[SUM]   2.00-3.00   sec  17.8 MBytes   149 Mbits/sec                  
- - - - - - - - - - - - - - - - - - - - - - - - -
[  6]   3.00-4.00   sec  3.87 MBytes  32.5 Mbits/sec                  
[  8]   3.00-4.00   sec  3.75 MBytes  31.5 Mbits/sec                  
[ 10]   3.00-4.00   sec  3.83 MBytes  32.1 Mbits/sec                  
[ 12]   3.00-4.00   sec  3.77 MBytes  31.6 Mbits/sec                  
[ 14]   3.00-4.00   sec  3.17 MBytes  26.6 Mbits/sec                  
[SUM]   3.00-4.00   sec  18.4 MBytes   154 Mbits/sec                  
- - - - - - - - - - - - - - - - - - - - - - - - -
[  6]   4.00-5.00   sec  3.73 MBytes  31.3 Mbits/sec                  
[  8]   4.00-5.00   sec  4.08 MBytes  34.2 Mbits/sec                  
[ 10]   4.00-5.00   sec  3.38 MBytes  28.3 Mbits/sec                  
[ 12]   4.00-5.00   sec  4.30 MBytes  36.1 Mbits/sec                  
[ 14]   4.00-5.00   sec  3.09 MBytes  25.9 Mbits/sec                  
[SUM]   4.00-5.00   sec  18.6 MBytes   156 Mbits/sec                  
- - - - - - - - - - - - - - - - - - - - - - - - -
[  6]   5.00-6.00   sec  4.04 MBytes  33.9 Mbits/sec                  
[  8]   5.00-6.00   sec  5.20 MBytes  43.6 Mbits/sec                  
[ 10]   5.00-6.00   sec  2.69 MBytes  22.6 Mbits/sec                  
[ 12]   5.00-6.00   sec  4.28 MBytes  35.9 Mbits/sec                  
[ 14]   5.00-6.00   sec  2.68 MBytes  22.5 Mbits/sec                  
[SUM]   5.00-6.00   sec  18.9 MBytes   158 Mbits/sec                  
- - - - - - - - - - - - - - - - - - - - - - - - -
[  6]   6.00-7.00   sec  3.26 MBytes  27.4 Mbits/sec                  
[  8]   6.00-7.00   sec  4.35 MBytes  36.5 Mbits/sec                  
[ 10]   6.00-7.00   sec  3.70 MBytes  31.0 Mbits/sec                  
[ 12]   6.00-7.00   sec  4.38 MBytes  36.7 Mbits/sec                  
[ 14]   6.00-7.00   sec  3.39 MBytes  28.4 Mbits/sec                  
[SUM]   6.00-7.00   sec  19.1 MBytes   160 Mbits/sec                  
- - - - - - - - - - - - - - - - - - - - - - - - -
[  6]   7.00-8.00   sec  3.99 MBytes  33.4 Mbits/sec                  
[  8]   7.00-8.00   sec  3.36 MBytes  28.2 Mbits/sec                  
[ 10]   7.00-8.00   sec  3.98 MBytes  33.4 Mbits/sec                  
[ 12]   7.00-8.00   sec  4.38 MBytes  36.8 Mbits/sec                  
[ 14]   7.00-8.00   sec  3.48 MBytes  29.2 Mbits/sec                  
[SUM]   7.00-8.00   sec  19.2 MBytes   161 Mbits/sec                  
- - - - - - - - - - - - - - - - - - - - - - - - -
[  6]   8.00-9.00   sec  3.46 MBytes  29.0 Mbits/sec                  
[  8]   8.00-9.00   sec  2.77 MBytes  23.2 Mbits/sec                  
[ 10]   8.00-9.00   sec  2.88 MBytes  24.2 Mbits/sec                  
[ 12]   8.00-9.00   sec  4.40 MBytes  36.9 Mbits/sec                  
[ 14]   8.00-9.00   sec  3.31 MBytes  27.7 Mbits/sec                  
[SUM]   8.00-9.00   sec  16.8 MBytes   141 Mbits/sec                  
- - - - - - - - - - - - - - - - - - - - - - - - -
[  6]   9.00-10.00  sec  3.43 MBytes  28.8 Mbits/sec                  
[  8]   9.00-10.00  sec  2.94 MBytes  24.7 Mbits/sec                  
[ 10]   9.00-10.00  sec  2.83 MBytes  23.7 Mbits/sec                  
[ 12]   9.00-10.00  sec  4.39 MBytes  36.8 Mbits/sec                  
[ 14]   9.00-10.00  sec  2.87 MBytes  24.1 Mbits/sec                  
[SUM]   9.00-10.00  sec  16.5 MBytes   138 Mbits/sec                  
- - - - - - - - - - - - - - - - - - - - - - - - -
[  6]  10.00-11.00  sec   683 KBytes  5.59 Mbits/sec                  
[  8]  10.00-11.00  sec   649 KBytes  5.32 Mbits/sec                  
[ 10]  10.00-11.00  sec   573 KBytes  4.69 Mbits/sec                  
[ 12]  10.00-11.00  sec   612 KBytes  5.02 Mbits/sec                  
[ 14]  10.00-11.00  sec   485 KBytes  3.97 Mbits/sec                  
[SUM]  10.00-11.00  sec  2.93 MBytes  24.6 Mbits/sec                  
- - - - - - - - - - - - - - - - - - - - - - - - -
[  6]  11.00-12.00  sec  1.04 MBytes  8.76 Mbits/sec                  
[  8]  11.00-12.00  sec  1.25 MBytes  10.5 Mbits/sec                  
[ 10]  11.00-12.00  sec   624 KBytes  5.11 Mbits/sec                  
[ 12]  11.00-12.00  sec   773 KBytes  6.34 Mbits/sec                  
[ 14]  11.00-12.00  sec   615 KBytes  5.04 Mbits/sec                  
[SUM]  11.00-12.00  sec  4.26 MBytes  35.8 Mbits/sec                  
- - - - - - - - - - - - - - - - - - - - - - - - -
[  6]  12.00-13.00  sec  1.10 MBytes  9.19 Mbits/sec                  
[  8]  12.00-13.00  sec  1.05 MBytes  8.80 Mbits/sec                  
[ 10]  12.00-13.00  sec   653 KBytes  5.35 Mbits/sec                  
[ 12]  12.00-13.00  sec   848 KBytes  6.95 Mbits/sec                  
[ 14]  12.00-13.00  sec   594 KBytes  4.86 Mbits/sec                  
[SUM]  12.00-13.00  sec  4.19 MBytes  35.2 Mbits/sec                  
- - - - - - - - - - - - - - - - - - - - - - - - -
[  6]  13.00-14.00  sec  2.44 MBytes  20.5 Mbits/sec                  
[  8]  13.00-14.00  sec  1.89 MBytes  15.8 Mbits/sec                  
[ 10]  13.00-14.00  sec  1.57 MBytes  13.2 Mbits/sec                  
[ 12]  13.00-14.00  sec  1.93 MBytes  16.2 Mbits/sec                  
[ 14]  13.00-14.00  sec  1.06 MBytes  8.89 Mbits/sec                  
[SUM]  13.00-14.00  sec  8.89 MBytes  74.6 Mbits/sec                  
- - - - - - - - - - - - - - - - - - - - - - - - -
[  6]  14.00-15.00  sec  3.01 MBytes  25.2 Mbits/sec                  
[  8]  14.00-15.00  sec  3.08 MBytes  25.8 Mbits/sec                  
[ 10]  14.00-15.00  sec  3.35 MBytes  28.1 Mbits/sec                  
[ 12]  14.00-15.00  sec  3.60 MBytes  30.2 Mbits/sec                  
[ 14]  14.00-15.00  sec  3.37 MBytes  28.3 Mbits/sec                  
[SUM]  14.00-15.00  sec  16.4 MBytes   138 Mbits/sec                  
- - - - - - - - - - - - - - - - - - - - - - - - -
[  6]  15.00-16.00  sec  3.26 MBytes  27.4 Mbits/sec                  
[  8]  15.00-16.00  sec  2.73 MBytes  22.9 Mbits/sec                  
[ 10]  15.00-16.00  sec  4.49 MBytes  37.7 Mbits/sec                  
[ 12]  15.00-16.00  sec  2.91 MBytes  24.4 Mbits/sec                  
[ 14]  15.00-16.00  sec  3.56 MBytes  29.9 Mbits/sec                  
[SUM]  15.00-16.00  sec  17.0 MBytes   142 Mbits/sec                  
- - - - - - - - - - - - - - - - - - - - - - - - -
[  6]  16.00-17.00  sec  3.89 MBytes  32.6 Mbits/sec                  
[  8]  16.00-17.00  sec  3.98 MBytes  33.4 Mbits/sec                  
[ 10]  16.00-17.00  sec  3.59 MBytes  30.1 Mbits/sec                  
[ 12]  16.00-17.00  sec  3.11 MBytes  26.1 Mbits/sec                  
[ 14]  16.00-17.00  sec  2.78 MBytes  23.3 Mbits/sec                  
[SUM]  16.00-17.00  sec  17.4 MBytes   146 Mbits/sec                  
- - - - - - - - - - - - - - - - - - - - - - - - -
[  6]  17.00-18.00  sec  3.58 MBytes  30.0 Mbits/sec                  
[  8]  17.00-18.00  sec  4.26 MBytes  35.7 Mbits/sec                  
[ 10]  17.00-18.00  sec  3.30 MBytes  27.7 Mbits/sec                  
[ 12]  17.00-18.00  sec  3.63 MBytes  30.5 Mbits/sec                  
[ 14]  17.00-18.00  sec  2.54 MBytes  21.3 Mbits/sec                  
[SUM]  17.00-18.00  sec  17.3 MBytes   145 Mbits/sec                  
- - - - - - - - - - - - - - - - - - - - - - - - -
[  6]  18.00-19.00  sec  2.61 MBytes  21.9 Mbits/sec                  
[  8]  18.00-19.00  sec  4.28 MBytes  35.9 Mbits/sec                  
[ 10]  18.00-19.00  sec  3.36 MBytes  28.2 Mbits/sec                  
[ 12]  18.00-19.00  sec  3.91 MBytes  32.8 Mbits/sec                  
[ 14]  18.00-19.00  sec  3.34 MBytes  28.0 Mbits/sec                  
[SUM]  18.00-19.00  sec  17.5 MBytes   147 Mbits/sec                  
- - - - - - - - - - - - - - - - - - - - - - - - -
[  6]  19.00-20.00  sec  4.52 MBytes  37.9 Mbits/sec                  
[  8]  19.00-20.00  sec  3.71 MBytes  31.1 Mbits/sec                  
[ 10]  19.00-20.00  sec  2.75 MBytes  23.1 Mbits/sec                  
[ 12]  19.00-20.00  sec  3.13 MBytes  26.2 Mbits/sec                  
[ 14]  19.00-20.00  sec  3.29 MBytes  27.6 Mbits/sec                  
[SUM]  19.00-20.00  sec  17.4 MBytes   146 Mbits/sec                  
- - - - - - - - - - - - - - - - - - - - - - - - -
[  6]  20.00-21.00  sec  2.72 MBytes  22.8 Mbits/sec                  
[  8]  20.00-21.00  sec  3.64 MBytes  30.5 Mbits/sec                  
[ 10]  20.00-21.00  sec  3.17 MBytes  26.6 Mbits/sec                  
[ 12]  20.00-21.00  sec  3.86 MBytes  32.4 Mbits/sec                  
[ 14]  20.00-21.00  sec  3.54 MBytes  29.7 Mbits/sec                  
[SUM]  20.00-21.00  sec  16.9 MBytes   142 Mbits/sec                  
- - - - - - - - - - - - - - - - - - - - - - - - -
[  6]  21.00-22.00  sec  3.33 MBytes  27.9 Mbits/sec                  
[  8]  21.00-22.00  sec  3.92 MBytes  32.9 Mbits/sec                  
[ 10]  21.00-22.00  sec  3.27 MBytes  27.4 Mbits/sec                  
[ 12]  21.00-22.00  sec  2.99 MBytes  25.1 Mbits/sec                  
[ 14]  21.00-22.00  sec  3.59 MBytes  30.1 Mbits/sec                  
[SUM]  21.00-22.00  sec  17.1 MBytes   143 Mbits/sec                  
- - - - - - - - - - - - - - - - - - - - - - - - -
[  6]  22.00-23.00  sec  3.92 MBytes  32.9 Mbits/sec                  
[  8]  22.00-23.00  sec  3.93 MBytes  33.0 Mbits/sec                  
[ 10]  22.00-23.00  sec  3.63 MBytes  30.5 Mbits/sec                  
[ 12]  22.00-23.00  sec  3.36 MBytes  28.2 Mbits/sec                  
[ 14]  22.00-23.00  sec  3.32 MBytes  27.8 Mbits/sec                  
[SUM]  22.00-23.00  sec  18.2 MBytes   152 Mbits/sec                  
- - - - - - - - - - - - - - - - - - - - - - - - -
[  6]  23.00-24.00  sec  3.15 MBytes  26.5 Mbits/sec                  
[  8]  23.00-24.00  sec  3.66 MBytes  30.7 Mbits/sec                  
[ 10]  23.00-24.00  sec  4.25 MBytes  35.6 Mbits/sec                  
[ 12]  23.00-24.00  sec  3.11 MBytes  26.1 Mbits/sec                  
[ 14]  23.00-24.00  sec  2.83 MBytes  23.7 Mbits/sec                  
[SUM]  23.00-24.00  sec  17.0 MBytes   143 Mbits/sec                  
- - - - - - - - - - - - - - - - - - - - - - - - -
[  6]  24.00-25.00  sec  4.03 MBytes  33.8 Mbits/sec                  
[  8]  24.00-25.00  sec  3.14 MBytes  26.4 Mbits/sec                  
[ 10]  24.00-25.00  sec  3.65 MBytes  30.6 Mbits/sec                  
[ 12]  24.00-25.00  sec  3.34 MBytes  28.0 Mbits/sec                  
[ 14]  24.00-25.00  sec  2.78 MBytes  23.3 Mbits/sec                  
[SUM]  24.00-25.00  sec  16.9 MBytes   142 Mbits/sec                  
- - - - - - - - - - - - - - - - - - - - - - - - -
[  6]  25.00-26.00  sec   622 KBytes  5.10 Mbits/sec                  
[  8]  25.00-26.00  sec   277 KBytes  2.27 Mbits/sec                  
[ 10]  25.00-26.00  sec   359 KBytes  2.94 Mbits/sec                  
[ 12]  25.00-26.00  sec   441 KBytes  3.61 Mbits/sec                  
[ 14]  25.00-26.00  sec   402 KBytes  3.29 Mbits/sec                  
[SUM]  25.00-26.00  sec  2.05 MBytes  17.2 Mbits/sec                  
- - - - - - - - - - - - - - - - - - - - - - - - -
[  6]  26.00-27.00  sec   846 KBytes  6.93 Mbits/sec                  
[  8]  26.00-27.00  sec   495 KBytes  4.05 Mbits/sec                  
[ 10]  26.00-27.00  sec   718 KBytes  5.89 Mbits/sec                  
[ 12]  26.00-27.00  sec  1.11 MBytes  9.29 Mbits/sec                  
[ 14]  26.00-27.00  sec   844 KBytes  6.92 Mbits/sec                  
[SUM]  26.00-27.00  sec  3.94 MBytes  33.1 Mbits/sec                  
- - - - - - - - - - - - - - - - - - - - - - - - -
[  6]  27.00-28.00  sec  1.00 MBytes  8.42 Mbits/sec                  
[  8]  27.00-28.00  sec   539 KBytes  4.41 Mbits/sec                  
[ 10]  27.00-28.00  sec   895 KBytes  7.33 Mbits/sec                  
[ 12]  27.00-28.00  sec  1.21 MBytes  10.1 Mbits/sec                  
[ 14]  27.00-28.00  sec   990 KBytes  8.11 Mbits/sec                  
[SUM]  27.00-28.00  sec  4.58 MBytes  38.4 Mbits/sec                  
- - - - - - - - - - - - - - - - - - - - - - - - -
[  6]  28.00-29.00  sec  1.94 MBytes  16.3 Mbits/sec                  
[  8]  28.00-29.00  sec  1.26 MBytes  10.6 Mbits/sec                  
[ 10]  28.00-29.00  sec  1.65 MBytes  13.9 Mbits/sec                  
[ 12]  28.00-29.00  sec  2.21 MBytes  18.5 Mbits/sec                  
[ 14]  28.00-29.00  sec  1.59 MBytes  13.4 Mbits/sec                  
[SUM]  28.00-29.00  sec  8.66 MBytes  72.6 Mbits/sec                  
- - - - - - - - - - - - - - - - - - - - - - - - -
[  6]  29.00-30.00  sec  3.22 MBytes  27.0 Mbits/sec                  
[  8]  29.00-30.00  sec  3.55 MBytes  29.8 Mbits/sec                  
[ 10]  29.00-30.00  sec  3.02 MBytes  25.4 Mbits/sec                  
[ 12]  29.00-30.00  sec  3.41 MBytes  28.6 Mbits/sec                  
[ 14]  29.00-30.00  sec  4.49 MBytes  37.7 Mbits/sec                  
[SUM]  29.00-30.00  sec  17.7 MBytes   148 Mbits/sec                  
- - - - - - - - - - - - - - - - - - - - - - - - -
[ ID] Interval           Transfer     Bitrate         Retr
[  6]   0.00-30.02  sec  88.4 MBytes  24.7 Mbits/sec   89             sender
[  6]   0.00-30.00  sec  87.8 MBytes  24.6 Mbits/sec                  receiver
[  8]   0.00-30.02  sec  89.3 MBytes  25.0 Mbits/sec   69             sender
[  8]   0.00-30.00  sec  88.7 MBytes  24.8 Mbits/sec                  receiver
[ 10]   0.00-30.02  sec  83.9 MBytes  23.4 Mbits/sec   66             sender
[ 10]   0.00-30.00  sec  83.4 MBytes  23.3 Mbits/sec                  receiver
[ 12]   0.00-30.02  sec  91.1 MBytes  25.5 Mbits/sec  105             sender
[ 12]   0.00-30.00  sec  90.4 MBytes  25.3 Mbits/sec                  receiver
[ 14]   0.00-30.02  sec  79.2 MBytes  22.1 Mbits/sec   84             sender
[ 14]   0.00-30.00  sec  78.5 MBytes  22.0 Mbits/sec                  receiver
[SUM]   0.00-30.02  sec   432 MBytes   121 Mbits/sec  413             sender
[SUM]   0.00-30.00  sec   429 MBytes   120 Mbits/sec                  receiver

iperf Done.
