Connecting to host 192.168.0.104, port 5201
[  6] local 192.168.0.168 port 52232 connected to 192.168.0.104 port 5201
[  8] local 192.168.0.168 port 52244 connected to 192.168.0.104 port 5201
[ 10] local 192.168.0.168 port 52250 connected to 192.168.0.104 port 5201
[ 12] local 192.168.0.168 port 52262 connected to 192.168.0.104 port 5201
[ 14] local 192.168.0.168 port 52270 connected to 192.168.0.104 port 5201
[ ID] Interval           Transfer     Bitrate         Retr  Cwnd
[  6]   0.00-1.00   sec  5.03 MBytes  42.1 Mbits/sec    0    518 KBytes       
[  8]   0.00-1.00   sec  5.87 MBytes  49.2 Mbits/sec    0    667 KBytes       
[ 10]   0.00-1.00   sec  3.66 MBytes  30.7 Mbits/sec    1    378 KBytes       
[ 12]   0.00-1.00   sec  5.49 MBytes  46.1 Mbits/sec    0    526 KBytes       
[ 14]   0.00-1.00   sec  6.41 MBytes  53.7 Mbits/sec    0    673 KBytes       
[SUM]   0.00-1.00   sec  26.5 MBytes   222 Mbits/sec    1             
- - - - - - - - - - - - - - - - - - - - - - - - -
[  6]   1.00-2.00   sec  1.06 MBytes  8.86 Mbits/sec    0    518 KBytes       
[  8]   1.00-2.00   sec  1.25 MBytes  10.5 Mbits/sec    1    667 KBytes       
[ 10]   1.00-2.00   sec  0.00 Bytes  0.00 bits/sec    0    378 KBytes       
[ 12]   1.00-2.00   sec  0.00 Bytes  0.00 bits/sec    0    526 KBytes       
[ 14]   1.00-2.00   sec  0.00 Bytes  0.00 bits/sec    0    673 KBytes       
[SUM]   1.00-2.00   sec  2.31 MBytes  19.3 Mbits/sec    1             
- - - - - - - - - - - - - - - - - - - - - - - - -
[  6]   2.00-3.00   sec  0.00 Bytes  0.00 bits/sec    0    518 KBytes       
[  8]   2.00-3.00   sec  0.00 Bytes  0.00 bits/sec    0    667 KBytes       
[ 10]   2.00-3.00   sec   827 KBytes  6.78 Mbits/sec    0    378 KBytes       
[ 12]   2.00-3.00   sec  1.06 MBytes  8.86 Mbits/sec    0    526 KBytes       
[ 14]   2.00-3.00   sec  1.25 MBytes  10.5 Mbits/sec    0    673 KBytes       
[SUM]   2.00-3.00   sec  3.11 MBytes  26.1 Mbits/sec    0             
- - - - - - - - - - - - - - - - - - - - - - - - -
[  6]   3.00-4.00   sec  2.24 MBytes  18.8 Mbits/sec    0    544 KBytes       
[  8]   3.00-4.00   sec  2.50 MBytes  21.0 Mbits/sec    0    707 KBytes       
[ 10]   3.00-4.00   sec   827 KBytes  6.78 Mbits/sec    0    397 KBytes       
[ 12]   3.00-4.00   sec  1.12 MBytes  9.39 Mbits/sec    0    556 KBytes       
[ 14]   3.00-4.00   sec  2.50 MBytes  21.0 Mbits/sec    0    710 KBytes       
[SUM]   3.00-4.00   sec  9.16 MBytes  76.9 Mbits/sec    0             
- - - - - - - - - - - - - - - - - - - - - - - - -
[  6]   4.00-5.00   sec  2.24 MBytes  18.8 Mbits/sec    0    573 KBytes       
[  8]   4.00-5.00   sec  2.50 MBytes  21.0 Mbits/sec    0    707 KBytes       
[ 10]   4.00-5.00   sec  2.55 MBytes  21.4 Mbits/sec    0    420 KBytes       
[ 12]   4.00-5.00   sec  3.48 MBytes  29.2 Mbits/sec    0    584 KBytes       
[ 14]   4.00-5.00   sec  2.50 MBytes  21.0 Mbits/sec    0    745 KBytes       
[SUM]   4.00-5.00   sec  13.3 MBytes   111 Mbits/sec    0             
- - - - - - - - - - - - - - - - - - - - - - - - -
[  6]   5.00-6.00   sec  3.73 MBytes  31.3 Mbits/sec    0    604 KBytes       
[  8]   5.00-6.00   sec  3.75 MBytes  31.5 Mbits/sec    0    745 KBytes       
[ 10]   5.00-6.00   sec  3.79 MBytes  31.8 Mbits/sec    0    486 KBytes       
[ 12]   5.00-6.00   sec  3.74 MBytes  31.3 Mbits/sec    0    622 KBytes       
[ 14]   5.00-6.00   sec  3.75 MBytes  31.5 Mbits/sec    0    783 KBytes       
[SUM]   5.00-6.00   sec  18.8 MBytes   157 Mbits/sec    0             
- - - - - - - - - - - - - - - - - - - - - - - - -
[  6]   6.00-7.00   sec  3.75 MBytes  31.5 Mbits/sec    0    672 KBytes       
[  8]   6.00-7.00   sec  3.75 MBytes  31.5 Mbits/sec    0    781 KBytes       
[ 10]   6.00-7.00   sec  3.54 MBytes  29.7 Mbits/sec    0    580 KBytes       
[ 12]   6.00-7.00   sec  3.75 MBytes  31.5 Mbits/sec    0    683 KBytes       
[ 14]   6.00-7.00   sec  3.75 MBytes  31.5 Mbits/sec    0    783 KBytes       
[SUM]   6.00-7.00   sec  18.5 MBytes   156 Mbits/sec    0             
- - - - - - - - - - - - - - - - - - - - - - - - -
[  6]   7.00-8.00   sec  3.75 MBytes  31.5 Mbits/sec    0    718 KBytes       
[  8]   7.00-8.00   sec  5.00 MBytes  41.9 Mbits/sec    0    865 KBytes       
[ 10]   7.00-8.00   sec  4.92 MBytes  41.3 Mbits/sec    0    624 KBytes       
[ 12]   7.00-8.00   sec  3.75 MBytes  31.5 Mbits/sec    0    724 KBytes       
[ 14]   7.00-8.00   sec  5.00 MBytes  41.9 Mbits/sec    0    888 KBytes       
[SUM]   7.00-8.00   sec  22.4 MBytes   188 Mbits/sec    0             
- - - - - - - - - - - - - - - - - - - - - - - - -
[  6]   8.00-9.00   sec  5.00 MBytes  41.9 Mbits/sec    0    718 KBytes       
[  8]   8.00-9.00   sec  5.00 MBytes  41.9 Mbits/sec    0    865 KBytes       
[ 10]   8.00-9.00   sec  3.75 MBytes  31.5 Mbits/sec    0    682 KBytes       
[ 12]   8.00-9.00   sec  3.75 MBytes  31.5 Mbits/sec    0    724 KBytes       
[ 14]   8.00-9.00   sec  5.00 MBytes  41.9 Mbits/sec    0    888 KBytes       
[SUM]   8.00-9.00   sec  22.5 MBytes   189 Mbits/sec    0             
- - - - - - - - - - - - - - - - - - - - - - - - -
[  6]   9.00-10.00  sec  3.75 MBytes  31.5 Mbits/sec    0    718 KBytes       
[  8]   9.00-10.00  sec  3.75 MBytes  31.5 Mbits/sec    0    865 KBytes       
[ 10]   9.00-10.00  sec  3.75 MBytes  31.5 Mbits/sec    0    874 KBytes       
[ 12]   9.00-10.00  sec  3.75 MBytes  31.5 Mbits/sec    0    724 KBytes       
[ 14]   9.00-10.00  sec  3.75 MBytes  31.5 Mbits/sec    0    888 KBytes       
[SUM]   9.00-10.00  sec  18.8 MBytes   157 Mbits/sec    0             
- - - - - - - - - - - - - - - - - - - - - - - - -
[  6]  10.00-11.00  sec  3.75 MBytes  31.5 Mbits/sec    0    718 KBytes       
[  8]  10.00-11.00  sec  3.75 MBytes  31.5 Mbits/sec    0    865 KBytes       
[ 10]  10.00-11.00  sec  3.75 MBytes  31.5 Mbits/sec    0    882 KBytes       
[ 12]  10.00-11.00  sec  3.75 MBytes  31.5 Mbits/sec    0    724 KBytes       
[ 14]  10.00-11.00  sec  3.75 MBytes  31.5 Mbits/sec    0    888 KBytes       
[SUM]  10.00-11.00  sec  18.8 MBytes   157 Mbits/sec    0             
- - - - - - - - - - - - - - - - - - - - - - - - -
[  6]  11.00-12.00  sec  3.75 MBytes  31.5 Mbits/sec    0   1.05 MBytes       
[  8]  11.00-12.00  sec  3.75 MBytes  31.5 Mbits/sec    0   1015 KBytes       
[ 10]  11.00-12.00  sec  5.00 MBytes  41.9 Mbits/sec    0   1.10 MBytes       
[ 12]  11.00-12.00  sec  3.75 MBytes  31.5 Mbits/sec    0   1.07 MBytes       
[ 14]  11.00-12.00  sec  5.00 MBytes  41.9 Mbits/sec    0   1.42 MBytes       
[SUM]  11.00-12.00  sec  21.2 MBytes   178 Mbits/sec    0             
- - - - - - - - - - - - - - - - - - - - - - - - -
[  6]  12.00-13.00  sec  5.00 MBytes  41.9 Mbits/sec    0   1.32 MBytes       
[  8]  12.00-13.00  sec  5.00 MBytes  41.9 Mbits/sec    0   1.06 MBytes       
[ 10]  12.00-13.00  sec  5.00 MBytes  41.9 Mbits/sec    0   1.10 MBytes       
[ 12]  12.00-13.00  sec  5.00 MBytes  41.9 Mbits/sec    0   1.07 MBytes       
[ 14]  12.00-13.00  sec  5.00 MBytes  41.9 Mbits/sec    0   1.42 MBytes       
[SUM]  12.00-13.00  sec  25.0 MBytes   210 Mbits/sec    0             
- - - - - - - - - - - - - - - - - - - - - - - - -
[  6]  13.00-14.00  sec  5.00 MBytes  41.9 Mbits/sec    0   1.32 MBytes       
[  8]  13.00-14.00  sec  3.75 MBytes  31.5 Mbits/sec    0   1.06 MBytes       
[ 10]  13.00-14.00  sec  5.00 MBytes  41.9 Mbits/sec    0   1.10 MBytes       
[ 12]  13.00-14.00  sec  3.75 MBytes  31.5 Mbits/sec    0   1.07 MBytes       
[ 14]  13.00-14.00  sec  6.25 MBytes  52.4 Mbits/sec    0   1.42 MBytes       
[SUM]  13.00-14.00  sec  23.8 MBytes   199 Mbits/sec    0             
- - - - - - - - - - - - - - - - - - - - - - - - -
[  6]  14.00-15.00  sec  3.75 MBytes  31.5 Mbits/sec    0   1.32 MBytes       
[  8]  14.00-15.00  sec  2.50 MBytes  21.0 Mbits/sec    0   1.06 MBytes       
[ 10]  14.00-15.00  sec  1.25 MBytes  10.5 Mbits/sec    0   1.10 MBytes       
[ 12]  14.00-15.00  sec  2.50 MBytes  21.0 Mbits/sec    0   1.07 MBytes       
[ 14]  14.00-15.00  sec  3.75 MBytes  31.5 Mbits/sec    0   1.42 MBytes       
[SUM]  14.00-15.00  sec  13.8 MBytes   115 Mbits/sec    0             
- - - - - - - - - - - - - - - - - - - - - - - - -
[  6]  15.00-16.00  sec  5.00 MBytes  41.9 Mbits/sec    0   1.32 MBytes       
[  8]  15.00-16.00  sec  2.50 MBytes  21.0 Mbits/sec    0   1.06 MBytes       
[ 10]  15.00-16.00  sec  3.75 MBytes  31.4 Mbits/sec    0   1.10 MBytes       
[ 12]  15.00-16.00  sec  2.50 MBytes  21.0 Mbits/sec    0   1.07 MBytes       
[ 14]  15.00-16.00  sec  3.75 MBytes  31.4 Mbits/sec    0   1.42 MBytes       
[SUM]  15.00-16.00  sec  17.5 MBytes   147 Mbits/sec    0             
- - - - - - - - - - - - - - - - - - - - - - - - -
[  6]  16.00-17.00  sec  0.00 Bytes  0.00 bits/sec    1   1.32 MBytes       
[  8]  16.00-17.00  sec  0.00 Bytes  0.00 bits/sec    1   1.06 MBytes       
[ 10]  16.00-17.00  sec  0.00 Bytes  0.00 bits/sec    2   96.2 KBytes       
[ 12]  16.00-17.00  sec  0.00 Bytes  0.00 bits/sec    1   1.07 MBytes       
[ 14]  16.00-17.00  sec  0.00 Bytes  0.00 bits/sec    1   1.42 MBytes       
[SUM]  16.00-17.00  sec  0.00 Bytes  0.00 bits/sec    6             
- - - - - - - - - - - - - - - - - - - - - - - - -
[  6]  17.00-18.00  sec  1.25 MBytes  10.5 Mbits/sec    0   1.32 MBytes       
[  8]  17.00-18.00  sec  1.25 MBytes  10.5 Mbits/sec    0   1.06 MBytes       
[ 10]  17.00-18.00  sec  0.00 Bytes  0.00 bits/sec    0   96.2 KBytes       
[ 12]  17.00-18.00  sec  1.25 MBytes  10.5 Mbits/sec    0   1.07 MBytes       
[ 14]  17.00-18.00  sec  2.50 MBytes  21.0 Mbits/sec    0   1.42 MBytes       
[SUM]  17.00-18.00  sec  6.25 MBytes  52.5 Mbits/sec    0             
- - - - - - - - - - - - - - - - - - - - - - - - -
[  6]  18.00-19.00  sec  1.25 MBytes  10.5 Mbits/sec    0   1.32 MBytes       
[  8]  18.00-19.00  sec  1.25 MBytes  10.5 Mbits/sec    0   1.06 MBytes       
[ 10]  18.00-19.00  sec  0.00 Bytes  0.00 bits/sec    0   96.2 KBytes       
[ 12]  18.00-19.00  sec  1.25 MBytes  10.5 Mbits/sec    0   1.07 MBytes       
[ 14]  18.00-19.00  sec  1.25 MBytes  10.5 Mbits/sec    0   1.42 MBytes       
[SUM]  18.00-19.00  sec  5.00 MBytes  41.9 Mbits/sec    0             
- - - - - - - - - - - - - - - - - - - - - - - - -
[  6]  19.00-20.00  sec  1.25 MBytes  10.5 Mbits/sec    0   1.32 MBytes       
[  8]  19.00-20.00  sec  1.25 MBytes  10.5 Mbits/sec    0   1.06 MBytes       
[ 10]  19.00-20.00  sec  0.00 Bytes  0.00 bits/sec    0   96.2 KBytes       
[ 12]  19.00-20.00  sec  1.25 MBytes  10.5 Mbits/sec    0   1.07 MBytes       
[ 14]  19.00-20.00  sec  0.00 Bytes  0.00 bits/sec    0   1.42 MBytes       
[SUM]  19.00-20.00  sec  3.75 MBytes  31.4 Mbits/sec    0             
- - - - - - - - - - - - - - - - - - - - - - - - -
[  6]  20.00-21.00  sec  5.00 MBytes  42.0 Mbits/sec    0   1.46 MBytes       
[  8]  20.00-21.00  sec  3.75 MBytes  31.5 Mbits/sec    0   1.16 MBytes       
[ 10]  20.00-21.00  sec  0.00 Bytes  0.00 bits/sec    0    156 KBytes       
[ 12]  20.00-21.00  sec  3.75 MBytes  31.5 Mbits/sec    0   1.18 MBytes       
[ 14]  20.00-21.00  sec  6.25 MBytes  52.5 Mbits/sec    0   1.57 MBytes       
[SUM]  20.00-21.00  sec  18.8 MBytes   157 Mbits/sec    0             
- - - - - - - - - - - - - - - - - - - - - - - - -
[  6]  21.00-22.00  sec  5.00 MBytes  41.9 Mbits/sec    0   1.46 MBytes       
[  8]  21.00-22.00  sec  2.50 MBytes  21.0 Mbits/sec    0   1.16 MBytes       
[ 10]  21.00-22.00  sec  1.25 MBytes  10.5 Mbits/sec    0    454 KBytes       
[ 12]  21.00-22.00  sec  3.75 MBytes  31.5 Mbits/sec    0   1.23 MBytes       
[ 14]  21.00-22.00  sec  5.00 MBytes  41.9 Mbits/sec    0   1.57 MBytes       
[SUM]  21.00-22.00  sec  17.5 MBytes   147 Mbits/sec    0             
- - - - - - - - - - - - - - - - - - - - - - - - -
[  6]  22.00-23.00  sec  5.00 MBytes  41.9 Mbits/sec    0   1.46 MBytes       
[  8]  22.00-23.00  sec  3.75 MBytes  31.5 Mbits/sec    0   1.16 MBytes       
[ 10]  22.00-23.00  sec  2.50 MBytes  21.0 Mbits/sec    0    658 KBytes       
[ 12]  22.00-23.00  sec  2.50 MBytes  21.0 Mbits/sec    0   1.26 MBytes       
[ 14]  22.00-23.00  sec  3.75 MBytes  31.5 Mbits/sec    0   1.57 MBytes       
[SUM]  22.00-23.00  sec  17.5 MBytes   147 Mbits/sec    0             
- - - - - - - - - - - - - - - - - - - - - - - - -
[  6]  23.00-24.00  sec  3.75 MBytes  31.5 Mbits/sec    0   1.46 MBytes       
[  8]  23.00-24.00  sec  2.50 MBytes  21.0 Mbits/sec    0   1.16 MBytes       
[ 10]  23.00-24.00  sec  2.50 MBytes  21.0 Mbits/sec    0    658 KBytes       
[ 12]  23.00-24.00  sec  2.50 MBytes  21.0 Mbits/sec    0   1.26 MBytes       
[ 14]  23.00-24.00  sec  3.75 MBytes  31.5 Mbits/sec    0   1.57 MBytes       
[SUM]  23.00-24.00  sec  15.0 MBytes   126 Mbits/sec    0             
- - - - - - - - - - - - - - - - - - - - - - - - -
[  6]  24.00-25.00  sec  5.00 MBytes  41.9 Mbits/sec    0   1.46 MBytes       
[  8]  24.00-25.00  sec  2.50 MBytes  21.0 Mbits/sec    0   1.16 MBytes       
[ 10]  24.00-25.00  sec  2.50 MBytes  21.0 Mbits/sec    0    783 KBytes       
[ 12]  24.00-25.00  sec  3.75 MBytes  31.5 Mbits/sec    0   1.26 MBytes       
[ 14]  24.00-25.00  sec  5.00 MBytes  41.9 Mbits/sec    0   1.57 MBytes       
[SUM]  24.00-25.00  sec  18.8 MBytes   157 Mbits/sec    0             
- - - - - - - - - - - - - - - - - - - - - - - - -
[  6]  25.00-26.00  sec  3.75 MBytes  31.5 Mbits/sec    0   1.46 MBytes       
[  8]  25.00-26.00  sec  2.50 MBytes  21.0 Mbits/sec    0   1.16 MBytes       
[ 10]  25.00-26.00  sec  2.50 MBytes  21.0 Mbits/sec    0    783 KBytes       
[ 12]  25.00-26.00  sec  2.50 MBytes  21.0 Mbits/sec    0   1.26 MBytes       
[ 14]  25.00-26.00  sec  5.00 MBytes  41.9 Mbits/sec    0   1.57 MBytes       
[SUM]  25.00-26.00  sec  16.2 MBytes   136 Mbits/sec    0             
- - - - - - - - - - - - - - - - - - - - - - - - -
[  6]  26.00-27.00  sec  5.00 MBytes  41.9 Mbits/sec    1   1.53 MBytes       
[  8]  26.00-27.00  sec  2.50 MBytes  21.0 Mbits/sec    0   1.23 MBytes       
[ 10]  26.00-27.00  sec  2.50 MBytes  21.0 Mbits/sec    0    932 KBytes       
[ 12]  26.00-27.00  sec  3.75 MBytes  31.5 Mbits/sec    1   1.32 MBytes       
[ 14]  26.00-27.00  sec  3.75 MBytes  31.5 Mbits/sec    1   1.63 MBytes       
[SUM]  26.00-27.00  sec  17.5 MBytes   147 Mbits/sec    3             
- - - - - - - - - - - - - - - - - - - - - - - - -
[  6]  27.00-28.00  sec  3.75 MBytes  31.5 Mbits/sec    0   1.53 MBytes       
[  8]  27.00-28.00  sec  2.50 MBytes  21.0 Mbits/sec    0   1.23 MBytes       
[ 10]  27.00-28.00  sec  2.50 MBytes  21.0 Mbits/sec    0    932 KBytes       
[ 12]  27.00-28.00  sec  2.50 MBytes  21.0 Mbits/sec    0   1.32 MBytes       
[ 14]  27.00-28.00  sec  5.00 MBytes  41.9 Mbits/sec    0   1.63 MBytes       
[SUM]  27.00-28.00  sec  16.2 MBytes   136 Mbits/sec    0             
- - - - - - - - - - - - - - - - - - - - - - - - -
[  6]  28.00-29.00  sec  5.00 MBytes  41.9 Mbits/sec    0   1.53 MBytes       
[  8]  28.00-29.00  sec  3.75 MBytes  31.5 Mbits/sec    0   1.23 MBytes       
[ 10]  28.00-29.00  sec  3.75 MBytes  31.5 Mbits/sec    0    932 KBytes       
[ 12]  28.00-29.00  sec  5.00 MBytes  41.9 Mbits/sec    0   1.32 MBytes       
[ 14]  28.00-29.00  sec  5.00 MBytes  41.9 Mbits/sec    0   1.63 MBytes       
[SUM]  28.00-29.00  sec  22.5 MBytes   189 Mbits/sec    0             
- - - - - - - - - - - - - - - - - - - - - - - - -
[  6]  29.00-30.00  sec  3.75 MBytes  31.5 Mbits/sec    0   1.53 MBytes       
[  8]  29.00-30.00  sec  3.75 MBytes  31.5 Mbits/sec    0   1.23 MBytes       
[ 10]  29.00-30.00  sec  2.50 MBytes  21.0 Mbits/sec    0    932 KBytes       
[ 12]  29.00-30.00  sec  5.00 MBytes  41.9 Mbits/sec    0   1.32 MBytes       
[ 14]  29.00-30.00  sec  5.00 MBytes  41.9 Mbits/sec    0   1.63 MBytes       
[SUM]  29.00-30.00  sec  20.0 MBytes   168 Mbits/sec    0             
- - - - - - - - - - - - - - - - - - - - - - - - -
[ ID] Interval           Transfer     Bitrate         Retr
[  6]   0.00-30.00  sec   106 MBytes  29.5 Mbits/sec    2             sender
[  6]   0.00-30.06  sec   103 MBytes  28.8 Mbits/sec                  receiver
[  8]   0.00-30.00  sec  88.4 MBytes  24.7 Mbits/sec    2             sender
[  8]   0.00-30.06  sec  85.3 MBytes  23.8 Mbits/sec                  receiver
[ 10]   0.00-30.00  sec  73.8 MBytes  20.6 Mbits/sec    3             sender
[ 10]   0.00-30.06  sec  70.3 MBytes  19.6 Mbits/sec                  receiver
[ 12]   0.00-30.00  sec  89.9 MBytes  25.1 Mbits/sec    2             sender
[ 12]   0.00-30.06  sec  86.3 MBytes  24.1 Mbits/sec                  receiver
[ 14]   0.00-30.00  sec   113 MBytes  31.5 Mbits/sec    2             sender
[ 14]   0.00-30.06  sec   110 MBytes  30.6 Mbits/sec                  receiver
[SUM]   0.00-30.00  sec   470 MBytes   131 Mbits/sec   11             sender
[SUM]   0.00-30.06  sec   455 MBytes   127 Mbits/sec                  receiver

iperf Done.
