Connecting to host 192.168.0.104, port 5201
Reverse mode, remote host 192.168.0.104 is sending
[  6] local 192.168.0.168 port 35500 connected to 192.168.0.104 port 5201
[  8] local 192.168.0.168 port 35502 connected to 192.168.0.104 port 5201
[ 10] local 192.168.0.168 port 35508 connected to 192.168.0.104 port 5201
[ 12] local 192.168.0.168 port 35520 connected to 192.168.0.104 port 5201
[ 14] local 192.168.0.168 port 35532 connected to 192.168.0.104 port 5201
[ ID] Interval           Transfer     Bitrate
[  6]   0.00-1.00   sec  4.57 MBytes  38.4 Mbits/sec                  
[  8]   0.00-1.00   sec  2.60 MBytes  21.8 Mbits/sec                  
[ 10]   0.00-1.00   sec  3.56 MBytes  29.8 Mbits/sec                  
[ 12]   0.00-1.00   sec  2.46 MBytes  20.7 Mbits/sec                  
[ 14]   0.00-1.00   sec  4.35 MBytes  36.5 Mbits/sec                  
[SUM]   0.00-1.00   sec  17.5 MBytes   147 Mbits/sec                  
- - - - - - - - - - - - - - - - - - - - - - - - -
[  6]   1.00-2.00   sec  4.08 MBytes  34.2 Mbits/sec                  
[  8]   1.00-2.00   sec  2.63 MBytes  22.1 Mbits/sec                  
[ 10]   1.00-2.00   sec  3.58 MBytes  30.1 Mbits/sec                  
[ 12]   1.00-2.00   sec  3.26 MBytes  27.4 Mbits/sec                  
[ 14]   1.00-2.00   sec  4.50 MBytes  37.8 Mbits/sec                  
[SUM]   1.00-2.00   sec  18.1 MBytes   151 Mbits/sec                  
- - - - - - - - - - - - - - - - - - - - - - - - -
[  6]   2.00-3.00   sec  3.81 MBytes  32.0 Mbits/sec                  
[  8]   2.00-3.00   sec  3.09 MBytes  25.9 Mbits/sec                  
[ 10]   2.00-3.00   sec  2.74 MBytes  23.0 Mbits/sec                  
[ 12]   2.00-3.00   sec  2.57 MBytes  21.6 Mbits/sec                  
[ 14]   2.00-3.00   sec  4.59 MBytes  38.5 Mbits/sec                  
[SUM]   2.00-3.00   sec  16.8 MBytes   141 Mbits/sec                  
- - - - - - - - - - - - - - - - - - - - - - - - -
[  6]   3.00-4.00   sec  2.66 MBytes  22.3 Mbits/sec                  
[  8]   3.00-4.00   sec  2.80 MBytes  23.5 Mbits/sec                  
[ 10]   3.00-4.00   sec  2.30 MBytes  19.3 Mbits/sec                  
[ 12]   3.00-4.00   sec  2.27 MBytes  19.1 Mbits/sec                  
[ 14]   3.00-4.00   sec  3.62 MBytes  30.3 Mbits/sec                  
[SUM]   3.00-4.00   sec  13.6 MBytes   114 Mbits/sec                  
- - - - - - - - - - - - - - - - - - - - - - - - -
[  6]   4.00-5.00   sec  2.85 MBytes  23.9 Mbits/sec                  
[  8]   4.00-5.00   sec  3.20 MBytes  26.8 Mbits/sec                  
[ 10]   4.00-5.00   sec  2.73 MBytes  22.9 Mbits/sec                  
[ 12]   4.00-5.00   sec  2.67 MBytes  22.4 Mbits/sec                  
[ 14]   4.00-5.00   sec  4.04 MBytes  33.9 Mbits/sec                  
[SUM]   4.00-5.00   sec  15.5 MBytes   130 Mbits/sec                  
- - - - - - - - - - - - - - - - - - - - - - - - -
[  6]   5.00-6.00   sec  1.97 MBytes  16.5 Mbits/sec                  
[  8]   5.00-6.00   sec  2.44 MBytes  20.5 Mbits/sec                  
[ 10]   5.00-6.00   sec  2.24 MBytes  18.8 Mbits/sec                  
[ 12]   5.00-6.00   sec  2.15 MBytes  18.1 Mbits/sec                  
[ 14]   5.00-6.00   sec  3.05 MBytes  25.6 Mbits/sec                  
[SUM]   5.00-6.00   sec  11.9 MBytes  99.4 Mbits/sec                  
- - - - - - - - - - - - - - - - - - - - - - - - -
[  6]   6.00-7.00   sec  2.13 MBytes  17.8 Mbits/sec                  
[  8]   6.00-7.00   sec  2.74 MBytes  22.9 Mbits/sec                  
[ 10]   6.00-7.00   sec  2.60 MBytes  21.8 Mbits/sec                  
[ 12]   6.00-7.00   sec  2.47 MBytes  20.8 Mbits/sec                  
[ 14]   6.00-7.00   sec  3.48 MBytes  29.2 Mbits/sec                  
[SUM]   6.00-7.00   sec  13.4 MBytes   113 Mbits/sec                  
- - - - - - - - - - - - - - - - - - - - - - - - -
[  6]   7.00-8.00   sec  2.34 MBytes  19.6 Mbits/sec                  
[  8]   7.00-8.00   sec  3.33 MBytes  27.9 Mbits/sec                  
[ 10]   7.00-8.00   sec  3.11 MBytes  26.1 Mbits/sec                  
[ 12]   7.00-8.00   sec  2.92 MBytes  24.5 Mbits/sec                  
[ 14]   7.00-8.00   sec  4.04 MBytes  33.9 Mbits/sec                  
[SUM]   7.00-8.00   sec  15.7 MBytes   132 Mbits/sec                  
- - - - - - - - - - - - - - - - - - - - - - - - -
[  6]   8.00-9.00   sec  1.67 MBytes  14.0 Mbits/sec                  
[  8]   8.00-9.00   sec  2.65 MBytes  22.2 Mbits/sec                  
[ 10]   8.00-9.00   sec  2.40 MBytes  20.1 Mbits/sec                  
[ 12]   8.00-9.00   sec  2.36 MBytes  19.8 Mbits/sec                  
[ 14]   8.00-9.00   sec  3.17 MBytes  26.5 Mbits/sec                  
[SUM]   8.00-9.00   sec  12.2 MBytes   103 Mbits/sec                  
- - - - - - - - - - - - - - - - - - - - - - - - -
[  6]   9.00-10.00  sec   409 KBytes  3.35 Mbits/sec                  
[  8]   9.00-10.00  sec   735 KBytes  6.02 Mbits/sec                  
[ 10]   9.00-10.00  sec   585 KBytes  4.80 Mbits/sec                  
[ 12]   9.00-10.00  sec   472 KBytes  3.87 Mbits/sec                  
[ 14]   9.00-10.00  sec   813 KBytes  6.66 Mbits/sec                  
[SUM]   9.00-10.00  sec  2.94 MBytes  24.7 Mbits/sec                  
- - - - - - - - - - - - - - - - - - - - - - - - -
[  6]  10.00-11.00  sec   643 KBytes  5.27 Mbits/sec                  
[  8]  10.00-11.00  sec   669 KBytes  5.48 Mbits/sec                  
[ 10]  10.00-11.00  sec   563 KBytes  4.61 Mbits/sec                  
[ 12]  10.00-11.00  sec   639 KBytes  5.24 Mbits/sec                  
[ 14]  10.00-11.00  sec  1.38 MBytes  11.6 Mbits/sec                  
[SUM]  10.00-11.00  sec  3.84 MBytes  32.2 Mbits/sec                  
- - - - - - - - - - - - - - - - - - - - - - - - -
[  6]  11.00-12.00  sec   577 KBytes  4.73 Mbits/sec                  
[  8]  11.00-12.00  sec   501 KBytes  4.10 Mbits/sec                  
[ 10]  11.00-12.00  sec   486 KBytes  3.99 Mbits/sec                  
[ 12]  11.00-12.00  sec   355 KBytes  2.91 Mbits/sec                  
[ 14]  11.00-12.00  sec  1.76 MBytes  14.7 Mbits/sec                  
[SUM]  11.00-12.00  sec  3.63 MBytes  30.5 Mbits/sec                  
- - - - - - - - - - - - - - - - - - - - - - - - -
[  6]  12.00-13.00  sec  1.38 MBytes  11.6 Mbits/sec                  
[  8]  12.00-13.00  sec  1.20 MBytes  10.0 Mbits/sec                  
[ 10]  12.00-13.00  sec  1.11 MBytes  9.31 Mbits/sec                  
[ 12]  12.00-13.00  sec  1.25 MBytes  10.5 Mbits/sec                  
[ 14]  12.00-13.00  sec  4.88 MBytes  40.9 Mbits/sec                  
[SUM]  12.00-13.00  sec  9.81 MBytes  82.3 Mbits/sec                  
- - - - - - - - - - - - - - - - - - - - - - - - -
[  6]  13.00-14.00  sec   926 KBytes  7.59 Mbits/sec                  
[  8]  13.00-14.00  sec   826 KBytes  6.76 Mbits/sec                  
[ 10]  13.00-14.00  sec   769 KBytes  6.30 Mbits/sec                  
[ 12]  13.00-14.00  sec   817 KBytes  6.69 Mbits/sec                  
[ 14]  13.00-14.00  sec  3.09 MBytes  26.0 Mbits/sec                  
[SUM]  13.00-14.00  sec  6.35 MBytes  53.3 Mbits/sec                  
- - - - - - - - - - - - - - - - - - - - - - - - -
[  6]  14.00-15.00  sec   376 KBytes  3.08 Mbits/sec                  
[  8]  14.00-15.00  sec   325 KBytes  2.66 Mbits/sec                  
[ 10]  14.00-15.00  sec   310 KBytes  2.54 Mbits/sec                  
[ 12]  14.00-15.00  sec   291 KBytes  2.39 Mbits/sec                  
[ 14]  14.00-15.00  sec  1.12 MBytes  9.38 Mbits/sec                  
[SUM]  14.00-15.00  sec  2.39 MBytes  20.1 Mbits/sec                  
- - - - - - - - - - - - - - - - - - - - - - - - -
[  6]  15.00-16.00  sec   571 KBytes  4.68 Mbits/sec                  
[  8]  15.00-16.00  sec   533 KBytes  4.37 Mbits/sec                  
[ 10]  15.00-16.00  sec   512 KBytes  4.19 Mbits/sec                  
[ 12]  15.00-16.00  sec   382 KBytes  3.13 Mbits/sec                  
[ 14]  15.00-16.00  sec  1.63 MBytes  13.7 Mbits/sec                  
[SUM]  15.00-16.00  sec  3.58 MBytes  30.1 Mbits/sec                  
- - - - - - - - - - - - - - - - - - - - - - - - -
[  6]  16.00-17.00  sec   595 KBytes  4.88 Mbits/sec                  
[  8]  16.00-17.00  sec   543 KBytes  4.45 Mbits/sec                  
[ 10]  16.00-17.00  sec   540 KBytes  4.42 Mbits/sec                  
[ 12]  16.00-17.00  sec   471 KBytes  3.86 Mbits/sec                  
[ 14]  16.00-17.00  sec  1.64 MBytes  13.7 Mbits/sec                  
[SUM]  16.00-17.00  sec  3.74 MBytes  31.3 Mbits/sec                  
- - - - - - - - - - - - - - - - - - - - - - - - -
[  6]  17.00-18.00  sec  1.74 MBytes  14.6 Mbits/sec                  
[  8]  17.00-18.00  sec  1.53 MBytes  12.8 Mbits/sec                  
[ 10]  17.00-18.00  sec  1.41 MBytes  11.8 Mbits/sec                  
[ 12]  17.00-18.00  sec  1.04 MBytes  8.75 Mbits/sec                  
[ 14]  17.00-18.00  sec  4.33 MBytes  36.4 Mbits/sec                  
[SUM]  17.00-18.00  sec  10.1 MBytes  84.4 Mbits/sec                  
- - - - - - - - - - - - - - - - - - - - - - - - -
[  6]  18.00-19.00  sec  2.57 MBytes  21.6 Mbits/sec                  
[  8]  18.00-19.00  sec  2.57 MBytes  21.5 Mbits/sec                  
[ 10]  18.00-19.00  sec  2.56 MBytes  21.5 Mbits/sec                  
[ 12]  18.00-19.00  sec  1.64 MBytes  13.8 Mbits/sec                  
[ 14]  18.00-19.00  sec  5.91 MBytes  49.6 Mbits/sec                  
[SUM]  18.00-19.00  sec  15.3 MBytes   128 Mbits/sec                  
- - - - - - - - - - - - - - - - - - - - - - - - -
[  6]  19.00-20.00  sec  2.67 MBytes  22.4 Mbits/sec                  
[  8]  19.00-20.00  sec  2.66 MBytes  22.3 Mbits/sec                  
[ 10]  19.00-20.00  sec  2.72 MBytes  22.8 Mbits/sec                  
[ 12]  19.00-20.00  sec  2.00 MBytes  16.8 Mbits/sec                  
[ 14]  19.00-20.00  sec  5.64 MBytes  47.3 Mbits/sec                  
[SUM]  19.00-20.00  sec  15.7 MBytes   132 Mbits/sec                  
- - - - - - - - - - - - - - - - - - - - - - - - -
[  6]  20.00-21.00  sec  2.19 MBytes  18.4 Mbits/sec                  
[  8]  20.00-21.00  sec  2.79 MBytes  23.4 Mbits/sec                  
[ 10]  20.00-21.00  sec  2.88 MBytes  24.2 Mbits/sec                  
[ 12]  20.00-21.00  sec  1.85 MBytes  15.5 Mbits/sec                  
[ 14]  20.00-21.00  sec  4.99 MBytes  41.8 Mbits/sec                  
[SUM]  20.00-21.00  sec  14.7 MBytes   123 Mbits/sec                  
- - - - - - - - - - - - - - - - - - - - - - - - -
[  6]  21.00-22.00  sec  2.22 MBytes  18.6 Mbits/sec                  
[  8]  21.00-22.00  sec  3.80 MBytes  31.9 Mbits/sec                  
[ 10]  21.00-22.00  sec  3.87 MBytes  32.5 Mbits/sec                  
[ 12]  21.00-22.00  sec  2.09 MBytes  17.5 Mbits/sec                  
[ 14]  21.00-22.00  sec  4.91 MBytes  41.2 Mbits/sec                  
[SUM]  21.00-22.00  sec  16.9 MBytes   142 Mbits/sec                  
- - - - - - - - - - - - - - - - - - - - - - - - -
[  6]  22.00-23.00  sec  1.88 MBytes  15.7 Mbits/sec                  
[  8]  22.00-23.00  sec  4.23 MBytes  35.5 Mbits/sec                  
[ 10]  22.00-23.00  sec  4.15 MBytes  34.8 Mbits/sec                  
[ 12]  22.00-23.00  sec  1.97 MBytes  16.5 Mbits/sec                  
[ 14]  22.00-23.00  sec  4.53 MBytes  38.0 Mbits/sec                  
[SUM]  22.00-23.00  sec  16.8 MBytes   141 Mbits/sec                  
- - - - - - - - - - - - - - - - - - - - - - - - -
[  6]  23.00-24.00  sec  1007 KBytes  8.25 Mbits/sec                  
[  8]  23.00-24.00  sec  2.90 MBytes  24.4 Mbits/sec                  
[ 10]  23.00-24.00  sec  2.88 MBytes  24.1 Mbits/sec                  
[ 12]  23.00-24.00  sec  1.14 MBytes  9.56 Mbits/sec                  
[ 14]  23.00-24.00  sec  2.61 MBytes  21.9 Mbits/sec                  
[SUM]  23.00-24.00  sec  10.5 MBytes  88.2 Mbits/sec                  
- - - - - - - - - - - - - - - - - - - - - - - - -
[  6]  24.00-25.00  sec   238 KBytes  1.95 Mbits/sec                  
[  8]  24.00-25.00  sec  1021 KBytes  8.36 Mbits/sec                  
[ 10]  24.00-25.00  sec   977 KBytes  8.00 Mbits/sec                  
[ 12]  24.00-25.00  sec   304 KBytes  2.49 Mbits/sec                  
[ 14]  24.00-25.00  sec   717 KBytes  5.87 Mbits/sec                  
[SUM]  24.00-25.00  sec  3.18 MBytes  26.7 Mbits/sec                  
- - - - - - - - - - - - - - - - - - - - - - - - -
[  6]  25.00-26.00  sec   588 KBytes  4.82 Mbits/sec                  
[  8]  25.00-26.00  sec  1.90 MBytes  15.9 Mbits/sec                  
[ 10]  25.00-26.00  sec  1.97 MBytes  16.5 Mbits/sec                  
[ 12]  25.00-26.00  sec   546 KBytes  4.47 Mbits/sec                  
[ 14]  25.00-26.00  sec  1.32 MBytes  11.1 Mbits/sec                  
[SUM]  25.00-26.00  sec  6.29 MBytes  52.8 Mbits/sec                  
- - - - - - - - - - - - - - - - - - - - - - - - -
[  6]  26.00-27.00  sec   625 KBytes  5.12 Mbits/sec                  
[  8]  26.00-27.00  sec  2.15 MBytes  18.1 Mbits/sec                  
[ 10]  26.00-27.00  sec  2.15 MBytes  18.0 Mbits/sec                  
[ 12]  26.00-27.00  sec   602 KBytes  4.93 Mbits/sec                  
[ 14]  26.00-27.00  sec  1.51 MBytes  12.7 Mbits/sec                  
[SUM]  26.00-27.00  sec  7.01 MBytes  58.8 Mbits/sec                  
- - - - - - - - - - - - - - - - - - - - - - - - -
[  6]  27.00-28.00  sec  1.18 MBytes  9.87 Mbits/sec                  
[  8]  27.00-28.00  sec  4.35 MBytes  36.5 Mbits/sec                  
[ 10]  27.00-28.00  sec  4.19 MBytes  35.2 Mbits/sec                  
[ 12]  27.00-28.00  sec  1.27 MBytes  10.7 Mbits/sec                  
[ 14]  27.00-28.00  sec  3.18 MBytes  26.7 Mbits/sec                  
[SUM]  27.00-28.00  sec  14.2 MBytes   119 Mbits/sec                  
- - - - - - - - - - - - - - - - - - - - - - - - -
[  6]  28.00-29.00  sec  1.37 MBytes  11.5 Mbits/sec                  
[  8]  28.00-29.00  sec  5.28 MBytes  44.3 Mbits/sec                  
[ 10]  28.00-29.00  sec  5.34 MBytes  44.8 Mbits/sec                  
[ 12]  28.00-29.00  sec  1.65 MBytes  13.9 Mbits/sec                  
[ 14]  28.00-29.00  sec  3.91 MBytes  32.8 Mbits/sec                  
[SUM]  28.00-29.00  sec  17.6 MBytes   147 Mbits/sec                  
- - - - - - - - - - - - - - - - - - - - - - - - -
[  6]  29.00-30.00  sec  2.96 MBytes  24.8 Mbits/sec                  
[  8]  29.00-30.00  sec  5.78 MBytes  48.5 Mbits/sec                  
[ 10]  29.00-30.00  sec  5.07 MBytes  42.5 Mbits/sec                  
[ 12]  29.00-30.00  sec  2.54 MBytes  21.3 Mbits/sec                  
[ 14]  29.00-30.00  sec  3.59 MBytes  30.1 Mbits/sec                  
[SUM]  29.00-30.00  sec  19.9 MBytes   167 Mbits/sec                  
- - - - - - - - - - - - - - - - - - - - - - - - -
[ ID] Interval           Transfer     Bitrate         Retr
[  6]   0.00-30.04  sec  53.6 MBytes  15.0 Mbits/sec   41             sender
[  6]   0.00-30.00  sec  52.6 MBytes  14.7 Mbits/sec                  receiver
[  8]   0.00-30.04  sec  74.3 MBytes  20.8 Mbits/sec   92             sender
[  8]   0.00-30.00  sec  71.6 MBytes  20.0 Mbits/sec                  receiver
[ 10]   0.00-30.04  sec  72.3 MBytes  20.2 Mbits/sec  131             sender
[ 10]   0.00-30.00  sec  70.2 MBytes  19.6 Mbits/sec                  receiver
[ 12]   0.00-30.04  sec  47.2 MBytes  13.2 Mbits/sec   39             sender
[ 12]   0.00-30.00  sec  46.4 MBytes  13.0 Mbits/sec                  receiver
[ 14]   0.00-30.04  sec   100 MBytes  28.0 Mbits/sec  101             sender
[ 14]   0.00-30.00  sec  98.3 MBytes  27.5 Mbits/sec                  receiver
[SUM]   0.00-30.04  sec   348 MBytes  97.1 Mbits/sec  404             sender
[SUM]   0.00-30.00  sec   339 MBytes  94.8 Mbits/sec                  receiver

iperf Done.
