Connecting to host 192.168.0.104, port 5201
[  6] local 192.168.0.168 port 58200 connected to 192.168.0.104 port 5201
[  8] local 192.168.0.168 port 58212 connected to 192.168.0.104 port 5201
[ 10] local 192.168.0.168 port 58216 connected to 192.168.0.104 port 5201
[ 12] local 192.168.0.168 port 58224 connected to 192.168.0.104 port 5201
[ 14] local 192.168.0.168 port 58230 connected to 192.168.0.104 port 5201
[ ID] Interval           Transfer     Bitrate         Retr  Cwnd
[  6]   0.00-1.00   sec  2.46 MBytes  20.7 Mbits/sec    0    187 KBytes       
[  8]   0.00-1.00   sec  9.08 MBytes  76.1 Mbits/sec    0    810 KBytes       
[ 10]   0.00-1.00   sec  4.87 MBytes  40.9 Mbits/sec    0    413 KBytes       
[ 12]   0.00-1.00   sec  2.53 MBytes  21.3 Mbits/sec    0    191 KBytes       
[ 14]   0.00-1.00   sec  2.46 MBytes  20.6 Mbits/sec    0    187 KBytes       
[SUM]   0.00-1.00   sec  21.4 MBytes   180 Mbits/sec    0             
- - - - - - - - - - - - - - - - - - - - - - - - -
[  6]   1.00-2.00   sec  3.36 MBytes  28.1 Mbits/sec    0    277 KBytes       
[  8]   1.00-2.00   sec  7.50 MBytes  62.9 Mbits/sec    0   1015 KBytes       
[ 10]   1.00-2.00   sec  4.97 MBytes  41.7 Mbits/sec    0    510 KBytes       
[ 12]   1.00-2.00   sec  3.36 MBytes  28.1 Mbits/sec    0    286 KBytes       
[ 14]   1.00-2.00   sec  3.54 MBytes  29.7 Mbits/sec    0    280 KBytes       
[SUM]   1.00-2.00   sec  22.7 MBytes   191 Mbits/sec    0             
- - - - - - - - - - - - - - - - - - - - - - - - -
[  6]   2.00-3.00   sec  3.54 MBytes  29.7 Mbits/sec    0    378 KBytes       
[  8]   2.00-3.00   sec  7.50 MBytes  62.9 Mbits/sec    0   1.15 MBytes       
[ 10]   2.00-3.00   sec  4.67 MBytes  39.2 Mbits/sec    0    635 KBytes       
[ 12]   2.00-3.00   sec  3.91 MBytes  32.8 Mbits/sec    0    396 KBytes       
[ 14]   2.00-3.00   sec  3.54 MBytes  29.7 Mbits/sec    0    362 KBytes       
[SUM]   2.00-3.00   sec  23.2 MBytes   194 Mbits/sec    0             
- - - - - - - - - - - - - - - - - - - - - - - - -
[  6]   3.00-4.00   sec  4.48 MBytes  37.6 Mbits/sec    0    527 KBytes       
[  8]   3.00-4.00   sec  8.75 MBytes  73.4 Mbits/sec    0   1.41 MBytes       
[ 10]   3.00-4.00   sec  5.00 MBytes  41.9 Mbits/sec    0    861 KBytes       
[ 12]   3.00-4.00   sec  4.29 MBytes  36.0 Mbits/sec    0    560 KBytes       
[ 14]   3.00-4.00   sec  4.05 MBytes  33.9 Mbits/sec    0    516 KBytes       
[SUM]   3.00-4.00   sec  26.6 MBytes   223 Mbits/sec    0             
- - - - - - - - - - - - - - - - - - - - - - - - -
[  6]   4.00-5.00   sec  3.60 MBytes  30.2 Mbits/sec    0    588 KBytes       
[  8]   4.00-5.00   sec  6.25 MBytes  52.4 Mbits/sec    0   1.41 MBytes       
[ 10]   4.00-5.00   sec  5.00 MBytes  41.9 Mbits/sec    0    902 KBytes       
[ 12]   4.00-5.00   sec  3.75 MBytes  31.5 Mbits/sec    0    636 KBytes       
[ 14]   4.00-5.00   sec  3.66 MBytes  30.7 Mbits/sec    0    592 KBytes       
[SUM]   4.00-5.00   sec  22.3 MBytes   187 Mbits/sec    0             
- - - - - - - - - - - - - - - - - - - - - - - - -
[  6]   5.00-6.00   sec  3.73 MBytes  31.3 Mbits/sec    0    617 KBytes       
[  8]   5.00-6.00   sec  7.50 MBytes  62.9 Mbits/sec    0   1.47 MBytes       
[ 10]   5.00-6.00   sec  3.75 MBytes  31.5 Mbits/sec    0    902 KBytes       
[ 12]   5.00-6.00   sec  3.75 MBytes  31.5 Mbits/sec    0    667 KBytes       
[ 14]   5.00-6.00   sec  3.74 MBytes  31.3 Mbits/sec    0    621 KBytes       
[SUM]   5.00-6.00   sec  22.5 MBytes   188 Mbits/sec    0             
- - - - - - - - - - - - - - - - - - - - - - - - -
[  6]   6.00-7.00   sec  2.50 MBytes  21.0 Mbits/sec    0    646 KBytes       
[  8]   6.00-7.00   sec  5.00 MBytes  41.9 Mbits/sec    0   1.47 MBytes       
[ 10]   6.00-7.00   sec  3.75 MBytes  31.5 Mbits/sec    0    991 KBytes       
[ 12]   6.00-7.00   sec  2.50 MBytes  21.0 Mbits/sec    0    667 KBytes       
[ 14]   6.00-7.00   sec  3.75 MBytes  31.5 Mbits/sec    0    653 KBytes       
[SUM]   6.00-7.00   sec  17.5 MBytes   147 Mbits/sec    0             
- - - - - - - - - - - - - - - - - - - - - - - - -
[  6]   7.00-8.00   sec  3.75 MBytes  31.5 Mbits/sec    0    714 KBytes       
[  8]   7.00-8.00   sec  7.50 MBytes  62.9 Mbits/sec    0   1.63 MBytes       
[ 10]   7.00-8.00   sec  6.25 MBytes  52.4 Mbits/sec    0   1.12 MBytes       
[ 12]   7.00-8.00   sec  3.75 MBytes  31.5 Mbits/sec    0    740 KBytes       
[ 14]   7.00-8.00   sec  2.50 MBytes  21.0 Mbits/sec    0    720 KBytes       
[SUM]   7.00-8.00   sec  23.8 MBytes   199 Mbits/sec    0             
- - - - - - - - - - - - - - - - - - - - - - - - -
[  6]   8.00-9.00   sec  3.75 MBytes  31.5 Mbits/sec    0    714 KBytes       
[  8]   8.00-9.00   sec  8.75 MBytes  73.4 Mbits/sec    0   1.63 MBytes       
[ 10]   8.00-9.00   sec  5.00 MBytes  41.9 Mbits/sec    0   1.12 MBytes       
[ 12]   8.00-9.00   sec  3.75 MBytes  31.5 Mbits/sec    0    740 KBytes       
[ 14]   8.00-9.00   sec  3.75 MBytes  31.5 Mbits/sec    0    720 KBytes       
[SUM]   8.00-9.00   sec  25.0 MBytes   210 Mbits/sec    0             
- - - - - - - - - - - - - - - - - - - - - - - - -
[  6]   9.00-10.00  sec  3.75 MBytes  31.5 Mbits/sec    0    752 KBytes       
[  8]   9.00-10.00  sec  6.25 MBytes  52.4 Mbits/sec    0   1.63 MBytes       
[ 10]   9.00-10.00  sec  6.25 MBytes  52.4 Mbits/sec    0   1.18 MBytes       
[ 12]   9.00-10.00  sec  3.75 MBytes  31.5 Mbits/sec    0    778 KBytes       
[ 14]   9.00-10.00  sec  3.75 MBytes  31.5 Mbits/sec    0    757 KBytes       
[SUM]   9.00-10.00  sec  23.8 MBytes   199 Mbits/sec    0             
- - - - - - - - - - - - - - - - - - - - - - - - -
[  6]  10.00-11.00  sec  3.75 MBytes  31.5 Mbits/sec    0    752 KBytes       
[  8]  10.00-11.00  sec  7.50 MBytes  62.9 Mbits/sec    0   1.63 MBytes       
[ 10]  10.00-11.00  sec  7.50 MBytes  62.9 Mbits/sec    0   1.18 MBytes       
[ 12]  10.00-11.00  sec  2.50 MBytes  21.0 Mbits/sec    0    778 KBytes       
[ 14]  10.00-11.00  sec  3.75 MBytes  31.5 Mbits/sec    0    757 KBytes       
[SUM]  10.00-11.00  sec  25.0 MBytes   210 Mbits/sec    0             
- - - - - - - - - - - - - - - - - - - - - - - - -
[  6]  11.00-12.00  sec  1.25 MBytes  10.5 Mbits/sec    0    752 KBytes       
[  8]  11.00-12.00  sec  3.75 MBytes  31.5 Mbits/sec    0   1.63 MBytes       
[ 10]  11.00-12.00  sec  2.50 MBytes  21.0 Mbits/sec    0   1.18 MBytes       
[ 12]  11.00-12.00  sec  2.50 MBytes  21.0 Mbits/sec    0    778 KBytes       
[ 14]  11.00-12.00  sec  1.25 MBytes  10.5 Mbits/sec    0    757 KBytes       
[SUM]  11.00-12.00  sec  11.2 MBytes  94.4 Mbits/sec    0             
- - - - - - - - - - - - - - - - - - - - - - - - -
[  6]  12.00-13.00  sec  0.00 Bytes  0.00 bits/sec    0    752 KBytes       
[  8]  12.00-13.00  sec  0.00 Bytes  0.00 bits/sec    0   1.63 MBytes       
[ 10]  12.00-13.00  sec  1.25 MBytes  10.5 Mbits/sec    0   1.18 MBytes       
[ 12]  12.00-13.00  sec  0.00 Bytes  0.00 bits/sec    0    778 KBytes       
[ 14]  12.00-13.00  sec  0.00 Bytes  0.00 bits/sec    1    762 KBytes       
[SUM]  12.00-13.00  sec  1.25 MBytes  10.5 Mbits/sec    1             
- - - - - - - - - - - - - - - - - - - - - - - - -
[  6]  13.00-14.00  sec  1.25 MBytes  10.5 Mbits/sec    0    752 KBytes       
[  8]  13.00-14.00  sec  2.50 MBytes  21.0 Mbits/sec    0   1.63 MBytes       
[ 10]  13.00-14.00  sec  1.25 MBytes  10.5 Mbits/sec    0   1.18 MBytes       
[ 12]  13.00-14.00  sec  2.50 MBytes  21.0 Mbits/sec    0    778 KBytes       
[ 14]  13.00-14.00  sec  2.50 MBytes  21.0 Mbits/sec    0    762 KBytes       
[SUM]  13.00-14.00  sec  10.0 MBytes  83.9 Mbits/sec    0             
- - - - - - - - - - - - - - - - - - - - - - - - -
[  6]  14.00-15.00  sec  1.25 MBytes  10.5 Mbits/sec    0    752 KBytes       
[  8]  14.00-15.00  sec  1.25 MBytes  10.5 Mbits/sec    0   1.63 MBytes       
[ 10]  14.00-15.00  sec  1.25 MBytes  10.5 Mbits/sec    0   1.18 MBytes       
[ 12]  14.00-15.00  sec  0.00 Bytes  0.00 bits/sec    0    778 KBytes       
[ 14]  14.00-15.00  sec  1.25 MBytes  10.5 Mbits/sec    0    762 KBytes       
[SUM]  14.00-15.00  sec  5.00 MBytes  41.9 Mbits/sec    0             
- - - - - - - - - - - - - - - - - - - - - - - - -
[  6]  15.00-16.00  sec  5.00 MBytes  42.0 Mbits/sec    0   1.92 MBytes       
[  8]  15.00-16.00  sec  5.00 MBytes  42.0 Mbits/sec    0   1.63 MBytes       
[ 10]  15.00-16.00  sec  3.75 MBytes  31.5 Mbits/sec    0   1.77 MBytes       
[ 12]  15.00-16.00  sec  5.00 MBytes  42.0 Mbits/sec    0   1.81 MBytes       
[ 14]  15.00-16.00  sec  2.50 MBytes  21.0 Mbits/sec    0    798 KBytes       
[SUM]  15.00-16.00  sec  21.2 MBytes   178 Mbits/sec    0             
- - - - - - - - - - - - - - - - - - - - - - - - -
[  6]  16.00-17.00  sec  3.75 MBytes  31.5 Mbits/sec    0   1.92 MBytes       
[  8]  16.00-17.00  sec  3.75 MBytes  31.5 Mbits/sec    0   1.63 MBytes       
[ 10]  16.00-17.00  sec  5.00 MBytes  41.9 Mbits/sec    0   1.77 MBytes       
[ 12]  16.00-17.00  sec  3.75 MBytes  31.5 Mbits/sec    0   1.81 MBytes       
[ 14]  16.00-17.00  sec  2.50 MBytes  21.0 Mbits/sec    0    798 KBytes       
[SUM]  16.00-17.00  sec  18.8 MBytes   157 Mbits/sec    0             
- - - - - - - - - - - - - - - - - - - - - - - - -
[  6]  17.00-18.00  sec  5.00 MBytes  41.9 Mbits/sec    0   1.92 MBytes       
[  8]  17.00-18.00  sec  3.75 MBytes  31.5 Mbits/sec    0   1.63 MBytes       
[ 10]  17.00-18.00  sec  3.75 MBytes  31.5 Mbits/sec    0   1.77 MBytes       
[ 12]  17.00-18.00  sec  5.00 MBytes  41.9 Mbits/sec    0   1.81 MBytes       
[ 14]  17.00-18.00  sec  2.50 MBytes  21.0 Mbits/sec    0    798 KBytes       
[SUM]  17.00-18.00  sec  20.0 MBytes   168 Mbits/sec    0             
- - - - - - - - - - - - - - - - - - - - - - - - -
[  6]  18.00-19.00  sec  5.00 MBytes  41.9 Mbits/sec    1   1.99 MBytes       
[  8]  18.00-19.00  sec  5.00 MBytes  41.9 Mbits/sec    1   1.70 MBytes       
[ 10]  18.00-19.00  sec  5.00 MBytes  41.9 Mbits/sec    1   1.85 MBytes       
[ 12]  18.00-19.00  sec  5.00 MBytes  41.9 Mbits/sec    0   1.81 MBytes       
[ 14]  18.00-19.00  sec  2.50 MBytes  21.0 Mbits/sec    0    857 KBytes       
[SUM]  18.00-19.00  sec  22.5 MBytes   189 Mbits/sec    3             
- - - - - - - - - - - - - - - - - - - - - - - - -
[  6]  19.00-20.00  sec  3.75 MBytes  31.5 Mbits/sec    1   2.07 MBytes       
[  8]  19.00-20.00  sec  3.75 MBytes  31.5 Mbits/sec    1   1.78 MBytes       
[ 10]  19.00-20.00  sec  3.75 MBytes  31.5 Mbits/sec    0   1.94 MBytes       
[ 12]  19.00-20.00  sec  3.75 MBytes  31.5 Mbits/sec    1   1.89 MBytes       
[ 14]  19.00-20.00  sec  2.50 MBytes  21.0 Mbits/sec    1    899 KBytes       
[SUM]  19.00-20.00  sec  17.5 MBytes   147 Mbits/sec    4             
- - - - - - - - - - - - - - - - - - - - - - - - -
[  6]  20.00-21.00  sec  5.00 MBytes  41.9 Mbits/sec    0   2.07 MBytes       
[  8]  20.00-21.00  sec  3.75 MBytes  31.5 Mbits/sec    0   1.78 MBytes       
[ 10]  20.00-21.00  sec  5.00 MBytes  41.9 Mbits/sec    0   1.94 MBytes       
[ 12]  20.00-21.00  sec  5.00 MBytes  41.9 Mbits/sec    0   1.89 MBytes       
[ 14]  20.00-21.00  sec  1.25 MBytes  10.5 Mbits/sec    0    899 KBytes       
[SUM]  20.00-21.00  sec  20.0 MBytes   168 Mbits/sec    0             
- - - - - - - - - - - - - - - - - - - - - - - - -
[  6]  21.00-22.00  sec  3.75 MBytes  31.5 Mbits/sec    0   2.07 MBytes       
[  8]  21.00-22.00  sec  3.75 MBytes  31.5 Mbits/sec    0   1.78 MBytes       
[ 10]  21.00-22.00  sec  3.75 MBytes  31.5 Mbits/sec    0   1.94 MBytes       
[ 12]  21.00-22.00  sec  3.75 MBytes  31.5 Mbits/sec    0   1.89 MBytes       
[ 14]  21.00-22.00  sec  2.50 MBytes  21.0 Mbits/sec    0    899 KBytes       
[SUM]  21.00-22.00  sec  17.5 MBytes   147 Mbits/sec    0             
- - - - - - - - - - - - - - - - - - - - - - - - -
[  6]  22.00-23.00  sec  3.75 MBytes  31.5 Mbits/sec    0   2.07 MBytes       
[  8]  22.00-23.00  sec  3.75 MBytes  31.5 Mbits/sec    0   1.78 MBytes       
[ 10]  22.00-23.00  sec  3.75 MBytes  31.5 Mbits/sec    0   1.94 MBytes       
[ 12]  22.00-23.00  sec  3.75 MBytes  31.5 Mbits/sec    0   1.89 MBytes       
[ 14]  22.00-23.00  sec  2.50 MBytes  21.0 Mbits/sec    0    899 KBytes       
[SUM]  22.00-23.00  sec  17.5 MBytes   147 Mbits/sec    0             
- - - - - - - - - - - - - - - - - - - - - - - - -
[  6]  23.00-24.00  sec  5.00 MBytes  41.9 Mbits/sec    0   2.07 MBytes       
[  8]  23.00-24.00  sec  3.75 MBytes  31.5 Mbits/sec    0   1.78 MBytes       
[ 10]  23.00-24.00  sec  3.75 MBytes  31.5 Mbits/sec    0   1.94 MBytes       
[ 12]  23.00-24.00  sec  3.75 MBytes  31.5 Mbits/sec    0   1.89 MBytes       
[ 14]  23.00-24.00  sec  2.50 MBytes  21.0 Mbits/sec    0    899 KBytes       
[SUM]  23.00-24.00  sec  18.8 MBytes   157 Mbits/sec    0             
- - - - - - - - - - - - - - - - - - - - - - - - -
[  6]  24.00-25.00  sec  3.75 MBytes  31.5 Mbits/sec    0   2.07 MBytes       
[  8]  24.00-25.00  sec  5.00 MBytes  41.9 Mbits/sec    0   1.78 MBytes       
[ 10]  24.00-25.00  sec  3.75 MBytes  31.5 Mbits/sec    0   1.94 MBytes       
[ 12]  24.00-25.00  sec  3.75 MBytes  31.5 Mbits/sec    0   1.89 MBytes       
[ 14]  24.00-25.00  sec  1.25 MBytes  10.5 Mbits/sec    0    899 KBytes       
[SUM]  24.00-25.00  sec  17.5 MBytes   147 Mbits/sec    0             
- - - - - - - - - - - - - - - - - - - - - - - - -
[  6]  25.00-26.00  sec  5.00 MBytes  41.9 Mbits/sec    0   2.07 MBytes       
[  8]  25.00-26.00  sec  3.75 MBytes  31.5 Mbits/sec    0   1.78 MBytes       
[ 10]  25.00-26.00  sec  5.00 MBytes  41.9 Mbits/sec    0   1.94 MBytes       
[ 12]  25.00-26.00  sec  5.00 MBytes  41.9 Mbits/sec    0   1.89 MBytes       
[ 14]  25.00-26.00  sec  2.50 MBytes  21.0 Mbits/sec    0    899 KBytes       
[SUM]  25.00-26.00  sec  21.2 MBytes   178 Mbits/sec    0             
- - - - - - - - - - - - - - - - - - - - - - - - -
[  6]  26.00-27.00  sec  1.25 MBytes  10.5 Mbits/sec    1   2.07 MBytes       
[  8]  26.00-27.00  sec  2.50 MBytes  21.0 Mbits/sec    1   1.78 MBytes       
[ 10]  26.00-27.00  sec  2.50 MBytes  21.0 Mbits/sec    0   1.94 MBytes       
[ 12]  26.00-27.00  sec  1.25 MBytes  10.5 Mbits/sec    1   1.89 MBytes       
[ 14]  26.00-27.00  sec  1.25 MBytes  10.5 Mbits/sec    1    899 KBytes       
[SUM]  26.00-27.00  sec  8.75 MBytes  73.4 Mbits/sec    4             
- - - - - - - - - - - - - - - - - - - - - - - - -
[  6]  27.00-28.00  sec  1.25 MBytes  10.5 Mbits/sec    0   2.07 MBytes       
[  8]  27.00-28.00  sec  0.00 Bytes  0.00 bits/sec    0   1.78 MBytes       
[ 10]  27.00-28.00  sec  0.00 Bytes  0.00 bits/sec    0   1.94 MBytes       
[ 12]  27.00-28.00  sec  1.25 MBytes  10.5 Mbits/sec    1   1.32 MBytes       
[ 14]  27.00-28.00  sec  0.00 Bytes  0.00 bits/sec    0    899 KBytes       
[SUM]  27.00-28.00  sec  2.50 MBytes  21.0 Mbits/sec    1             
- - - - - - - - - - - - - - - - - - - - - - - - -
[  6]  28.00-29.00  sec  1.25 MBytes  10.5 Mbits/sec    0   2.07 MBytes       
[  8]  28.00-29.00  sec  1.25 MBytes  10.5 Mbits/sec    0   1.78 MBytes       
[ 10]  28.00-29.00  sec  1.25 MBytes  10.5 Mbits/sec    0   1.94 MBytes       
[ 12]  28.00-29.00  sec  1.25 MBytes  10.5 Mbits/sec    0   1.32 MBytes       
[ 14]  28.00-29.00  sec  1.25 MBytes  10.5 Mbits/sec    0    899 KBytes       
[SUM]  28.00-29.00  sec  6.25 MBytes  52.4 Mbits/sec    0             
- - - - - - - - - - - - - - - - - - - - - - - - -
[  6]  29.00-30.00  sec  1.25 MBytes  10.5 Mbits/sec    0   2.07 MBytes       
[  8]  29.00-30.00  sec  1.25 MBytes  10.5 Mbits/sec    0   1.78 MBytes       
[ 10]  29.00-30.00  sec  1.25 MBytes  10.5 Mbits/sec    0   1.94 MBytes       
[ 12]  29.00-30.00  sec  1.25 MBytes  10.5 Mbits/sec    0   1.32 MBytes       
[ 14]  29.00-30.00  sec  1.25 MBytes  10.5 Mbits/sec    0    899 KBytes       
[SUM]  29.00-30.00  sec  6.25 MBytes  52.4 Mbits/sec    0             
- - - - - - - - - - - - - - - - - - - - - - - - -
[ ID] Interval           Transfer     Bitrate         Retr
[  6]   0.00-30.00  sec  96.2 MBytes  26.9 Mbits/sec    3             sender
[  6]   0.00-30.37  sec  93.0 MBytes  25.7 Mbits/sec                  receiver
[  8]   0.00-30.00  sec   139 MBytes  38.9 Mbits/sec    3             sender
[  8]   0.00-30.37  sec   136 MBytes  37.6 Mbits/sec                  receiver
[ 10]   0.00-30.00  sec   115 MBytes  32.0 Mbits/sec    1             sender
[ 10]   0.00-30.37  sec   111 MBytes  30.8 Mbits/sec                  receiver
[ 12]   0.00-30.00  sec  95.3 MBytes  26.7 Mbits/sec    3             sender
[ 12]   0.00-30.37  sec  91.7 MBytes  25.3 Mbits/sec                  receiver
[ 14]   0.00-30.00  sec  72.2 MBytes  20.2 Mbits/sec    3             sender
[ 14]   0.00-30.37  sec  69.3 MBytes  19.1 Mbits/sec                  receiver
[SUM]   0.00-30.00  sec   517 MBytes   145 Mbits/sec   13             sender
[SUM]   0.00-30.37  sec   502 MBytes   139 Mbits/sec                  receiver

iperf Done.
