Connecting to host 192.168.0.104, port 5201
[  6] local 192.168.0.168 port 51630 connected to 192.168.0.104 port 5201
[ ID] Interval           Transfer     Bitrate         Retr  Cwnd
[  6]   0.00-1.00   sec  16.2 MBytes   136 Mbits/sec    0   1.14 MBytes       
[  6]   1.00-2.00   sec  13.4 MBytes   113 Mbits/sec    0   1.43 MBytes       
[  6]   2.00-3.00   sec  12.9 MBytes   109 Mbits/sec    0   1.66 MBytes       
[  6]   3.00-4.00   sec  17.1 MBytes   144 Mbits/sec    0   2.23 MBytes       
[  6]   4.00-5.00   sec  17.9 MBytes   150 Mbits/sec    0   2.62 MBytes       
[  6]   5.00-6.00   sec  15.6 MBytes   131 Mbits/sec    0   2.77 MBytes       
[  6]   6.00-7.00   sec  1.46 MBytes  12.2 Mbits/sec    4    502 KBytes       
[  6]   7.00-8.00   sec  2.22 MBytes  18.6 Mbits/sec    0    809 KBytes       
[  6]   8.00-9.00   sec  3.93 MBytes  32.9 Mbits/sec    0   1.15 MBytes       
[  6]   9.00-10.00  sec  11.2 MBytes  93.8 Mbits/sec    0   1.48 MBytes       
[  6]  10.00-11.00  sec  19.0 MBytes   159 Mbits/sec    0   1.71 MBytes       
[  6]  11.00-12.00  sec  13.5 MBytes   114 Mbits/sec    0   1.92 MBytes       
[  6]  12.00-13.00  sec  12.8 MBytes   107 Mbits/sec    0   2.10 MBytes       
[  6]  13.00-14.00  sec  19.0 MBytes   159 Mbits/sec    0   2.28 MBytes       
[  6]  14.00-15.00  sec  18.8 MBytes   158 Mbits/sec    0   2.34 MBytes       
[  6]  15.00-16.00  sec  16.6 MBytes   139 Mbits/sec    0   2.49 MBytes       
[  6]  16.00-17.00  sec  12.3 MBytes   103 Mbits/sec    0   2.59 MBytes       
[  6]  17.00-18.00  sec  21.7 MBytes   182 Mbits/sec    0   2.65 MBytes       
[  6]  18.00-19.00  sec  16.5 MBytes   139 Mbits/sec    0   2.65 MBytes       
[  6]  19.00-20.00  sec  14.4 MBytes   121 Mbits/sec    0   2.65 MBytes       
[  6]  20.00-21.00  sec  12.0 MBytes   101 Mbits/sec    0   2.65 MBytes       
[  6]  21.00-22.00  sec  1.74 MBytes  14.6 Mbits/sec    3    513 KBytes       
[  6]  22.00-23.00  sec  4.29 MBytes  36.0 Mbits/sec    0    913 KBytes       
[  6]  23.00-24.00  sec  4.29 MBytes  35.9 Mbits/sec    0   1.15 MBytes       
[  6]  24.00-25.00  sec  11.6 MBytes  97.6 Mbits/sec    0   1.47 MBytes       
[  6]  25.00-26.00  sec  14.4 MBytes   120 Mbits/sec    0   1.73 MBytes       
[  6]  26.00-27.00  sec  12.6 MBytes   105 Mbits/sec    0   1.81 MBytes       
[  6]  27.00-28.00  sec  13.7 MBytes   115 Mbits/sec    0   1.99 MBytes       
[  6]  28.00-29.00  sec  13.2 MBytes   111 Mbits/sec    0   2.20 MBytes       
[  6]  29.00-30.00  sec  12.8 MBytes   107 Mbits/sec    6   1.45 MBytes       
- - - - - - - - - - - - - - - - - - - - - - - - -
[ ID] Interval           Transfer     Bitrate         Retr
[  6]   0.00-30.00  sec   377 MBytes   105 Mbits/sec   13             sender
[  6]   0.00-30.08  sec   377 MBytes   105 Mbits/sec                  receiver

iperf Done.
