Connecting to host 192.168.0.104, port 5201
Reverse mode, remote host 192.168.0.104 is sending
[  6] local 192.168.0.168 port 59002 connected to 192.168.0.104 port 5201
[  8] local 192.168.0.168 port 59014 connected to 192.168.0.104 port 5201
[ 10] local 192.168.0.168 port 59018 connected to 192.168.0.104 port 5201
[ 12] local 192.168.0.168 port 59022 connected to 192.168.0.104 port 5201
[ 14] local 192.168.0.168 port 59032 connected to 192.168.0.104 port 5201
[ ID] Interval           Transfer     Bitrate
[  6]   0.00-1.00   sec  2.68 MBytes  22.5 Mbits/sec                  
[  8]   0.00-1.00   sec  2.27 MBytes  19.0 Mbits/sec                  
[ 10]   0.00-1.00   sec  3.66 MBytes  30.7 Mbits/sec                  
[ 12]   0.00-1.00   sec  4.31 MBytes  36.1 Mbits/sec                  
[ 14]   0.00-1.00   sec  5.28 MBytes  44.3 Mbits/sec                  
[SUM]   0.00-1.00   sec  18.2 MBytes   153 Mbits/sec                  
- - - - - - - - - - - - - - - - - - - - - - - - -
[  6]   1.00-2.00   sec  3.36 MBytes  28.2 Mbits/sec                  
[  8]   1.00-2.00   sec  2.70 MBytes  22.7 Mbits/sec                  
[ 10]   1.00-2.00   sec  4.10 MBytes  34.4 Mbits/sec                  
[ 12]   1.00-2.00   sec  3.01 MBytes  25.3 Mbits/sec                  
[ 14]   1.00-2.00   sec  4.94 MBytes  41.5 Mbits/sec                  
[SUM]   1.00-2.00   sec  18.1 MBytes   152 Mbits/sec                  
- - - - - - - - - - - - - - - - - - - - - - - - -
[  6]   2.00-3.00   sec  2.78 MBytes  23.3 Mbits/sec                  
[  8]   2.00-3.00   sec  3.66 MBytes  30.7 Mbits/sec                  
[ 10]   2.00-3.00   sec  2.88 MBytes  24.2 Mbits/sec                  
[ 12]   2.00-3.00   sec  3.34 MBytes  28.0 Mbits/sec                  
[ 14]   2.00-3.00   sec  3.24 MBytes  27.2 Mbits/sec                  
[SUM]   2.00-3.00   sec  15.9 MBytes   133 Mbits/sec                  
- - - - - - - - - - - - - - - - - - - - - - - - -
[  6]   3.00-4.00   sec  2.93 MBytes  24.6 Mbits/sec                  
[  8]   3.00-4.00   sec  3.32 MBytes  27.9 Mbits/sec                  
[ 10]   3.00-4.00   sec  3.31 MBytes  27.8 Mbits/sec                  
[ 12]   3.00-4.00   sec  3.95 MBytes  33.2 Mbits/sec                  
[ 14]   3.00-4.00   sec  4.54 MBytes  38.1 Mbits/sec                  
[SUM]   3.00-4.00   sec  18.1 MBytes   152 Mbits/sec                  
- - - - - - - - - - - - - - - - - - - - - - - - -
[  6]   4.00-5.00   sec  4.79 MBytes  40.2 Mbits/sec                  
[  8]   4.00-5.00   sec  3.43 MBytes  28.8 Mbits/sec                  
[ 10]   4.00-5.00   sec  3.65 MBytes  30.6 Mbits/sec                  
[ 12]   4.00-5.00   sec  3.24 MBytes  27.2 Mbits/sec                  
[ 14]   4.00-5.00   sec  2.71 MBytes  22.7 Mbits/sec                  
[SUM]   4.00-5.00   sec  17.8 MBytes   149 Mbits/sec                  
- - - - - - - - - - - - - - - - - - - - - - - - -
[  6]   5.00-6.00   sec  3.68 MBytes  30.9 Mbits/sec                  
[  8]   5.00-6.00   sec  3.21 MBytes  26.9 Mbits/sec                  
[ 10]   5.00-6.00   sec  3.63 MBytes  30.5 Mbits/sec                  
[ 12]   5.00-6.00   sec  3.99 MBytes  33.5 Mbits/sec                  
[ 14]   5.00-6.00   sec  2.98 MBytes  25.0 Mbits/sec                  
[SUM]   5.00-6.00   sec  17.5 MBytes   147 Mbits/sec                  
- - - - - - - - - - - - - - - - - - - - - - - - -
[  6]   6.00-7.00   sec  2.14 MBytes  18.0 Mbits/sec                  
[  8]   6.00-7.00   sec  3.40 MBytes  28.5 Mbits/sec                  
[ 10]   6.00-7.00   sec  4.07 MBytes  34.1 Mbits/sec                  
[ 12]   6.00-7.00   sec  3.88 MBytes  32.6 Mbits/sec                  
[ 14]   6.00-7.00   sec  3.48 MBytes  29.2 Mbits/sec                  
[SUM]   6.00-7.00   sec  17.0 MBytes   142 Mbits/sec                  
- - - - - - - - - - - - - - - - - - - - - - - - -
[  6]   7.00-8.00   sec  3.81 MBytes  32.0 Mbits/sec                  
[  8]   7.00-8.00   sec  4.61 MBytes  38.7 Mbits/sec                  
[ 10]   7.00-8.00   sec  2.97 MBytes  24.9 Mbits/sec                  
[ 12]   7.00-8.00   sec  2.72 MBytes  22.8 Mbits/sec                  
[ 14]   7.00-8.00   sec  3.79 MBytes  31.8 Mbits/sec                  
[SUM]   7.00-8.00   sec  17.9 MBytes   150 Mbits/sec                  
- - - - - - - - - - - - - - - - - - - - - - - - -
[  6]   8.00-9.00   sec  2.89 MBytes  24.3 Mbits/sec                  
[  8]   8.00-9.00   sec  1.93 MBytes  16.2 Mbits/sec                  
[ 10]   8.00-9.00   sec  3.10 MBytes  26.0 Mbits/sec                  
[ 12]   8.00-9.00   sec  2.00 MBytes  16.8 Mbits/sec                  
[ 14]   8.00-9.00   sec  3.13 MBytes  26.2 Mbits/sec                  
[SUM]   8.00-9.00   sec  13.1 MBytes   109 Mbits/sec                  
- - - - - - - - - - - - - - - - - - - - - - - - -
[  6]   9.00-10.00  sec   349 KBytes  2.86 Mbits/sec                  
[  8]   9.00-10.00  sec   262 KBytes  2.14 Mbits/sec                  
[ 10]   9.00-10.00  sec   297 KBytes  2.43 Mbits/sec                  
[ 12]   9.00-10.00  sec   198 KBytes  1.62 Mbits/sec                  
[ 14]   9.00-10.00  sec   219 KBytes  1.80 Mbits/sec                  
[SUM]   9.00-10.00  sec  1.29 MBytes  10.9 Mbits/sec                  
- - - - - - - - - - - - - - - - - - - - - - - - -
[  6]  10.00-11.00  sec  1.28 MBytes  10.7 Mbits/sec                  
[  8]  10.00-11.00  sec  1.04 MBytes  8.69 Mbits/sec                  
[ 10]  10.00-11.00  sec   882 KBytes  7.23 Mbits/sec                  
[ 12]  10.00-11.00  sec   861 KBytes  7.06 Mbits/sec                  
[ 14]  10.00-11.00  sec   858 KBytes  7.03 Mbits/sec                  
[SUM]  10.00-11.00  sec  4.85 MBytes  40.7 Mbits/sec                  
- - - - - - - - - - - - - - - - - - - - - - - - -
[  6]  11.00-12.00  sec  1.01 MBytes  8.46 Mbits/sec                  
[  8]  11.00-12.00  sec   667 KBytes  5.47 Mbits/sec                  
[ 10]  11.00-12.00  sec   689 KBytes  5.64 Mbits/sec                  
[ 12]  11.00-12.00  sec   783 KBytes  6.42 Mbits/sec                  
[ 14]  11.00-12.00  sec   882 KBytes  7.23 Mbits/sec                  
[SUM]  11.00-12.00  sec  3.96 MBytes  33.2 Mbits/sec                  
- - - - - - - - - - - - - - - - - - - - - - - - -
[  6]  12.00-13.00  sec  1.49 MBytes  12.5 Mbits/sec                  
[  8]  12.00-13.00  sec  1.09 MBytes  9.13 Mbits/sec                  
[ 10]  12.00-13.00  sec  2.09 MBytes  17.5 Mbits/sec                  
[ 12]  12.00-13.00  sec  1.97 MBytes  16.6 Mbits/sec                  
[ 14]  12.00-13.00  sec  1.92 MBytes  16.1 Mbits/sec                  
[SUM]  12.00-13.00  sec  8.56 MBytes  71.8 Mbits/sec                  
- - - - - - - - - - - - - - - - - - - - - - - - -
[  6]  13.00-14.00  sec  3.33 MBytes  28.0 Mbits/sec                  
[  8]  13.00-14.00  sec  2.36 MBytes  19.8 Mbits/sec                  
[ 10]  13.00-14.00  sec  4.58 MBytes  38.4 Mbits/sec                  
[ 12]  13.00-14.00  sec  3.88 MBytes  32.6 Mbits/sec                  
[ 14]  13.00-14.00  sec  3.78 MBytes  31.7 Mbits/sec                  
[SUM]  13.00-14.00  sec  17.9 MBytes   150 Mbits/sec                  
- - - - - - - - - - - - - - - - - - - - - - - - -
[  6]  14.00-15.00  sec  3.90 MBytes  32.7 Mbits/sec                  
[  8]  14.00-15.00  sec  3.36 MBytes  28.2 Mbits/sec                  
[ 10]  14.00-15.00  sec  4.16 MBytes  34.9 Mbits/sec                  
[ 12]  14.00-15.00  sec  3.02 MBytes  25.3 Mbits/sec                  
[ 14]  14.00-15.00  sec  3.44 MBytes  28.8 Mbits/sec                  
[SUM]  14.00-15.00  sec  17.9 MBytes   150 Mbits/sec                  
- - - - - - - - - - - - - - - - - - - - - - - - -
[  6]  15.00-16.00  sec  4.07 MBytes  34.1 Mbits/sec                  
[  8]  15.00-16.00  sec  2.55 MBytes  21.3 Mbits/sec                  
[ 10]  15.00-16.00  sec  3.14 MBytes  26.4 Mbits/sec                  
[ 12]  15.00-16.00  sec  3.79 MBytes  31.8 Mbits/sec                  
[ 14]  15.00-16.00  sec  4.03 MBytes  33.8 Mbits/sec                  
[SUM]  15.00-16.00  sec  17.6 MBytes   147 Mbits/sec                  
- - - - - - - - - - - - - - - - - - - - - - - - -
[  6]  16.00-17.00  sec  3.65 MBytes  30.6 Mbits/sec                  
[  8]  16.00-17.00  sec  3.17 MBytes  26.6 Mbits/sec                  
[ 10]  16.00-17.00  sec  5.11 MBytes  42.9 Mbits/sec                  
[ 12]  16.00-17.00  sec  2.94 MBytes  24.6 Mbits/sec                  
[ 14]  16.00-17.00  sec  2.92 MBytes  24.5 Mbits/sec                  
[SUM]  16.00-17.00  sec  17.8 MBytes   149 Mbits/sec                  
- - - - - - - - - - - - - - - - - - - - - - - - -
[  6]  17.00-18.00  sec  4.41 MBytes  37.0 Mbits/sec                  
[  8]  17.00-18.00  sec  3.49 MBytes  29.2 Mbits/sec                  
[ 10]  17.00-18.00  sec  3.23 MBytes  27.1 Mbits/sec                  
[ 12]  17.00-18.00  sec  2.96 MBytes  24.8 Mbits/sec                  
[ 14]  17.00-18.00  sec  3.42 MBytes  28.6 Mbits/sec                  
[SUM]  17.00-18.00  sec  17.5 MBytes   147 Mbits/sec                  
- - - - - - - - - - - - - - - - - - - - - - - - -
[  6]  18.00-19.00  sec  3.30 MBytes  27.7 Mbits/sec                  
[  8]  18.00-19.00  sec  2.34 MBytes  19.7 Mbits/sec                  
[ 10]  18.00-19.00  sec  3.22 MBytes  27.0 Mbits/sec                  
[ 12]  18.00-19.00  sec  3.75 MBytes  31.5 Mbits/sec                  
[ 14]  18.00-19.00  sec  4.77 MBytes  40.0 Mbits/sec                  
[SUM]  18.00-19.00  sec  17.4 MBytes   146 Mbits/sec                  
- - - - - - - - - - - - - - - - - - - - - - - - -
[  6]  19.00-20.00  sec  3.26 MBytes  27.3 Mbits/sec                  
[  8]  19.00-20.00  sec  2.62 MBytes  22.0 Mbits/sec                  
[ 10]  19.00-20.00  sec  3.44 MBytes  28.8 Mbits/sec                  
[ 12]  19.00-20.00  sec  3.77 MBytes  31.6 Mbits/sec                  
[ 14]  19.00-20.00  sec  4.88 MBytes  41.0 Mbits/sec                  
[SUM]  19.00-20.00  sec  18.0 MBytes   151 Mbits/sec                  
- - - - - - - - - - - - - - - - - - - - - - - - -
[  6]  20.00-21.00  sec  4.77 MBytes  40.0 Mbits/sec                  
[  8]  20.00-21.00  sec  4.11 MBytes  34.5 Mbits/sec                  
[ 10]  20.00-21.00  sec  2.06 MBytes  17.3 Mbits/sec                  
[ 12]  20.00-21.00  sec  3.11 MBytes  26.1 Mbits/sec                  
[ 14]  20.00-21.00  sec  3.82 MBytes  32.0 Mbits/sec                  
[SUM]  20.00-21.00  sec  17.9 MBytes   150 Mbits/sec                  
- - - - - - - - - - - - - - - - - - - - - - - - -
[  6]  21.00-22.00  sec  4.13 MBytes  34.7 Mbits/sec                  
[  8]  21.00-22.00  sec  3.21 MBytes  26.9 Mbits/sec                  
[ 10]  21.00-22.00  sec  3.03 MBytes  25.4 Mbits/sec                  
[ 12]  21.00-22.00  sec  3.83 MBytes  32.1 Mbits/sec                  
[ 14]  21.00-22.00  sec  3.27 MBytes  27.5 Mbits/sec                  
[SUM]  21.00-22.00  sec  17.5 MBytes   147 Mbits/sec                  
- - - - - - - - - - - - - - - - - - - - - - - - -
[  6]  22.00-23.00  sec  3.79 MBytes  31.8 Mbits/sec                  
[  8]  22.00-23.00  sec  2.71 MBytes  22.7 Mbits/sec                  
[ 10]  22.00-23.00  sec  2.41 MBytes  20.2 Mbits/sec                  
[ 12]  22.00-23.00  sec  2.48 MBytes  20.8 Mbits/sec                  
[ 14]  22.00-23.00  sec  3.77 MBytes  31.6 Mbits/sec                  
[SUM]  22.00-23.00  sec  15.2 MBytes   127 Mbits/sec                  
- - - - - - - - - - - - - - - - - - - - - - - - -
[  6]  23.00-24.00  sec  2.55 MBytes  21.4 Mbits/sec                  
[  8]  23.00-24.00  sec  2.36 MBytes  19.8 Mbits/sec                  
[ 10]  23.00-24.00  sec  2.66 MBytes  22.3 Mbits/sec                  
[ 12]  23.00-24.00  sec  2.64 MBytes  22.1 Mbits/sec                  
[ 14]  23.00-24.00  sec  2.84 MBytes  23.8 Mbits/sec                  
[SUM]  23.00-24.00  sec  13.1 MBytes   109 Mbits/sec                  
- - - - - - - - - - - - - - - - - - - - - - - - -
[  6]  24.00-25.00  sec   732 KBytes  6.00 Mbits/sec                  
[  8]  24.00-25.00  sec   362 KBytes  2.97 Mbits/sec                  
[ 10]  24.00-25.00  sec   325 KBytes  2.66 Mbits/sec                  
[ 12]  24.00-25.00  sec   656 KBytes  5.38 Mbits/sec                  
[ 14]  24.00-25.00  sec   587 KBytes  4.81 Mbits/sec                  
[SUM]  24.00-25.00  sec  2.60 MBytes  21.8 Mbits/sec                  
- - - - - - - - - - - - - - - - - - - - - - - - -
[  6]  25.00-26.00  sec  1.30 MBytes  10.9 Mbits/sec                  
[  8]  25.00-26.00  sec   615 KBytes  5.04 Mbits/sec                  
[ 10]  25.00-26.00  sec   660 KBytes  5.41 Mbits/sec                  
[ 12]  25.00-26.00  sec   713 KBytes  5.84 Mbits/sec                  
[ 14]  25.00-26.00  sec   932 KBytes  7.63 Mbits/sec                  
[SUM]  25.00-26.00  sec  4.15 MBytes  34.8 Mbits/sec                  
- - - - - - - - - - - - - - - - - - - - - - - - -
[  6]  26.00-27.00  sec  1.18 MBytes  9.89 Mbits/sec                  
[  8]  26.00-27.00  sec   782 KBytes  6.41 Mbits/sec                  
[ 10]  26.00-27.00  sec   983 KBytes  8.05 Mbits/sec                  
[ 12]  26.00-27.00  sec   819 KBytes  6.71 Mbits/sec                  
[ 14]  26.00-27.00  sec   976 KBytes  7.99 Mbits/sec                  
[SUM]  26.00-27.00  sec  4.66 MBytes  39.1 Mbits/sec                  
- - - - - - - - - - - - - - - - - - - - - - - - -
[  6]  27.00-28.00  sec  2.90 MBytes  24.3 Mbits/sec                  
[  8]  27.00-28.00  sec  2.06 MBytes  17.3 Mbits/sec                  
[ 10]  27.00-28.00  sec  1.74 MBytes  14.6 Mbits/sec                  
[ 12]  27.00-28.00  sec  1.83 MBytes  15.4 Mbits/sec                  
[ 14]  27.00-28.00  sec  2.03 MBytes  17.0 Mbits/sec                  
[SUM]  27.00-28.00  sec  10.6 MBytes  88.6 Mbits/sec                  
- - - - - - - - - - - - - - - - - - - - - - - - -
[  6]  28.00-29.00  sec  3.04 MBytes  25.5 Mbits/sec                  
[  8]  28.00-29.00  sec  2.92 MBytes  24.5 Mbits/sec                  
[ 10]  28.00-29.00  sec  4.20 MBytes  35.2 Mbits/sec                  
[ 12]  28.00-29.00  sec  4.64 MBytes  38.9 Mbits/sec                  
[ 14]  28.00-29.00  sec  2.39 MBytes  20.1 Mbits/sec                  
[SUM]  28.00-29.00  sec  17.2 MBytes   144 Mbits/sec                  
- - - - - - - - - - - - - - - - - - - - - - - - -
[  6]  29.00-30.00  sec  2.64 MBytes  22.2 Mbits/sec                  
[  8]  29.00-30.00  sec  3.57 MBytes  30.0 Mbits/sec                  
[ 10]  29.00-30.00  sec  4.00 MBytes  33.5 Mbits/sec                  
[ 12]  29.00-30.00  sec  4.16 MBytes  34.9 Mbits/sec                  
[ 14]  29.00-30.00  sec  3.45 MBytes  28.9 Mbits/sec                  
[SUM]  29.00-30.00  sec  17.8 MBytes   149 Mbits/sec                  
- - - - - - - - - - - - - - - - - - - - - - - - -
[ ID] Interval           Transfer     Bitrate         Retr
[  6]   0.00-30.02  sec  86.5 MBytes  24.2 Mbits/sec  118             sender
[  6]   0.00-30.00  sec  86.1 MBytes  24.1 Mbits/sec                  receiver
[  8]   0.00-30.02  sec  74.5 MBytes  20.8 Mbits/sec  110             sender
[  8]   0.00-30.00  sec  74.1 MBytes  20.7 Mbits/sec                  receiver
[ 10]   0.00-30.02  sec  84.8 MBytes  23.7 Mbits/sec   93             sender
[ 10]   0.00-30.00  sec  84.2 MBytes  23.5 Mbits/sec                  receiver
[ 12]   0.00-30.02  sec  84.0 MBytes  23.5 Mbits/sec   98             sender
[ 12]   0.00-30.00  sec  83.2 MBytes  23.3 Mbits/sec                  receiver
[ 14]   0.00-30.02  sec  89.8 MBytes  25.1 Mbits/sec  134             sender
[ 14]   0.00-30.00  sec  89.2 MBytes  24.9 Mbits/sec                  receiver
[SUM]   0.00-30.02  sec   420 MBytes   117 Mbits/sec  553             sender
[SUM]   0.00-30.00  sec   417 MBytes   117 Mbits/sec                  receiver

iperf Done.
