Connecting to host 192.168.0.104, port 5201
[  6] local 192.168.0.168 port 42536 connected to 192.168.0.104 port 5201
[  8] local 192.168.0.168 port 42540 connected to 192.168.0.104 port 5201
[ 10] local 192.168.0.168 port 42552 connected to 192.168.0.104 port 5201
[ 12] local 192.168.0.168 port 42568 connected to 192.168.0.104 port 5201
[ 14] local 192.168.0.168 port 42582 connected to 192.168.0.104 port 5201
[ ID] Interval           Transfer     Bitrate         Retr  Cwnd
[  6]   0.00-1.00   sec  2.41 MBytes  20.2 Mbits/sec    1    320 KBytes       
[  8]   0.00-1.00   sec  4.16 MBytes  34.9 Mbits/sec    0    598 KBytes       
[ 10]   0.00-1.00   sec  4.22 MBytes  35.4 Mbits/sec    1    529 KBytes       
[ 12]   0.00-1.00   sec  1.01 MBytes  8.49 Mbits/sec    0   99.0 KBytes       
[ 14]   0.00-1.00   sec  2.05 MBytes  17.2 Mbits/sec    2    338 KBytes       
[SUM]   0.00-1.00   sec  13.8 MBytes   116 Mbits/sec    4             
- - - - - - - - - - - - - - - - - - - - - - - - -
[  6]   1.00-2.00   sec   700 KBytes  5.73 Mbits/sec    0    341 KBytes       
[  8]   1.00-2.00   sec  1.24 MBytes  10.4 Mbits/sec    0    638 KBytes       
[ 10]   1.00-2.00   sec  1.12 MBytes  9.38 Mbits/sec    0    564 KBytes       
[ 12]   1.00-2.00   sec   255 KBytes  2.08 Mbits/sec    0    105 KBytes       
[ 14]   1.00-2.00   sec   827 KBytes  6.77 Mbits/sec    0    361 KBytes       
[SUM]   1.00-2.00   sec  4.10 MBytes  34.4 Mbits/sec    0             
- - - - - - - - - - - - - - - - - - - - - - - - -
[  6]   2.00-3.00   sec  3.11 MBytes  26.1 Mbits/sec    0    409 KBytes       
[  8]   2.00-3.00   sec  5.00 MBytes  42.0 Mbits/sec    0    660 KBytes       
[ 10]   2.00-3.00   sec  3.68 MBytes  30.9 Mbits/sec    0    645 KBytes       
[ 12]   2.00-3.00   sec  1.06 MBytes  8.86 Mbits/sec    0    130 KBytes       
[ 14]   2.00-3.00   sec  3.48 MBytes  29.2 Mbits/sec    0    426 KBytes       
[SUM]   2.00-3.00   sec  16.3 MBytes   137 Mbits/sec    0             
- - - - - - - - - - - - - - - - - - - - - - - - -
[  6]   3.00-4.00   sec  4.91 MBytes  41.2 Mbits/sec    0    501 KBytes       
[  8]   3.00-4.00   sec  3.75 MBytes  31.5 Mbits/sec    0    699 KBytes       
[ 10]   3.00-4.00   sec  5.00 MBytes  41.9 Mbits/sec    0    683 KBytes       
[ 12]   3.00-4.00   sec  2.11 MBytes  17.7 Mbits/sec    0    189 KBytes       
[ 14]   3.00-4.00   sec  4.10 MBytes  34.4 Mbits/sec    0    509 KBytes       
[SUM]   3.00-4.00   sec  19.9 MBytes   167 Mbits/sec    0             
- - - - - - - - - - - - - - - - - - - - - - - - -
[  6]   4.00-5.00   sec  3.36 MBytes  28.1 Mbits/sec    0    530 KBytes       
[  8]   4.00-5.00   sec  5.00 MBytes  41.9 Mbits/sec    0    731 KBytes       
[ 10]   4.00-5.00   sec  3.75 MBytes  31.5 Mbits/sec    0    718 KBytes       
[ 12]   4.00-5.00   sec  3.11 MBytes  26.1 Mbits/sec    0    283 KBytes       
[ 14]   4.00-5.00   sec  4.66 MBytes  39.1 Mbits/sec    0    537 KBytes       
[SUM]   4.00-5.00   sec  19.9 MBytes   167 Mbits/sec    0             
- - - - - - - - - - - - - - - - - - - - - - - - -
[  6]   5.00-6.00   sec  4.41 MBytes  37.0 Mbits/sec    0    576 KBytes       
[  8]   5.00-6.00   sec  3.75 MBytes  31.5 Mbits/sec    0    731 KBytes       
[ 10]   5.00-6.00   sec  3.75 MBytes  31.5 Mbits/sec    0    718 KBytes       
[ 12]   5.00-6.00   sec  4.35 MBytes  36.5 Mbits/sec    0    378 KBytes       
[ 14]   5.00-6.00   sec  3.36 MBytes  28.2 Mbits/sec    0    556 KBytes       
[SUM]   5.00-6.00   sec  19.6 MBytes   165 Mbits/sec    0             
- - - - - - - - - - - - - - - - - - - - - - - - -
[  6]   6.00-7.00   sec  4.92 MBytes  41.3 Mbits/sec    0    645 KBytes       
[  8]   6.00-7.00   sec  3.75 MBytes  31.5 Mbits/sec    0    769 KBytes       
[ 10]   6.00-7.00   sec  3.75 MBytes  31.5 Mbits/sec    0    757 KBytes       
[ 12]   6.00-7.00   sec  3.36 MBytes  28.1 Mbits/sec    0    434 KBytes       
[ 14]   6.00-7.00   sec  4.85 MBytes  40.7 Mbits/sec    0    625 KBytes       
[SUM]   6.00-7.00   sec  20.6 MBytes   173 Mbits/sec    0             
- - - - - - - - - - - - - - - - - - - - - - - - -
[  6]   7.00-8.00   sec  3.75 MBytes  31.5 Mbits/sec    0    645 KBytes       
[  8]   7.00-8.00   sec  5.00 MBytes  41.9 Mbits/sec    0    769 KBytes       
[ 10]   7.00-8.00   sec  5.00 MBytes  41.9 Mbits/sec    0    757 KBytes       
[ 12]   7.00-8.00   sec  4.10 MBytes  34.4 Mbits/sec    0    516 KBytes       
[ 14]   7.00-8.00   sec  3.75 MBytes  31.5 Mbits/sec    0    653 KBytes       
[SUM]   7.00-8.00   sec  21.6 MBytes   181 Mbits/sec    0             
- - - - - - - - - - - - - - - - - - - - - - - - -
[  6]   8.00-9.00   sec  3.75 MBytes  31.5 Mbits/sec    0    711 KBytes       
[  8]   8.00-9.00   sec  3.75 MBytes  31.5 Mbits/sec    0    805 KBytes       
[ 10]   8.00-9.00   sec  3.75 MBytes  31.5 Mbits/sec    0    814 KBytes       
[ 12]   8.00-9.00   sec  4.78 MBytes  40.1 Mbits/sec    0    619 KBytes       
[ 14]   8.00-9.00   sec  3.75 MBytes  31.5 Mbits/sec    0    742 KBytes       
[SUM]   8.00-9.00   sec  19.8 MBytes   166 Mbits/sec    0             
- - - - - - - - - - - - - - - - - - - - - - - - -
[  6]   9.00-10.00  sec  2.50 MBytes  21.0 Mbits/sec    0    711 KBytes       
[  8]   9.00-10.00  sec  2.50 MBytes  21.0 Mbits/sec    0    805 KBytes       
[ 10]   9.00-10.00  sec  2.50 MBytes  21.0 Mbits/sec    0    814 KBytes       
[ 12]   9.00-10.00  sec  2.49 MBytes  20.9 Mbits/sec    0    619 KBytes       
[ 14]   9.00-10.00  sec  3.75 MBytes  31.5 Mbits/sec    0    742 KBytes       
[SUM]   9.00-10.00  sec  13.7 MBytes   115 Mbits/sec    0             
- - - - - - - - - - - - - - - - - - - - - - - - -
[  6]  10.00-11.00  sec  3.75 MBytes  31.5 Mbits/sec    0    711 KBytes       
[  8]  10.00-11.00  sec  3.75 MBytes  31.5 Mbits/sec    0    805 KBytes       
[ 10]  10.00-11.00  sec  3.75 MBytes  31.5 Mbits/sec    0    814 KBytes       
[ 12]  10.00-11.00  sec  3.73 MBytes  31.3 Mbits/sec    0    619 KBytes       
[ 14]  10.00-11.00  sec  3.75 MBytes  31.5 Mbits/sec    0    742 KBytes       
[SUM]  10.00-11.00  sec  18.7 MBytes   157 Mbits/sec    0             
- - - - - - - - - - - - - - - - - - - - - - - - -
[  6]  11.00-12.00  sec  3.75 MBytes  31.5 Mbits/sec    0    711 KBytes       
[  8]  11.00-12.00  sec  2.50 MBytes  21.0 Mbits/sec    0    805 KBytes       
[ 10]  11.00-12.00  sec  3.75 MBytes  31.5 Mbits/sec    0    814 KBytes       
[ 12]  11.00-12.00  sec  2.49 MBytes  20.9 Mbits/sec    0    619 KBytes       
[ 14]  11.00-12.00  sec  2.50 MBytes  21.0 Mbits/sec    0    742 KBytes       
[SUM]  11.00-12.00  sec  15.0 MBytes   126 Mbits/sec    0             
- - - - - - - - - - - - - - - - - - - - - - - - -
[  6]  12.00-13.00  sec  3.75 MBytes  31.5 Mbits/sec    0   1.26 MBytes       
[  8]  12.00-13.00  sec  5.00 MBytes  41.9 Mbits/sec    0   1.45 MBytes       
[ 10]  12.00-13.00  sec  3.75 MBytes  31.5 Mbits/sec    0   1.19 MBytes       
[ 12]  12.00-13.00  sec  5.00 MBytes  41.9 Mbits/sec    0   1.08 MBytes       
[ 14]  12.00-13.00  sec  5.00 MBytes  41.9 Mbits/sec    0   1.20 MBytes       
[SUM]  12.00-13.00  sec  22.5 MBytes   189 Mbits/sec    0             
- - - - - - - - - - - - - - - - - - - - - - - - -
[  6]  13.00-14.00  sec  3.75 MBytes  31.5 Mbits/sec    0   1.26 MBytes       
[  8]  13.00-14.00  sec  3.75 MBytes  31.5 Mbits/sec    0   1.45 MBytes       
[ 10]  13.00-14.00  sec  2.50 MBytes  21.0 Mbits/sec    0   1.19 MBytes       
[ 12]  13.00-14.00  sec  2.50 MBytes  21.0 Mbits/sec    0   1.08 MBytes       
[ 14]  13.00-14.00  sec  2.50 MBytes  21.0 Mbits/sec    0   1.20 MBytes       
[SUM]  13.00-14.00  sec  15.0 MBytes   126 Mbits/sec    0             
- - - - - - - - - - - - - - - - - - - - - - - - -
[  6]  14.00-15.00  sec  0.00 Bytes  0.00 bits/sec    1   1.26 MBytes       
[  8]  14.00-15.00  sec  1.25 MBytes  10.5 Mbits/sec    0   1.45 MBytes       
[ 10]  14.00-15.00  sec  0.00 Bytes  0.00 bits/sec    0   1.19 MBytes       
[ 12]  14.00-15.00  sec  0.00 Bytes  0.00 bits/sec    0   1.08 MBytes       
[ 14]  14.00-15.00  sec  0.00 Bytes  0.00 bits/sec    1   1.20 MBytes       
[SUM]  14.00-15.00  sec  1.25 MBytes  10.5 Mbits/sec    2             
- - - - - - - - - - - - - - - - - - - - - - - - -
[  6]  15.00-16.00  sec  1.25 MBytes  10.5 Mbits/sec    0   1.26 MBytes       
[  8]  15.00-16.00  sec  1.25 MBytes  10.5 Mbits/sec    0   1.45 MBytes       
[ 10]  15.00-16.00  sec  1.25 MBytes  10.5 Mbits/sec    0   1.19 MBytes       
[ 12]  15.00-16.00  sec  1.25 MBytes  10.5 Mbits/sec    0   1.08 MBytes       
[ 14]  15.00-16.00  sec  1.25 MBytes  10.5 Mbits/sec    0   1.20 MBytes       
[SUM]  15.00-16.00  sec  6.25 MBytes  52.5 Mbits/sec    0             
- - - - - - - - - - - - - - - - - - - - - - - - -
[  6]  16.00-17.00  sec  1.25 MBytes  10.5 Mbits/sec    0   1.26 MBytes       
[  8]  16.00-17.00  sec  1.25 MBytes  10.5 Mbits/sec    0   1.45 MBytes       
[ 10]  16.00-17.00  sec  1.25 MBytes  10.5 Mbits/sec    0   1.19 MBytes       
[ 12]  16.00-17.00  sec  1.25 MBytes  10.5 Mbits/sec    0   1.08 MBytes       
[ 14]  16.00-17.00  sec  1.25 MBytes  10.5 Mbits/sec    0   1.20 MBytes       
[SUM]  16.00-17.00  sec  6.25 MBytes  52.4 Mbits/sec    0             
- - - - - - - - - - - - - - - - - - - - - - - - -
[  6]  17.00-18.00  sec  3.75 MBytes  31.5 Mbits/sec    0   1.26 MBytes       
[  8]  17.00-18.00  sec  3.75 MBytes  31.5 Mbits/sec    0   1.45 MBytes       
[ 10]  17.00-18.00  sec  2.50 MBytes  21.0 Mbits/sec    0   1.19 MBytes       
[ 12]  17.00-18.00  sec  2.50 MBytes  21.0 Mbits/sec    0   1.08 MBytes       
[ 14]  17.00-18.00  sec  3.75 MBytes  31.5 Mbits/sec    0   1.20 MBytes       
[SUM]  17.00-18.00  sec  16.2 MBytes   136 Mbits/sec    0             
- - - - - - - - - - - - - - - - - - - - - - - - -
[  6]  18.00-19.00  sec  3.75 MBytes  31.5 Mbits/sec    0   1.26 MBytes       
[  8]  18.00-19.00  sec  5.00 MBytes  41.9 Mbits/sec    0   1.45 MBytes       
[ 10]  18.00-19.00  sec  5.00 MBytes  41.9 Mbits/sec    0   1.19 MBytes       
[ 12]  18.00-19.00  sec  5.00 MBytes  41.9 Mbits/sec    0   1.08 MBytes       
[ 14]  18.00-19.00  sec  3.75 MBytes  31.5 Mbits/sec    0   1.20 MBytes       
[SUM]  18.00-19.00  sec  22.5 MBytes   189 Mbits/sec    0             
- - - - - - - - - - - - - - - - - - - - - - - - -
[  6]  19.00-20.00  sec  3.75 MBytes  31.5 Mbits/sec    0   1.26 MBytes       
[  8]  19.00-20.00  sec  5.00 MBytes  41.9 Mbits/sec    0   1.45 MBytes       
[ 10]  19.00-20.00  sec  3.75 MBytes  31.5 Mbits/sec    0   1.19 MBytes       
[ 12]  19.00-20.00  sec  2.50 MBytes  21.0 Mbits/sec    0   1.08 MBytes       
[ 14]  19.00-20.00  sec  3.75 MBytes  31.5 Mbits/sec    0   1.20 MBytes       
[SUM]  19.00-20.00  sec  18.8 MBytes   157 Mbits/sec    0             
- - - - - - - - - - - - - - - - - - - - - - - - -
[  6]  20.00-21.00  sec  3.75 MBytes  31.5 Mbits/sec    0   1.26 MBytes       
[  8]  20.00-21.00  sec  3.75 MBytes  31.5 Mbits/sec    0   1.45 MBytes       
[ 10]  20.00-21.00  sec  3.75 MBytes  31.5 Mbits/sec    0   1.19 MBytes       
[ 12]  20.00-21.00  sec  3.75 MBytes  31.5 Mbits/sec    0   1.08 MBytes       
[ 14]  20.00-21.00  sec  3.75 MBytes  31.5 Mbits/sec    0   1.20 MBytes       
[SUM]  20.00-21.00  sec  18.8 MBytes   157 Mbits/sec    0             
- - - - - - - - - - - - - - - - - - - - - - - - -
[  6]  21.00-22.00  sec  5.00 MBytes  41.9 Mbits/sec    0   1.26 MBytes       
[  8]  21.00-22.00  sec  6.25 MBytes  52.4 Mbits/sec    0   1.45 MBytes       
[ 10]  21.00-22.00  sec  5.00 MBytes  41.9 Mbits/sec    0   1.19 MBytes       
[ 12]  21.00-22.00  sec  3.75 MBytes  31.5 Mbits/sec    0   1.08 MBytes       
[ 14]  21.00-22.00  sec  5.00 MBytes  41.9 Mbits/sec    0   1.20 MBytes       
[SUM]  21.00-22.00  sec  25.0 MBytes   210 Mbits/sec    0             
- - - - - - - - - - - - - - - - - - - - - - - - -
[  6]  22.00-23.00  sec  5.00 MBytes  41.9 Mbits/sec    0   1.26 MBytes       
[  8]  22.00-23.00  sec  5.00 MBytes  41.9 Mbits/sec    0   1.45 MBytes       
[ 10]  22.00-23.00  sec  5.00 MBytes  41.9 Mbits/sec    0   1.19 MBytes       
[ 12]  22.00-23.00  sec  3.75 MBytes  31.5 Mbits/sec    0   1.08 MBytes       
[ 14]  22.00-23.00  sec  5.00 MBytes  41.9 Mbits/sec    0   1.20 MBytes       
[SUM]  22.00-23.00  sec  23.8 MBytes   199 Mbits/sec    0             
- - - - - - - - - - - - - - - - - - - - - - - - -
[  6]  23.00-24.00  sec  6.25 MBytes  52.4 Mbits/sec    0   1.26 MBytes       
[  8]  23.00-24.00  sec  6.25 MBytes  52.4 Mbits/sec    0   1.45 MBytes       
[ 10]  23.00-24.00  sec  5.00 MBytes  41.9 Mbits/sec    0   1.19 MBytes       
[ 12]  23.00-24.00  sec  5.00 MBytes  41.9 Mbits/sec    0   1.08 MBytes       
[ 14]  23.00-24.00  sec  5.00 MBytes  41.9 Mbits/sec    0   1.20 MBytes       
[SUM]  23.00-24.00  sec  27.5 MBytes   231 Mbits/sec    0             
- - - - - - - - - - - - - - - - - - - - - - - - -
[  6]  24.00-25.00  sec  5.00 MBytes  41.9 Mbits/sec    0   1.26 MBytes       
[  8]  24.00-25.00  sec  5.00 MBytes  41.9 Mbits/sec    0   1.45 MBytes       
[ 10]  24.00-25.00  sec  5.00 MBytes  41.9 Mbits/sec    0   1.19 MBytes       
[ 12]  24.00-25.00  sec  5.00 MBytes  41.9 Mbits/sec    0   1.08 MBytes       
[ 14]  24.00-25.00  sec  5.00 MBytes  41.9 Mbits/sec    0   1.20 MBytes       
[SUM]  24.00-25.00  sec  25.0 MBytes   210 Mbits/sec    0             
- - - - - - - - - - - - - - - - - - - - - - - - -
[  6]  25.00-26.00  sec  5.00 MBytes  41.9 Mbits/sec    0   1.26 MBytes       
[  8]  25.00-26.00  sec  6.25 MBytes  52.4 Mbits/sec    0   1.45 MBytes       
[ 10]  25.00-26.00  sec  5.00 MBytes  41.9 Mbits/sec    0   1.19 MBytes       
[ 12]  25.00-26.00  sec  3.75 MBytes  31.5 Mbits/sec    0   1.08 MBytes       
[ 14]  25.00-26.00  sec  5.00 MBytes  41.9 Mbits/sec    0   1.20 MBytes       
[SUM]  25.00-26.00  sec  25.0 MBytes   210 Mbits/sec    0             
- - - - - - - - - - - - - - - - - - - - - - - - -
[  6]  26.00-27.00  sec  5.00 MBytes  41.9 Mbits/sec    0   1.26 MBytes       
[  8]  26.00-27.00  sec  5.00 MBytes  41.9 Mbits/sec    0   1.45 MBytes       
[ 10]  26.00-27.00  sec  5.00 MBytes  41.9 Mbits/sec    0   1.19 MBytes       
[ 12]  26.00-27.00  sec  5.00 MBytes  41.9 Mbits/sec    0   1.08 MBytes       
[ 14]  26.00-27.00  sec  5.00 MBytes  41.9 Mbits/sec    0   1.20 MBytes       
[SUM]  26.00-27.00  sec  25.0 MBytes   210 Mbits/sec    0             
- - - - - - - - - - - - - - - - - - - - - - - - -
[  6]  27.00-28.00  sec  5.00 MBytes  41.9 Mbits/sec    0   1.26 MBytes       
[  8]  27.00-28.00  sec  5.00 MBytes  41.9 Mbits/sec    0   1.45 MBytes       
[ 10]  27.00-28.00  sec  5.00 MBytes  41.9 Mbits/sec    0   1.19 MBytes       
[ 12]  27.00-28.00  sec  3.75 MBytes  31.5 Mbits/sec    0   1.08 MBytes       
[ 14]  27.00-28.00  sec  5.00 MBytes  41.9 Mbits/sec    8    861 KBytes       
[SUM]  27.00-28.00  sec  23.8 MBytes   199 Mbits/sec    8             
- - - - - - - - - - - - - - - - - - - - - - - - -
[  6]  28.00-29.00  sec  5.00 MBytes  41.9 Mbits/sec    0   1.26 MBytes       
[  8]  28.00-29.00  sec  5.00 MBytes  41.9 Mbits/sec    0   1.45 MBytes       
[ 10]  28.00-29.00  sec  3.75 MBytes  31.5 Mbits/sec    0   1.19 MBytes       
[ 12]  28.00-29.00  sec  5.00 MBytes  41.9 Mbits/sec    0   1.08 MBytes       
[ 14]  28.00-29.00  sec  2.50 MBytes  21.0 Mbits/sec    0    861 KBytes       
[SUM]  28.00-29.00  sec  21.2 MBytes   178 Mbits/sec    0             
- - - - - - - - - - - - - - - - - - - - - - - - -
[  6]  29.00-30.00  sec  0.00 Bytes  0.00 bits/sec    1   1.26 MBytes       
[  8]  29.00-30.00  sec  1.25 MBytes  10.5 Mbits/sec    1   1.45 MBytes       
[ 10]  29.00-30.00  sec  1.25 MBytes  10.5 Mbits/sec    1   1.19 MBytes       
[ 12]  29.00-30.00  sec  0.00 Bytes  0.00 bits/sec    1   1.08 MBytes       
[ 14]  29.00-30.00  sec  0.00 Bytes  0.00 bits/sec    1    861 KBytes       
[SUM]  29.00-30.00  sec  2.50 MBytes  21.0 Mbits/sec    5             
- - - - - - - - - - - - - - - - - - - - - - - - -
[ ID] Interval           Transfer     Bitrate         Retr
[  6]   0.00-30.00  sec   108 MBytes  30.1 Mbits/sec    3             sender
[  6]   0.00-30.10  sec   105 MBytes  29.2 Mbits/sec                  receiver
[  8]   0.00-30.00  sec   119 MBytes  33.3 Mbits/sec    1             sender
[  8]   0.00-30.10  sec   116 MBytes  32.2 Mbits/sec                  receiver
[ 10]   0.00-30.00  sec   108 MBytes  30.1 Mbits/sec    2             sender
[ 10]   0.00-30.10  sec   104 MBytes  29.1 Mbits/sec                  receiver
[ 12]   0.00-30.00  sec  91.6 MBytes  25.6 Mbits/sec    1             sender
[ 12]   0.00-30.10  sec  88.4 MBytes  24.6 Mbits/sec                  receiver
[ 14]   0.00-30.00  sec   103 MBytes  28.9 Mbits/sec   12             sender
[ 14]   0.00-30.10  sec   100 MBytes  27.9 Mbits/sec                  receiver
[SUM]   0.00-30.00  sec   529 MBytes   148 Mbits/sec   19             sender
[SUM]   0.00-30.10  sec   513 MBytes   143 Mbits/sec                  receiver

iperf Done.
