Connecting to host 192.168.0.104, port 5201
Reverse mode, remote host 192.168.0.104 is sending
[  6] local 192.168.0.168 port 36306 connected to 192.168.0.104 port 5201
[  8] local 192.168.0.168 port 36314 connected to 192.168.0.104 port 5201
[ 10] local 192.168.0.168 port 36318 connected to 192.168.0.104 port 5201
[ 12] local 192.168.0.168 port 36320 connected to 192.168.0.104 port 5201
[ 14] local 192.168.0.168 port 36336 connected to 192.168.0.104 port 5201
[ ID] Interval           Transfer     Bitrate
[  6]   0.00-1.00   sec  5.72 MBytes  48.0 Mbits/sec                  
[  8]   0.00-1.00   sec  2.86 MBytes  24.0 Mbits/sec                  
[ 10]   0.00-1.00   sec  3.10 MBytes  26.0 Mbits/sec                  
[ 12]   0.00-1.00   sec  3.69 MBytes  30.9 Mbits/sec                  
[ 14]   0.00-1.00   sec  2.67 MBytes  22.4 Mbits/sec                  
[SUM]   0.00-1.00   sec  18.0 MBytes   151 Mbits/sec                  
- - - - - - - - - - - - - - - - - - - - - - - - -
[  6]   1.00-2.00   sec  3.05 MBytes  25.6 Mbits/sec                  
[  8]   1.00-2.00   sec  2.99 MBytes  25.1 Mbits/sec                  
[ 10]   1.00-2.00   sec  2.45 MBytes  20.5 Mbits/sec                  
[ 12]   1.00-2.00   sec  3.68 MBytes  30.9 Mbits/sec                  
[ 14]   1.00-2.00   sec  2.73 MBytes  22.9 Mbits/sec                  
[SUM]   1.00-2.00   sec  14.9 MBytes   125 Mbits/sec                  
- - - - - - - - - - - - - - - - - - - - - - - - -
[  6]   2.00-3.00   sec  2.57 MBytes  21.6 Mbits/sec                  
[  8]   2.00-3.00   sec  3.15 MBytes  26.5 Mbits/sec                  
[ 10]   2.00-3.00   sec  4.05 MBytes  34.0 Mbits/sec                  
[ 12]   2.00-3.00   sec  4.07 MBytes  34.1 Mbits/sec                  
[ 14]   2.00-3.00   sec  3.80 MBytes  31.9 Mbits/sec                  
[SUM]   2.00-3.00   sec  17.6 MBytes   148 Mbits/sec                  
- - - - - - - - - - - - - - - - - - - - - - - - -
[  6]   3.00-4.00   sec  3.44 MBytes  28.8 Mbits/sec                  
[  8]   3.00-4.00   sec  3.61 MBytes  30.3 Mbits/sec                  
[ 10]   3.00-4.00   sec  3.09 MBytes  25.9 Mbits/sec                  
[ 12]   3.00-4.00   sec  4.66 MBytes  39.1 Mbits/sec                  
[ 14]   3.00-4.00   sec  2.44 MBytes  20.5 Mbits/sec                  
[SUM]   3.00-4.00   sec  17.2 MBytes   145 Mbits/sec                  
- - - - - - - - - - - - - - - - - - - - - - - - -
[  6]   4.00-5.00   sec  2.88 MBytes  24.2 Mbits/sec                  
[  8]   4.00-5.00   sec  3.68 MBytes  30.8 Mbits/sec                  
[ 10]   4.00-5.00   sec  3.46 MBytes  29.1 Mbits/sec                  
[ 12]   4.00-5.00   sec  3.55 MBytes  29.8 Mbits/sec                  
[ 14]   4.00-5.00   sec  3.83 MBytes  32.2 Mbits/sec                  
[SUM]   4.00-5.00   sec  17.4 MBytes   146 Mbits/sec                  
- - - - - - - - - - - - - - - - - - - - - - - - -
[  6]   5.00-6.00   sec  2.69 MBytes  22.6 Mbits/sec                  
[  8]   5.00-6.00   sec  3.12 MBytes  26.1 Mbits/sec                  
[ 10]   5.00-6.00   sec  4.30 MBytes  36.1 Mbits/sec                  
[ 12]   5.00-6.00   sec  2.93 MBytes  24.5 Mbits/sec                  
[ 14]   5.00-6.00   sec  4.74 MBytes  39.8 Mbits/sec                  
[SUM]   5.00-6.00   sec  17.8 MBytes   149 Mbits/sec                  
- - - - - - - - - - - - - - - - - - - - - - - - -
[  6]   6.00-7.00   sec  3.74 MBytes  31.3 Mbits/sec                  
[  8]   6.00-7.00   sec  2.48 MBytes  20.8 Mbits/sec                  
[ 10]   6.00-7.00   sec  3.90 MBytes  32.7 Mbits/sec                  
[ 12]   6.00-7.00   sec  2.61 MBytes  21.9 Mbits/sec                  
[ 14]   6.00-7.00   sec  4.49 MBytes  37.7 Mbits/sec                  
[SUM]   6.00-7.00   sec  17.2 MBytes   144 Mbits/sec                  
- - - - - - - - - - - - - - - - - - - - - - - - -
[  6]   7.00-8.00   sec  1.62 MBytes  13.6 Mbits/sec                  
[  8]   7.00-8.00   sec  1.59 MBytes  13.3 Mbits/sec                  
[ 10]   7.00-8.00   sec  1.81 MBytes  15.2 Mbits/sec                  
[ 12]   7.00-8.00   sec  1.58 MBytes  13.2 Mbits/sec                  
[ 14]   7.00-8.00   sec  1.65 MBytes  13.8 Mbits/sec                  
[SUM]   7.00-8.00   sec  8.25 MBytes  69.2 Mbits/sec                  
- - - - - - - - - - - - - - - - - - - - - - - - -
[  6]   8.00-9.00   sec   273 KBytes  2.24 Mbits/sec                  
[  8]   8.00-9.00   sec   529 KBytes  4.33 Mbits/sec                  
[ 10]   8.00-9.00   sec   615 KBytes  5.04 Mbits/sec                  
[ 12]   8.00-9.00   sec   656 KBytes  5.38 Mbits/sec                  
[ 14]   8.00-9.00   sec   675 KBytes  5.53 Mbits/sec                  
[SUM]   8.00-9.00   sec  2.68 MBytes  22.5 Mbits/sec                  
- - - - - - - - - - - - - - - - - - - - - - - - -
[  6]   9.00-10.00  sec   468 KBytes  3.83 Mbits/sec                  
[  8]   9.00-10.00  sec   953 KBytes  7.81 Mbits/sec                  
[ 10]   9.00-10.00  sec   775 KBytes  6.35 Mbits/sec                  
[ 12]   9.00-10.00  sec   833 KBytes  6.82 Mbits/sec                  
[ 14]   9.00-10.00  sec   600 KBytes  4.91 Mbits/sec                  
[SUM]   9.00-10.00  sec  3.54 MBytes  29.7 Mbits/sec                  
- - - - - - - - - - - - - - - - - - - - - - - - -
[  6]  10.00-11.00  sec   619 KBytes  5.07 Mbits/sec                  
[  8]  10.00-11.00  sec   795 KBytes  6.51 Mbits/sec                  
[ 10]  10.00-11.00  sec  1.07 MBytes  8.97 Mbits/sec                  
[ 12]  10.00-11.00  sec   824 KBytes  6.75 Mbits/sec                  
[ 14]  10.00-11.00  sec   676 KBytes  5.54 Mbits/sec                  
[SUM]  10.00-11.00  sec  3.91 MBytes  32.8 Mbits/sec                  
- - - - - - - - - - - - - - - - - - - - - - - - -
[  6]  11.00-12.00  sec  1.76 MBytes  14.8 Mbits/sec                  
[  8]  11.00-12.00  sec  4.30 MBytes  36.1 Mbits/sec                  
[ 10]  11.00-12.00  sec  4.17 MBytes  35.0 Mbits/sec                  
[ 12]  11.00-12.00  sec  2.76 MBytes  23.2 Mbits/sec                  
[ 14]  11.00-12.00  sec  2.41 MBytes  20.2 Mbits/sec                  
[SUM]  11.00-12.00  sec  15.4 MBytes   129 Mbits/sec                  
- - - - - - - - - - - - - - - - - - - - - - - - -
[  6]  12.00-13.00  sec  4.24 MBytes  35.6 Mbits/sec                  
[  8]  12.00-13.00  sec  4.03 MBytes  33.8 Mbits/sec                  
[ 10]  12.00-13.00  sec  3.03 MBytes  25.4 Mbits/sec                  
[ 12]  12.00-13.00  sec  2.09 MBytes  17.5 Mbits/sec                  
[ 14]  12.00-13.00  sec  3.09 MBytes  25.9 Mbits/sec                  
[SUM]  12.00-13.00  sec  16.5 MBytes   138 Mbits/sec                  
- - - - - - - - - - - - - - - - - - - - - - - - -
[  6]  13.00-14.00  sec  2.86 MBytes  24.0 Mbits/sec                  
[  8]  13.00-14.00  sec  3.45 MBytes  28.9 Mbits/sec                  
[ 10]  13.00-14.00  sec  2.97 MBytes  24.9 Mbits/sec                  
[ 12]  13.00-14.00  sec  2.54 MBytes  21.3 Mbits/sec                  
[ 14]  13.00-14.00  sec  3.79 MBytes  31.8 Mbits/sec                  
[SUM]  13.00-14.00  sec  15.6 MBytes   131 Mbits/sec                  
- - - - - - - - - - - - - - - - - - - - - - - - -
[  6]  14.00-15.00  sec  3.52 MBytes  29.5 Mbits/sec                  
[  8]  14.00-15.00  sec  3.51 MBytes  29.5 Mbits/sec                  
[ 10]  14.00-15.00  sec  3.90 MBytes  32.7 Mbits/sec                  
[ 12]  14.00-15.00  sec  3.58 MBytes  30.0 Mbits/sec                  
[ 14]  14.00-15.00  sec  2.94 MBytes  24.7 Mbits/sec                  
[SUM]  14.00-15.00  sec  17.4 MBytes   146 Mbits/sec                  
- - - - - - - - - - - - - - - - - - - - - - - - -
[  6]  15.00-16.00  sec  2.36 MBytes  19.8 Mbits/sec                  
[  8]  15.00-16.00  sec  4.39 MBytes  36.8 Mbits/sec                  
[ 10]  15.00-16.00  sec  4.20 MBytes  35.3 Mbits/sec                  
[ 12]  15.00-16.00  sec  3.67 MBytes  30.8 Mbits/sec                  
[ 14]  15.00-16.00  sec  3.01 MBytes  25.3 Mbits/sec                  
[SUM]  15.00-16.00  sec  17.6 MBytes   148 Mbits/sec                  
- - - - - - - - - - - - - - - - - - - - - - - - -
[  6]  16.00-17.00  sec  3.29 MBytes  27.6 Mbits/sec                  
[  8]  16.00-17.00  sec  3.64 MBytes  30.6 Mbits/sec                  
[ 10]  16.00-17.00  sec  4.06 MBytes  34.1 Mbits/sec                  
[ 12]  16.00-17.00  sec  3.33 MBytes  27.9 Mbits/sec                  
[ 14]  16.00-17.00  sec  3.00 MBytes  25.1 Mbits/sec                  
[SUM]  16.00-17.00  sec  17.3 MBytes   145 Mbits/sec                  
- - - - - - - - - - - - - - - - - - - - - - - - -
[  6]  17.00-18.00  sec  4.02 MBytes  33.7 Mbits/sec                  
[  8]  17.00-18.00  sec  2.83 MBytes  23.7 Mbits/sec                  
[ 10]  17.00-18.00  sec  3.29 MBytes  27.6 Mbits/sec                  
[ 12]  17.00-18.00  sec  3.23 MBytes  27.1 Mbits/sec                  
[ 14]  17.00-18.00  sec  3.57 MBytes  30.0 Mbits/sec                  
[SUM]  17.00-18.00  sec  16.9 MBytes   142 Mbits/sec                  
- - - - - - - - - - - - - - - - - - - - - - - - -
[  6]  18.00-19.00  sec  4.92 MBytes  41.3 Mbits/sec                  
[  8]  18.00-19.00  sec  3.41 MBytes  28.6 Mbits/sec                  
[ 10]  18.00-19.00  sec  2.30 MBytes  19.3 Mbits/sec                  
[ 12]  18.00-19.00  sec  2.61 MBytes  21.9 Mbits/sec                  
[ 14]  18.00-19.00  sec  3.38 MBytes  28.4 Mbits/sec                  
[SUM]  18.00-19.00  sec  16.6 MBytes   139 Mbits/sec                  
- - - - - - - - - - - - - - - - - - - - - - - - -
[  6]  19.00-20.00  sec  3.40 MBytes  28.5 Mbits/sec                  
[  8]  19.00-20.00  sec  3.96 MBytes  33.2 Mbits/sec                  
[ 10]  19.00-20.00  sec  3.02 MBytes  25.4 Mbits/sec                  
[ 12]  19.00-20.00  sec  3.53 MBytes  29.6 Mbits/sec                  
[ 14]  19.00-20.00  sec  3.29 MBytes  27.6 Mbits/sec                  
[SUM]  19.00-20.00  sec  17.2 MBytes   144 Mbits/sec                  
- - - - - - - - - - - - - - - - - - - - - - - - -
[  6]  20.00-21.00  sec  4.57 MBytes  38.4 Mbits/sec                  
[  8]  20.00-21.00  sec  2.79 MBytes  23.4 Mbits/sec                  
[ 10]  20.00-21.00  sec  3.42 MBytes  28.7 Mbits/sec                  
[ 12]  20.00-21.00  sec  3.43 MBytes  28.8 Mbits/sec                  
[ 14]  20.00-21.00  sec  3.00 MBytes  25.2 Mbits/sec                  
[SUM]  20.00-21.00  sec  17.2 MBytes   144 Mbits/sec                  
- - - - - - - - - - - - - - - - - - - - - - - - -
[  6]  21.00-22.00  sec  3.31 MBytes  27.8 Mbits/sec                  
[  8]  21.00-22.00  sec  2.69 MBytes  22.5 Mbits/sec                  
[ 10]  21.00-22.00  sec  2.59 MBytes  21.7 Mbits/sec                  
[ 12]  21.00-22.00  sec  3.46 MBytes  29.1 Mbits/sec                  
[ 14]  21.00-22.00  sec  2.86 MBytes  24.0 Mbits/sec                  
[SUM]  21.00-22.00  sec  14.9 MBytes   125 Mbits/sec                  
- - - - - - - - - - - - - - - - - - - - - - - - -
[  6]  22.00-23.00  sec  1.96 MBytes  16.5 Mbits/sec                  
[  8]  22.00-23.00  sec  1.23 MBytes  10.3 Mbits/sec                  
[ 10]  22.00-23.00  sec  1.02 MBytes  8.55 Mbits/sec                  
[ 12]  22.00-23.00  sec  1.74 MBytes  14.6 Mbits/sec                  
[ 14]  22.00-23.00  sec  1.74 MBytes  14.6 Mbits/sec                  
[SUM]  22.00-23.00  sec  7.69 MBytes  64.5 Mbits/sec                  
- - - - - - - - - - - - - - - - - - - - - - - - -
[  6]  23.00-24.00  sec   687 KBytes  5.63 Mbits/sec                  
[  8]  23.00-24.00  sec   276 KBytes  2.26 Mbits/sec                  
[ 10]  23.00-24.00  sec   424 KBytes  3.48 Mbits/sec                  
[ 12]  23.00-24.00  sec   851 KBytes  6.97 Mbits/sec                  
[ 14]  23.00-24.00  sec   214 KBytes  1.75 Mbits/sec                  
[SUM]  23.00-24.00  sec  2.39 MBytes  20.1 Mbits/sec                  
- - - - - - - - - - - - - - - - - - - - - - - - -
[  6]  24.00-25.00  sec   686 KBytes  5.62 Mbits/sec                  
[  8]  24.00-25.00  sec   513 KBytes  4.20 Mbits/sec                  
[ 10]  24.00-25.00  sec   547 KBytes  4.48 Mbits/sec                  
[ 12]  24.00-25.00  sec  1.63 MBytes  13.7 Mbits/sec                  
[ 14]  24.00-25.00  sec   699 KBytes  5.72 Mbits/sec                  
[SUM]  24.00-25.00  sec  4.02 MBytes  33.7 Mbits/sec                  
- - - - - - - - - - - - - - - - - - - - - - - - -
[  6]  25.00-26.00  sec   863 KBytes  7.07 Mbits/sec                  
[  8]  25.00-26.00  sec   734 KBytes  6.01 Mbits/sec                  
[ 10]  25.00-26.00  sec   590 KBytes  4.83 Mbits/sec                  
[ 12]  25.00-26.00  sec  1.54 MBytes  12.9 Mbits/sec                  
[ 14]  25.00-26.00  sec   518 KBytes  4.24 Mbits/sec                  
[SUM]  25.00-26.00  sec  4.18 MBytes  35.0 Mbits/sec                  
- - - - - - - - - - - - - - - - - - - - - - - - -
[  6]  26.00-27.00  sec  3.58 MBytes  30.0 Mbits/sec                  
[  8]  26.00-27.00  sec  3.05 MBytes  25.6 Mbits/sec                  
[ 10]  26.00-27.00  sec  2.93 MBytes  24.6 Mbits/sec                  
[ 12]  26.00-27.00  sec  3.81 MBytes  32.0 Mbits/sec                  
[ 14]  26.00-27.00  sec  2.77 MBytes  23.2 Mbits/sec                  
[SUM]  26.00-27.00  sec  16.1 MBytes   135 Mbits/sec                  
- - - - - - - - - - - - - - - - - - - - - - - - -
[  6]  27.00-28.00  sec  3.52 MBytes  29.5 Mbits/sec                  
[  8]  27.00-28.00  sec  3.05 MBytes  25.6 Mbits/sec                  
[ 10]  27.00-28.00  sec  4.10 MBytes  34.4 Mbits/sec                  
[ 12]  27.00-28.00  sec  3.25 MBytes  27.3 Mbits/sec                  
[ 14]  27.00-28.00  sec  3.46 MBytes  29.1 Mbits/sec                  
[SUM]  27.00-28.00  sec  17.4 MBytes   146 Mbits/sec                  
- - - - - - - - - - - - - - - - - - - - - - - - -
[  6]  28.00-29.00  sec  4.26 MBytes  35.7 Mbits/sec                  
[  8]  28.00-29.00  sec  2.66 MBytes  22.3 Mbits/sec                  
[ 10]  28.00-29.00  sec  3.48 MBytes  29.2 Mbits/sec                  
[ 12]  28.00-29.00  sec  3.75 MBytes  31.4 Mbits/sec                  
[ 14]  28.00-29.00  sec  2.50 MBytes  20.9 Mbits/sec                  
[SUM]  28.00-29.00  sec  16.6 MBytes   140 Mbits/sec                  
- - - - - - - - - - - - - - - - - - - - - - - - -
[  6]  29.00-30.00  sec  3.99 MBytes  33.4 Mbits/sec                  
[  8]  29.00-30.00  sec  2.89 MBytes  24.2 Mbits/sec                  
[ 10]  29.00-30.00  sec  2.45 MBytes  20.6 Mbits/sec                  
[ 12]  29.00-30.00  sec  3.14 MBytes  26.4 Mbits/sec                  
[ 14]  29.00-30.00  sec  3.37 MBytes  28.2 Mbits/sec                  
[SUM]  29.00-30.00  sec  15.8 MBytes   133 Mbits/sec                  
- - - - - - - - - - - - - - - - - - - - - - - - -
[ ID] Interval           Transfer     Bitrate         Retr
[  6]   0.00-30.02  sec  85.3 MBytes  23.8 Mbits/sec  145             sender
[  6]   0.00-30.00  sec  84.8 MBytes  23.7 Mbits/sec                  receiver
[  8]   0.00-30.02  sec  79.6 MBytes  22.2 Mbits/sec  153             sender
[  8]   0.00-30.00  sec  79.1 MBytes  22.1 Mbits/sec                  receiver
[ 10]   0.00-30.02  sec  81.9 MBytes  22.9 Mbits/sec  129             sender
[ 10]   0.00-30.00  sec  81.1 MBytes  22.7 Mbits/sec                  receiver
[ 12]   0.00-30.02  sec  83.5 MBytes  23.3 Mbits/sec  153             sender
[ 12]   0.00-30.00  sec  82.9 MBytes  23.2 Mbits/sec                  receiver
[ 14]   0.00-30.02  sec  78.3 MBytes  21.9 Mbits/sec  116             sender
[ 14]   0.00-30.00  sec  77.8 MBytes  21.8 Mbits/sec                  receiver
[SUM]   0.00-30.02  sec   408 MBytes   114 Mbits/sec  696             sender
[SUM]   0.00-30.00  sec   406 MBytes   113 Mbits/sec                  receiver

iperf Done.
