Connecting to host 192.168.0.104, port 5201
Reverse mode, remote host 192.168.0.104 is sending
[  6] local 192.168.0.168 port 48966 connected to 192.168.0.104 port 5201
[  8] local 192.168.0.168 port 48970 connected to 192.168.0.104 port 5201
[ 10] local 192.168.0.168 port 48984 connected to 192.168.0.104 port 5201
[ 12] local 192.168.0.168 port 48990 connected to 192.168.0.104 port 5201
[ 14] local 192.168.0.168 port 49004 connected to 192.168.0.104 port 5201
[ ID] Interval           Transfer     Bitrate
[  6]   0.00-1.00   sec  3.55 MBytes  29.8 Mbits/sec                  
[  8]   0.00-1.00   sec  2.79 MBytes  23.4 Mbits/sec                  
[ 10]   0.00-1.00   sec  1.83 MBytes  15.3 Mbits/sec                  
[ 12]   0.00-1.00   sec  3.42 MBytes  28.7 Mbits/sec                  
[ 14]   0.00-1.00   sec  3.59 MBytes  30.2 Mbits/sec                  
[SUM]   0.00-1.00   sec  15.2 MBytes   127 Mbits/sec                  
- - - - - - - - - - - - - - - - - - - - - - - - -
[  6]   1.00-2.00   sec  2.93 MBytes  24.5 Mbits/sec                  
[  8]   1.00-2.00   sec  2.44 MBytes  20.5 Mbits/sec                  
[ 10]   1.00-2.00   sec  2.72 MBytes  22.8 Mbits/sec                  
[ 12]   1.00-2.00   sec  2.91 MBytes  24.4 Mbits/sec                  
[ 14]   1.00-2.00   sec  2.16 MBytes  18.1 Mbits/sec                  
[SUM]   1.00-2.00   sec  13.2 MBytes   110 Mbits/sec                  
- - - - - - - - - - - - - - - - - - - - - - - - -
[  6]   2.00-3.00   sec  2.88 MBytes  24.2 Mbits/sec                  
[  8]   2.00-3.00   sec  4.00 MBytes  33.5 Mbits/sec                  
[ 10]   2.00-3.00   sec  2.86 MBytes  24.0 Mbits/sec                  
[ 12]   2.00-3.00   sec  3.87 MBytes  32.4 Mbits/sec                  
[ 14]   2.00-3.00   sec  3.42 MBytes  28.7 Mbits/sec                  
[SUM]   2.00-3.00   sec  17.0 MBytes   143 Mbits/sec                  
- - - - - - - - - - - - - - - - - - - - - - - - -
[  6]   3.00-4.00   sec  4.55 MBytes  38.1 Mbits/sec                  
[  8]   3.00-4.00   sec  3.17 MBytes  26.6 Mbits/sec                  
[ 10]   3.00-4.00   sec  3.96 MBytes  33.3 Mbits/sec                  
[ 12]   3.00-4.00   sec  3.45 MBytes  28.9 Mbits/sec                  
[ 14]   3.00-4.00   sec  2.49 MBytes  20.9 Mbits/sec                  
[SUM]   3.00-4.00   sec  17.6 MBytes   148 Mbits/sec                  
- - - - - - - - - - - - - - - - - - - - - - - - -
[  6]   4.00-5.00   sec  3.03 MBytes  25.4 Mbits/sec                  
[  8]   4.00-5.00   sec  2.81 MBytes  23.6 Mbits/sec                  
[ 10]   4.00-5.00   sec  2.71 MBytes  22.8 Mbits/sec                  
[ 12]   4.00-5.00   sec  4.85 MBytes  40.7 Mbits/sec                  
[ 14]   4.00-5.00   sec  4.37 MBytes  36.7 Mbits/sec                  
[SUM]   4.00-5.00   sec  17.8 MBytes   149 Mbits/sec                  
- - - - - - - - - - - - - - - - - - - - - - - - -
[  6]   5.00-6.00   sec  3.07 MBytes  25.8 Mbits/sec                  
[  8]   5.00-6.00   sec  5.97 MBytes  50.1 Mbits/sec                  
[ 10]   5.00-6.00   sec  3.19 MBytes  26.7 Mbits/sec                  
[ 12]   5.00-6.00   sec  3.05 MBytes  25.6 Mbits/sec                  
[ 14]   5.00-6.00   sec  2.80 MBytes  23.5 Mbits/sec                  
[SUM]   5.00-6.00   sec  18.1 MBytes   152 Mbits/sec                  
- - - - - - - - - - - - - - - - - - - - - - - - -
[  6]   6.00-7.00   sec   655 KBytes  5.36 Mbits/sec                  
[  8]   6.00-7.00   sec   648 KBytes  5.31 Mbits/sec                  
[ 10]   6.00-7.00   sec   618 KBytes  5.06 Mbits/sec                  
[ 12]   6.00-7.00   sec   396 KBytes  3.24 Mbits/sec                  
[ 14]   6.00-7.00   sec   433 KBytes  3.54 Mbits/sec                  
[SUM]   6.00-7.00   sec  2.68 MBytes  22.5 Mbits/sec                  
- - - - - - - - - - - - - - - - - - - - - - - - -
[  6]   7.00-8.00   sec   568 KBytes  4.66 Mbits/sec                  
[  8]   7.00-8.00   sec   499 KBytes  4.09 Mbits/sec                  
[ 10]   7.00-8.00   sec   783 KBytes  6.42 Mbits/sec                  
[ 12]   7.00-8.00   sec   697 KBytes  5.71 Mbits/sec                  
[ 14]   7.00-8.00   sec   904 KBytes  7.40 Mbits/sec                  
[SUM]   7.00-8.00   sec  3.37 MBytes  28.3 Mbits/sec                  
- - - - - - - - - - - - - - - - - - - - - - - - -
[  6]   8.00-9.00   sec   878 KBytes  7.19 Mbits/sec                  
[  8]   8.00-9.00   sec   540 KBytes  4.43 Mbits/sec                  
[ 10]   8.00-9.00   sec  1.01 MBytes  8.43 Mbits/sec                  
[ 12]   8.00-9.00   sec   690 KBytes  5.65 Mbits/sec                  
[ 14]   8.00-9.00   sec   905 KBytes  7.41 Mbits/sec                  
[SUM]   8.00-9.00   sec  3.95 MBytes  33.1 Mbits/sec                  
- - - - - - - - - - - - - - - - - - - - - - - - -
[  6]   9.00-10.00  sec  1.72 MBytes  14.4 Mbits/sec                  
[  8]   9.00-10.00  sec   969 KBytes  7.94 Mbits/sec                  
[ 10]   9.00-10.00  sec  1.41 MBytes  11.9 Mbits/sec                  
[ 12]   9.00-10.00  sec  1.29 MBytes  10.9 Mbits/sec                  
[ 14]   9.00-10.00  sec   878 KBytes  7.19 Mbits/sec                  
[SUM]   9.00-10.00  sec  6.23 MBytes  52.3 Mbits/sec                  
- - - - - - - - - - - - - - - - - - - - - - - - -
[  6]  10.00-11.00  sec  3.70 MBytes  31.1 Mbits/sec                  
[  8]  10.00-11.00  sec  2.55 MBytes  21.4 Mbits/sec                  
[ 10]  10.00-11.00  sec  1.92 MBytes  16.1 Mbits/sec                  
[ 12]  10.00-11.00  sec  4.61 MBytes  38.7 Mbits/sec                  
[ 14]  10.00-11.00  sec  3.26 MBytes  27.3 Mbits/sec                  
[SUM]  10.00-11.00  sec  16.0 MBytes   135 Mbits/sec                  
- - - - - - - - - - - - - - - - - - - - - - - - -
[  6]  11.00-12.00  sec  4.73 MBytes  39.7 Mbits/sec                  
[  8]  11.00-12.00  sec  3.11 MBytes  26.1 Mbits/sec                  
[ 10]  11.00-12.00  sec  2.86 MBytes  24.0 Mbits/sec                  
[ 12]  11.00-12.00  sec  2.86 MBytes  24.0 Mbits/sec                  
[ 14]  11.00-12.00  sec  2.93 MBytes  24.6 Mbits/sec                  
[SUM]  11.00-12.00  sec  16.5 MBytes   138 Mbits/sec                  
- - - - - - - - - - - - - - - - - - - - - - - - -
[  6]  12.00-13.00  sec  3.86 MBytes  32.4 Mbits/sec                  
[  8]  12.00-13.00  sec  3.48 MBytes  29.2 Mbits/sec                  
[ 10]  12.00-13.00  sec  3.32 MBytes  27.9 Mbits/sec                  
[ 12]  12.00-13.00  sec  4.08 MBytes  34.2 Mbits/sec                  
[ 14]  12.00-13.00  sec  2.98 MBytes  25.0 Mbits/sec                  
[SUM]  12.00-13.00  sec  17.7 MBytes   149 Mbits/sec                  
- - - - - - - - - - - - - - - - - - - - - - - - -
[  6]  13.00-14.00  sec  3.82 MBytes  32.1 Mbits/sec                  
[  8]  13.00-14.00  sec  2.37 MBytes  19.9 Mbits/sec                  
[ 10]  13.00-14.00  sec  2.53 MBytes  21.2 Mbits/sec                  
[ 12]  13.00-14.00  sec  5.01 MBytes  42.0 Mbits/sec                  
[ 14]  13.00-14.00  sec  4.21 MBytes  35.4 Mbits/sec                  
[SUM]  13.00-14.00  sec  17.9 MBytes   151 Mbits/sec                  
- - - - - - - - - - - - - - - - - - - - - - - - -
[  6]  14.00-15.00  sec  4.43 MBytes  37.2 Mbits/sec                  
[  8]  14.00-15.00  sec  2.18 MBytes  18.3 Mbits/sec                  
[ 10]  14.00-15.00  sec  3.17 MBytes  26.6 Mbits/sec                  
[ 12]  14.00-15.00  sec  2.87 MBytes  24.1 Mbits/sec                  
[ 14]  14.00-15.00  sec  4.41 MBytes  37.0 Mbits/sec                  
[SUM]  14.00-15.00  sec  17.1 MBytes   143 Mbits/sec                  
- - - - - - - - - - - - - - - - - - - - - - - - -
[  6]  15.00-16.00  sec  4.02 MBytes  33.7 Mbits/sec                  
[  8]  15.00-16.00  sec  3.39 MBytes  28.4 Mbits/sec                  
[ 10]  15.00-16.00  sec  3.58 MBytes  30.0 Mbits/sec                  
[ 12]  15.00-16.00  sec  1.71 MBytes  14.3 Mbits/sec                  
[ 14]  15.00-16.00  sec  3.89 MBytes  32.7 Mbits/sec                  
[SUM]  15.00-16.00  sec  16.6 MBytes   139 Mbits/sec                  
- - - - - - - - - - - - - - - - - - - - - - - - -
[  6]  16.00-17.00  sec  4.09 MBytes  34.3 Mbits/sec                  
[  8]  16.00-17.00  sec  4.00 MBytes  33.6 Mbits/sec                  
[ 10]  16.00-17.00  sec  4.82 MBytes  40.4 Mbits/sec                  
[ 12]  16.00-17.00  sec  1.95 MBytes  16.3 Mbits/sec                  
[ 14]  16.00-17.00  sec  2.77 MBytes  23.3 Mbits/sec                  
[SUM]  16.00-17.00  sec  17.6 MBytes   148 Mbits/sec                  
- - - - - - - - - - - - - - - - - - - - - - - - -
[  6]  17.00-18.00  sec  3.98 MBytes  33.4 Mbits/sec                  
[  8]  17.00-18.00  sec  2.41 MBytes  20.2 Mbits/sec                  
[ 10]  17.00-18.00  sec  3.80 MBytes  31.9 Mbits/sec                  
[ 12]  17.00-18.00  sec  3.16 MBytes  26.5 Mbits/sec                  
[ 14]  17.00-18.00  sec  3.57 MBytes  30.0 Mbits/sec                  
[SUM]  17.00-18.00  sec  16.9 MBytes   142 Mbits/sec                  
- - - - - - - - - - - - - - - - - - - - - - - - -
[  6]  18.00-19.00  sec  2.84 MBytes  23.8 Mbits/sec                  
[  8]  18.00-19.00  sec  2.46 MBytes  20.6 Mbits/sec                  
[ 10]  18.00-19.00  sec  4.09 MBytes  34.3 Mbits/sec                  
[ 12]  18.00-19.00  sec  3.55 MBytes  29.8 Mbits/sec                  
[ 14]  18.00-19.00  sec  3.69 MBytes  30.9 Mbits/sec                  
[SUM]  18.00-19.00  sec  16.6 MBytes   139 Mbits/sec                  
- - - - - - - - - - - - - - - - - - - - - - - - -
[  6]  19.00-20.00  sec  3.04 MBytes  25.5 Mbits/sec                  
[  8]  19.00-20.00  sec  3.58 MBytes  30.1 Mbits/sec                  
[ 10]  19.00-20.00  sec  3.03 MBytes  25.4 Mbits/sec                  
[ 12]  19.00-20.00  sec  3.78 MBytes  31.7 Mbits/sec                  
[ 14]  19.00-20.00  sec  3.74 MBytes  31.4 Mbits/sec                  
[SUM]  19.00-20.00  sec  17.2 MBytes   144 Mbits/sec                  
- - - - - - - - - - - - - - - - - - - - - - - - -
[  6]  20.00-21.00  sec  3.14 MBytes  26.3 Mbits/sec                  
[  8]  20.00-21.00  sec  3.46 MBytes  29.0 Mbits/sec                  
[ 10]  20.00-21.00  sec  3.64 MBytes  30.6 Mbits/sec                  
[ 12]  20.00-21.00  sec  2.72 MBytes  22.8 Mbits/sec                  
[ 14]  20.00-21.00  sec  2.72 MBytes  22.8 Mbits/sec                  
[SUM]  20.00-21.00  sec  15.7 MBytes   132 Mbits/sec                  
- - - - - - - - - - - - - - - - - - - - - - - - -
[  6]  21.00-22.00  sec   667 KBytes  5.47 Mbits/sec                  
[  8]  21.00-22.00  sec  1.03 MBytes  8.63 Mbits/sec                  
[ 10]  21.00-22.00  sec   966 KBytes  7.91 Mbits/sec                  
[ 12]  21.00-22.00  sec   434 KBytes  3.56 Mbits/sec                  
[ 14]  21.00-22.00  sec   744 KBytes  6.09 Mbits/sec                  
[SUM]  21.00-22.00  sec  3.77 MBytes  31.7 Mbits/sec                  
- - - - - - - - - - - - - - - - - - - - - - - - -
[  6]  22.00-23.00  sec   503 KBytes  4.12 Mbits/sec                  
[  8]  22.00-23.00  sec  1.28 MBytes  10.7 Mbits/sec                  
[ 10]  22.00-23.00  sec   436 KBytes  3.57 Mbits/sec                  
[ 12]  22.00-23.00  sec   318 KBytes  2.61 Mbits/sec                  
[ 14]  22.00-23.00  sec   738 KBytes  6.05 Mbits/sec                  
[SUM]  22.00-23.00  sec  3.23 MBytes  27.1 Mbits/sec                  
- - - - - - - - - - - - - - - - - - - - - - - - -
[  6]  23.00-24.00  sec   460 KBytes  3.77 Mbits/sec                  
[  8]  23.00-24.00  sec  1.54 MBytes  12.9 Mbits/sec                  
[ 10]  23.00-24.00  sec   645 KBytes  5.28 Mbits/sec                  
[ 12]  23.00-24.00  sec   520 KBytes  4.26 Mbits/sec                  
[ 14]  23.00-24.00  sec   742 KBytes  6.08 Mbits/sec                  
[SUM]  23.00-24.00  sec  3.85 MBytes  32.3 Mbits/sec                  
- - - - - - - - - - - - - - - - - - - - - - - - -
[  6]  24.00-25.00  sec  1.05 MBytes  8.82 Mbits/sec                  
[  8]  24.00-25.00  sec  1.36 MBytes  11.4 Mbits/sec                  
[ 10]  24.00-25.00  sec  1.24 MBytes  10.4 Mbits/sec                  
[ 12]  24.00-25.00  sec  1.09 MBytes  9.16 Mbits/sec                  
[ 14]  24.00-25.00  sec  1.05 MBytes  8.80 Mbits/sec                  
[SUM]  24.00-25.00  sec  5.79 MBytes  48.6 Mbits/sec                  
- - - - - - - - - - - - - - - - - - - - - - - - -
[  6]  25.00-26.00  sec  3.00 MBytes  25.2 Mbits/sec                  
[  8]  25.00-26.00  sec  4.33 MBytes  36.3 Mbits/sec                  
[ 10]  25.00-26.00  sec  3.71 MBytes  31.1 Mbits/sec                  
[ 12]  25.00-26.00  sec  3.60 MBytes  30.2 Mbits/sec                  
[ 14]  25.00-26.00  sec  2.81 MBytes  23.5 Mbits/sec                  
[SUM]  25.00-26.00  sec  17.4 MBytes   146 Mbits/sec                  
- - - - - - - - - - - - - - - - - - - - - - - - -
[  6]  26.00-27.00  sec  3.08 MBytes  25.8 Mbits/sec                  
[  8]  26.00-27.00  sec  2.79 MBytes  23.4 Mbits/sec                  
[ 10]  26.00-27.00  sec  4.44 MBytes  37.2 Mbits/sec                  
[ 12]  26.00-27.00  sec  3.70 MBytes  31.0 Mbits/sec                  
[ 14]  26.00-27.00  sec  2.92 MBytes  24.5 Mbits/sec                  
[SUM]  26.00-27.00  sec  16.9 MBytes   142 Mbits/sec                  
- - - - - - - - - - - - - - - - - - - - - - - - -
[  6]  27.00-28.00  sec  2.97 MBytes  24.9 Mbits/sec                  
[  8]  27.00-28.00  sec  3.04 MBytes  25.5 Mbits/sec                  
[ 10]  27.00-28.00  sec  4.74 MBytes  39.8 Mbits/sec                  
[ 12]  27.00-28.00  sec  2.72 MBytes  22.8 Mbits/sec                  
[ 14]  27.00-28.00  sec  4.17 MBytes  35.0 Mbits/sec                  
[SUM]  27.00-28.00  sec  17.6 MBytes   148 Mbits/sec                  
- - - - - - - - - - - - - - - - - - - - - - - - -
[  6]  28.00-29.00  sec  2.57 MBytes  21.6 Mbits/sec                  
[  8]  28.00-29.00  sec  3.28 MBytes  27.5 Mbits/sec                  
[ 10]  28.00-29.00  sec  2.99 MBytes  25.1 Mbits/sec                  
[ 12]  28.00-29.00  sec  3.13 MBytes  26.3 Mbits/sec                  
[ 14]  28.00-29.00  sec  4.84 MBytes  40.6 Mbits/sec                  
[SUM]  28.00-29.00  sec  16.8 MBytes   141 Mbits/sec                  
- - - - - - - - - - - - - - - - - - - - - - - - -
[  6]  29.00-30.00  sec  3.14 MBytes  26.4 Mbits/sec                  
[  8]  29.00-30.00  sec  4.08 MBytes  34.2 Mbits/sec                  
[ 10]  29.00-30.00  sec  3.39 MBytes  28.4 Mbits/sec                  
[ 12]  29.00-30.00  sec  3.24 MBytes  27.2 Mbits/sec                  
[ 14]  29.00-30.00  sec  4.94 MBytes  41.5 Mbits/sec                  
[SUM]  29.00-30.00  sec  18.8 MBytes   158 Mbits/sec                  
- - - - - - - - - - - - - - - - - - - - - - - - -
[ ID] Interval           Transfer     Bitrate         Retr
[  6]   0.00-30.02  sec  83.5 MBytes  23.3 Mbits/sec  108             sender
[  6]   0.00-30.00  sec  82.8 MBytes  23.2 Mbits/sec                  receiver
[  8]   0.00-30.02  sec  80.1 MBytes  22.4 Mbits/sec  125             sender
[  8]   0.00-30.00  sec  79.5 MBytes  22.2 Mbits/sec                  receiver
[ 10]   0.00-30.02  sec  80.7 MBytes  22.5 Mbits/sec  115             sender
[ 10]   0.00-30.00  sec  80.3 MBytes  22.5 Mbits/sec                  receiver
[ 12]   0.00-30.02  sec  80.1 MBytes  22.4 Mbits/sec  100             sender
[ 12]   0.00-30.00  sec  79.6 MBytes  22.3 Mbits/sec                  receiver
[ 14]   0.00-30.02  sec  83.6 MBytes  23.4 Mbits/sec   95             sender
[ 14]   0.00-30.00  sec  83.0 MBytes  23.2 Mbits/sec                  receiver
[SUM]   0.00-30.02  sec   408 MBytes   114 Mbits/sec  543             sender
[SUM]   0.00-30.00  sec   405 MBytes   113 Mbits/sec                  receiver

iperf Done.
