Connecting to host 192.168.0.104, port 5201
[  6] local 192.168.0.168 port 38914 connected to 192.168.0.104 port 5201
[  8] local 192.168.0.168 port 38920 connected to 192.168.0.104 port 5201
[ 10] local 192.168.0.168 port 38928 connected to 192.168.0.104 port 5201
[ 12] local 192.168.0.168 port 38934 connected to 192.168.0.104 port 5201
[ 14] local 192.168.0.168 port 38940 connected to 192.168.0.104 port 5201
[ ID] Interval           Transfer     Bitrate         Retr  Cwnd
[  6]   0.00-1.00   sec  8.78 MBytes  73.7 Mbits/sec    0    625 KBytes       
[  8]   0.00-1.00   sec  8.17 MBytes  68.5 Mbits/sec    1    513 KBytes       
[ 10]   0.00-1.00   sec  7.84 MBytes  65.7 Mbits/sec    1    499 KBytes       
[ 12]   0.00-1.00   sec  4.39 MBytes  36.8 Mbits/sec    1    256 KBytes       
[ 14]   0.00-1.00   sec  5.86 MBytes  49.2 Mbits/sec    1    373 KBytes       
[SUM]   0.00-1.00   sec  35.0 MBytes   294 Mbits/sec    4             
- - - - - - - - - - - - - - - - - - - - - - - - -
[  6]   1.00-2.00   sec  6.25 MBytes  52.4 Mbits/sec    0    758 KBytes       
[  8]   1.00-2.00   sec  6.12 MBytes  51.3 Mbits/sec    0    658 KBytes       
[ 10]   1.00-2.00   sec  6.10 MBytes  51.2 Mbits/sec    0    649 KBytes       
[ 12]   1.00-2.00   sec  3.36 MBytes  28.1 Mbits/sec    0    335 KBytes       
[ 14]   1.00-2.00   sec  4.97 MBytes  41.7 Mbits/sec    0    520 KBytes       
[SUM]   1.00-2.00   sec  26.8 MBytes   225 Mbits/sec    0             
- - - - - - - - - - - - - - - - - - - - - - - - -
[  6]   2.00-3.00   sec  6.25 MBytes  52.4 Mbits/sec    0    902 KBytes       
[  8]   2.00-3.00   sec  5.00 MBytes  41.9 Mbits/sec    0    788 KBytes       
[ 10]   2.00-3.00   sec  6.25 MBytes  52.4 Mbits/sec    0    783 KBytes       
[ 12]   2.00-3.00   sec  4.91 MBytes  41.2 Mbits/sec    0    488 KBytes       
[ 14]   2.00-3.00   sec  6.09 MBytes  51.1 Mbits/sec    0    631 KBytes       
[SUM]   2.00-3.00   sec  28.5 MBytes   239 Mbits/sec    0             
- - - - - - - - - - - - - - - - - - - - - - - - -
[  6]   3.00-4.00   sec  5.00 MBytes  41.9 Mbits/sec    0    902 KBytes       
[  8]   3.00-4.00   sec  5.00 MBytes  41.9 Mbits/sec    0    788 KBytes       
[ 10]   3.00-4.00   sec  5.00 MBytes  41.9 Mbits/sec    0    783 KBytes       
[ 12]   3.00-4.00   sec  4.35 MBytes  36.5 Mbits/sec    0    563 KBytes       
[ 14]   3.00-4.00   sec  4.99 MBytes  41.9 Mbits/sec    0    665 KBytes       
[SUM]   3.00-4.00   sec  24.3 MBytes   204 Mbits/sec    0             
- - - - - - - - - - - - - - - - - - - - - - - - -
[  6]   4.00-5.00   sec  6.25 MBytes  52.4 Mbits/sec    0   1011 KBytes       
[  8]   4.00-5.00   sec  6.25 MBytes  52.4 Mbits/sec    0    887 KBytes       
[ 10]   4.00-5.00   sec  5.00 MBytes  42.0 Mbits/sec    0    872 KBytes       
[ 12]   4.00-5.00   sec  6.18 MBytes  51.9 Mbits/sec    0    656 KBytes       
[ 14]   4.00-5.00   sec  5.00 MBytes  42.0 Mbits/sec    0    778 KBytes       
[SUM]   4.00-5.00   sec  28.7 MBytes   241 Mbits/sec    0             
- - - - - - - - - - - - - - - - - - - - - - - - -
[  6]   5.00-6.00   sec  6.25 MBytes  52.4 Mbits/sec    0   1011 KBytes       
[  8]   5.00-6.00   sec  5.00 MBytes  41.9 Mbits/sec    0    935 KBytes       
[ 10]   5.00-6.00   sec  5.00 MBytes  41.9 Mbits/sec    0    916 KBytes       
[ 12]   5.00-6.00   sec  5.00 MBytes  41.9 Mbits/sec    0    704 KBytes       
[ 14]   5.00-6.00   sec  5.00 MBytes  41.9 Mbits/sec    0    822 KBytes       
[SUM]   5.00-6.00   sec  26.2 MBytes   220 Mbits/sec    0             
- - - - - - - - - - - - - - - - - - - - - - - - -
[  6]   6.00-7.00   sec  6.25 MBytes  52.4 Mbits/sec    0   1.04 MBytes       
[  8]   6.00-7.00   sec  5.00 MBytes  41.9 Mbits/sec    0    986 KBytes       
[ 10]   6.00-7.00   sec  5.00 MBytes  41.9 Mbits/sec    0    970 KBytes       
[ 12]   6.00-7.00   sec  5.00 MBytes  41.9 Mbits/sec    0    748 KBytes       
[ 14]   6.00-7.00   sec  5.00 MBytes  41.9 Mbits/sec    0    867 KBytes       
[SUM]   6.00-7.00   sec  26.2 MBytes   220 Mbits/sec    0             
- - - - - - - - - - - - - - - - - - - - - - - - -
[  6]   7.00-8.00   sec  6.25 MBytes  52.4 Mbits/sec    0   1.04 MBytes       
[  8]   7.00-8.00   sec  5.00 MBytes  41.9 Mbits/sec    0    986 KBytes       
[ 10]   7.00-8.00   sec  6.25 MBytes  52.4 Mbits/sec    0    970 KBytes       
[ 12]   7.00-8.00   sec  5.00 MBytes  41.9 Mbits/sec    0    748 KBytes       
[ 14]   7.00-8.00   sec  5.00 MBytes  41.9 Mbits/sec    0    867 KBytes       
[SUM]   7.00-8.00   sec  27.5 MBytes   231 Mbits/sec    0             
- - - - - - - - - - - - - - - - - - - - - - - - -
[  6]   8.00-9.00   sec  6.25 MBytes  52.4 Mbits/sec    0   1.04 MBytes       
[  8]   8.00-9.00   sec  6.25 MBytes  52.4 Mbits/sec    0    986 KBytes       
[ 10]   8.00-9.00   sec  3.75 MBytes  31.5 Mbits/sec    0    970 KBytes       
[ 12]   8.00-9.00   sec  3.75 MBytes  31.5 Mbits/sec    0    748 KBytes       
[ 14]   8.00-9.00   sec  5.00 MBytes  41.9 Mbits/sec    0    867 KBytes       
[SUM]   8.00-9.00   sec  25.0 MBytes   210 Mbits/sec    0             
- - - - - - - - - - - - - - - - - - - - - - - - -
[  6]   9.00-10.00  sec  5.00 MBytes  41.9 Mbits/sec    0   1.04 MBytes       
[  8]   9.00-10.00  sec  3.75 MBytes  31.5 Mbits/sec    0    986 KBytes       
[ 10]   9.00-10.00  sec  5.00 MBytes  41.9 Mbits/sec    0    970 KBytes       
[ 12]   9.00-10.00  sec  5.00 MBytes  41.9 Mbits/sec    0    748 KBytes       
[ 14]   9.00-10.00  sec  3.75 MBytes  31.5 Mbits/sec    0    867 KBytes       
[SUM]   9.00-10.00  sec  22.5 MBytes   189 Mbits/sec    0             
- - - - - - - - - - - - - - - - - - - - - - - - -
[  6]  10.00-11.00  sec  0.00 Bytes  0.00 bits/sec    8    252 KBytes       
[  8]  10.00-11.00  sec  1.25 MBytes  10.5 Mbits/sec    0    986 KBytes       
[ 10]  10.00-11.00  sec  1.25 MBytes  10.5 Mbits/sec    0    970 KBytes       
[ 12]  10.00-11.00  sec  0.00 Bytes  0.00 bits/sec    0    748 KBytes       
[ 14]  10.00-11.00  sec  1.25 MBytes  10.5 Mbits/sec    7    165 KBytes       
[SUM]  10.00-11.00  sec  3.75 MBytes  31.5 Mbits/sec   15             
- - - - - - - - - - - - - - - - - - - - - - - - -
[  6]  11.00-12.00  sec  1.25 MBytes  10.5 Mbits/sec    0    747 KBytes       
[  8]  11.00-12.00  sec  2.50 MBytes  21.0 Mbits/sec    0    986 KBytes       
[ 10]  11.00-12.00  sec  1.25 MBytes  10.5 Mbits/sec    0    970 KBytes       
[ 12]  11.00-12.00  sec  1.25 MBytes  10.5 Mbits/sec    0    748 KBytes       
[ 14]  11.00-12.00  sec  1.25 MBytes  10.5 Mbits/sec    0    607 KBytes       
[SUM]  11.00-12.00  sec  7.50 MBytes  62.9 Mbits/sec    0             
- - - - - - - - - - - - - - - - - - - - - - - - -
[  6]  12.00-13.00  sec  1.25 MBytes  10.5 Mbits/sec    0    747 KBytes       
[  8]  12.00-13.00  sec  1.25 MBytes  10.5 Mbits/sec    0    986 KBytes       
[ 10]  12.00-13.00  sec  1.25 MBytes  10.5 Mbits/sec    0    970 KBytes       
[ 12]  12.00-13.00  sec  1.25 MBytes  10.5 Mbits/sec    0    748 KBytes       
[ 14]  12.00-13.00  sec  1.25 MBytes  10.5 Mbits/sec    0    607 KBytes       
[SUM]  12.00-13.00  sec  6.25 MBytes  52.4 Mbits/sec    0             
- - - - - - - - - - - - - - - - - - - - - - - - -
[  6]  13.00-14.00  sec  2.50 MBytes  21.0 Mbits/sec    0    747 KBytes       
[  8]  13.00-14.00  sec  2.50 MBytes  21.0 Mbits/sec    0   1.47 MBytes       
[ 10]  13.00-14.00  sec  2.50 MBytes  21.0 Mbits/sec    0   1.39 MBytes       
[ 12]  13.00-14.00  sec  2.50 MBytes  21.0 Mbits/sec    0    748 KBytes       
[ 14]  13.00-14.00  sec  1.25 MBytes  10.5 Mbits/sec    0    607 KBytes       
[SUM]  13.00-14.00  sec  11.2 MBytes  94.4 Mbits/sec    0             
- - - - - - - - - - - - - - - - - - - - - - - - -
[  6]  14.00-15.00  sec  3.75 MBytes  31.5 Mbits/sec    0    748 KBytes       
[  8]  14.00-15.00  sec  7.50 MBytes  62.9 Mbits/sec    0   1.83 MBytes       
[ 10]  14.00-15.00  sec  7.50 MBytes  62.9 Mbits/sec    0   1.80 MBytes       
[ 12]  14.00-15.00  sec  3.75 MBytes  31.5 Mbits/sec    0   1.11 MBytes       
[ 14]  14.00-15.00  sec  3.75 MBytes  31.5 Mbits/sec    0    608 KBytes       
[SUM]  14.00-15.00  sec  26.2 MBytes   220 Mbits/sec    0             
- - - - - - - - - - - - - - - - - - - - - - - - -
[  6]  15.00-16.00  sec  3.75 MBytes  31.5 Mbits/sec    0    827 KBytes       
[  8]  15.00-16.00  sec  7.50 MBytes  62.9 Mbits/sec    0   1.83 MBytes       
[ 10]  15.00-16.00  sec  7.50 MBytes  62.9 Mbits/sec    0   1.80 MBytes       
[ 12]  15.00-16.00  sec  5.00 MBytes  41.9 Mbits/sec    0   1.11 MBytes       
[ 14]  15.00-16.00  sec  3.75 MBytes  31.5 Mbits/sec    0    691 KBytes       
[SUM]  15.00-16.00  sec  27.5 MBytes   231 Mbits/sec    0             
- - - - - - - - - - - - - - - - - - - - - - - - -
[  6]  16.00-17.00  sec  3.75 MBytes  31.5 Mbits/sec    0    827 KBytes       
[  8]  16.00-17.00  sec  7.50 MBytes  62.9 Mbits/sec    0   1.83 MBytes       
[ 10]  16.00-17.00  sec  7.50 MBytes  62.9 Mbits/sec    0   1.80 MBytes       
[ 12]  16.00-17.00  sec  3.75 MBytes  31.5 Mbits/sec    0   1.11 MBytes       
[ 14]  16.00-17.00  sec  3.75 MBytes  31.5 Mbits/sec    0    742 KBytes       
[SUM]  16.00-17.00  sec  26.2 MBytes   220 Mbits/sec    0             
- - - - - - - - - - - - - - - - - - - - - - - - -
[  6]  17.00-18.00  sec  3.75 MBytes  31.5 Mbits/sec    0    827 KBytes       
[  8]  17.00-18.00  sec  5.00 MBytes  41.9 Mbits/sec    0   1.83 MBytes       
[ 10]  17.00-18.00  sec  5.00 MBytes  41.9 Mbits/sec    0   1.80 MBytes       
[ 12]  17.00-18.00  sec  3.75 MBytes  31.5 Mbits/sec    0   1.11 MBytes       
[ 14]  17.00-18.00  sec  3.75 MBytes  31.5 Mbits/sec    0    742 KBytes       
[SUM]  17.00-18.00  sec  21.2 MBytes   178 Mbits/sec    0             
- - - - - - - - - - - - - - - - - - - - - - - - -
[  6]  18.00-19.00  sec  3.75 MBytes  31.5 Mbits/sec    0    827 KBytes       
[  8]  18.00-19.00  sec  7.50 MBytes  62.9 Mbits/sec    0   1.83 MBytes       
[ 10]  18.00-19.00  sec  7.50 MBytes  62.9 Mbits/sec    0   1.80 MBytes       
[ 12]  18.00-19.00  sec  3.75 MBytes  31.5 Mbits/sec    0   1.11 MBytes       
[ 14]  18.00-19.00  sec  3.75 MBytes  31.5 Mbits/sec    0    806 KBytes       
[SUM]  18.00-19.00  sec  26.2 MBytes   220 Mbits/sec    0             
- - - - - - - - - - - - - - - - - - - - - - - - -
[  6]  19.00-20.00  sec  2.50 MBytes  21.0 Mbits/sec    0    827 KBytes       
[  8]  19.00-20.00  sec  6.25 MBytes  52.4 Mbits/sec    0   1.83 MBytes       
[ 10]  19.00-20.00  sec  5.00 MBytes  41.9 Mbits/sec    0   1.80 MBytes       
[ 12]  19.00-20.00  sec  3.75 MBytes  31.5 Mbits/sec    0   1.11 MBytes       
[ 14]  19.00-20.00  sec  2.50 MBytes  21.0 Mbits/sec    0    806 KBytes       
[SUM]  19.00-20.00  sec  20.0 MBytes   168 Mbits/sec    0             
- - - - - - - - - - - - - - - - - - - - - - - - -
[  6]  20.00-21.00  sec  3.75 MBytes  31.5 Mbits/sec    0    827 KBytes       
[  8]  20.00-21.00  sec  6.25 MBytes  52.4 Mbits/sec    0   1.83 MBytes       
[ 10]  20.00-21.00  sec  6.25 MBytes  52.4 Mbits/sec    0   1.80 MBytes       
[ 12]  20.00-21.00  sec  3.75 MBytes  31.5 Mbits/sec    0   1.11 MBytes       
[ 14]  20.00-21.00  sec  3.75 MBytes  31.5 Mbits/sec    0    806 KBytes       
[SUM]  20.00-21.00  sec  23.8 MBytes   199 Mbits/sec    0             
- - - - - - - - - - - - - - - - - - - - - - - - -
[  6]  21.00-22.00  sec  3.75 MBytes  31.5 Mbits/sec    0    998 KBytes       
[  8]  21.00-22.00  sec  7.50 MBytes  62.9 Mbits/sec    0   1.83 MBytes       
[ 10]  21.00-22.00  sec  7.50 MBytes  62.9 Mbits/sec    0   1.80 MBytes       
[ 12]  21.00-22.00  sec  3.75 MBytes  31.5 Mbits/sec    0   1.11 MBytes       
[ 14]  21.00-22.00  sec  3.75 MBytes  31.5 Mbits/sec    0    848 KBytes       
[SUM]  21.00-22.00  sec  26.2 MBytes   220 Mbits/sec    0             
- - - - - - - - - - - - - - - - - - - - - - - - -
[  6]  22.00-23.00  sec  3.75 MBytes  31.5 Mbits/sec    0   1014 KBytes       
[  8]  22.00-23.00  sec  7.50 MBytes  62.9 Mbits/sec    0   1.83 MBytes       
[ 10]  22.00-23.00  sec  7.50 MBytes  62.9 Mbits/sec    0   1.80 MBytes       
[ 12]  22.00-23.00  sec  3.75 MBytes  31.5 Mbits/sec    0   1.11 MBytes       
[ 14]  22.00-23.00  sec  3.75 MBytes  31.5 Mbits/sec    0    853 KBytes       
[SUM]  22.00-23.00  sec  26.2 MBytes   220 Mbits/sec    0             
- - - - - - - - - - - - - - - - - - - - - - - - -
[  6]  23.00-24.00  sec  3.75 MBytes  31.5 Mbits/sec    0   1014 KBytes       
[  8]  23.00-24.00  sec  7.50 MBytes  62.9 Mbits/sec    0   1.83 MBytes       
[ 10]  23.00-24.00  sec  7.50 MBytes  62.9 Mbits/sec    0   1.80 MBytes       
[ 12]  23.00-24.00  sec  3.75 MBytes  31.5 Mbits/sec    0   1.11 MBytes       
[ 14]  23.00-24.00  sec  3.75 MBytes  31.5 Mbits/sec    0    853 KBytes       
[SUM]  23.00-24.00  sec  26.2 MBytes   220 Mbits/sec    0             
- - - - - - - - - - - - - - - - - - - - - - - - -
[  6]  24.00-25.00  sec  5.00 MBytes  41.9 Mbits/sec    0   1014 KBytes       
[  8]  24.00-25.00  sec  7.50 MBytes  62.9 Mbits/sec    0   1.83 MBytes       
[ 10]  24.00-25.00  sec  7.50 MBytes  62.9 Mbits/sec    0   1.80 MBytes       
[ 12]  24.00-25.00  sec  5.00 MBytes  41.9 Mbits/sec    0   1.11 MBytes       
[ 14]  24.00-25.00  sec  5.00 MBytes  41.9 Mbits/sec    0    853 KBytes       
[SUM]  24.00-25.00  sec  30.0 MBytes   252 Mbits/sec    0             
- - - - - - - - - - - - - - - - - - - - - - - - -
[  6]  25.00-26.00  sec  0.00 Bytes  0.00 bits/sec    1   1014 KBytes       
[  8]  25.00-26.00  sec  1.25 MBytes  10.5 Mbits/sec    1   1.83 MBytes       
[ 10]  25.00-26.00  sec  1.25 MBytes  10.5 Mbits/sec    1   1.80 MBytes       
[ 12]  25.00-26.00  sec  1.25 MBytes  10.5 Mbits/sec    1   1.11 MBytes       
[ 14]  25.00-26.00  sec  0.00 Bytes  0.00 bits/sec    1    853 KBytes       
[SUM]  25.00-26.00  sec  3.75 MBytes  31.4 Mbits/sec    5             
- - - - - - - - - - - - - - - - - - - - - - - - -
[  6]  26.00-27.00  sec  1.25 MBytes  10.5 Mbits/sec    0   1014 KBytes       
[  8]  26.00-27.00  sec  1.25 MBytes  10.5 Mbits/sec    2   1.28 MBytes       
[ 10]  26.00-27.00  sec  2.50 MBytes  21.0 Mbits/sec    1   1.80 MBytes       
[ 12]  26.00-27.00  sec  1.25 MBytes  10.5 Mbits/sec    1   1.11 MBytes       
[ 14]  26.00-27.00  sec  1.25 MBytes  10.5 Mbits/sec    0    853 KBytes       
[SUM]  26.00-27.00  sec  7.50 MBytes  63.0 Mbits/sec    4             
- - - - - - - - - - - - - - - - - - - - - - - - -
[  6]  27.00-28.00  sec  1.25 MBytes  10.5 Mbits/sec    0   1014 KBytes       
[  8]  27.00-28.00  sec  2.50 MBytes  21.0 Mbits/sec    0   1.28 MBytes       
[ 10]  27.00-28.00  sec  1.25 MBytes  10.5 Mbits/sec    0   1.80 MBytes       
[ 12]  27.00-28.00  sec  1.25 MBytes  10.5 Mbits/sec    0   1.11 MBytes       
[ 14]  27.00-28.00  sec  1.25 MBytes  10.5 Mbits/sec    0    853 KBytes       
[SUM]  27.00-28.00  sec  7.50 MBytes  62.9 Mbits/sec    0             
- - - - - - - - - - - - - - - - - - - - - - - - -
[  6]  28.00-29.00  sec  2.50 MBytes  21.0 Mbits/sec    0   1014 KBytes       
[  8]  28.00-29.00  sec  2.50 MBytes  21.0 Mbits/sec    0   1.28 MBytes       
[ 10]  28.00-29.00  sec  3.75 MBytes  31.5 Mbits/sec    0   1.80 MBytes       
[ 12]  28.00-29.00  sec  2.50 MBytes  21.0 Mbits/sec    0   1.11 MBytes       
[ 14]  28.00-29.00  sec  1.25 MBytes  10.5 Mbits/sec    0    853 KBytes       
[SUM]  28.00-29.00  sec  12.5 MBytes   105 Mbits/sec    0             
- - - - - - - - - - - - - - - - - - - - - - - - -
[  6]  29.00-30.00  sec  2.50 MBytes  21.0 Mbits/sec    0   1014 KBytes       
[  8]  29.00-30.00  sec  6.25 MBytes  52.4 Mbits/sec    0   1.28 MBytes       
[ 10]  29.00-30.00  sec  6.25 MBytes  52.4 Mbits/sec    0   1.80 MBytes       
[ 12]  29.00-30.00  sec  5.00 MBytes  41.9 Mbits/sec    0   1.11 MBytes       
[ 14]  29.00-30.00  sec  3.75 MBytes  31.5 Mbits/sec    0    853 KBytes       
[SUM]  29.00-30.00  sec  23.8 MBytes   199 Mbits/sec    0             
- - - - - - - - - - - - - - - - - - - - - - - - -
[ ID] Interval           Transfer     Bitrate         Retr
[  6]   0.00-30.00  sec   116 MBytes  32.5 Mbits/sec    9             sender
[  6]   0.00-30.06  sec   114 MBytes  31.8 Mbits/sec                  receiver
[  8]   0.00-30.00  sec   154 MBytes  43.1 Mbits/sec    4             sender
[  8]   0.00-30.06  sec   151 MBytes  42.2 Mbits/sec                  receiver
[ 10]   0.00-30.00  sec   153 MBytes  42.7 Mbits/sec    3             sender
[ 10]   0.00-30.06  sec   151 MBytes  42.1 Mbits/sec                  receiver
[ 12]   0.00-30.00  sec   107 MBytes  29.9 Mbits/sec    3             sender
[ 12]   0.00-30.06  sec   104 MBytes  29.1 Mbits/sec                  receiver
[ 14]   0.00-30.00  sec   104 MBytes  29.2 Mbits/sec    9             sender
[ 14]   0.00-30.06  sec   102 MBytes  28.5 Mbits/sec                  receiver
[SUM]   0.00-30.00  sec   635 MBytes   177 Mbits/sec   28             sender
[SUM]   0.00-30.06  sec   622 MBytes   174 Mbits/sec                  receiver

iperf Done.
