Connecting to host 192.168.0.104, port 5201
Reverse mode, remote host 192.168.0.104 is sending
[  6] local 192.168.0.168 port 38256 connected to 192.168.0.104 port 5201
[  8] local 192.168.0.168 port 38266 connected to 192.168.0.104 port 5201
[ 10] local 192.168.0.168 port 38280 connected to 192.168.0.104 port 5201
[ 12] local 192.168.0.168 port 38282 connected to 192.168.0.104 port 5201
[ 14] local 192.168.0.168 port 38288 connected to 192.168.0.104 port 5201
[ ID] Interval           Transfer     Bitrate
[  6]   0.00-1.00   sec  2.75 MBytes  23.1 Mbits/sec                  
[  8]   0.00-1.00   sec  4.40 MBytes  36.9 Mbits/sec                  
[ 10]   0.00-1.00   sec  4.18 MBytes  35.1 Mbits/sec                  
[ 12]   0.00-1.00   sec  3.77 MBytes  31.6 Mbits/sec                  
[ 14]   0.00-1.00   sec  3.26 MBytes  27.4 Mbits/sec                  
[SUM]   0.00-1.00   sec  18.4 MBytes   154 Mbits/sec                  
- - - - - - - - - - - - - - - - - - - - - - - - -
[  6]   1.00-2.00   sec  3.24 MBytes  27.2 Mbits/sec                  
[  8]   1.00-2.00   sec  2.92 MBytes  24.5 Mbits/sec                  
[ 10]   1.00-2.00   sec  5.08 MBytes  42.6 Mbits/sec                  
[ 12]   1.00-2.00   sec  2.39 MBytes  20.1 Mbits/sec                  
[ 14]   1.00-2.00   sec  4.29 MBytes  36.0 Mbits/sec                  
[SUM]   1.00-2.00   sec  17.9 MBytes   150 Mbits/sec                  
- - - - - - - - - - - - - - - - - - - - - - - - -
[  6]   2.00-3.00   sec  3.68 MBytes  30.9 Mbits/sec                  
[  8]   2.00-3.00   sec  3.08 MBytes  25.8 Mbits/sec                  
[ 10]   2.00-3.00   sec  4.00 MBytes  33.6 Mbits/sec                  
[ 12]   2.00-3.00   sec  2.46 MBytes  20.6 Mbits/sec                  
[ 14]   2.00-3.00   sec  4.09 MBytes  34.3 Mbits/sec                  
[SUM]   2.00-3.00   sec  17.3 MBytes   145 Mbits/sec                  
- - - - - - - - - - - - - - - - - - - - - - - - -
[  6]   3.00-4.00   sec  3.35 MBytes  28.1 Mbits/sec                  
[  8]   3.00-4.00   sec  4.58 MBytes  38.4 Mbits/sec                  
[ 10]   3.00-4.00   sec  3.36 MBytes  28.2 Mbits/sec                  
[ 12]   3.00-4.00   sec  3.06 MBytes  25.7 Mbits/sec                  
[ 14]   3.00-4.00   sec  3.42 MBytes  28.7 Mbits/sec                  
[SUM]   3.00-4.00   sec  17.8 MBytes   149 Mbits/sec                  
- - - - - - - - - - - - - - - - - - - - - - - - -
[  6]   4.00-5.00   sec  3.94 MBytes  33.1 Mbits/sec                  
[  8]   4.00-5.00   sec  4.75 MBytes  39.8 Mbits/sec                  
[ 10]   4.00-5.00   sec  3.26 MBytes  27.3 Mbits/sec                  
[ 12]   4.00-5.00   sec  3.06 MBytes  25.7 Mbits/sec                  
[ 14]   4.00-5.00   sec  3.08 MBytes  25.9 Mbits/sec                  
[SUM]   4.00-5.00   sec  18.1 MBytes   152 Mbits/sec                  
- - - - - - - - - - - - - - - - - - - - - - - - -
[  6]   5.00-6.00   sec  3.44 MBytes  28.9 Mbits/sec                  
[  8]   5.00-6.00   sec  4.23 MBytes  35.5 Mbits/sec                  
[ 10]   5.00-6.00   sec  2.81 MBytes  23.6 Mbits/sec                  
[ 12]   5.00-6.00   sec  4.11 MBytes  34.5 Mbits/sec                  
[ 14]   5.00-6.00   sec  2.92 MBytes  24.5 Mbits/sec                  
[SUM]   5.00-6.00   sec  17.5 MBytes   147 Mbits/sec                  
- - - - - - - - - - - - - - - - - - - - - - - - -
[  6]   6.00-7.00   sec  3.62 MBytes  30.4 Mbits/sec                  
[  8]   6.00-7.00   sec  3.76 MBytes  31.6 Mbits/sec                  
[ 10]   6.00-7.00   sec  2.67 MBytes  22.4 Mbits/sec                  
[ 12]   6.00-7.00   sec  3.76 MBytes  31.6 Mbits/sec                  
[ 14]   6.00-7.00   sec  4.23 MBytes  35.5 Mbits/sec                  
[SUM]   6.00-7.00   sec  18.1 MBytes   151 Mbits/sec                  
- - - - - - - - - - - - - - - - - - - - - - - - -
[  6]   7.00-8.00   sec  2.97 MBytes  24.9 Mbits/sec                  
[  8]   7.00-8.00   sec  3.79 MBytes  31.8 Mbits/sec                  
[ 10]   7.00-8.00   sec  2.17 MBytes  18.2 Mbits/sec                  
[ 12]   7.00-8.00   sec  3.08 MBytes  25.9 Mbits/sec                  
[ 14]   7.00-8.00   sec  4.14 MBytes  34.7 Mbits/sec                  
[SUM]   7.00-8.00   sec  16.1 MBytes   135 Mbits/sec                  
- - - - - - - - - - - - - - - - - - - - - - - - -
[  6]   8.00-9.00   sec  1.03 MBytes  8.63 Mbits/sec                  
[  8]   8.00-9.00   sec  1.61 MBytes  13.5 Mbits/sec                  
[ 10]   8.00-9.00   sec   813 KBytes  6.66 Mbits/sec                  
[ 12]   8.00-9.00   sec  1.23 MBytes  10.4 Mbits/sec                  
[ 14]   8.00-9.00   sec  1.22 MBytes  10.3 Mbits/sec                  
[SUM]   8.00-9.00   sec  5.89 MBytes  49.4 Mbits/sec                  
- - - - - - - - - - - - - - - - - - - - - - - - -
[  6]   9.00-10.00  sec   506 KBytes  4.15 Mbits/sec                  
[  8]   9.00-10.00  sec   578 KBytes  4.74 Mbits/sec                  
[ 10]   9.00-10.00  sec   410 KBytes  3.36 Mbits/sec                  
[ 12]   9.00-10.00  sec   438 KBytes  3.59 Mbits/sec                  
[ 14]   9.00-10.00  sec   444 KBytes  3.64 Mbits/sec                  
[SUM]   9.00-10.00  sec  2.32 MBytes  19.5 Mbits/sec                  
- - - - - - - - - - - - - - - - - - - - - - - - -
[  6]  10.00-11.00  sec   740 KBytes  6.06 Mbits/sec                  
[  8]  10.00-11.00  sec   853 KBytes  6.98 Mbits/sec                  
[ 10]  10.00-11.00  sec   696 KBytes  5.70 Mbits/sec                  
[ 12]  10.00-11.00  sec   816 KBytes  6.68 Mbits/sec                  
[ 14]  10.00-11.00  sec   741 KBytes  6.07 Mbits/sec                  
[SUM]  10.00-11.00  sec  3.75 MBytes  31.5 Mbits/sec                  
- - - - - - - - - - - - - - - - - - - - - - - - -
[  6]  11.00-12.00  sec   819 KBytes  6.71 Mbits/sec                  
[  8]  11.00-12.00  sec   570 KBytes  4.67 Mbits/sec                  
[ 10]  11.00-12.00  sec   803 KBytes  6.58 Mbits/sec                  
[ 12]  11.00-12.00  sec   744 KBytes  6.09 Mbits/sec                  
[ 14]  11.00-12.00  sec   653 KBytes  5.35 Mbits/sec                  
[SUM]  11.00-12.00  sec  3.50 MBytes  29.4 Mbits/sec                  
- - - - - - - - - - - - - - - - - - - - - - - - -
[  6]  12.00-13.00  sec  3.41 MBytes  28.6 Mbits/sec                  
[  8]  12.00-13.00  sec  3.95 MBytes  33.1 Mbits/sec                  
[ 10]  12.00-13.00  sec  4.08 MBytes  34.3 Mbits/sec                  
[ 12]  12.00-13.00  sec  2.51 MBytes  21.0 Mbits/sec                  
[ 14]  12.00-13.00  sec  1.77 MBytes  14.9 Mbits/sec                  
[SUM]  12.00-13.00  sec  15.7 MBytes   132 Mbits/sec                  
- - - - - - - - - - - - - - - - - - - - - - - - -
[  6]  13.00-14.00  sec  2.76 MBytes  23.1 Mbits/sec                  
[  8]  13.00-14.00  sec  3.95 MBytes  33.1 Mbits/sec                  
[ 10]  13.00-14.00  sec  4.10 MBytes  34.4 Mbits/sec                  
[ 12]  13.00-14.00  sec  3.30 MBytes  27.7 Mbits/sec                  
[ 14]  13.00-14.00  sec  3.30 MBytes  27.7 Mbits/sec                  
[SUM]  13.00-14.00  sec  17.4 MBytes   146 Mbits/sec                  
- - - - - - - - - - - - - - - - - - - - - - - - -
[  6]  14.00-15.00  sec  2.79 MBytes  23.4 Mbits/sec                  
[  8]  14.00-15.00  sec  2.70 MBytes  22.6 Mbits/sec                  
[ 10]  14.00-15.00  sec  4.10 MBytes  34.4 Mbits/sec                  
[ 12]  14.00-15.00  sec  4.28 MBytes  35.9 Mbits/sec                  
[ 14]  14.00-15.00  sec  3.11 MBytes  26.1 Mbits/sec                  
[SUM]  14.00-15.00  sec  17.0 MBytes   142 Mbits/sec                  
- - - - - - - - - - - - - - - - - - - - - - - - -
[  6]  15.00-16.00  sec  2.92 MBytes  24.5 Mbits/sec                  
[  8]  15.00-16.00  sec  3.80 MBytes  31.9 Mbits/sec                  
[ 10]  15.00-16.00  sec  3.01 MBytes  25.3 Mbits/sec                  
[ 12]  15.00-16.00  sec  3.67 MBytes  30.8 Mbits/sec                  
[ 14]  15.00-16.00  sec  2.90 MBytes  24.4 Mbits/sec                  
[SUM]  15.00-16.00  sec  16.3 MBytes   137 Mbits/sec                  
- - - - - - - - - - - - - - - - - - - - - - - - -
[  6]  16.00-17.00  sec  2.53 MBytes  21.2 Mbits/sec                  
[  8]  16.00-17.00  sec  3.63 MBytes  30.5 Mbits/sec                  
[ 10]  16.00-17.00  sec  2.64 MBytes  22.1 Mbits/sec                  
[ 12]  16.00-17.00  sec  3.04 MBytes  25.5 Mbits/sec                  
[ 14]  16.00-17.00  sec  2.78 MBytes  23.3 Mbits/sec                  
[SUM]  16.00-17.00  sec  14.6 MBytes   123 Mbits/sec                  
- - - - - - - - - - - - - - - - - - - - - - - - -
[  6]  17.00-18.00  sec  2.39 MBytes  20.1 Mbits/sec                  
[  8]  17.00-18.00  sec  3.52 MBytes  29.6 Mbits/sec                  
[ 10]  17.00-18.00  sec  3.12 MBytes  26.1 Mbits/sec                  
[ 12]  17.00-18.00  sec  2.71 MBytes  22.8 Mbits/sec                  
[ 14]  17.00-18.00  sec  2.16 MBytes  18.1 Mbits/sec                  
[SUM]  17.00-18.00  sec  13.9 MBytes   117 Mbits/sec                  
- - - - - - - - - - - - - - - - - - - - - - - - -
[  6]  18.00-19.00  sec  3.37 MBytes  28.3 Mbits/sec                  
[  8]  18.00-19.00  sec  2.55 MBytes  21.3 Mbits/sec                  
[ 10]  18.00-19.00  sec  2.73 MBytes  22.9 Mbits/sec                  
[ 12]  18.00-19.00  sec  4.40 MBytes  36.9 Mbits/sec                  
[ 14]  18.00-19.00  sec  4.23 MBytes  35.4 Mbits/sec                  
[SUM]  18.00-19.00  sec  17.3 MBytes   145 Mbits/sec                  
- - - - - - - - - - - - - - - - - - - - - - - - -
[  6]  19.00-20.00  sec  2.74 MBytes  23.0 Mbits/sec                  
[  8]  19.00-20.00  sec  2.31 MBytes  19.4 Mbits/sec                  
[ 10]  19.00-20.00  sec  2.55 MBytes  21.3 Mbits/sec                  
[ 12]  19.00-20.00  sec  3.56 MBytes  29.9 Mbits/sec                  
[ 14]  19.00-20.00  sec  5.27 MBytes  44.2 Mbits/sec                  
[SUM]  19.00-20.00  sec  16.4 MBytes   138 Mbits/sec                  
- - - - - - - - - - - - - - - - - - - - - - - - -
[  6]  20.00-21.00  sec  3.13 MBytes  26.3 Mbits/sec                  
[  8]  20.00-21.00  sec  2.26 MBytes  19.0 Mbits/sec                  
[ 10]  20.00-21.00  sec  3.38 MBytes  28.3 Mbits/sec                  
[ 12]  20.00-21.00  sec  3.44 MBytes  28.8 Mbits/sec                  
[ 14]  20.00-21.00  sec  3.51 MBytes  29.4 Mbits/sec                  
[SUM]  20.00-21.00  sec  15.7 MBytes   132 Mbits/sec                  
- - - - - - - - - - - - - - - - - - - - - - - - -
[  6]  21.00-22.00  sec  2.96 MBytes  24.8 Mbits/sec                  
[  8]  21.00-22.00  sec  2.47 MBytes  20.7 Mbits/sec                  
[ 10]  21.00-22.00  sec  3.22 MBytes  27.0 Mbits/sec                  
[ 12]  21.00-22.00  sec  4.17 MBytes  35.0 Mbits/sec                  
[ 14]  21.00-22.00  sec  3.77 MBytes  31.6 Mbits/sec                  
[SUM]  21.00-22.00  sec  16.6 MBytes   139 Mbits/sec                  
- - - - - - - - - - - - - - - - - - - - - - - - -
[  6]  22.00-23.00  sec  3.11 MBytes  26.1 Mbits/sec                  
[  8]  22.00-23.00  sec  2.46 MBytes  20.6 Mbits/sec                  
[ 10]  22.00-23.00  sec  3.71 MBytes  31.2 Mbits/sec                  
[ 12]  22.00-23.00  sec  3.25 MBytes  27.3 Mbits/sec                  
[ 14]  22.00-23.00  sec  4.51 MBytes  37.8 Mbits/sec                  
[SUM]  22.00-23.00  sec  17.0 MBytes   143 Mbits/sec                  
- - - - - - - - - - - - - - - - - - - - - - - - -
[  6]  23.00-24.00  sec  1.29 MBytes  10.8 Mbits/sec                  
[  8]  23.00-24.00  sec  1.12 MBytes  9.38 Mbits/sec                  
[ 10]  23.00-24.00  sec  1.41 MBytes  11.8 Mbits/sec                  
[ 12]  23.00-24.00  sec  1.03 MBytes  8.63 Mbits/sec                  
[ 14]  23.00-24.00  sec  1.36 MBytes  11.4 Mbits/sec                  
[SUM]  23.00-24.00  sec  6.21 MBytes  52.1 Mbits/sec                  
- - - - - - - - - - - - - - - - - - - - - - - - -
[  6]  24.00-25.00  sec   617 KBytes  5.05 Mbits/sec                  
[  8]  24.00-25.00  sec   554 KBytes  4.54 Mbits/sec                  
[ 10]  24.00-25.00  sec   411 KBytes  3.37 Mbits/sec                  
[ 12]  24.00-25.00  sec   454 KBytes  3.72 Mbits/sec                  
[ 14]  24.00-25.00  sec  1.01 MBytes  8.47 Mbits/sec                  
[SUM]  24.00-25.00  sec  3.00 MBytes  25.1 Mbits/sec                  
- - - - - - - - - - - - - - - - - - - - - - - - -
[  6]  25.00-26.00  sec   779 KBytes  6.38 Mbits/sec                  
[  8]  25.00-26.00  sec  1.12 MBytes  9.37 Mbits/sec                  
[ 10]  25.00-26.00  sec   764 KBytes  6.26 Mbits/sec                  
[ 12]  25.00-26.00  sec  1012 KBytes  8.29 Mbits/sec                  
[ 14]  25.00-26.00  sec  1.11 MBytes  9.30 Mbits/sec                  
[SUM]  25.00-26.00  sec  4.72 MBytes  39.6 Mbits/sec                  
- - - - - - - - - - - - - - - - - - - - - - - - -
[  6]  26.00-27.00  sec   738 KBytes  6.05 Mbits/sec                  
[  8]  26.00-27.00  sec   957 KBytes  7.84 Mbits/sec                  
[ 10]  26.00-27.00  sec   525 KBytes  4.30 Mbits/sec                  
[ 12]  26.00-27.00  sec  1.00 MBytes  8.40 Mbits/sec                  
[ 14]  26.00-27.00  sec   433 KBytes  3.54 Mbits/sec                  
[SUM]  26.00-27.00  sec  3.59 MBytes  30.1 Mbits/sec                  
- - - - - - - - - - - - - - - - - - - - - - - - -
[  6]  27.00-28.00  sec  3.35 MBytes  28.1 Mbits/sec                  
[  8]  27.00-28.00  sec  3.31 MBytes  27.8 Mbits/sec                  
[ 10]  27.00-28.00  sec  3.43 MBytes  28.8 Mbits/sec                  
[ 12]  27.00-28.00  sec  4.20 MBytes  35.2 Mbits/sec                  
[ 14]  27.00-28.00  sec  2.91 MBytes  24.4 Mbits/sec                  
[SUM]  27.00-28.00  sec  17.2 MBytes   144 Mbits/sec                  
- - - - - - - - - - - - - - - - - - - - - - - - -
[  6]  28.00-29.00  sec  3.72 MBytes  31.2 Mbits/sec                  
[  8]  28.00-29.00  sec  2.17 MBytes  18.2 Mbits/sec                  
[ 10]  28.00-29.00  sec  3.20 MBytes  26.9 Mbits/sec                  
[ 12]  28.00-29.00  sec  4.26 MBytes  35.7 Mbits/sec                  
[ 14]  28.00-29.00  sec  2.76 MBytes  23.1 Mbits/sec                  
[SUM]  28.00-29.00  sec  16.1 MBytes   135 Mbits/sec                  
- - - - - - - - - - - - - - - - - - - - - - - - -
[  6]  29.00-30.00  sec  2.49 MBytes  20.9 Mbits/sec                  
[  8]  29.00-30.00  sec  3.39 MBytes  28.4 Mbits/sec                  
[ 10]  29.00-30.00  sec  3.41 MBytes  28.6 Mbits/sec                  
[ 12]  29.00-30.00  sec  4.50 MBytes  37.7 Mbits/sec                  
[ 14]  29.00-30.00  sec  3.04 MBytes  25.5 Mbits/sec                  
[SUM]  29.00-30.00  sec  16.8 MBytes   141 Mbits/sec                  
- - - - - - - - - - - - - - - - - - - - - - - - -
[ ID] Interval           Transfer     Bitrate         Retr
[  6]   0.00-30.03  sec  75.7 MBytes  21.2 Mbits/sec  113             sender
[  6]   0.00-30.00  sec  75.1 MBytes  21.0 Mbits/sec                  receiver
[  8]   0.00-30.03  sec  81.8 MBytes  22.9 Mbits/sec  116             sender
[  8]   0.00-30.00  sec  81.3 MBytes  22.7 Mbits/sec                  receiver
[ 10]   0.00-30.03  sec  80.5 MBytes  22.5 Mbits/sec  106             sender
[ 10]   0.00-30.00  sec  79.9 MBytes  22.4 Mbits/sec                  receiver
[ 12]   0.00-30.03  sec  84.1 MBytes  23.5 Mbits/sec  114             sender
[ 12]   0.00-30.00  sec  83.6 MBytes  23.4 Mbits/sec                  receiver
[ 14]   0.00-30.03  sec  82.8 MBytes  23.1 Mbits/sec  121             sender
[ 14]   0.00-30.00  sec  82.4 MBytes  23.0 Mbits/sec                  receiver
[SUM]   0.00-30.03  sec   405 MBytes   113 Mbits/sec  570             sender
[SUM]   0.00-30.00  sec   402 MBytes   112 Mbits/sec                  receiver

iperf Done.
