Connecting to host 192.168.0.104, port 5201
Reverse mode, remote host 192.168.0.104 is sending
[  6] local 192.168.0.168 port 52178 connected to 192.168.0.104 port 5201
[  8] local 192.168.0.168 port 52182 connected to 192.168.0.104 port 5201
[ 10] local 192.168.0.168 port 52192 connected to 192.168.0.104 port 5201
[ 12] local 192.168.0.168 port 52206 connected to 192.168.0.104 port 5201
[ 14] local 192.168.0.168 port 52208 connected to 192.168.0.104 port 5201
[ ID] Interval           Transfer     Bitrate
[  6]   0.00-1.00   sec  4.08 MBytes  34.3 Mbits/sec                  
[  8]   0.00-1.00   sec  4.54 MBytes  38.1 Mbits/sec                  
[ 10]   0.00-1.00   sec  2.27 MBytes  19.0 Mbits/sec                  
[ 12]   0.00-1.00   sec  3.69 MBytes  30.9 Mbits/sec                  
[ 14]   0.00-1.00   sec  3.13 MBytes  26.2 Mbits/sec                  
[SUM]   0.00-1.00   sec  17.7 MBytes   149 Mbits/sec                  
- - - - - - - - - - - - - - - - - - - - - - - - -
[  6]   1.00-2.00   sec  2.64 MBytes  22.2 Mbits/sec                  
[  8]   1.00-2.00   sec  4.70 MBytes  39.4 Mbits/sec                  
[ 10]   1.00-2.00   sec  2.56 MBytes  21.5 Mbits/sec                  
[ 12]   1.00-2.00   sec  4.06 MBytes  34.1 Mbits/sec                  
[ 14]   1.00-2.00   sec  3.45 MBytes  29.0 Mbits/sec                  
[SUM]   1.00-2.00   sec  17.4 MBytes   146 Mbits/sec                  
- - - - - - - - - - - - - - - - - - - - - - - - -
[  6]   2.00-3.00   sec  3.18 MBytes  26.7 Mbits/sec                  
[  8]   2.00-3.00   sec  2.57 MBytes  21.5 Mbits/sec                  
[ 10]   2.00-3.00   sec  4.40 MBytes  36.9 Mbits/sec                  
[ 12]   2.00-3.00   sec  2.27 MBytes  19.0 Mbits/sec                  
[ 14]   2.00-3.00   sec  4.29 MBytes  36.0 Mbits/sec                  
[SUM]   2.00-3.00   sec  16.7 MBytes   140 Mbits/sec                  
- - - - - - - - - - - - - - - - - - - - - - - - -
[  6]   3.00-4.00   sec  2.90 MBytes  24.3 Mbits/sec                  
[  8]   3.00-4.00   sec  2.67 MBytes  22.4 Mbits/sec                  
[ 10]   3.00-4.00   sec  5.00 MBytes  41.9 Mbits/sec                  
[ 12]   3.00-4.00   sec  2.27 MBytes  19.1 Mbits/sec                  
[ 14]   3.00-4.00   sec  3.02 MBytes  25.3 Mbits/sec                  
[SUM]   3.00-4.00   sec  15.9 MBytes   133 Mbits/sec                  
- - - - - - - - - - - - - - - - - - - - - - - - -
[  6]   4.00-5.00   sec  4.50 MBytes  37.7 Mbits/sec                  
[  8]   4.00-5.00   sec  3.10 MBytes  26.0 Mbits/sec                  
[ 10]   4.00-5.00   sec  4.38 MBytes  36.8 Mbits/sec                  
[ 12]   4.00-5.00   sec  2.49 MBytes  20.9 Mbits/sec                  
[ 14]   4.00-5.00   sec  2.90 MBytes  24.3 Mbits/sec                  
[SUM]   4.00-5.00   sec  17.4 MBytes   146 Mbits/sec                  
- - - - - - - - - - - - - - - - - - - - - - - - -
[  6]   5.00-6.00   sec  3.21 MBytes  27.0 Mbits/sec                  
[  8]   5.00-6.00   sec  4.58 MBytes  38.4 Mbits/sec                  
[ 10]   5.00-6.00   sec  4.35 MBytes  36.5 Mbits/sec                  
[ 12]   5.00-6.00   sec  2.43 MBytes  20.4 Mbits/sec                  
[ 14]   5.00-6.00   sec  2.69 MBytes  22.6 Mbits/sec                  
[SUM]   5.00-6.00   sec  17.3 MBytes   145 Mbits/sec                  
- - - - - - - - - - - - - - - - - - - - - - - - -
[  6]   6.00-7.00   sec  3.69 MBytes  30.9 Mbits/sec                  
[  8]   6.00-7.00   sec  4.70 MBytes  39.4 Mbits/sec                  
[ 10]   6.00-7.00   sec  2.09 MBytes  17.5 Mbits/sec                  
[ 12]   6.00-7.00   sec  3.46 MBytes  29.1 Mbits/sec                  
[ 14]   6.00-7.00   sec  2.46 MBytes  20.6 Mbits/sec                  
[SUM]   6.00-7.00   sec  16.4 MBytes   138 Mbits/sec                  
- - - - - - - - - - - - - - - - - - - - - - - - -
[  6]   7.00-8.00   sec   525 KBytes  4.30 Mbits/sec                  
[  8]   7.00-8.00   sec   792 KBytes  6.49 Mbits/sec                  
[ 10]   7.00-8.00   sec   383 KBytes  3.14 Mbits/sec                  
[ 12]   7.00-8.00   sec   518 KBytes  4.24 Mbits/sec                  
[ 14]   7.00-8.00   sec   321 KBytes  2.63 Mbits/sec                  
[SUM]   7.00-8.00   sec  2.48 MBytes  20.8 Mbits/sec                  
- - - - - - - - - - - - - - - - - - - - - - - - -
[  6]   8.00-9.00   sec   776 KBytes  6.36 Mbits/sec                  
[  8]   8.00-9.00   sec  1.02 MBytes  8.56 Mbits/sec                  
[ 10]   8.00-9.00   sec   805 KBytes  6.59 Mbits/sec                  
[ 12]   8.00-9.00   sec   758 KBytes  6.21 Mbits/sec                  
[ 14]   8.00-9.00   sec   543 KBytes  4.45 Mbits/sec                  
[SUM]   8.00-9.00   sec  3.83 MBytes  32.2 Mbits/sec                  
- - - - - - - - - - - - - - - - - - - - - - - - -
[  6]   9.00-10.00  sec   891 KBytes  7.30 Mbits/sec                  
[  8]   9.00-10.00  sec   803 KBytes  6.58 Mbits/sec                  
[ 10]   9.00-10.00  sec   884 KBytes  7.24 Mbits/sec                  
[ 12]   9.00-10.00  sec   799 KBytes  6.54 Mbits/sec                  
[ 14]   9.00-10.00  sec   679 KBytes  5.56 Mbits/sec                  
[SUM]   9.00-10.00  sec  3.96 MBytes  33.2 Mbits/sec                  
- - - - - - - - - - - - - - - - - - - - - - - - -
[  6]  10.00-11.00  sec  1.34 MBytes  11.2 Mbits/sec                  
[  8]  10.00-11.00  sec  1.54 MBytes  13.0 Mbits/sec                  
[ 10]  10.00-11.00  sec  1.28 MBytes  10.8 Mbits/sec                  
[ 12]  10.00-11.00  sec  1.69 MBytes  14.2 Mbits/sec                  
[ 14]  10.00-11.00  sec  1.14 MBytes  9.52 Mbits/sec                  
[SUM]  10.00-11.00  sec  6.99 MBytes  58.6 Mbits/sec                  
- - - - - - - - - - - - - - - - - - - - - - - - -
[  6]  11.00-12.00  sec  2.27 MBytes  19.0 Mbits/sec                  
[  8]  11.00-12.00  sec  3.00 MBytes  25.2 Mbits/sec                  
[ 10]  11.00-12.00  sec  2.96 MBytes  24.8 Mbits/sec                  
[ 12]  11.00-12.00  sec  3.78 MBytes  31.7 Mbits/sec                  
[ 14]  11.00-12.00  sec  2.98 MBytes  25.0 Mbits/sec                  
[SUM]  11.00-12.00  sec  15.0 MBytes   126 Mbits/sec                  
- - - - - - - - - - - - - - - - - - - - - - - - -
[  6]  12.00-13.00  sec  3.12 MBytes  26.1 Mbits/sec                  
[  8]  12.00-13.00  sec  2.35 MBytes  19.7 Mbits/sec                  
[ 10]  12.00-13.00  sec  2.83 MBytes  23.8 Mbits/sec                  
[ 12]  12.00-13.00  sec  3.17 MBytes  26.6 Mbits/sec                  
[ 14]  12.00-13.00  sec  2.47 MBytes  20.7 Mbits/sec                  
[SUM]  12.00-13.00  sec  13.9 MBytes   117 Mbits/sec                  
- - - - - - - - - - - - - - - - - - - - - - - - -
[  6]  13.00-14.00  sec  4.05 MBytes  34.0 Mbits/sec                  
[  8]  13.00-14.00  sec  1.82 MBytes  15.3 Mbits/sec                  
[ 10]  13.00-14.00  sec  2.71 MBytes  22.8 Mbits/sec                  
[ 12]  13.00-14.00  sec  3.09 MBytes  25.9 Mbits/sec                  
[ 14]  13.00-14.00  sec  2.42 MBytes  20.3 Mbits/sec                  
[SUM]  13.00-14.00  sec  14.1 MBytes   118 Mbits/sec                  
- - - - - - - - - - - - - - - - - - - - - - - - -
[  6]  14.00-15.00  sec  3.33 MBytes  27.9 Mbits/sec                  
[  8]  14.00-15.00  sec  2.74 MBytes  23.0 Mbits/sec                  
[ 10]  14.00-15.00  sec  2.96 MBytes  24.8 Mbits/sec                  
[ 12]  14.00-15.00  sec  3.53 MBytes  29.6 Mbits/sec                  
[ 14]  14.00-15.00  sec  3.03 MBytes  25.4 Mbits/sec                  
[SUM]  14.00-15.00  sec  15.6 MBytes   131 Mbits/sec                  
- - - - - - - - - - - - - - - - - - - - - - - - -
[  6]  15.00-16.00  sec  3.14 MBytes  26.3 Mbits/sec                  
[  8]  15.00-16.00  sec  3.58 MBytes  30.0 Mbits/sec                  
[ 10]  15.00-16.00  sec  2.65 MBytes  22.2 Mbits/sec                  
[ 12]  15.00-16.00  sec  2.96 MBytes  24.8 Mbits/sec                  
[ 14]  15.00-16.00  sec  2.23 MBytes  18.7 Mbits/sec                  
[SUM]  15.00-16.00  sec  14.6 MBytes   122 Mbits/sec                  
- - - - - - - - - - - - - - - - - - - - - - - - -
[  6]  16.00-17.00  sec  3.65 MBytes  30.6 Mbits/sec                  
[  8]  16.00-17.00  sec  3.77 MBytes  31.7 Mbits/sec                  
[ 10]  16.00-17.00  sec  2.81 MBytes  23.6 Mbits/sec                  
[ 12]  16.00-17.00  sec  3.07 MBytes  25.7 Mbits/sec                  
[ 14]  16.00-17.00  sec  2.44 MBytes  20.5 Mbits/sec                  
[SUM]  16.00-17.00  sec  15.7 MBytes   132 Mbits/sec                  
- - - - - - - - - - - - - - - - - - - - - - - - -
[  6]  17.00-18.00  sec  2.91 MBytes  24.4 Mbits/sec                  
[  8]  17.00-18.00  sec  3.68 MBytes  30.9 Mbits/sec                  
[ 10]  17.00-18.00  sec  3.16 MBytes  26.5 Mbits/sec                  
[ 12]  17.00-18.00  sec  3.06 MBytes  25.6 Mbits/sec                  
[ 14]  17.00-18.00  sec  4.37 MBytes  36.7 Mbits/sec                  
[SUM]  17.00-18.00  sec  17.2 MBytes   144 Mbits/sec                  
- - - - - - - - - - - - - - - - - - - - - - - - -
[  6]  18.00-19.00  sec  3.67 MBytes  30.8 Mbits/sec                  
[  8]  18.00-19.00  sec  3.45 MBytes  28.9 Mbits/sec                  
[ 10]  18.00-19.00  sec  2.56 MBytes  21.4 Mbits/sec                  
[ 12]  18.00-19.00  sec  3.03 MBytes  25.4 Mbits/sec                  
[ 14]  18.00-19.00  sec  5.14 MBytes  43.1 Mbits/sec                  
[SUM]  18.00-19.00  sec  17.8 MBytes   150 Mbits/sec                  
- - - - - - - - - - - - - - - - - - - - - - - - -
[  6]  19.00-20.00  sec  4.49 MBytes  37.7 Mbits/sec                  
[  8]  19.00-20.00  sec  3.04 MBytes  25.5 Mbits/sec                  
[ 10]  19.00-20.00  sec  3.25 MBytes  27.3 Mbits/sec                  
[ 12]  19.00-20.00  sec  3.52 MBytes  29.5 Mbits/sec                  
[ 14]  19.00-20.00  sec  4.82 MBytes  40.4 Mbits/sec                  
[SUM]  19.00-20.00  sec  19.1 MBytes   160 Mbits/sec                  
- - - - - - - - - - - - - - - - - - - - - - - - -
[  6]  20.00-21.00  sec  3.20 MBytes  26.8 Mbits/sec                  
[  8]  20.00-21.00  sec  2.80 MBytes  23.5 Mbits/sec                  
[ 10]  20.00-21.00  sec  3.20 MBytes  26.9 Mbits/sec                  
[ 12]  20.00-21.00  sec  2.17 MBytes  18.2 Mbits/sec                  
[ 14]  20.00-21.00  sec  3.32 MBytes  27.9 Mbits/sec                  
[SUM]  20.00-21.00  sec  14.7 MBytes   123 Mbits/sec                  
- - - - - - - - - - - - - - - - - - - - - - - - -
[  6]  21.00-22.00  sec  2.64 MBytes  22.2 Mbits/sec                  
[  8]  21.00-22.00  sec  2.09 MBytes  17.5 Mbits/sec                  
[ 10]  21.00-22.00  sec  2.72 MBytes  22.8 Mbits/sec                  
[ 12]  21.00-22.00  sec  2.39 MBytes  20.1 Mbits/sec                  
[ 14]  21.00-22.00  sec  2.95 MBytes  24.8 Mbits/sec                  
[SUM]  21.00-22.00  sec  12.8 MBytes   107 Mbits/sec                  
- - - - - - - - - - - - - - - - - - - - - - - - -
[  6]  22.00-23.00  sec   641 KBytes  5.25 Mbits/sec                  
[  8]  22.00-23.00  sec   431 KBytes  3.53 Mbits/sec                  
[ 10]  22.00-23.00  sec   697 KBytes  5.71 Mbits/sec                  
[ 12]  22.00-23.00  sec   522 KBytes  4.27 Mbits/sec                  
[ 14]  22.00-23.00  sec   659 KBytes  5.40 Mbits/sec                  
[SUM]  22.00-23.00  sec  2.88 MBytes  24.2 Mbits/sec                  
- - - - - - - - - - - - - - - - - - - - - - - - -
[  6]  23.00-24.00  sec  1.11 MBytes  9.29 Mbits/sec                  
[  8]  23.00-24.00  sec   737 KBytes  6.04 Mbits/sec                  
[ 10]  23.00-24.00  sec  1.20 MBytes  10.1 Mbits/sec                  
[ 12]  23.00-24.00  sec   803 KBytes  6.58 Mbits/sec                  
[ 14]  23.00-24.00  sec  1.10 MBytes  9.25 Mbits/sec                  
[SUM]  23.00-24.00  sec  4.91 MBytes  41.2 Mbits/sec                  
- - - - - - - - - - - - - - - - - - - - - - - - -
[  6]  24.00-25.00  sec  1.11 MBytes  9.31 Mbits/sec                  
[  8]  24.00-25.00  sec   813 KBytes  6.66 Mbits/sec                  
[ 10]  24.00-25.00  sec  1.12 MBytes  9.40 Mbits/sec                  
[ 12]  24.00-25.00  sec  1.03 MBytes  8.62 Mbits/sec                  
[ 14]  24.00-25.00  sec   865 KBytes  7.09 Mbits/sec                  
[SUM]  24.00-25.00  sec  4.90 MBytes  41.1 Mbits/sec                  
- - - - - - - - - - - - - - - - - - - - - - - - -
[  6]  25.00-26.00  sec  1.68 MBytes  14.1 Mbits/sec                  
[  8]  25.00-26.00  sec   969 KBytes  7.94 Mbits/sec                  
[ 10]  25.00-26.00  sec  1.83 MBytes  15.3 Mbits/sec                  
[ 12]  25.00-26.00  sec  2.27 MBytes  19.1 Mbits/sec                  
[ 14]  25.00-26.00  sec  1.41 MBytes  11.8 Mbits/sec                  
[SUM]  25.00-26.00  sec  8.14 MBytes  68.3 Mbits/sec                  
- - - - - - - - - - - - - - - - - - - - - - - - -
[  6]  26.00-27.00  sec  2.99 MBytes  25.1 Mbits/sec                  
[  8]  26.00-27.00  sec  2.24 MBytes  18.8 Mbits/sec                  
[ 10]  26.00-27.00  sec  3.65 MBytes  30.6 Mbits/sec                  
[ 12]  26.00-27.00  sec  4.12 MBytes  34.6 Mbits/sec                  
[ 14]  26.00-27.00  sec  3.01 MBytes  25.3 Mbits/sec                  
[SUM]  26.00-27.00  sec  16.0 MBytes   134 Mbits/sec                  
- - - - - - - - - - - - - - - - - - - - - - - - -
[  6]  27.00-28.00  sec  3.00 MBytes  25.2 Mbits/sec                  
[  8]  27.00-28.00  sec  3.80 MBytes  31.9 Mbits/sec                  
[ 10]  27.00-28.00  sec  2.41 MBytes  20.2 Mbits/sec                  
[ 12]  27.00-28.00  sec  3.23 MBytes  27.1 Mbits/sec                  
[ 14]  27.00-28.00  sec  3.17 MBytes  26.6 Mbits/sec                  
[SUM]  27.00-28.00  sec  15.6 MBytes   131 Mbits/sec                  
- - - - - - - - - - - - - - - - - - - - - - - - -
[  6]  28.00-29.00  sec  2.74 MBytes  23.0 Mbits/sec                  
[  8]  28.00-29.00  sec  4.21 MBytes  35.3 Mbits/sec                  
[ 10]  28.00-29.00  sec  2.62 MBytes  22.0 Mbits/sec                  
[ 12]  28.00-29.00  sec  3.65 MBytes  30.6 Mbits/sec                  
[ 14]  28.00-29.00  sec  3.64 MBytes  30.6 Mbits/sec                  
[SUM]  28.00-29.00  sec  16.9 MBytes   142 Mbits/sec                  
- - - - - - - - - - - - - - - - - - - - - - - - -
[  6]  29.00-30.00  sec  3.34 MBytes  28.1 Mbits/sec                  
[  8]  29.00-30.00  sec  2.38 MBytes  19.9 Mbits/sec                  
[ 10]  29.00-30.00  sec  4.38 MBytes  36.7 Mbits/sec                  
[ 12]  29.00-30.00  sec  4.54 MBytes  38.1 Mbits/sec                  
[ 14]  29.00-30.00  sec  3.01 MBytes  25.2 Mbits/sec                  
[SUM]  29.00-30.00  sec  17.6 MBytes   148 Mbits/sec                  
- - - - - - - - - - - - - - - - - - - - - - - - -
[ ID] Interval           Transfer     Bitrate         Retr
[  6]   0.00-30.02  sec  81.2 MBytes  22.7 Mbits/sec  125             sender
[  6]   0.00-30.00  sec  80.8 MBytes  22.6 Mbits/sec                  receiver
[  8]   0.00-30.02  sec  79.6 MBytes  22.2 Mbits/sec  121             sender
[  8]   0.00-30.00  sec  78.8 MBytes  22.0 Mbits/sec                  receiver
[ 10]   0.00-30.02  sec  78.6 MBytes  22.0 Mbits/sec  114             sender
[ 10]   0.00-30.00  sec  78.1 MBytes  21.8 Mbits/sec                  receiver
[ 12]   0.00-30.02  sec  78.9 MBytes  22.0 Mbits/sec  125             sender
[ 12]   0.00-30.00  sec  78.3 MBytes  21.9 Mbits/sec                  receiver
[ 14]   0.00-30.02  sec  78.1 MBytes  21.8 Mbits/sec  136             sender
[ 14]   0.00-30.00  sec  77.6 MBytes  21.7 Mbits/sec                  receiver
[SUM]   0.00-30.02  sec   396 MBytes   111 Mbits/sec  621             sender
[SUM]   0.00-30.00  sec   393 MBytes   110 Mbits/sec                  receiver

iperf Done.
