Connecting to host 192.168.0.104, port 5201
[  6] local 192.168.0.168 port 46568 connected to 192.168.0.104 port 5201
[  8] local 192.168.0.168 port 46570 connected to 192.168.0.104 port 5201
[ 10] local 192.168.0.168 port 46582 connected to 192.168.0.104 port 5201
[ 12] local 192.168.0.168 port 46592 connected to 192.168.0.104 port 5201
[ 14] local 192.168.0.168 port 46606 connected to 192.168.0.104 port 5201
[ ID] Interval           Transfer     Bitrate         Retr  Cwnd
[  6]   0.00-1.00   sec  6.30 MBytes  52.9 Mbits/sec    0    482 KBytes       
[  8]   0.00-1.00   sec  5.27 MBytes  44.2 Mbits/sec    0    428 KBytes       
[ 10]   0.00-1.00   sec  6.81 MBytes  57.1 Mbits/sec    0    581 KBytes       
[ 12]   0.00-1.00   sec  6.25 MBytes  52.4 Mbits/sec    0    479 KBytes       
[ 14]   0.00-1.00   sec  8.28 MBytes  69.5 Mbits/sec    0    670 KBytes       
[SUM]   0.00-1.00   sec  32.9 MBytes   276 Mbits/sec    0             
- - - - - - - - - - - - - - - - - - - - - - - - -
[  6]   1.00-2.00   sec  4.55 MBytes  38.2 Mbits/sec    0    595 KBytes       
[  8]   1.00-2.00   sec  4.17 MBytes  35.0 Mbits/sec    0    568 KBytes       
[ 10]   1.00-2.00   sec  4.99 MBytes  41.8 Mbits/sec    0    676 KBytes       
[ 12]   1.00-2.00   sec  4.54 MBytes  38.1 Mbits/sec    0    628 KBytes       
[ 14]   1.00-2.00   sec  3.75 MBytes  31.5 Mbits/sec    0    755 KBytes       
[SUM]   1.00-2.00   sec  22.0 MBytes   185 Mbits/sec    0             
- - - - - - - - - - - - - - - - - - - - - - - - -
[  6]   2.00-3.00   sec  3.75 MBytes  31.5 Mbits/sec    0    687 KBytes       
[  8]   2.00-3.00   sec  4.98 MBytes  41.8 Mbits/sec    0    667 KBytes       
[ 10]   2.00-3.00   sec  5.00 MBytes  41.9 Mbits/sec    0    721 KBytes       
[ 12]   2.00-3.00   sec  5.00 MBytes  41.9 Mbits/sec    0    720 KBytes       
[ 14]   2.00-3.00   sec  5.00 MBytes  41.9 Mbits/sec    0    793 KBytes       
[SUM]   2.00-3.00   sec  23.7 MBytes   199 Mbits/sec    0             
- - - - - - - - - - - - - - - - - - - - - - - - -
[  6]   3.00-4.00   sec  5.00 MBytes  41.9 Mbits/sec    0    720 KBytes       
[  8]   3.00-4.00   sec  3.75 MBytes  31.5 Mbits/sec    0    667 KBytes       
[ 10]   3.00-4.00   sec  3.75 MBytes  31.5 Mbits/sec    0    721 KBytes       
[ 12]   3.00-4.00   sec  3.75 MBytes  31.5 Mbits/sec    0    720 KBytes       
[ 14]   3.00-4.00   sec  3.75 MBytes  31.5 Mbits/sec    0    793 KBytes       
[SUM]   3.00-4.00   sec  20.0 MBytes   168 Mbits/sec    0             
- - - - - - - - - - - - - - - - - - - - - - - - -
[  6]   4.00-5.00   sec  3.75 MBytes  31.5 Mbits/sec    0    789 KBytes       
[  8]   4.00-5.00   sec  5.00 MBytes  41.9 Mbits/sec    0    775 KBytes       
[ 10]   4.00-5.00   sec  3.75 MBytes  31.5 Mbits/sec    0    785 KBytes       
[ 12]   4.00-5.00   sec  5.00 MBytes  41.9 Mbits/sec    0    768 KBytes       
[ 14]   4.00-5.00   sec  5.00 MBytes  41.9 Mbits/sec    0    831 KBytes       
[SUM]   4.00-5.00   sec  22.5 MBytes   189 Mbits/sec    0             
- - - - - - - - - - - - - - - - - - - - - - - - -
[  6]   5.00-6.00   sec  5.00 MBytes  41.9 Mbits/sec    0    789 KBytes       
[  8]   5.00-6.00   sec  3.75 MBytes  31.5 Mbits/sec    0    775 KBytes       
[ 10]   5.00-6.00   sec  5.00 MBytes  41.9 Mbits/sec    0    785 KBytes       
[ 12]   5.00-6.00   sec  3.75 MBytes  31.5 Mbits/sec    0    768 KBytes       
[ 14]   5.00-6.00   sec  3.75 MBytes  31.5 Mbits/sec    0    831 KBytes       
[SUM]   5.00-6.00   sec  21.2 MBytes   178 Mbits/sec    0             
- - - - - - - - - - - - - - - - - - - - - - - - -
[  6]   6.00-7.00   sec  3.75 MBytes  31.5 Mbits/sec    0    789 KBytes       
[  8]   6.00-7.00   sec  5.00 MBytes  41.9 Mbits/sec    0    775 KBytes       
[ 10]   6.00-7.00   sec  3.75 MBytes  31.5 Mbits/sec    0    785 KBytes       
[ 12]   6.00-7.00   sec  5.00 MBytes  41.9 Mbits/sec    0    768 KBytes       
[ 14]   6.00-7.00   sec  3.75 MBytes  31.5 Mbits/sec    0    831 KBytes       
[SUM]   6.00-7.00   sec  21.2 MBytes   178 Mbits/sec    0             
- - - - - - - - - - - - - - - - - - - - - - - - -
[  6]   7.00-8.00   sec  3.75 MBytes  31.5 Mbits/sec    0    789 KBytes       
[  8]   7.00-8.00   sec  3.75 MBytes  31.5 Mbits/sec    0    775 KBytes       
[ 10]   7.00-8.00   sec  5.00 MBytes  41.9 Mbits/sec    0    785 KBytes       
[ 12]   7.00-8.00   sec  3.75 MBytes  31.5 Mbits/sec    0    768 KBytes       
[ 14]   7.00-8.00   sec  5.00 MBytes  41.9 Mbits/sec    0    831 KBytes       
[SUM]   7.00-8.00   sec  21.2 MBytes   178 Mbits/sec    0             
- - - - - - - - - - - - - - - - - - - - - - - - -
[  6]   8.00-9.00   sec  5.00 MBytes  41.9 Mbits/sec    0    844 KBytes       
[  8]   8.00-9.00   sec  5.00 MBytes  41.9 Mbits/sec    0    826 KBytes       
[ 10]   8.00-9.00   sec  3.75 MBytes  31.5 Mbits/sec    0    839 KBytes       
[ 12]   8.00-9.00   sec  3.75 MBytes  31.5 Mbits/sec    0    816 KBytes       
[ 14]   8.00-9.00   sec  3.75 MBytes  31.5 Mbits/sec    0    887 KBytes       
[SUM]   8.00-9.00   sec  21.2 MBytes   178 Mbits/sec    0             
- - - - - - - - - - - - - - - - - - - - - - - - -
[  6]   9.00-10.00  sec  3.75 MBytes  31.5 Mbits/sec    1    844 KBytes       
[  8]   9.00-10.00  sec  2.50 MBytes  21.0 Mbits/sec    1    871 KBytes       
[ 10]   9.00-10.00  sec  3.75 MBytes  31.5 Mbits/sec    1    839 KBytes       
[ 12]   9.00-10.00  sec  3.75 MBytes  31.5 Mbits/sec    1    860 KBytes       
[ 14]   9.00-10.00  sec  3.75 MBytes  31.5 Mbits/sec    1    887 KBytes       
[SUM]   9.00-10.00  sec  17.5 MBytes   147 Mbits/sec    5             
- - - - - - - - - - - - - - - - - - - - - - - - -
[  6]  10.00-11.00  sec  0.00 Bytes  0.00 bits/sec    0    844 KBytes       
[  8]  10.00-11.00  sec  1.25 MBytes  10.5 Mbits/sec    0    871 KBytes       
[ 10]  10.00-11.00  sec  0.00 Bytes  0.00 bits/sec    0    839 KBytes       
[ 12]  10.00-11.00  sec  0.00 Bytes  0.00 bits/sec    4    601 KBytes       
[ 14]  10.00-11.00  sec  0.00 Bytes  0.00 bits/sec    4    187 KBytes       
[SUM]  10.00-11.00  sec  1.25 MBytes  10.5 Mbits/sec    8             
- - - - - - - - - - - - - - - - - - - - - - - - -
[  6]  11.00-12.00  sec  1.25 MBytes  10.5 Mbits/sec    0    844 KBytes       
[  8]  11.00-12.00  sec  1.25 MBytes  10.5 Mbits/sec    0    871 KBytes       
[ 10]  11.00-12.00  sec  1.25 MBytes  10.5 Mbits/sec    0    839 KBytes       
[ 12]  11.00-12.00  sec  1.25 MBytes  10.5 Mbits/sec    0    601 KBytes       
[ 14]  11.00-12.00  sec  1.25 MBytes  10.5 Mbits/sec    0    187 KBytes       
[SUM]  11.00-12.00  sec  6.25 MBytes  52.4 Mbits/sec    0             
- - - - - - - - - - - - - - - - - - - - - - - - -
[  6]  12.00-13.00  sec  2.50 MBytes  21.0 Mbits/sec    0    887 KBytes       
[  8]  12.00-13.00  sec  1.25 MBytes  10.5 Mbits/sec    0    871 KBytes       
[ 10]  12.00-13.00  sec  2.50 MBytes  21.0 Mbits/sec    0    839 KBytes       
[ 12]  12.00-13.00  sec  2.50 MBytes  21.0 Mbits/sec    0    601 KBytes       
[ 14]  12.00-13.00  sec  0.00 Bytes  0.00 bits/sec    0    187 KBytes       
[SUM]  12.00-13.00  sec  8.75 MBytes  73.4 Mbits/sec    0             
- - - - - - - - - - - - - - - - - - - - - - - - -
[  6]  13.00-14.00  sec  3.75 MBytes  31.5 Mbits/sec    0    887 KBytes       
[  8]  13.00-14.00  sec  3.75 MBytes  31.5 Mbits/sec    0    871 KBytes       
[ 10]  13.00-14.00  sec  3.75 MBytes  31.5 Mbits/sec    0    839 KBytes       
[ 12]  13.00-14.00  sec  2.50 MBytes  21.0 Mbits/sec    0    611 KBytes       
[ 14]  13.00-14.00  sec  1.25 MBytes  10.5 Mbits/sec    0    194 KBytes       
[SUM]  13.00-14.00  sec  15.0 MBytes   126 Mbits/sec    0             
- - - - - - - - - - - - - - - - - - - - - - - - -
[  6]  14.00-15.00  sec  2.50 MBytes  21.0 Mbits/sec    0    887 KBytes       
[  8]  14.00-15.00  sec  2.50 MBytes  21.0 Mbits/sec    0    871 KBytes       
[ 10]  14.00-15.00  sec  2.50 MBytes  21.0 Mbits/sec    0    839 KBytes       
[ 12]  14.00-15.00  sec  2.50 MBytes  21.0 Mbits/sec    0    611 KBytes       
[ 14]  14.00-15.00  sec  1.25 MBytes  10.5 Mbits/sec    0    310 KBytes       
[SUM]  14.00-15.00  sec  11.2 MBytes  94.4 Mbits/sec    0             
- - - - - - - - - - - - - - - - - - - - - - - - -
[  6]  15.00-16.00  sec  3.75 MBytes  31.5 Mbits/sec    0    887 KBytes       
[  8]  15.00-16.00  sec  3.75 MBytes  31.5 Mbits/sec    0    871 KBytes       
[ 10]  15.00-16.00  sec  3.75 MBytes  31.5 Mbits/sec    0    839 KBytes       
[ 12]  15.00-16.00  sec  3.75 MBytes  31.5 Mbits/sec    0    741 KBytes       
[ 14]  15.00-16.00  sec  2.50 MBytes  21.0 Mbits/sec    0    501 KBytes       
[SUM]  15.00-16.00  sec  17.5 MBytes   147 Mbits/sec    0             
- - - - - - - - - - - - - - - - - - - - - - - - -
[  6]  16.00-17.00  sec  5.00 MBytes  41.9 Mbits/sec    0    887 KBytes       
[  8]  16.00-17.00  sec  5.00 MBytes  41.9 Mbits/sec    0    871 KBytes       
[ 10]  16.00-17.00  sec  3.75 MBytes  31.5 Mbits/sec    0    839 KBytes       
[ 12]  16.00-17.00  sec  5.00 MBytes  41.9 Mbits/sec    0    741 KBytes       
[ 14]  16.00-17.00  sec  3.75 MBytes  31.5 Mbits/sec    0    598 KBytes       
[SUM]  16.00-17.00  sec  22.5 MBytes   189 Mbits/sec    0             
- - - - - - - - - - - - - - - - - - - - - - - - -
[  6]  17.00-18.00  sec  3.75 MBytes  31.5 Mbits/sec    0    887 KBytes       
[  8]  17.00-18.00  sec  3.75 MBytes  31.5 Mbits/sec    0    871 KBytes       
[ 10]  17.00-18.00  sec  5.00 MBytes  41.9 Mbits/sec    0    839 KBytes       
[ 12]  17.00-18.00  sec  3.75 MBytes  31.5 Mbits/sec    0    827 KBytes       
[ 14]  17.00-18.00  sec  5.00 MBytes  41.9 Mbits/sec    0    710 KBytes       
[SUM]  17.00-18.00  sec  21.2 MBytes   178 Mbits/sec    0             
- - - - - - - - - - - - - - - - - - - - - - - - -
[  6]  18.00-19.00  sec  3.75 MBytes  31.5 Mbits/sec    0    887 KBytes       
[  8]  18.00-19.00  sec  3.75 MBytes  31.5 Mbits/sec    0    871 KBytes       
[ 10]  18.00-19.00  sec  3.75 MBytes  31.5 Mbits/sec    0    839 KBytes       
[ 12]  18.00-19.00  sec  3.75 MBytes  31.5 Mbits/sec    0    827 KBytes       
[ 14]  18.00-19.00  sec  3.75 MBytes  31.5 Mbits/sec    0    710 KBytes       
[SUM]  18.00-19.00  sec  18.8 MBytes   157 Mbits/sec    0             
- - - - - - - - - - - - - - - - - - - - - - - - -
[  6]  19.00-20.00  sec  3.75 MBytes  31.5 Mbits/sec    0    887 KBytes       
[  8]  19.00-20.00  sec  3.75 MBytes  31.5 Mbits/sec    0    871 KBytes       
[ 10]  19.00-20.00  sec  3.75 MBytes  31.5 Mbits/sec    0    839 KBytes       
[ 12]  19.00-20.00  sec  3.75 MBytes  31.5 Mbits/sec    0    827 KBytes       
[ 14]  19.00-20.00  sec  3.75 MBytes  31.5 Mbits/sec    0    710 KBytes       
[SUM]  19.00-20.00  sec  18.8 MBytes   157 Mbits/sec    0             
- - - - - - - - - - - - - - - - - - - - - - - - -
[  6]  20.00-21.00  sec  3.75 MBytes  31.5 Mbits/sec    0    887 KBytes       
[  8]  20.00-21.00  sec  5.00 MBytes  41.9 Mbits/sec    0    871 KBytes       
[ 10]  20.00-21.00  sec  3.75 MBytes  31.5 Mbits/sec    0    839 KBytes       
[ 12]  20.00-21.00  sec  3.75 MBytes  31.5 Mbits/sec    0    827 KBytes       
[ 14]  20.00-21.00  sec  3.75 MBytes  31.5 Mbits/sec    0    710 KBytes       
[SUM]  20.00-21.00  sec  20.0 MBytes   168 Mbits/sec    0             
- - - - - - - - - - - - - - - - - - - - - - - - -
[  6]  21.00-22.00  sec  5.00 MBytes  41.9 Mbits/sec    0    887 KBytes       
[  8]  21.00-22.00  sec  3.75 MBytes  31.5 Mbits/sec    0    871 KBytes       
[ 10]  21.00-22.00  sec  3.75 MBytes  31.5 Mbits/sec    0    839 KBytes       
[ 12]  21.00-22.00  sec  5.00 MBytes  41.9 Mbits/sec    0    827 KBytes       
[ 14]  21.00-22.00  sec  5.00 MBytes  41.9 Mbits/sec    0    826 KBytes       
[SUM]  21.00-22.00  sec  22.5 MBytes   189 Mbits/sec    0             
- - - - - - - - - - - - - - - - - - - - - - - - -
[  6]  22.00-23.00  sec  3.75 MBytes  31.5 Mbits/sec    0    887 KBytes       
[  8]  22.00-23.00  sec  5.00 MBytes  42.0 Mbits/sec    0    871 KBytes       
[ 10]  22.00-23.00  sec  5.00 MBytes  42.0 Mbits/sec    0    881 KBytes       
[ 12]  22.00-23.00  sec  3.75 MBytes  31.5 Mbits/sec    0    851 KBytes       
[ 14]  22.00-23.00  sec  3.75 MBytes  31.5 Mbits/sec    0    867 KBytes       
[SUM]  22.00-23.00  sec  21.2 MBytes   178 Mbits/sec    0             
- - - - - - - - - - - - - - - - - - - - - - - - -
[  6]  23.00-24.00  sec  3.75 MBytes  31.5 Mbits/sec    0    887 KBytes       
[  8]  23.00-24.00  sec  3.75 MBytes  31.5 Mbits/sec    0    871 KBytes       
[ 10]  23.00-24.00  sec  3.75 MBytes  31.5 Mbits/sec    0    881 KBytes       
[ 12]  23.00-24.00  sec  3.75 MBytes  31.5 Mbits/sec    0    851 KBytes       
[ 14]  23.00-24.00  sec  3.75 MBytes  31.5 Mbits/sec    0    867 KBytes       
[SUM]  23.00-24.00  sec  18.8 MBytes   157 Mbits/sec    0             
- - - - - - - - - - - - - - - - - - - - - - - - -
[  6]  24.00-25.00  sec  2.50 MBytes  21.0 Mbits/sec    1    887 KBytes       
[  8]  24.00-25.00  sec  2.50 MBytes  21.0 Mbits/sec    1    871 KBytes       
[ 10]  24.00-25.00  sec  2.50 MBytes  21.0 Mbits/sec    1    881 KBytes       
[ 12]  24.00-25.00  sec  3.75 MBytes  31.5 Mbits/sec    0    851 KBytes       
[ 14]  24.00-25.00  sec  2.50 MBytes  21.0 Mbits/sec    1    867 KBytes       
[SUM]  24.00-25.00  sec  13.8 MBytes   115 Mbits/sec    4             
- - - - - - - - - - - - - - - - - - - - - - - - -
[  6]  25.00-26.00  sec  1.25 MBytes  10.5 Mbits/sec    0    887 KBytes       
[  8]  25.00-26.00  sec  0.00 Bytes  0.00 bits/sec    0    871 KBytes       
[ 10]  25.00-26.00  sec  0.00 Bytes  0.00 bits/sec    0    881 KBytes       
[ 12]  25.00-26.00  sec  0.00 Bytes  0.00 bits/sec    0    851 KBytes       
[ 14]  25.00-26.00  sec  1.25 MBytes  10.5 Mbits/sec    0    867 KBytes       
[SUM]  25.00-26.00  sec  2.50 MBytes  21.0 Mbits/sec    0             
- - - - - - - - - - - - - - - - - - - - - - - - -
[  6]  26.00-27.00  sec  1.25 MBytes  10.5 Mbits/sec    0    887 KBytes       
[  8]  26.00-27.00  sec  1.25 MBytes  10.5 Mbits/sec    0    871 KBytes       
[ 10]  26.00-27.00  sec  1.25 MBytes  10.5 Mbits/sec    0    881 KBytes       
[ 12]  26.00-27.00  sec  1.25 MBytes  10.5 Mbits/sec    0    851 KBytes       
[ 14]  26.00-27.00  sec  1.25 MBytes  10.5 Mbits/sec    0    867 KBytes       
[SUM]  26.00-27.00  sec  6.25 MBytes  52.4 Mbits/sec    0             
- - - - - - - - - - - - - - - - - - - - - - - - -
[  6]  27.00-28.00  sec  1.25 MBytes  10.5 Mbits/sec    0    887 KBytes       
[  8]  27.00-28.00  sec  1.25 MBytes  10.5 Mbits/sec    0    871 KBytes       
[ 10]  27.00-28.00  sec  1.25 MBytes  10.5 Mbits/sec    0    881 KBytes       
[ 12]  27.00-28.00  sec  1.25 MBytes  10.5 Mbits/sec    0    851 KBytes       
[ 14]  27.00-28.00  sec  1.25 MBytes  10.5 Mbits/sec    0    867 KBytes       
[SUM]  27.00-28.00  sec  6.25 MBytes  52.4 Mbits/sec    0             
- - - - - - - - - - - - - - - - - - - - - - - - -
[  6]  28.00-29.00  sec  1.25 MBytes  10.5 Mbits/sec    0    887 KBytes       
[  8]  28.00-29.00  sec  2.50 MBytes  21.0 Mbits/sec    0    871 KBytes       
[ 10]  28.00-29.00  sec  2.50 MBytes  21.0 Mbits/sec    0    881 KBytes       
[ 12]  28.00-29.00  sec  1.25 MBytes  10.5 Mbits/sec    0    851 KBytes       
[ 14]  28.00-29.00  sec  1.25 MBytes  10.5 Mbits/sec    0    867 KBytes       
[SUM]  28.00-29.00  sec  8.75 MBytes  73.4 Mbits/sec    0             
- - - - - - - - - - - - - - - - - - - - - - - - -
[  6]  29.00-30.00  sec  3.75 MBytes  31.5 Mbits/sec    0    887 KBytes       
[  8]  29.00-30.00  sec  2.50 MBytes  21.0 Mbits/sec    0    871 KBytes       
[ 10]  29.00-30.00  sec  2.50 MBytes  21.0 Mbits/sec    0    881 KBytes       
[ 12]  29.00-30.00  sec  3.75 MBytes  31.5 Mbits/sec    0    851 KBytes       
[ 14]  29.00-30.00  sec  3.75 MBytes  31.5 Mbits/sec    0    867 KBytes       
[SUM]  29.00-30.00  sec  16.2 MBytes   136 Mbits/sec    0             
- - - - - - - - - - - - - - - - - - - - - - - - -
[ ID] Interval           Transfer     Bitrate         Retr
[  6]   0.00-30.00  sec   102 MBytes  28.5 Mbits/sec    2             sender
[  6]   0.00-30.06  sec  98.6 MBytes  27.5 Mbits/sec                  receiver
[  8]   0.00-30.00  sec   101 MBytes  28.1 Mbits/sec    2             sender
[  8]   0.00-30.06  sec  97.6 MBytes  27.2 Mbits/sec                  receiver
[ 10]   0.00-30.00  sec   102 MBytes  28.5 Mbits/sec    2             sender
[ 10]   0.00-30.06  sec  99.0 MBytes  27.6 Mbits/sec                  receiver
[ 12]   0.00-30.00  sec   101 MBytes  28.2 Mbits/sec    5             sender
[ 12]   0.00-30.06  sec  97.5 MBytes  27.2 Mbits/sec                  receiver
[ 14]   0.00-30.00  sec  95.8 MBytes  26.8 Mbits/sec    6             sender
[ 14]   0.00-30.06  sec  92.4 MBytes  25.8 Mbits/sec                  receiver
[SUM]   0.00-30.00  sec   501 MBytes   140 Mbits/sec   17             sender
[SUM]   0.00-30.06  sec   485 MBytes   135 Mbits/sec                  receiver

iperf Done.
