Connecting to host 192.168.0.104, port 5201
Reverse mode, remote host 192.168.0.104 is sending
[  6] local 192.168.0.168 port 38914 connected to 192.168.0.104 port 5201
[  8] local 192.168.0.168 port 38930 connected to 192.168.0.104 port 5201
[ 10] local 192.168.0.168 port 38946 connected to 192.168.0.104 port 5201
[ 12] local 192.168.0.168 port 38954 connected to 192.168.0.104 port 5201
[ 14] local 192.168.0.168 port 38960 connected to 192.168.0.104 port 5201
[ ID] Interval           Transfer     Bitrate
[  6]   0.00-1.00   sec  2.47 MBytes  20.7 Mbits/sec                  
[  8]   0.00-1.00   sec  4.79 MBytes  40.2 Mbits/sec                  
[ 10]   0.00-1.00   sec  2.76 MBytes  23.2 Mbits/sec                  
[ 12]   0.00-1.00   sec  2.58 MBytes  21.6 Mbits/sec                  
[ 14]   0.00-1.00   sec  4.36 MBytes  36.6 Mbits/sec                  
[SUM]   0.00-1.00   sec  17.0 MBytes   142 Mbits/sec                  
- - - - - - - - - - - - - - - - - - - - - - - - -
[  6]   1.00-2.00   sec  3.33 MBytes  27.9 Mbits/sec                  
[  8]   1.00-2.00   sec  3.42 MBytes  28.7 Mbits/sec                  
[ 10]   1.00-2.00   sec  2.98 MBytes  25.0 Mbits/sec                  
[ 12]   1.00-2.00   sec  2.78 MBytes  23.3 Mbits/sec                  
[ 14]   1.00-2.00   sec  4.71 MBytes  39.5 Mbits/sec                  
[SUM]   1.00-2.00   sec  17.2 MBytes   144 Mbits/sec                  
- - - - - - - - - - - - - - - - - - - - - - - - -
[  6]   2.00-3.00   sec  4.97 MBytes  41.7 Mbits/sec                  
[  8]   2.00-3.00   sec  2.65 MBytes  22.2 Mbits/sec                  
[ 10]   2.00-3.00   sec  2.91 MBytes  24.4 Mbits/sec                  
[ 12]   2.00-3.00   sec  2.45 MBytes  20.5 Mbits/sec                  
[ 14]   2.00-3.00   sec  3.94 MBytes  33.0 Mbits/sec                  
[SUM]   2.00-3.00   sec  16.9 MBytes   142 Mbits/sec                  
- - - - - - - - - - - - - - - - - - - - - - - - -
[  6]   3.00-4.00   sec  3.92 MBytes  32.9 Mbits/sec                  
[  8]   3.00-4.00   sec  3.49 MBytes  29.2 Mbits/sec                  
[ 10]   3.00-4.00   sec  3.54 MBytes  29.7 Mbits/sec                  
[ 12]   3.00-4.00   sec  3.04 MBytes  25.5 Mbits/sec                  
[ 14]   3.00-4.00   sec  3.84 MBytes  32.3 Mbits/sec                  
[SUM]   3.00-4.00   sec  17.8 MBytes   150 Mbits/sec                  
- - - - - - - - - - - - - - - - - - - - - - - - -
[  6]   4.00-5.00   sec  2.48 MBytes  20.8 Mbits/sec                  
[  8]   4.00-5.00   sec  2.44 MBytes  20.5 Mbits/sec                  
[ 10]   4.00-5.00   sec  3.42 MBytes  28.7 Mbits/sec                  
[ 12]   4.00-5.00   sec  2.46 MBytes  20.6 Mbits/sec                  
[ 14]   4.00-5.00   sec  3.94 MBytes  33.0 Mbits/sec                  
[SUM]   4.00-5.00   sec  14.7 MBytes   124 Mbits/sec                  
- - - - - - - - - - - - - - - - - - - - - - - - -
[  6]   5.00-6.00   sec  1.31 MBytes  11.0 Mbits/sec                  
[  8]   5.00-6.00   sec  2.24 MBytes  18.8 Mbits/sec                  
[ 10]   5.00-6.00   sec  3.08 MBytes  25.9 Mbits/sec                  
[ 12]   5.00-6.00   sec  2.03 MBytes  17.0 Mbits/sec                  
[ 14]   5.00-6.00   sec  2.12 MBytes  17.8 Mbits/sec                  
[SUM]   5.00-6.00   sec  10.8 MBytes  90.5 Mbits/sec                  
- - - - - - - - - - - - - - - - - - - - - - - - -
[  6]   6.00-7.00   sec   400 KBytes  3.28 Mbits/sec                  
[  8]   6.00-7.00   sec   421 KBytes  3.45 Mbits/sec                  
[ 10]   6.00-7.00   sec   833 KBytes  6.82 Mbits/sec                  
[ 12]   6.00-7.00   sec   421 KBytes  3.45 Mbits/sec                  
[ 14]   6.00-7.00   sec   307 KBytes  2.51 Mbits/sec                  
[SUM]   6.00-7.00   sec  2.33 MBytes  19.5 Mbits/sec                  
- - - - - - - - - - - - - - - - - - - - - - - - -
[  6]   7.00-8.00   sec   854 KBytes  7.00 Mbits/sec                  
[  8]   7.00-8.00   sec   769 KBytes  6.30 Mbits/sec                  
[ 10]   7.00-8.00   sec  1.20 MBytes  10.1 Mbits/sec                  
[ 12]   7.00-8.00   sec   843 KBytes  6.91 Mbits/sec                  
[ 14]   7.00-8.00   sec   642 KBytes  5.26 Mbits/sec                  
[SUM]   7.00-8.00   sec  4.24 MBytes  35.5 Mbits/sec                  
- - - - - - - - - - - - - - - - - - - - - - - - -
[  6]   8.00-9.00   sec   809 KBytes  6.62 Mbits/sec                  
[  8]   8.00-9.00   sec   843 KBytes  6.90 Mbits/sec                  
[ 10]   8.00-9.00   sec   888 KBytes  7.27 Mbits/sec                  
[ 12]   8.00-9.00   sec   672 KBytes  5.50 Mbits/sec                  
[ 14]   8.00-9.00   sec   687 KBytes  5.63 Mbits/sec                  
[SUM]   8.00-9.00   sec  3.81 MBytes  31.9 Mbits/sec                  
- - - - - - - - - - - - - - - - - - - - - - - - -
[  6]   9.00-10.00  sec  2.24 MBytes  18.8 Mbits/sec                  
[  8]   9.00-10.00  sec  2.16 MBytes  18.1 Mbits/sec                  
[ 10]   9.00-10.00  sec  1.87 MBytes  15.7 Mbits/sec                  
[ 12]   9.00-10.00  sec  2.23 MBytes  18.7 Mbits/sec                  
[ 14]   9.00-10.00  sec  1.99 MBytes  16.7 Mbits/sec                  
[SUM]   9.00-10.00  sec  10.5 MBytes  87.9 Mbits/sec                  
- - - - - - - - - - - - - - - - - - - - - - - - -
[  6]  10.00-11.00  sec  2.66 MBytes  22.3 Mbits/sec                  
[  8]  10.00-11.00  sec  2.77 MBytes  23.2 Mbits/sec                  
[ 10]  10.00-11.00  sec  3.89 MBytes  32.6 Mbits/sec                  
[ 12]  10.00-11.00  sec  3.23 MBytes  27.1 Mbits/sec                  
[ 14]  10.00-11.00  sec  3.32 MBytes  27.9 Mbits/sec                  
[SUM]  10.00-11.00  sec  15.9 MBytes   133 Mbits/sec                  
- - - - - - - - - - - - - - - - - - - - - - - - -
[  6]  11.00-12.00  sec  2.52 MBytes  21.1 Mbits/sec                  
[  8]  11.00-12.00  sec  2.63 MBytes  22.0 Mbits/sec                  
[ 10]  11.00-12.00  sec  4.60 MBytes  38.6 Mbits/sec                  
[ 12]  11.00-12.00  sec  3.15 MBytes  26.4 Mbits/sec                  
[ 14]  11.00-12.00  sec  3.43 MBytes  28.8 Mbits/sec                  
[SUM]  11.00-12.00  sec  16.3 MBytes   137 Mbits/sec                  
- - - - - - - - - - - - - - - - - - - - - - - - -
[  6]  12.00-13.00  sec  2.74 MBytes  23.0 Mbits/sec                  
[  8]  12.00-13.00  sec  3.62 MBytes  30.4 Mbits/sec                  
[ 10]  12.00-13.00  sec  3.89 MBytes  32.6 Mbits/sec                  
[ 12]  12.00-13.00  sec  3.08 MBytes  25.9 Mbits/sec                  
[ 14]  12.00-13.00  sec  4.05 MBytes  34.0 Mbits/sec                  
[SUM]  12.00-13.00  sec  17.4 MBytes   146 Mbits/sec                  
- - - - - - - - - - - - - - - - - - - - - - - - -
[  6]  13.00-14.00  sec  2.32 MBytes  19.5 Mbits/sec                  
[  8]  13.00-14.00  sec  3.43 MBytes  28.8 Mbits/sec                  
[ 10]  13.00-14.00  sec  3.45 MBytes  28.9 Mbits/sec                  
[ 12]  13.00-14.00  sec  2.42 MBytes  20.3 Mbits/sec                  
[ 14]  13.00-14.00  sec  3.71 MBytes  31.1 Mbits/sec                  
[SUM]  13.00-14.00  sec  15.3 MBytes   128 Mbits/sec                  
- - - - - - - - - - - - - - - - - - - - - - - - -
[  6]  14.00-15.00  sec  3.29 MBytes  27.6 Mbits/sec                  
[  8]  14.00-15.00  sec  2.02 MBytes  16.9 Mbits/sec                  
[ 10]  14.00-15.00  sec  3.58 MBytes  30.1 Mbits/sec                  
[ 12]  14.00-15.00  sec  2.44 MBytes  20.5 Mbits/sec                  
[ 14]  14.00-15.00  sec  3.40 MBytes  28.5 Mbits/sec                  
[SUM]  14.00-15.00  sec  14.7 MBytes   124 Mbits/sec                  
- - - - - - - - - - - - - - - - - - - - - - - - -
[  6]  15.00-16.00  sec  2.24 MBytes  18.8 Mbits/sec                  
[  8]  15.00-16.00  sec  2.99 MBytes  25.1 Mbits/sec                  
[ 10]  15.00-16.00  sec  3.89 MBytes  32.6 Mbits/sec                  
[ 12]  15.00-16.00  sec  3.80 MBytes  31.9 Mbits/sec                  
[ 14]  15.00-16.00  sec  2.45 MBytes  20.6 Mbits/sec                  
[SUM]  15.00-16.00  sec  15.4 MBytes   129 Mbits/sec                  
- - - - - - - - - - - - - - - - - - - - - - - - -
[  6]  16.00-17.00  sec  2.59 MBytes  21.7 Mbits/sec                  
[  8]  16.00-17.00  sec  2.54 MBytes  21.3 Mbits/sec                  
[ 10]  16.00-17.00  sec  4.42 MBytes  37.1 Mbits/sec                  
[ 12]  16.00-17.00  sec  3.51 MBytes  29.4 Mbits/sec                  
[ 14]  16.00-17.00  sec  2.58 MBytes  21.7 Mbits/sec                  
[SUM]  16.00-17.00  sec  15.6 MBytes   131 Mbits/sec                  
- - - - - - - - - - - - - - - - - - - - - - - - -
[  6]  17.00-18.00  sec  3.34 MBytes  28.0 Mbits/sec                  
[  8]  17.00-18.00  sec  3.29 MBytes  27.6 Mbits/sec                  
[ 10]  17.00-18.00  sec  3.09 MBytes  25.9 Mbits/sec                  
[ 12]  17.00-18.00  sec  3.10 MBytes  26.0 Mbits/sec                  
[ 14]  17.00-18.00  sec  3.07 MBytes  25.7 Mbits/sec                  
[SUM]  17.00-18.00  sec  15.9 MBytes   133 Mbits/sec                  
- - - - - - - - - - - - - - - - - - - - - - - - -
[  6]  18.00-19.00  sec  2.27 MBytes  19.1 Mbits/sec                  
[  8]  18.00-19.00  sec  3.11 MBytes  26.1 Mbits/sec                  
[ 10]  18.00-19.00  sec  3.66 MBytes  30.7 Mbits/sec                  
[ 12]  18.00-19.00  sec  3.67 MBytes  30.8 Mbits/sec                  
[ 14]  18.00-19.00  sec  3.36 MBytes  28.2 Mbits/sec                  
[SUM]  18.00-19.00  sec  16.1 MBytes   135 Mbits/sec                  
- - - - - - - - - - - - - - - - - - - - - - - - -
[  6]  19.00-20.00  sec  3.92 MBytes  32.9 Mbits/sec                  
[  8]  19.00-20.00  sec  3.04 MBytes  25.5 Mbits/sec                  
[ 10]  19.00-20.00  sec  4.09 MBytes  34.3 Mbits/sec                  
[ 12]  19.00-20.00  sec  2.07 MBytes  17.4 Mbits/sec                  
[ 14]  19.00-20.00  sec  2.92 MBytes  24.5 Mbits/sec                  
[SUM]  19.00-20.00  sec  16.0 MBytes   135 Mbits/sec                  
- - - - - - - - - - - - - - - - - - - - - - - - -
[  6]  20.00-21.00  sec  2.40 MBytes  20.2 Mbits/sec                  
[  8]  20.00-21.00  sec  2.22 MBytes  18.6 Mbits/sec                  
[ 10]  20.00-21.00  sec  2.58 MBytes  21.6 Mbits/sec                  
[ 12]  20.00-21.00  sec  1.63 MBytes  13.7 Mbits/sec                  
[ 14]  20.00-21.00  sec  1.69 MBytes  14.2 Mbits/sec                  
[SUM]  20.00-21.00  sec  10.5 MBytes  88.2 Mbits/sec                  
- - - - - - - - - - - - - - - - - - - - - - - - -
[  6]  21.00-22.00  sec   595 KBytes  4.88 Mbits/sec                  
[  8]  21.00-22.00  sec   421 KBytes  3.45 Mbits/sec                  
[ 10]  21.00-22.00  sec   684 KBytes  5.61 Mbits/sec                  
[ 12]  21.00-22.00  sec   351 KBytes  2.87 Mbits/sec                  
[ 14]  21.00-22.00  sec   481 KBytes  3.94 Mbits/sec                  
[SUM]  21.00-22.00  sec  2.47 MBytes  20.7 Mbits/sec                  
- - - - - - - - - - - - - - - - - - - - - - - - -
[  6]  22.00-23.00  sec  1.14 MBytes  9.59 Mbits/sec                  
[  8]  22.00-23.00  sec   858 KBytes  7.03 Mbits/sec                  
[ 10]  22.00-23.00  sec   814 KBytes  6.67 Mbits/sec                  
[ 12]  22.00-23.00  sec   423 KBytes  3.46 Mbits/sec                  
[ 14]  22.00-23.00  sec  1.05 MBytes  8.84 Mbits/sec                  
[SUM]  22.00-23.00  sec  4.24 MBytes  35.6 Mbits/sec                  
- - - - - - - - - - - - - - - - - - - - - - - - -
[  6]  23.00-24.00  sec   956 KBytes  7.83 Mbits/sec                  
[  8]  23.00-24.00  sec   612 KBytes  5.02 Mbits/sec                  
[ 10]  23.00-24.00  sec   829 KBytes  6.79 Mbits/sec                  
[ 12]  23.00-24.00  sec   522 KBytes  4.27 Mbits/sec                  
[ 14]  23.00-24.00  sec   793 KBytes  6.50 Mbits/sec                  
[SUM]  23.00-24.00  sec  3.62 MBytes  30.4 Mbits/sec                  
- - - - - - - - - - - - - - - - - - - - - - - - -
[  6]  24.00-25.00  sec  2.32 MBytes  19.5 Mbits/sec                  
[  8]  24.00-25.00  sec  1.69 MBytes  14.2 Mbits/sec                  
[ 10]  24.00-25.00  sec  2.23 MBytes  18.7 Mbits/sec                  
[ 12]  24.00-25.00  sec  2.39 MBytes  20.1 Mbits/sec                  
[ 14]  24.00-25.00  sec  2.60 MBytes  21.8 Mbits/sec                  
[SUM]  24.00-25.00  sec  11.2 MBytes  94.2 Mbits/sec                  
- - - - - - - - - - - - - - - - - - - - - - - - -
[  6]  25.00-26.00  sec  2.86 MBytes  24.0 Mbits/sec                  
[  8]  25.00-26.00  sec  3.85 MBytes  32.3 Mbits/sec                  
[ 10]  25.00-26.00  sec  3.43 MBytes  28.7 Mbits/sec                  
[ 12]  25.00-26.00  sec  2.34 MBytes  19.6 Mbits/sec                  
[ 14]  25.00-26.00  sec  3.40 MBytes  28.5 Mbits/sec                  
[SUM]  25.00-26.00  sec  15.9 MBytes   133 Mbits/sec                  
- - - - - - - - - - - - - - - - - - - - - - - - -
[  6]  26.00-27.00  sec  2.47 MBytes  20.7 Mbits/sec                  
[  8]  26.00-27.00  sec  3.53 MBytes  29.6 Mbits/sec                  
[ 10]  26.00-27.00  sec  3.34 MBytes  28.0 Mbits/sec                  
[ 12]  26.00-27.00  sec  2.97 MBytes  24.9 Mbits/sec                  
[ 14]  26.00-27.00  sec  3.05 MBytes  25.6 Mbits/sec                  
[SUM]  26.00-27.00  sec  15.4 MBytes   129 Mbits/sec                  
- - - - - - - - - - - - - - - - - - - - - - - - -
[  6]  27.00-28.00  sec  3.15 MBytes  26.4 Mbits/sec                  
[  8]  27.00-28.00  sec  3.31 MBytes  27.8 Mbits/sec                  
[ 10]  27.00-28.00  sec  4.21 MBytes  35.3 Mbits/sec                  
[ 12]  27.00-28.00  sec  2.81 MBytes  23.5 Mbits/sec                  
[ 14]  27.00-28.00  sec  3.60 MBytes  30.2 Mbits/sec                  
[SUM]  27.00-28.00  sec  17.1 MBytes   143 Mbits/sec                  
- - - - - - - - - - - - - - - - - - - - - - - - -
[  6]  28.00-29.00  sec  2.32 MBytes  19.5 Mbits/sec                  
[  8]  28.00-29.00  sec  3.90 MBytes  32.7 Mbits/sec                  
[ 10]  28.00-29.00  sec  2.79 MBytes  23.4 Mbits/sec                  
[ 12]  28.00-29.00  sec  2.97 MBytes  24.9 Mbits/sec                  
[ 14]  28.00-29.00  sec  3.49 MBytes  29.3 Mbits/sec                  
[SUM]  28.00-29.00  sec  15.5 MBytes   130 Mbits/sec                  
- - - - - - - - - - - - - - - - - - - - - - - - -
[  6]  29.00-30.00  sec  1.96 MBytes  16.4 Mbits/sec                  
[  8]  29.00-30.00  sec  3.94 MBytes  33.0 Mbits/sec                  
[ 10]  29.00-30.00  sec  2.78 MBytes  23.3 Mbits/sec                  
[ 12]  29.00-30.00  sec  3.33 MBytes  27.9 Mbits/sec                  
[ 14]  29.00-30.00  sec  4.22 MBytes  35.4 Mbits/sec                  
[SUM]  29.00-30.00  sec  16.2 MBytes   136 Mbits/sec                  
- - - - - - - - - - - - - - - - - - - - - - - - -
[ ID] Interval           Transfer     Bitrate         Retr
[  6]   0.00-30.02  sec  71.2 MBytes  19.9 Mbits/sec   85             sender
[  6]   0.00-30.00  sec  70.8 MBytes  19.8 Mbits/sec                  receiver
[  8]   0.00-30.02  sec  77.5 MBytes  21.7 Mbits/sec   85             sender
[  8]   0.00-30.00  sec  76.9 MBytes  21.5 Mbits/sec                  receiver
[ 10]   0.00-30.02  sec  86.2 MBytes  24.1 Mbits/sec   75             sender
[ 10]   0.00-30.00  sec  85.6 MBytes  23.9 Mbits/sec                  receiver
[ 12]   0.00-30.02  sec  70.0 MBytes  19.6 Mbits/sec   84             sender
[ 12]   0.00-30.00  sec  69.6 MBytes  19.5 Mbits/sec                  receiver
[ 14]   0.00-30.02  sec  83.7 MBytes  23.4 Mbits/sec   77             sender
[ 14]   0.00-30.00  sec  83.1 MBytes  23.2 Mbits/sec                  receiver
[SUM]   0.00-30.02  sec   389 MBytes   109 Mbits/sec  406             sender
[SUM]   0.00-30.00  sec   386 MBytes   108 Mbits/sec                  receiver

iperf Done.
