Connecting to host 192.168.0.104, port 5201
[  6] local 192.168.0.168 port 56334 connected to 192.168.0.104 port 5201
[  8] local 192.168.0.168 port 56342 connected to 192.168.0.104 port 5201
[ 10] local 192.168.0.168 port 56358 connected to 192.168.0.104 port 5201
[ 12] local 192.168.0.168 port 56372 connected to 192.168.0.104 port 5201
[ 14] local 192.168.0.168 port 56388 connected to 192.168.0.104 port 5201
[ ID] Interval           Transfer     Bitrate         Retr  Cwnd
[  6]   0.00-1.00   sec  1.51 MBytes  12.7 Mbits/sec    1    160 KBytes       
[  8]   0.00-1.00   sec  1022 KBytes  8.37 Mbits/sec    1    110 KBytes       
[ 10]   0.00-1.00   sec  2.51 MBytes  21.0 Mbits/sec    1    287 KBytes       
[ 12]   0.00-1.00   sec  2.48 MBytes  20.8 Mbits/sec    2    307 KBytes       
[ 14]   0.00-1.00   sec  2.79 MBytes  23.4 Mbits/sec    2    318 KBytes       
[SUM]   0.00-1.00   sec  10.3 MBytes  86.3 Mbits/sec    7             
- - - - - - - - - - - - - - - - - - - - - - - - -
[  6]   1.00-2.00   sec  1.24 MBytes  10.4 Mbits/sec    0    195 KBytes       
[  8]   1.00-2.00   sec  1.18 MBytes  9.90 Mbits/sec    0    134 KBytes       
[ 10]   1.00-2.00   sec  2.24 MBytes  18.8 Mbits/sec    0    346 KBytes       
[ 12]   1.00-2.00   sec  2.49 MBytes  20.9 Mbits/sec    0    369 KBytes       
[ 14]   1.00-2.00   sec  2.30 MBytes  19.3 Mbits/sec    0    382 KBytes       
[SUM]   1.00-2.00   sec  9.45 MBytes  79.2 Mbits/sec    0             
- - - - - - - - - - - - - - - - - - - - - - - - -
[  6]   2.00-3.00   sec  2.49 MBytes  20.9 Mbits/sec    0    266 KBytes       
[  8]   2.00-3.00   sec  2.49 MBytes  20.9 Mbits/sec    0    230 KBytes       
[ 10]   2.00-3.00   sec  5.28 MBytes  44.3 Mbits/sec    0    481 KBytes       
[ 12]   2.00-3.00   sec  4.66 MBytes  39.1 Mbits/sec    0    445 KBytes       
[ 14]   2.00-3.00   sec  4.78 MBytes  40.1 Mbits/sec    0    509 KBytes       
[SUM]   2.00-3.00   sec  19.7 MBytes   165 Mbits/sec    0             
- - - - - - - - - - - - - - - - - - - - - - - - -
[  6]   3.00-4.00   sec  3.29 MBytes  27.6 Mbits/sec    0    324 KBytes       
[  8]   3.00-4.00   sec  1.62 MBytes  13.6 Mbits/sec    0    255 KBytes       
[ 10]   3.00-4.00   sec  3.11 MBytes  26.1 Mbits/sec    0    519 KBytes       
[ 12]   3.00-4.00   sec  2.92 MBytes  24.5 Mbits/sec    0    508 KBytes       
[ 14]   3.00-4.00   sec  3.11 MBytes  26.1 Mbits/sec    0    509 KBytes       
[SUM]   3.00-4.00   sec  14.0 MBytes   118 Mbits/sec    0             
- - - - - - - - - - - - - - - - - - - - - - - - -
[  6]   4.00-5.00   sec  3.23 MBytes  27.1 Mbits/sec    0    431 KBytes       
[  8]   4.00-5.00   sec  2.42 MBytes  20.3 Mbits/sec    0    304 KBytes       
[ 10]   4.00-5.00   sec  3.48 MBytes  29.2 Mbits/sec    0    583 KBytes       
[ 12]   4.00-5.00   sec  4.60 MBytes  38.6 Mbits/sec    0    585 KBytes       
[ 14]   4.00-5.00   sec  4.41 MBytes  37.0 Mbits/sec    0    557 KBytes       
[SUM]   4.00-5.00   sec  18.1 MBytes   152 Mbits/sec    0             
- - - - - - - - - - - - - - - - - - - - - - - - -
[  6]   5.00-6.00   sec  4.04 MBytes  33.9 Mbits/sec    0    529 KBytes       
[  8]   5.00-6.00   sec  2.98 MBytes  25.0 Mbits/sec    0    373 KBytes       
[ 10]   5.00-6.00   sec  3.68 MBytes  30.9 Mbits/sec    0    648 KBytes       
[ 12]   5.00-6.00   sec  3.75 MBytes  31.5 Mbits/sec    1    670 KBytes       
[ 14]   5.00-6.00   sec  3.73 MBytes  31.3 Mbits/sec    0    618 KBytes       
[SUM]   5.00-6.00   sec  18.2 MBytes   153 Mbits/sec    1             
- - - - - - - - - - - - - - - - - - - - - - - - -
[  6]   6.00-7.00   sec  2.30 MBytes  19.3 Mbits/sec    0    560 KBytes       
[  8]   6.00-7.00   sec  1.62 MBytes  13.6 Mbits/sec    0    413 KBytes       
[ 10]   6.00-7.00   sec  2.50 MBytes  21.0 Mbits/sec    0    680 KBytes       
[ 12]   6.00-7.00   sec  2.50 MBytes  21.0 Mbits/sec    0    708 KBytes       
[ 14]   6.00-7.00   sec  2.50 MBytes  21.0 Mbits/sec    0    652 KBytes       
[SUM]   6.00-7.00   sec  11.4 MBytes  95.8 Mbits/sec    0             
- - - - - - - - - - - - - - - - - - - - - - - - -
[  6]   7.00-8.00   sec  3.54 MBytes  29.7 Mbits/sec    0    560 KBytes       
[  8]   7.00-8.00   sec  3.54 MBytes  29.7 Mbits/sec    0    434 KBytes       
[ 10]   7.00-8.00   sec  3.75 MBytes  31.5 Mbits/sec    0    680 KBytes       
[ 12]   7.00-8.00   sec  2.50 MBytes  21.0 Mbits/sec    0    708 KBytes       
[ 14]   7.00-8.00   sec  2.50 MBytes  21.0 Mbits/sec    0    652 KBytes       
[SUM]   7.00-8.00   sec  15.8 MBytes   133 Mbits/sec    0             
- - - - - - - - - - - - - - - - - - - - - - - - -
[  6]   8.00-9.00   sec  2.30 MBytes  19.3 Mbits/sec    0    560 KBytes       
[  8]   8.00-9.00   sec  2.86 MBytes  24.0 Mbits/sec    0    434 KBytes       
[ 10]   8.00-9.00   sec  2.50 MBytes  21.0 Mbits/sec    0    680 KBytes       
[ 12]   8.00-9.00   sec  2.50 MBytes  21.0 Mbits/sec    0    708 KBytes       
[ 14]   8.00-9.00   sec  2.50 MBytes  21.0 Mbits/sec    0    652 KBytes       
[SUM]   8.00-9.00   sec  12.7 MBytes   106 Mbits/sec    0             
- - - - - - - - - - - - - - - - - - - - - - - - -
[  6]   9.00-10.00  sec  2.42 MBytes  20.3 Mbits/sec    0    595 KBytes       
[  8]   9.00-10.00  sec  3.04 MBytes  25.5 Mbits/sec    0    542 KBytes       
[ 10]   9.00-10.00  sec  2.50 MBytes  21.0 Mbits/sec    0    680 KBytes       
[ 12]   9.00-10.00  sec  3.75 MBytes  31.5 Mbits/sec    0    708 KBytes       
[ 14]   9.00-10.00  sec  2.50 MBytes  21.0 Mbits/sec    0    652 KBytes       
[SUM]   9.00-10.00  sec  14.2 MBytes   119 Mbits/sec    0             
- - - - - - - - - - - - - - - - - - - - - - - - -
[  6]  10.00-11.00  sec  2.49 MBytes  20.9 Mbits/sec    0    595 KBytes       
[  8]  10.00-11.00  sec  1.12 MBytes  9.38 Mbits/sec    0    542 KBytes       
[ 10]  10.00-11.00  sec  1.25 MBytes  10.5 Mbits/sec    0    680 KBytes       
[ 12]  10.00-11.00  sec  1.25 MBytes  10.5 Mbits/sec    0    708 KBytes       
[ 14]  10.00-11.00  sec  2.50 MBytes  21.0 Mbits/sec    0    652 KBytes       
[SUM]  10.00-11.00  sec  8.60 MBytes  72.2 Mbits/sec    0             
- - - - - - - - - - - - - - - - - - - - - - - - -
[  6]  11.00-12.00  sec  2.42 MBytes  20.3 Mbits/sec    0    595 KBytes       
[  8]  11.00-12.00  sec  3.36 MBytes  28.2 Mbits/sec    0    542 KBytes       
[ 10]  11.00-12.00  sec  2.50 MBytes  21.0 Mbits/sec    0    680 KBytes       
[ 12]  11.00-12.00  sec  2.50 MBytes  21.0 Mbits/sec    0    708 KBytes       
[ 14]  11.00-12.00  sec  2.50 MBytes  21.0 Mbits/sec    0    652 KBytes       
[SUM]  11.00-12.00  sec  13.3 MBytes   111 Mbits/sec    0             
- - - - - - - - - - - - - - - - - - - - - - - - -
[  6]  12.00-13.00  sec  1.24 MBytes  10.4 Mbits/sec    0    595 KBytes       
[  8]  12.00-13.00  sec  1.12 MBytes  9.38 Mbits/sec    0    542 KBytes       
[ 10]  12.00-13.00  sec  2.50 MBytes  21.0 Mbits/sec    0    680 KBytes       
[ 12]  12.00-13.00  sec  1.25 MBytes  10.5 Mbits/sec    0    708 KBytes       
[ 14]  12.00-13.00  sec  1.25 MBytes  10.5 Mbits/sec    0    652 KBytes       
[SUM]  12.00-13.00  sec  7.36 MBytes  61.7 Mbits/sec    0             
- - - - - - - - - - - - - - - - - - - - - - - - -
[  6]  13.00-14.00  sec  0.00 Bytes  0.00 bits/sec    1    600 KBytes       
[  8]  13.00-14.00  sec  1.12 MBytes  9.38 Mbits/sec    1    546 KBytes       
[ 10]  13.00-14.00  sec  0.00 Bytes  0.00 bits/sec    2    475 KBytes       
[ 12]  13.00-14.00  sec  1.25 MBytes  10.5 Mbits/sec   10    163 KBytes       
[ 14]  13.00-14.00  sec  1.25 MBytes  10.5 Mbits/sec    0    652 KBytes       
[SUM]  13.00-14.00  sec  3.62 MBytes  30.4 Mbits/sec   14             
- - - - - - - - - - - - - - - - - - - - - - - - -
[  6]  14.00-15.00  sec  1.24 MBytes  10.4 Mbits/sec    0    600 KBytes       
[  8]  14.00-15.00  sec  0.00 Bytes  0.00 bits/sec    0    546 KBytes       
[ 10]  14.00-15.00  sec  1.25 MBytes  10.5 Mbits/sec    0    478 KBytes       
[ 12]  14.00-15.00  sec  0.00 Bytes  0.00 bits/sec    0    177 KBytes       
[ 14]  14.00-15.00  sec  2.50 MBytes  21.0 Mbits/sec    0   1.06 MBytes       
[SUM]  14.00-15.00  sec  4.99 MBytes  41.9 Mbits/sec    0             
- - - - - - - - - - - - - - - - - - - - - - - - -
[  6]  15.00-16.00  sec  2.49 MBytes  20.9 Mbits/sec    0    600 KBytes       
[  8]  15.00-16.00  sec  2.36 MBytes  19.8 Mbits/sec    0    546 KBytes       
[ 10]  15.00-16.00  sec  1.25 MBytes  10.5 Mbits/sec    0    478 KBytes       
[ 12]  15.00-16.00  sec  1.25 MBytes  10.5 Mbits/sec    0    270 KBytes       
[ 14]  15.00-16.00  sec  2.50 MBytes  21.0 Mbits/sec    0   1.06 MBytes       
[SUM]  15.00-16.00  sec  9.85 MBytes  82.6 Mbits/sec    0             
- - - - - - - - - - - - - - - - - - - - - - - - -
[  6]  16.00-17.00  sec  2.50 MBytes  21.0 Mbits/sec    0    635 KBytes       
[  8]  16.00-17.00  sec  2.30 MBytes  19.3 Mbits/sec    0    546 KBytes       
[ 10]  16.00-17.00  sec  2.50 MBytes  21.0 Mbits/sec    0    577 KBytes       
[ 12]  16.00-17.00  sec  1.25 MBytes  10.5 Mbits/sec    0    270 KBytes       
[ 14]  16.00-17.00  sec  3.75 MBytes  31.5 Mbits/sec    0   1.06 MBytes       
[SUM]  16.00-17.00  sec  12.3 MBytes   103 Mbits/sec    0             
- - - - - - - - - - - - - - - - - - - - - - - - -
[  6]  17.00-18.00  sec  3.75 MBytes  31.5 Mbits/sec    0    635 KBytes       
[  8]  17.00-18.00  sec  3.54 MBytes  29.7 Mbits/sec    0    571 KBytes       
[ 10]  17.00-18.00  sec  3.75 MBytes  31.5 Mbits/sec    0    577 KBytes       
[ 12]  17.00-18.00  sec  3.75 MBytes  31.5 Mbits/sec    0    505 KBytes       
[ 14]  17.00-18.00  sec  5.00 MBytes  41.9 Mbits/sec    0   1.06 MBytes       
[SUM]  17.00-18.00  sec  19.8 MBytes   166 Mbits/sec    0             
- - - - - - - - - - - - - - - - - - - - - - - - -
[  6]  18.00-19.00  sec  3.75 MBytes  31.5 Mbits/sec    0    635 KBytes       
[  8]  18.00-19.00  sec  3.54 MBytes  29.7 Mbits/sec    0    571 KBytes       
[ 10]  18.00-19.00  sec  3.75 MBytes  31.5 Mbits/sec    0    577 KBytes       
[ 12]  18.00-19.00  sec  3.75 MBytes  31.5 Mbits/sec    0    505 KBytes       
[ 14]  18.00-19.00  sec  3.75 MBytes  31.5 Mbits/sec    0   1.06 MBytes       
[SUM]  18.00-19.00  sec  18.5 MBytes   156 Mbits/sec    0             
- - - - - - - - - - - - - - - - - - - - - - - - -
[  6]  19.00-20.00  sec  5.00 MBytes  41.9 Mbits/sec    0    720 KBytes       
[  8]  19.00-20.00  sec  4.92 MBytes  41.3 Mbits/sec    0    642 KBytes       
[ 10]  19.00-20.00  sec  5.00 MBytes  41.9 Mbits/sec    0    672 KBytes       
[ 12]  19.00-20.00  sec  3.75 MBytes  31.5 Mbits/sec    0    655 KBytes       
[ 14]  19.00-20.00  sec  6.25 MBytes  52.4 Mbits/sec    0   1.06 MBytes       
[SUM]  19.00-20.00  sec  24.9 MBytes   209 Mbits/sec    0             
- - - - - - - - - - - - - - - - - - - - - - - - -
[  6]  20.00-21.00  sec  3.75 MBytes  31.5 Mbits/sec    0    764 KBytes       
[  8]  20.00-21.00  sec  3.75 MBytes  31.5 Mbits/sec    0    721 KBytes       
[ 10]  20.00-21.00  sec  3.75 MBytes  31.5 Mbits/sec    0    680 KBytes       
[ 12]  20.00-21.00  sec  3.75 MBytes  31.5 Mbits/sec    0    686 KBytes       
[ 14]  20.00-21.00  sec  6.25 MBytes  52.4 Mbits/sec    0   1.65 MBytes       
[SUM]  20.00-21.00  sec  21.2 MBytes   178 Mbits/sec    0             
- - - - - - - - - - - - - - - - - - - - - - - - -
[  6]  21.00-22.00  sec  3.75 MBytes  31.5 Mbits/sec    0    764 KBytes       
[  8]  21.00-22.00  sec  3.75 MBytes  31.5 Mbits/sec    0    721 KBytes       
[ 10]  21.00-22.00  sec  3.75 MBytes  31.5 Mbits/sec    0    680 KBytes       
[ 12]  21.00-22.00  sec  3.75 MBytes  31.5 Mbits/sec    0    686 KBytes       
[ 14]  21.00-22.00  sec  7.50 MBytes  62.9 Mbits/sec    0   1.65 MBytes       
[SUM]  21.00-22.00  sec  22.5 MBytes   189 Mbits/sec    0             
- - - - - - - - - - - - - - - - - - - - - - - - -
[  6]  22.00-23.00  sec  2.50 MBytes  21.0 Mbits/sec    0    764 KBytes       
[  8]  22.00-23.00  sec  2.50 MBytes  21.0 Mbits/sec    0    721 KBytes       
[ 10]  22.00-23.00  sec  2.50 MBytes  21.0 Mbits/sec    0    680 KBytes       
[ 12]  22.00-23.00  sec  3.75 MBytes  31.5 Mbits/sec    0    686 KBytes       
[ 14]  22.00-23.00  sec  7.50 MBytes  62.9 Mbits/sec    0   1.65 MBytes       
[SUM]  22.00-23.00  sec  18.8 MBytes   157 Mbits/sec    0             
- - - - - - - - - - - - - - - - - - - - - - - - -
[  6]  23.00-24.00  sec  3.75 MBytes  31.5 Mbits/sec    1    776 KBytes       
[  8]  23.00-24.00  sec  3.75 MBytes  31.5 Mbits/sec    0    721 KBytes       
[ 10]  23.00-24.00  sec  2.50 MBytes  21.0 Mbits/sec    0    680 KBytes       
[ 12]  23.00-24.00  sec  2.50 MBytes  21.0 Mbits/sec    0    686 KBytes       
[ 14]  23.00-24.00  sec  5.00 MBytes  41.9 Mbits/sec    0   1.65 MBytes       
[SUM]  23.00-24.00  sec  17.5 MBytes   147 Mbits/sec    1             
- - - - - - - - - - - - - - - - - - - - - - - - -
[  6]  24.00-25.00  sec  2.50 MBytes  21.0 Mbits/sec    0    776 KBytes       
[  8]  24.00-25.00  sec  3.75 MBytes  31.5 Mbits/sec    0    721 KBytes       
[ 10]  24.00-25.00  sec  3.75 MBytes  31.5 Mbits/sec    0    680 KBytes       
[ 12]  24.00-25.00  sec  3.75 MBytes  31.5 Mbits/sec    0    686 KBytes       
[ 14]  24.00-25.00  sec  6.25 MBytes  52.4 Mbits/sec    0   1.65 MBytes       
[SUM]  24.00-25.00  sec  20.0 MBytes   168 Mbits/sec    0             
- - - - - - - - - - - - - - - - - - - - - - - - -
[  6]  25.00-26.00  sec  3.75 MBytes  31.5 Mbits/sec    0    776 KBytes       
[  8]  25.00-26.00  sec  2.50 MBytes  21.0 Mbits/sec    0    721 KBytes       
[ 10]  25.00-26.00  sec  3.75 MBytes  31.5 Mbits/sec    0    680 KBytes       
[ 12]  25.00-26.00  sec  2.50 MBytes  21.0 Mbits/sec    0    686 KBytes       
[ 14]  25.00-26.00  sec  7.50 MBytes  62.9 Mbits/sec    0   1.65 MBytes       
[SUM]  25.00-26.00  sec  20.0 MBytes   168 Mbits/sec    0             
- - - - - - - - - - - - - - - - - - - - - - - - -
[  6]  26.00-27.00  sec  2.50 MBytes  21.0 Mbits/sec    0    776 KBytes       
[  8]  26.00-27.00  sec  3.75 MBytes  31.5 Mbits/sec    0    721 KBytes       
[ 10]  26.00-27.00  sec  2.50 MBytes  21.0 Mbits/sec    0    738 KBytes       
[ 12]  26.00-27.00  sec  3.75 MBytes  31.5 Mbits/sec    0    706 KBytes       
[ 14]  26.00-27.00  sec  7.50 MBytes  62.9 Mbits/sec    0   1.65 MBytes       
[SUM]  26.00-27.00  sec  20.0 MBytes   168 Mbits/sec    0             
- - - - - - - - - - - - - - - - - - - - - - - - -
[  6]  27.00-28.00  sec  3.75 MBytes  31.5 Mbits/sec    0    814 KBytes       
[  8]  27.00-28.00  sec  2.50 MBytes  21.0 Mbits/sec    0   1.08 MBytes       
[ 10]  27.00-28.00  sec  2.50 MBytes  21.0 Mbits/sec    0    814 KBytes       
[ 12]  27.00-28.00  sec  2.50 MBytes  21.0 Mbits/sec    0    728 KBytes       
[ 14]  27.00-28.00  sec  6.25 MBytes  52.4 Mbits/sec    0   2.46 MBytes       
[SUM]  27.00-28.00  sec  17.5 MBytes   147 Mbits/sec    0             
- - - - - - - - - - - - - - - - - - - - - - - - -
[  6]  28.00-29.00  sec  0.00 Bytes  0.00 bits/sec    1    814 KBytes       
[  8]  28.00-29.00  sec  0.00 Bytes  0.00 bits/sec    1   1.08 MBytes       
[ 10]  28.00-29.00  sec  0.00 Bytes  0.00 bits/sec    1    814 KBytes       
[ 12]  28.00-29.00  sec  0.00 Bytes  0.00 bits/sec    1    728 KBytes       
[ 14]  28.00-29.00  sec  0.00 Bytes  0.00 bits/sec    5    264 KBytes       
[SUM]  28.00-29.00  sec  0.00 Bytes  0.00 bits/sec    9             
- - - - - - - - - - - - - - - - - - - - - - - - -
[  6]  29.00-30.00  sec  1.25 MBytes  10.5 Mbits/sec    0    814 KBytes       
[  8]  29.00-30.00  sec  2.50 MBytes  21.0 Mbits/sec    0   1.08 MBytes       
[ 10]  29.00-30.00  sec  2.50 MBytes  21.0 Mbits/sec    0    814 KBytes       
[ 12]  29.00-30.00  sec  1.25 MBytes  10.5 Mbits/sec    0    728 KBytes       
[ 14]  29.00-30.00  sec  2.50 MBytes  21.0 Mbits/sec    0   1.72 MBytes       
[SUM]  29.00-30.00  sec  10.0 MBytes  84.0 Mbits/sec    0             
- - - - - - - - - - - - - - - - - - - - - - - - -
[ ID] Interval           Transfer     Bitrate         Retr
[  6]   0.00-30.00  sec  78.7 MBytes  22.0 Mbits/sec    4             sender
[  6]   0.00-30.26  sec  75.5 MBytes  20.9 Mbits/sec                  receiver
[  8]   0.00-30.00  sec  74.9 MBytes  20.9 Mbits/sec    3             sender
[  8]   0.00-30.26  sec  71.2 MBytes  19.7 Mbits/sec                  receiver
[ 10]   0.00-30.00  sec  82.8 MBytes  23.2 Mbits/sec    4             sender
[ 10]   0.00-30.26  sec  79.1 MBytes  21.9 Mbits/sec                  receiver
[ 12]   0.00-30.00  sec  79.6 MBytes  22.3 Mbits/sec   14             sender
[ 12]   0.00-30.26  sec  76.5 MBytes  21.2 Mbits/sec                  receiver
[ 14]   0.00-30.00  sec   119 MBytes  33.2 Mbits/sec    7             sender
[ 14]   0.00-30.26  sec   115 MBytes  31.9 Mbits/sec                  receiver
[SUM]   0.00-30.00  sec   435 MBytes   122 Mbits/sec   32             sender
[SUM]   0.00-30.26  sec   417 MBytes   116 Mbits/sec                  receiver

iperf Done.
