Connecting to host 192.168.0.104, port 5201
[  6] local 192.168.0.168 port 40892 connected to 192.168.0.104 port 5201
[  8] local 192.168.0.168 port 40898 connected to 192.168.0.104 port 5201
[ 10] local 192.168.0.168 port 40902 connected to 192.168.0.104 port 5201
[ 12] local 192.168.0.168 port 40912 connected to 192.168.0.104 port 5201
[ 14] local 192.168.0.168 port 40922 connected to 192.168.0.104 port 5201
[ ID] Interval           Transfer     Bitrate         Retr  Cwnd
[  6]   0.00-1.00   sec  6.52 MBytes  54.7 Mbits/sec    0    578 KBytes       
[  8]   0.00-1.00   sec  4.56 MBytes  38.2 Mbits/sec    0    458 KBytes       
[ 10]   0.00-1.00   sec  4.62 MBytes  38.7 Mbits/sec    1    252 KBytes       
[ 12]   0.00-1.00   sec  6.43 MBytes  53.9 Mbits/sec    0    649 KBytes       
[ 14]   0.00-1.00   sec  6.23 MBytes  52.2 Mbits/sec    0    581 KBytes       
[SUM]   0.00-1.00   sec  28.4 MBytes   238 Mbits/sec    1             
- - - - - - - - - - - - - - - - - - - - - - - - -
[  6]   1.00-2.00   sec  0.00 Bytes  0.00 bits/sec    0    578 KBytes       
[  8]   1.00-2.00   sec   954 KBytes  7.82 Mbits/sec    7    134 KBytes       
[ 10]   1.00-2.00   sec   891 KBytes  7.30 Mbits/sec    0    424 KBytes       
[ 12]   1.00-2.00   sec  1.25 MBytes  10.5 Mbits/sec    1    652 KBytes       
[ 14]   1.00-2.00   sec  0.00 Bytes  0.00 bits/sec    0    581 KBytes       
[SUM]   1.00-2.00   sec  3.05 MBytes  25.6 Mbits/sec    8             
- - - - - - - - - - - - - - - - - - - - - - - - -
[  6]   2.00-3.00   sec  1.24 MBytes  10.4 Mbits/sec    0    578 KBytes       
[  8]   2.00-3.00   sec   954 KBytes  7.82 Mbits/sec    0    331 KBytes       
[ 10]   2.00-3.00   sec   891 KBytes  7.30 Mbits/sec    0    424 KBytes       
[ 12]   2.00-3.00   sec  2.50 MBytes  21.0 Mbits/sec    0    663 KBytes       
[ 14]   2.00-3.00   sec  2.42 MBytes  20.3 Mbits/sec    0    581 KBytes       
[SUM]   2.00-3.00   sec  7.97 MBytes  66.9 Mbits/sec    0             
- - - - - - - - - - - - - - - - - - - - - - - - -
[  6]   3.00-4.00   sec  2.49 MBytes  20.9 Mbits/sec    0    611 KBytes       
[  8]   3.00-4.00   sec  1018 KBytes  8.34 Mbits/sec    0    397 KBytes       
[ 10]   3.00-4.00   sec  1.86 MBytes  15.6 Mbits/sec    0    482 KBytes       
[ 12]   3.00-4.00   sec  1.25 MBytes  10.5 Mbits/sec    0    663 KBytes       
[ 14]   3.00-4.00   sec  2.49 MBytes  20.9 Mbits/sec    0    614 KBytes       
[SUM]   3.00-4.00   sec  9.08 MBytes  76.2 Mbits/sec    0             
- - - - - - - - - - - - - - - - - - - - - - - - -
[  6]   4.00-5.00   sec  2.49 MBytes  20.9 Mbits/sec    0    611 KBytes       
[  8]   4.00-5.00   sec  1.93 MBytes  16.2 Mbits/sec    0    445 KBytes       
[ 10]   4.00-5.00   sec  2.17 MBytes  18.2 Mbits/sec    0    520 KBytes       
[ 12]   4.00-5.00   sec  2.50 MBytes  21.0 Mbits/sec    0    663 KBytes       
[ 14]   4.00-5.00   sec  1.25 MBytes  10.5 Mbits/sec    0    649 KBytes       
[SUM]   4.00-5.00   sec  10.3 MBytes  86.7 Mbits/sec    0             
- - - - - - - - - - - - - - - - - - - - - - - - -
[  6]   5.00-6.00   sec  3.75 MBytes  31.5 Mbits/sec    0    639 KBytes       
[  8]   5.00-6.00   sec  2.92 MBytes  24.5 Mbits/sec    0    460 KBytes       
[ 10]   5.00-6.00   sec  4.72 MBytes  39.6 Mbits/sec    0    574 KBytes       
[ 12]   5.00-6.00   sec  3.75 MBytes  31.5 Mbits/sec    0    701 KBytes       
[ 14]   5.00-6.00   sec  5.00 MBytes  41.9 Mbits/sec    0    690 KBytes       
[SUM]   5.00-6.00   sec  20.1 MBytes   169 Mbits/sec    0             
- - - - - - - - - - - - - - - - - - - - - - - - -
[  6]   6.00-7.00   sec  3.75 MBytes  31.5 Mbits/sec    0    672 KBytes       
[  8]   6.00-7.00   sec  4.29 MBytes  36.0 Mbits/sec    0    471 KBytes       
[ 10]   6.00-7.00   sec  3.73 MBytes  31.3 Mbits/sec    0    609 KBytes       
[ 12]   6.00-7.00   sec  5.00 MBytes  41.9 Mbits/sec    0    740 KBytes       
[ 14]   6.00-7.00   sec  3.75 MBytes  31.5 Mbits/sec    0    728 KBytes       
[SUM]   6.00-7.00   sec  20.5 MBytes   172 Mbits/sec    0             
- - - - - - - - - - - - - - - - - - - - - - - - -
[  6]   7.00-8.00   sec  5.00 MBytes  41.9 Mbits/sec    0    749 KBytes       
[  8]   7.00-8.00   sec  4.23 MBytes  35.5 Mbits/sec    0    474 KBytes       
[ 10]   7.00-8.00   sec  5.00 MBytes  41.9 Mbits/sec    0    704 KBytes       
[ 12]   7.00-8.00   sec  3.75 MBytes  31.5 Mbits/sec    0    775 KBytes       
[ 14]   7.00-8.00   sec  5.00 MBytes  42.0 Mbits/sec    0    728 KBytes       
[SUM]   7.00-8.00   sec  23.0 MBytes   193 Mbits/sec    0             
- - - - - - - - - - - - - - - - - - - - - - - - -
[  6]   8.00-9.00   sec  5.00 MBytes  41.9 Mbits/sec    0    785 KBytes       
[  8]   8.00-9.00   sec  4.04 MBytes  33.9 Mbits/sec    0    474 KBytes       
[ 10]   8.00-9.00   sec  3.75 MBytes  31.5 Mbits/sec    0    742 KBytes       
[ 12]   8.00-9.00   sec  5.00 MBytes  41.9 Mbits/sec    0    813 KBytes       
[ 14]   8.00-9.00   sec  3.75 MBytes  31.5 Mbits/sec    0    768 KBytes       
[SUM]   8.00-9.00   sec  21.5 MBytes   181 Mbits/sec    0             
- - - - - - - - - - - - - - - - - - - - - - - - -
[  6]   9.00-10.00  sec  3.75 MBytes  31.5 Mbits/sec    0    913 KBytes       
[  8]   9.00-10.00  sec  2.98 MBytes  25.0 Mbits/sec    0    475 KBytes       
[ 10]   9.00-10.00  sec  3.75 MBytes  31.5 Mbits/sec    0    781 KBytes       
[ 12]   9.00-10.00  sec  3.75 MBytes  31.5 Mbits/sec    0    882 KBytes       
[ 14]   9.00-10.00  sec  3.75 MBytes  31.5 Mbits/sec    0    902 KBytes       
[SUM]   9.00-10.00  sec  18.0 MBytes   151 Mbits/sec    0             
- - - - - - - - - - - - - - - - - - - - - - - - -
[  6]  10.00-11.00  sec  5.00 MBytes  41.9 Mbits/sec    0    913 KBytes       
[  8]  10.00-11.00  sec  4.04 MBytes  33.9 Mbits/sec    0    477 KBytes       
[ 10]  10.00-11.00  sec  3.75 MBytes  31.5 Mbits/sec    0    824 KBytes       
[ 12]  10.00-11.00  sec  5.00 MBytes  41.9 Mbits/sec    0    943 KBytes       
[ 14]  10.00-11.00  sec  5.00 MBytes  41.9 Mbits/sec    0    990 KBytes       
[SUM]  10.00-11.00  sec  22.8 MBytes   191 Mbits/sec    0             
- - - - - - - - - - - - - - - - - - - - - - - - -
[  6]  11.00-12.00  sec  3.75 MBytes  31.5 Mbits/sec    0    913 KBytes       
[  8]  11.00-12.00  sec  3.11 MBytes  26.1 Mbits/sec    0    486 KBytes       
[ 10]  11.00-12.00  sec  3.75 MBytes  31.5 Mbits/sec    0    824 KBytes       
[ 12]  11.00-12.00  sec  6.25 MBytes  52.4 Mbits/sec    0   1.05 MBytes       
[ 14]  11.00-12.00  sec  6.25 MBytes  52.4 Mbits/sec    0    990 KBytes       
[SUM]  11.00-12.00  sec  23.1 MBytes   194 Mbits/sec    0             
- - - - - - - - - - - - - - - - - - - - - - - - -
[  6]  12.00-13.00  sec  3.75 MBytes  31.5 Mbits/sec    0    913 KBytes       
[  8]  12.00-13.00  sec  3.04 MBytes  25.5 Mbits/sec    0    502 KBytes       
[ 10]  12.00-13.00  sec  3.75 MBytes  31.5 Mbits/sec    0    824 KBytes       
[ 12]  12.00-13.00  sec  6.25 MBytes  52.4 Mbits/sec    0   1.05 MBytes       
[ 14]  12.00-13.00  sec  6.25 MBytes  52.4 Mbits/sec    0   1.28 MBytes       
[SUM]  12.00-13.00  sec  23.0 MBytes   193 Mbits/sec    0             
- - - - - - - - - - - - - - - - - - - - - - - - -
[  6]  13.00-14.00  sec  6.25 MBytes  52.4 Mbits/sec    0   1.51 MBytes       
[  8]  13.00-14.00  sec  4.29 MBytes  36.0 Mbits/sec    0    553 KBytes       
[ 10]  13.00-14.00  sec  3.75 MBytes  31.5 Mbits/sec    0   1.17 MBytes       
[ 12]  13.00-14.00  sec  5.00 MBytes  42.0 Mbits/sec    0   1.05 MBytes       
[ 14]  13.00-14.00  sec  6.25 MBytes  52.4 Mbits/sec    0   1.28 MBytes       
[SUM]  13.00-14.00  sec  25.5 MBytes   214 Mbits/sec    0             
- - - - - - - - - - - - - - - - - - - - - - - - -
[  6]  14.00-15.00  sec  3.75 MBytes  31.4 Mbits/sec    0   1.51 MBytes       
[  8]  14.00-15.00  sec  2.24 MBytes  18.8 Mbits/sec    0    553 KBytes       
[ 10]  14.00-15.00  sec  3.75 MBytes  31.4 Mbits/sec    0   1.17 MBytes       
[ 12]  14.00-15.00  sec  2.50 MBytes  21.0 Mbits/sec    0   1.05 MBytes       
[ 14]  14.00-15.00  sec  3.75 MBytes  31.4 Mbits/sec    0   1.28 MBytes       
[SUM]  14.00-15.00  sec  16.0 MBytes   134 Mbits/sec    0             
- - - - - - - - - - - - - - - - - - - - - - - - -
[  6]  15.00-16.00  sec  1.25 MBytes  10.5 Mbits/sec    0   1.51 MBytes       
[  8]  15.00-16.00  sec  1.12 MBytes  9.38 Mbits/sec    0    553 KBytes       
[ 10]  15.00-16.00  sec  2.50 MBytes  21.0 Mbits/sec    0   1.17 MBytes       
[ 12]  15.00-16.00  sec  2.50 MBytes  21.0 Mbits/sec    0   1.05 MBytes       
[ 14]  15.00-16.00  sec  1.25 MBytes  10.5 Mbits/sec    0   1.28 MBytes       
[SUM]  15.00-16.00  sec  8.62 MBytes  72.3 Mbits/sec    0             
- - - - - - - - - - - - - - - - - - - - - - - - -
[  6]  16.00-17.00  sec  1.25 MBytes  10.5 Mbits/sec    1   1.51 MBytes       
[  8]  16.00-17.00  sec  0.00 Bytes  0.00 bits/sec    1    553 KBytes       
[ 10]  16.00-17.00  sec  0.00 Bytes  0.00 bits/sec    2    212 KBytes       
[ 12]  16.00-17.00  sec  0.00 Bytes  0.00 bits/sec    1   1.05 MBytes       
[ 14]  16.00-17.00  sec  1.25 MBytes  10.5 Mbits/sec    1   1.28 MBytes       
[SUM]  16.00-17.00  sec  2.50 MBytes  21.0 Mbits/sec    6             
- - - - - - - - - - - - - - - - - - - - - - - - -
[  6]  17.00-18.00  sec  1.25 MBytes  10.5 Mbits/sec    0   1.51 MBytes       
[  8]  17.00-18.00  sec  1.12 MBytes  9.38 Mbits/sec    0    553 KBytes       
[ 10]  17.00-18.00  sec  0.00 Bytes  0.00 bits/sec    0    212 KBytes       
[ 12]  17.00-18.00  sec  1.25 MBytes  10.5 Mbits/sec    0   1.05 MBytes       
[ 14]  17.00-18.00  sec  1.25 MBytes  10.5 Mbits/sec    0   1.28 MBytes       
[SUM]  17.00-18.00  sec  4.87 MBytes  40.8 Mbits/sec    0             
- - - - - - - - - - - - - - - - - - - - - - - - -
[  6]  18.00-19.00  sec  1.25 MBytes  10.5 Mbits/sec    0   1.51 MBytes       
[  8]  18.00-19.00  sec  1.18 MBytes  9.91 Mbits/sec    1    567 KBytes       
[ 10]  18.00-19.00  sec  0.00 Bytes  0.00 bits/sec    0    212 KBytes       
[ 12]  18.00-19.00  sec  1.25 MBytes  10.5 Mbits/sec    0   1.05 MBytes       
[ 14]  18.00-19.00  sec  1.25 MBytes  10.5 Mbits/sec    0   1.28 MBytes       
[SUM]  18.00-19.00  sec  4.93 MBytes  41.4 Mbits/sec    1             
- - - - - - - - - - - - - - - - - - - - - - - - -
[  6]  19.00-20.00  sec  2.50 MBytes  21.0 Mbits/sec    0   1.51 MBytes       
[  8]  19.00-20.00  sec  1.18 MBytes  9.91 Mbits/sec    0    567 KBytes       
[ 10]  19.00-20.00  sec  1.25 MBytes  10.5 Mbits/sec    0    212 KBytes       
[ 12]  19.00-20.00  sec  2.50 MBytes  21.0 Mbits/sec    0   1.05 MBytes       
[ 14]  19.00-20.00  sec  3.75 MBytes  31.5 Mbits/sec    0   1.28 MBytes       
[SUM]  19.00-20.00  sec  11.2 MBytes  93.8 Mbits/sec    0             
- - - - - - - - - - - - - - - - - - - - - - - - -
[  6]  20.00-21.00  sec  6.25 MBytes  52.4 Mbits/sec    0   1.51 MBytes       
[  8]  20.00-21.00  sec  3.74 MBytes  31.3 Mbits/sec    0    656 KBytes       
[ 10]  20.00-21.00  sec  1.25 MBytes  10.5 Mbits/sec    0    390 KBytes       
[ 12]  20.00-21.00  sec  5.00 MBytes  41.9 Mbits/sec    0   1.05 MBytes       
[ 14]  20.00-21.00  sec  3.75 MBytes  31.5 Mbits/sec    0   1.28 MBytes       
[SUM]  20.00-21.00  sec  20.0 MBytes   168 Mbits/sec    0             
- - - - - - - - - - - - - - - - - - - - - - - - -
[  6]  21.00-22.00  sec  5.00 MBytes  41.9 Mbits/sec    0   1.51 MBytes       
[  8]  21.00-22.00  sec  2.50 MBytes  21.0 Mbits/sec    0    656 KBytes       
[ 10]  21.00-22.00  sec  2.50 MBytes  21.0 Mbits/sec    0    551 KBytes       
[ 12]  21.00-22.00  sec  2.50 MBytes  21.0 Mbits/sec    0   1.05 MBytes       
[ 14]  21.00-22.00  sec  5.00 MBytes  41.9 Mbits/sec    0   1.28 MBytes       
[SUM]  21.00-22.00  sec  17.5 MBytes   147 Mbits/sec    0             
- - - - - - - - - - - - - - - - - - - - - - - - -
[  6]  22.00-23.00  sec  3.75 MBytes  31.5 Mbits/sec    0   1.51 MBytes       
[  8]  22.00-23.00  sec  2.50 MBytes  21.0 Mbits/sec    0    656 KBytes       
[ 10]  22.00-23.00  sec  2.50 MBytes  21.0 Mbits/sec    0    680 KBytes       
[ 12]  22.00-23.00  sec  3.75 MBytes  31.5 Mbits/sec    0   1.05 MBytes       
[ 14]  22.00-23.00  sec  3.75 MBytes  31.5 Mbits/sec    0   1.28 MBytes       
[SUM]  22.00-23.00  sec  16.2 MBytes   136 Mbits/sec    0             
- - - - - - - - - - - - - - - - - - - - - - - - -
[  6]  23.00-24.00  sec  5.00 MBytes  41.9 Mbits/sec    0   1.51 MBytes       
[  8]  23.00-24.00  sec  3.75 MBytes  31.5 Mbits/sec    0    656 KBytes       
[ 10]  23.00-24.00  sec  3.75 MBytes  31.5 Mbits/sec    0    680 KBytes       
[ 12]  23.00-24.00  sec  2.50 MBytes  21.0 Mbits/sec    0   1.05 MBytes       
[ 14]  23.00-24.00  sec  5.00 MBytes  41.9 Mbits/sec    0   1.28 MBytes       
[SUM]  23.00-24.00  sec  20.0 MBytes   168 Mbits/sec    0             
- - - - - - - - - - - - - - - - - - - - - - - - -
[  6]  24.00-25.00  sec  3.75 MBytes  31.5 Mbits/sec    0   1.51 MBytes       
[  8]  24.00-25.00  sec  2.50 MBytes  21.0 Mbits/sec    0    694 KBytes       
[ 10]  24.00-25.00  sec  2.50 MBytes  21.0 Mbits/sec    0    888 KBytes       
[ 12]  24.00-25.00  sec  2.50 MBytes  21.0 Mbits/sec    0   1.05 MBytes       
[ 14]  24.00-25.00  sec  2.50 MBytes  21.0 Mbits/sec    0   1.28 MBytes       
[SUM]  24.00-25.00  sec  13.8 MBytes   115 Mbits/sec    0             
- - - - - - - - - - - - - - - - - - - - - - - - -
[  6]  25.00-26.00  sec  2.50 MBytes  21.0 Mbits/sec    0   1.51 MBytes       
[  8]  25.00-26.00  sec  1.25 MBytes  10.5 Mbits/sec    0    694 KBytes       
[ 10]  25.00-26.00  sec  1.25 MBytes  10.5 Mbits/sec    0    888 KBytes       
[ 12]  25.00-26.00  sec  2.50 MBytes  21.0 Mbits/sec    0   1.05 MBytes       
[ 14]  25.00-26.00  sec  2.50 MBytes  21.0 Mbits/sec    0   1.28 MBytes       
[SUM]  25.00-26.00  sec  10.0 MBytes  83.9 Mbits/sec    0             
- - - - - - - - - - - - - - - - - - - - - - - - -
[  6]  26.00-27.00  sec  5.00 MBytes  41.9 Mbits/sec    0   1.51 MBytes       
[  8]  26.00-27.00  sec  2.50 MBytes  21.0 Mbits/sec    0    694 KBytes       
[ 10]  26.00-27.00  sec  2.50 MBytes  21.0 Mbits/sec    0    888 KBytes       
[ 12]  26.00-27.00  sec  2.50 MBytes  21.0 Mbits/sec    0   1.05 MBytes       
[ 14]  26.00-27.00  sec  3.75 MBytes  31.5 Mbits/sec    0   1.28 MBytes       
[SUM]  26.00-27.00  sec  16.2 MBytes   136 Mbits/sec    0             
- - - - - - - - - - - - - - - - - - - - - - - - -
[  6]  27.00-28.00  sec  6.25 MBytes  52.4 Mbits/sec    0   1.59 MBytes       
[  8]  27.00-28.00  sec  3.75 MBytes  31.5 Mbits/sec    0    962 KBytes       
[ 10]  27.00-28.00  sec  3.75 MBytes  31.5 Mbits/sec    0    888 KBytes       
[ 12]  27.00-28.00  sec  3.75 MBytes  31.5 Mbits/sec    0   1.05 MBytes       
[ 14]  27.00-28.00  sec  3.75 MBytes  31.5 Mbits/sec    0   1.28 MBytes       
[SUM]  27.00-28.00  sec  21.2 MBytes   178 Mbits/sec    0             
- - - - - - - - - - - - - - - - - - - - - - - - -
[  6]  28.00-29.00  sec  5.00 MBytes  41.9 Mbits/sec    0   1.59 MBytes       
[  8]  28.00-29.00  sec  2.50 MBytes  21.0 Mbits/sec    0    962 KBytes       
[ 10]  28.00-29.00  sec  2.50 MBytes  21.0 Mbits/sec    0    888 KBytes       
[ 12]  28.00-29.00  sec  2.50 MBytes  21.0 Mbits/sec    0   1.05 MBytes       
[ 14]  28.00-29.00  sec  3.75 MBytes  31.5 Mbits/sec    0   1.28 MBytes       
[SUM]  28.00-29.00  sec  16.2 MBytes   136 Mbits/sec    0             
- - - - - - - - - - - - - - - - - - - - - - - - -
[  6]  29.00-30.00  sec  2.50 MBytes  21.0 Mbits/sec    0   1.59 MBytes       
[  8]  29.00-30.00  sec  1.25 MBytes  10.5 Mbits/sec    2    673 KBytes       
[ 10]  29.00-30.00  sec  1.25 MBytes  10.5 Mbits/sec    0    888 KBytes       
[ 12]  29.00-30.00  sec  1.25 MBytes  10.5 Mbits/sec    0   1.05 MBytes       
[ 14]  29.00-30.00  sec  2.50 MBytes  21.0 Mbits/sec    0   1.28 MBytes       
[SUM]  29.00-30.00  sec  8.75 MBytes  73.4 Mbits/sec    2             
- - - - - - - - - - - - - - - - - - - - - - - - -
[ ID] Interval           Transfer     Bitrate         Retr
[  6]   0.00-30.00  sec   109 MBytes  30.5 Mbits/sec    1             sender
[  6]   0.00-30.12  sec   105 MBytes  29.4 Mbits/sec                  receiver
[  8]   0.00-30.00  sec  75.3 MBytes  21.1 Mbits/sec   11             sender
[  8]   0.00-30.12  sec  72.5 MBytes  20.2 Mbits/sec                  receiver
[ 10]   0.00-30.00  sec  77.6 MBytes  21.7 Mbits/sec    3             sender
[ 10]   0.00-30.12  sec  74.9 MBytes  20.9 Mbits/sec                  receiver
[ 12]   0.00-30.00  sec  96.4 MBytes  27.0 Mbits/sec    2             sender
[ 12]   0.00-30.12  sec  93.7 MBytes  26.1 Mbits/sec                  receiver
[ 14]   0.00-30.00  sec   106 MBytes  29.7 Mbits/sec    1             sender
[ 14]   0.00-30.12  sec   103 MBytes  28.7 Mbits/sec                  receiver
[SUM]   0.00-30.00  sec   464 MBytes   130 Mbits/sec   18             sender
[SUM]   0.00-30.12  sec   450 MBytes   125 Mbits/sec                  receiver

iperf Done.
