Connecting to host 192.168.0.104, port 5201
Reverse mode, remote host 192.168.0.104 is sending
[  6] local 192.168.0.168 port 50864 connected to 192.168.0.104 port 5201
[  8] local 192.168.0.168 port 50874 connected to 192.168.0.104 port 5201
[ 10] local 192.168.0.168 port 50876 connected to 192.168.0.104 port 5201
[ 12] local 192.168.0.168 port 50890 connected to 192.168.0.104 port 5201
[ 14] local 192.168.0.168 port 50894 connected to 192.168.0.104 port 5201
[ ID] Interval           Transfer     Bitrate
[  6]   0.00-1.00   sec   936 KBytes  7.67 Mbits/sec                  
[  8]   0.00-1.00   sec   964 KBytes  7.90 Mbits/sec                  
[ 10]   0.00-1.00   sec   708 KBytes  5.80 Mbits/sec                  
[ 12]   0.00-1.00   sec   913 KBytes  7.48 Mbits/sec                  
[ 14]   0.00-1.00   sec  1.03 MBytes  8.66 Mbits/sec                  
[SUM]   0.00-1.00   sec  4.47 MBytes  37.5 Mbits/sec                  
- - - - - - - - - - - - - - - - - - - - - - - - -
[  6]   1.00-2.00   sec   950 KBytes  7.79 Mbits/sec                  
[  8]   1.00-2.00   sec   952 KBytes  7.80 Mbits/sec                  
[ 10]   1.00-2.00   sec   761 KBytes  6.23 Mbits/sec                  
[ 12]   1.00-2.00   sec   813 KBytes  6.66 Mbits/sec                  
[ 14]   1.00-2.00   sec   885 KBytes  7.25 Mbits/sec                  
[SUM]   1.00-2.00   sec  4.26 MBytes  35.7 Mbits/sec                  
- - - - - - - - - - - - - - - - - - - - - - - - -
[  6]   2.00-3.00   sec  1.43 MBytes  12.0 Mbits/sec                  
[  8]   2.00-3.00   sec  1.90 MBytes  16.0 Mbits/sec                  
[ 10]   2.00-3.00   sec  1.77 MBytes  14.9 Mbits/sec                  
[ 12]   2.00-3.00   sec  1.79 MBytes  15.0 Mbits/sec                  
[ 14]   2.00-3.00   sec  1.89 MBytes  15.8 Mbits/sec                  
[SUM]   2.00-3.00   sec  8.79 MBytes  73.7 Mbits/sec                  
- - - - - - - - - - - - - - - - - - - - - - - - -
[  6]   3.00-4.00   sec  2.96 MBytes  24.8 Mbits/sec                  
[  8]   3.00-4.00   sec  2.73 MBytes  22.9 Mbits/sec                  
[ 10]   3.00-4.00   sec  3.24 MBytes  27.2 Mbits/sec                  
[ 12]   3.00-4.00   sec  2.56 MBytes  21.5 Mbits/sec                  
[ 14]   3.00-4.00   sec  2.78 MBytes  23.3 Mbits/sec                  
[SUM]   3.00-4.00   sec  14.3 MBytes   120 Mbits/sec                  
- - - - - - - - - - - - - - - - - - - - - - - - -
[  6]   4.00-5.00   sec  3.75 MBytes  31.5 Mbits/sec                  
[  8]   4.00-5.00   sec  2.95 MBytes  24.8 Mbits/sec                  
[ 10]   4.00-5.00   sec  4.20 MBytes  35.3 Mbits/sec                  
[ 12]   4.00-5.00   sec  3.51 MBytes  29.5 Mbits/sec                  
[ 14]   4.00-5.00   sec  3.66 MBytes  30.7 Mbits/sec                  
[SUM]   4.00-5.00   sec  18.1 MBytes   152 Mbits/sec                  
- - - - - - - - - - - - - - - - - - - - - - - - -
[  6]   5.00-6.00   sec  4.05 MBytes  34.0 Mbits/sec                  
[  8]   5.00-6.00   sec  2.92 MBytes  24.5 Mbits/sec                  
[ 10]   5.00-6.00   sec  4.06 MBytes  34.1 Mbits/sec                  
[ 12]   5.00-6.00   sec  4.01 MBytes  33.6 Mbits/sec                  
[ 14]   5.00-6.00   sec  3.96 MBytes  33.2 Mbits/sec                  
[SUM]   5.00-6.00   sec  19.0 MBytes   159 Mbits/sec                  
- - - - - - - - - - - - - - - - - - - - - - - - -
[  6]   6.00-7.00   sec  3.00 MBytes  25.2 Mbits/sec                  
[  8]   6.00-7.00   sec  3.09 MBytes  26.0 Mbits/sec                  
[ 10]   6.00-7.00   sec  2.30 MBytes  19.3 Mbits/sec                  
[ 12]   6.00-7.00   sec  3.04 MBytes  25.5 Mbits/sec                  
[ 14]   6.00-7.00   sec  2.62 MBytes  22.0 Mbits/sec                  
[SUM]   6.00-7.00   sec  14.1 MBytes   118 Mbits/sec                  
- - - - - - - - - - - - - - - - - - - - - - - - -
[  6]   7.00-8.00   sec  2.10 MBytes  17.6 Mbits/sec                  
[  8]   7.00-8.00   sec  2.82 MBytes  23.7 Mbits/sec                  
[ 10]   7.00-8.00   sec  2.86 MBytes  24.0 Mbits/sec                  
[ 12]   7.00-8.00   sec  2.75 MBytes  23.1 Mbits/sec                  
[ 14]   7.00-8.00   sec  2.26 MBytes  19.0 Mbits/sec                  
[SUM]   7.00-8.00   sec  12.8 MBytes   107 Mbits/sec                  
- - - - - - - - - - - - - - - - - - - - - - - - -
[  6]   8.00-9.00   sec  3.00 MBytes  25.2 Mbits/sec                  
[  8]   8.00-9.00   sec  2.97 MBytes  24.9 Mbits/sec                  
[ 10]   8.00-9.00   sec  2.91 MBytes  24.4 Mbits/sec                  
[ 12]   8.00-9.00   sec  2.42 MBytes  20.3 Mbits/sec                  
[ 14]   8.00-9.00   sec  3.16 MBytes  26.5 Mbits/sec                  
[SUM]   8.00-9.00   sec  14.5 MBytes   121 Mbits/sec                  
- - - - - - - - - - - - - - - - - - - - - - - - -
[  6]   9.00-10.00  sec  2.53 MBytes  21.2 Mbits/sec                  
[  8]   9.00-10.00  sec  2.40 MBytes  20.1 Mbits/sec                  
[ 10]   9.00-10.00  sec  2.28 MBytes  19.1 Mbits/sec                  
[ 12]   9.00-10.00  sec  2.58 MBytes  21.6 Mbits/sec                  
[ 14]   9.00-10.00  sec  2.41 MBytes  20.2 Mbits/sec                  
[SUM]   9.00-10.00  sec  12.2 MBytes   102 Mbits/sec                  
- - - - - - - - - - - - - - - - - - - - - - - - -
[  6]  10.00-11.00  sec  3.27 MBytes  27.4 Mbits/sec                  
[  8]  10.00-11.00  sec  3.16 MBytes  26.5 Mbits/sec                  
[ 10]  10.00-11.00  sec  3.01 MBytes  25.2 Mbits/sec                  
[ 12]  10.00-11.00  sec  3.35 MBytes  28.1 Mbits/sec                  
[ 14]  10.00-11.00  sec  3.11 MBytes  26.1 Mbits/sec                  
[SUM]  10.00-11.00  sec  15.9 MBytes   133 Mbits/sec                  
- - - - - - - - - - - - - - - - - - - - - - - - -
[  6]  11.00-12.00  sec  3.08 MBytes  25.9 Mbits/sec                  
[  8]  11.00-12.00  sec  2.88 MBytes  24.1 Mbits/sec                  
[ 10]  11.00-12.00  sec  3.61 MBytes  30.3 Mbits/sec                  
[ 12]  11.00-12.00  sec  3.60 MBytes  30.2 Mbits/sec                  
[ 14]  11.00-12.00  sec  3.58 MBytes  30.0 Mbits/sec                  
[SUM]  11.00-12.00  sec  16.7 MBytes   141 Mbits/sec                  
- - - - - - - - - - - - - - - - - - - - - - - - -
[  6]  12.00-13.00  sec  2.82 MBytes  23.7 Mbits/sec                  
[  8]  12.00-13.00  sec  2.89 MBytes  24.2 Mbits/sec                  
[ 10]  12.00-13.00  sec  2.35 MBytes  19.8 Mbits/sec                  
[ 12]  12.00-13.00  sec  2.73 MBytes  22.9 Mbits/sec                  
[ 14]  12.00-13.00  sec  2.98 MBytes  25.0 Mbits/sec                  
[SUM]  12.00-13.00  sec  13.8 MBytes   116 Mbits/sec                  
- - - - - - - - - - - - - - - - - - - - - - - - -
[  6]  13.00-14.00  sec  1.95 MBytes  16.3 Mbits/sec                  
[  8]  13.00-14.00  sec  2.24 MBytes  18.8 Mbits/sec                  
[ 10]  13.00-14.00  sec  2.41 MBytes  20.2 Mbits/sec                  
[ 12]  13.00-14.00  sec  2.22 MBytes  18.6 Mbits/sec                  
[ 14]  13.00-14.00  sec  1.92 MBytes  16.1 Mbits/sec                  
[SUM]  13.00-14.00  sec  10.7 MBytes  90.1 Mbits/sec                  
- - - - - - - - - - - - - - - - - - - - - - - - -
[  6]  14.00-15.00  sec   485 KBytes  3.97 Mbits/sec                  
[  8]  14.00-15.00  sec   498 KBytes  4.08 Mbits/sec                  
[ 10]  14.00-15.00  sec   267 KBytes  2.19 Mbits/sec                  
[ 12]  14.00-15.00  sec   262 KBytes  2.14 Mbits/sec                  
[ 14]  14.00-15.00  sec   308 KBytes  2.53 Mbits/sec                  
[SUM]  14.00-15.00  sec  1.78 MBytes  14.9 Mbits/sec                  
- - - - - - - - - - - - - - - - - - - - - - - - -
[  6]  15.00-16.00  sec   758 KBytes  6.21 Mbits/sec                  
[  8]  15.00-16.00  sec   761 KBytes  6.23 Mbits/sec                  
[ 10]  15.00-16.00  sec   679 KBytes  5.56 Mbits/sec                  
[ 12]  15.00-16.00  sec   639 KBytes  5.24 Mbits/sec                  
[ 14]  15.00-16.00  sec   659 KBytes  5.40 Mbits/sec                  
[SUM]  15.00-16.00  sec  3.41 MBytes  28.6 Mbits/sec                  
- - - - - - - - - - - - - - - - - - - - - - - - -
[  6]  16.00-17.00  sec   769 KBytes  6.30 Mbits/sec                  
[  8]  16.00-17.00  sec   707 KBytes  5.79 Mbits/sec                  
[ 10]  16.00-17.00  sec  1.04 MBytes  8.75 Mbits/sec                  
[ 12]  16.00-17.00  sec   882 KBytes  7.23 Mbits/sec                  
[ 14]  16.00-17.00  sec   605 KBytes  4.96 Mbits/sec                  
[SUM]  16.00-17.00  sec  3.94 MBytes  33.0 Mbits/sec                  
- - - - - - - - - - - - - - - - - - - - - - - - -
[  6]  17.00-18.00  sec  1.17 MBytes  9.79 Mbits/sec                  
[  8]  17.00-18.00  sec  1.23 MBytes  10.3 Mbits/sec                  
[ 10]  17.00-18.00  sec  1.40 MBytes  11.8 Mbits/sec                  
[ 12]  17.00-18.00  sec  1.51 MBytes  12.6 Mbits/sec                  
[ 14]  17.00-18.00  sec  1.90 MBytes  16.0 Mbits/sec                  
[SUM]  17.00-18.00  sec  7.21 MBytes  60.5 Mbits/sec                  
- - - - - - - - - - - - - - - - - - - - - - - - -
[  6]  18.00-19.00  sec  2.76 MBytes  23.1 Mbits/sec                  
[  8]  18.00-19.00  sec  2.96 MBytes  24.8 Mbits/sec                  
[ 10]  18.00-19.00  sec  2.81 MBytes  23.5 Mbits/sec                  
[ 12]  18.00-19.00  sec  3.84 MBytes  32.2 Mbits/sec                  
[ 14]  18.00-19.00  sec  3.71 MBytes  31.1 Mbits/sec                  
[SUM]  18.00-19.00  sec  16.1 MBytes   135 Mbits/sec                  
- - - - - - - - - - - - - - - - - - - - - - - - -
[  6]  19.00-20.00  sec  3.72 MBytes  31.2 Mbits/sec                  
[  8]  19.00-20.00  sec  2.32 MBytes  19.4 Mbits/sec                  
[ 10]  19.00-20.00  sec  2.23 MBytes  18.7 Mbits/sec                  
[ 12]  19.00-20.00  sec  3.43 MBytes  28.8 Mbits/sec                  
[ 14]  19.00-20.00  sec  3.50 MBytes  29.3 Mbits/sec                  
[SUM]  19.00-20.00  sec  15.2 MBytes   127 Mbits/sec                  
- - - - - - - - - - - - - - - - - - - - - - - - -
[  6]  20.00-21.00  sec  3.29 MBytes  27.6 Mbits/sec                  
[  8]  20.00-21.00  sec  2.99 MBytes  25.1 Mbits/sec                  
[ 10]  20.00-21.00  sec  3.17 MBytes  26.6 Mbits/sec                  
[ 12]  20.00-21.00  sec  3.01 MBytes  25.2 Mbits/sec                  
[ 14]  20.00-21.00  sec  3.43 MBytes  28.8 Mbits/sec                  
[SUM]  20.00-21.00  sec  15.9 MBytes   133 Mbits/sec                  
- - - - - - - - - - - - - - - - - - - - - - - - -
[  6]  21.00-22.00  sec  2.96 MBytes  24.8 Mbits/sec                  
[  8]  21.00-22.00  sec  2.71 MBytes  22.8 Mbits/sec                  
[ 10]  21.00-22.00  sec  2.39 MBytes  20.1 Mbits/sec                  
[ 12]  21.00-22.00  sec  2.71 MBytes  22.7 Mbits/sec                  
[ 14]  21.00-22.00  sec  3.32 MBytes  27.8 Mbits/sec                  
[SUM]  21.00-22.00  sec  14.1 MBytes   118 Mbits/sec                  
- - - - - - - - - - - - - - - - - - - - - - - - -
[  6]  22.00-23.00  sec  2.63 MBytes  22.1 Mbits/sec                  
[  8]  22.00-23.00  sec  2.80 MBytes  23.5 Mbits/sec                  
[ 10]  22.00-23.00  sec  3.48 MBytes  29.2 Mbits/sec                  
[ 12]  22.00-23.00  sec  2.66 MBytes  22.3 Mbits/sec                  
[ 14]  22.00-23.00  sec  2.90 MBytes  24.3 Mbits/sec                  
[SUM]  22.00-23.00  sec  14.5 MBytes   121 Mbits/sec                  
- - - - - - - - - - - - - - - - - - - - - - - - -
[  6]  23.00-24.00  sec  2.75 MBytes  23.1 Mbits/sec                  
[  8]  23.00-24.00  sec  2.90 MBytes  24.3 Mbits/sec                  
[ 10]  23.00-24.00  sec  2.96 MBytes  24.8 Mbits/sec                  
[ 12]  23.00-24.00  sec  3.00 MBytes  25.1 Mbits/sec                  
[ 14]  23.00-24.00  sec  2.70 MBytes  22.7 Mbits/sec                  
[SUM]  23.00-24.00  sec  14.3 MBytes   120 Mbits/sec                  
- - - - - - - - - - - - - - - - - - - - - - - - -
[  6]  24.00-25.00  sec  2.47 MBytes  20.7 Mbits/sec                  
[  8]  24.00-25.00  sec  3.84 MBytes  32.2 Mbits/sec                  
[ 10]  24.00-25.00  sec  3.84 MBytes  32.2 Mbits/sec                  
[ 12]  24.00-25.00  sec  3.39 MBytes  28.5 Mbits/sec                  
[ 14]  24.00-25.00  sec  3.15 MBytes  26.4 Mbits/sec                  
[SUM]  24.00-25.00  sec  16.7 MBytes   140 Mbits/sec                  
- - - - - - - - - - - - - - - - - - - - - - - - -
[  6]  25.00-26.00  sec  3.26 MBytes  27.4 Mbits/sec                  
[  8]  25.00-26.00  sec  5.00 MBytes  42.0 Mbits/sec                  
[ 10]  25.00-26.00  sec  2.54 MBytes  21.3 Mbits/sec                  
[ 12]  25.00-26.00  sec  4.25 MBytes  35.6 Mbits/sec                  
[ 14]  25.00-26.00  sec  4.04 MBytes  33.9 Mbits/sec                  
[SUM]  25.00-26.00  sec  19.1 MBytes   160 Mbits/sec                  
- - - - - - - - - - - - - - - - - - - - - - - - -
[  6]  26.00-27.00  sec  2.64 MBytes  22.1 Mbits/sec                  
[  8]  26.00-27.00  sec  2.88 MBytes  24.2 Mbits/sec                  
[ 10]  26.00-27.00  sec  2.90 MBytes  24.3 Mbits/sec                  
[ 12]  26.00-27.00  sec  3.02 MBytes  25.4 Mbits/sec                  
[ 14]  26.00-27.00  sec  3.07 MBytes  25.8 Mbits/sec                  
[SUM]  26.00-27.00  sec  14.5 MBytes   122 Mbits/sec                  
- - - - - - - - - - - - - - - - - - - - - - - - -
[  6]  27.00-28.00  sec  2.00 MBytes  16.7 Mbits/sec                  
[  8]  27.00-28.00  sec  3.21 MBytes  26.9 Mbits/sec                  
[ 10]  27.00-28.00  sec  2.75 MBytes  23.1 Mbits/sec                  
[ 12]  27.00-28.00  sec  2.50 MBytes  21.0 Mbits/sec                  
[ 14]  27.00-28.00  sec  3.43 MBytes  28.8 Mbits/sec                  
[SUM]  27.00-28.00  sec  13.9 MBytes   117 Mbits/sec                  
- - - - - - - - - - - - - - - - - - - - - - - - -
[  6]  28.00-29.00  sec  2.37 MBytes  19.9 Mbits/sec                  
[  8]  28.00-29.00  sec  3.14 MBytes  26.3 Mbits/sec                  
[ 10]  28.00-29.00  sec  2.44 MBytes  20.5 Mbits/sec                  
[ 12]  28.00-29.00  sec  2.41 MBytes  20.2 Mbits/sec                  
[ 14]  28.00-29.00  sec  2.80 MBytes  23.5 Mbits/sec                  
[SUM]  28.00-29.00  sec  13.2 MBytes   110 Mbits/sec                  
- - - - - - - - - - - - - - - - - - - - - - - - -
[  6]  29.00-30.00  sec   407 KBytes  3.34 Mbits/sec                  
[  8]  29.00-30.00  sec   536 KBytes  4.39 Mbits/sec                  
[ 10]  29.00-30.00  sec   400 KBytes  3.28 Mbits/sec                  
[ 12]  29.00-30.00  sec   403 KBytes  3.30 Mbits/sec                  
[ 14]  29.00-30.00  sec   440 KBytes  3.60 Mbits/sec                  
[SUM]  29.00-30.00  sec  2.13 MBytes  17.9 Mbits/sec                  
- - - - - - - - - - - - - - - - - - - - - - - - -
[ ID] Interval           Transfer     Bitrate         Retr
[  6]   0.00-30.15  sec  70.8 MBytes  19.7 Mbits/sec  195             sender
[  6]   0.00-30.00  sec  70.2 MBytes  19.6 Mbits/sec                  receiver
[  8]   0.00-30.15  sec  74.1 MBytes  20.6 Mbits/sec  194             sender
[  8]   0.00-30.00  sec  73.3 MBytes  20.5 Mbits/sec                  receiver
[ 10]   0.00-30.15  sec  72.4 MBytes  20.1 Mbits/sec  180             sender
[ 10]   0.00-30.00  sec  71.7 MBytes  20.1 Mbits/sec                  receiver
[ 12]   0.00-30.15  sec  74.9 MBytes  20.8 Mbits/sec  192             sender
[ 12]   0.00-30.00  sec  74.1 MBytes  20.7 Mbits/sec                  receiver
[ 14]   0.00-30.15  sec  76.8 MBytes  21.4 Mbits/sec  193             sender
[ 14]   0.00-30.00  sec  76.2 MBytes  21.3 Mbits/sec                  receiver
[SUM]   0.00-30.15  sec   369 MBytes   103 Mbits/sec  954             sender
[SUM]   0.00-30.00  sec   365 MBytes   102 Mbits/sec                  receiver

iperf Done.
