Connecting to host 192.168.0.104, port 5201
Reverse mode, remote host 192.168.0.104 is sending
[  6] local 192.168.0.168 port 50000 connected to 192.168.0.104 port 5201
[  8] local 192.168.0.168 port 50016 connected to 192.168.0.104 port 5201
[ 10] local 192.168.0.168 port 50024 connected to 192.168.0.104 port 5201
[ 12] local 192.168.0.168 port 50032 connected to 192.168.0.104 port 5201
[ 14] local 192.168.0.168 port 50042 connected to 192.168.0.104 port 5201
[ ID] Interval           Transfer     Bitrate
[  6]   0.00-1.00   sec  4.52 MBytes  37.9 Mbits/sec                  
[  8]   0.00-1.00   sec  2.95 MBytes  24.7 Mbits/sec                  
[ 10]   0.00-1.00   sec  2.66 MBytes  22.3 Mbits/sec                  
[ 12]   0.00-1.00   sec  3.08 MBytes  25.8 Mbits/sec                  
[ 14]   0.00-1.00   sec  5.32 MBytes  44.6 Mbits/sec                  
[SUM]   0.00-1.00   sec  18.5 MBytes   155 Mbits/sec                  
- - - - - - - - - - - - - - - - - - - - - - - - -
[  6]   1.00-2.00   sec  4.80 MBytes  40.2 Mbits/sec                  
[  8]   1.00-2.00   sec  3.85 MBytes  32.3 Mbits/sec                  
[ 10]   1.00-2.00   sec  2.05 MBytes  17.2 Mbits/sec                  
[ 12]   1.00-2.00   sec  2.92 MBytes  24.5 Mbits/sec                  
[ 14]   1.00-2.00   sec  5.18 MBytes  43.5 Mbits/sec                  
[SUM]   1.00-2.00   sec  18.8 MBytes   158 Mbits/sec                  
- - - - - - - - - - - - - - - - - - - - - - - - -
[  6]   2.00-3.00   sec  2.99 MBytes  25.1 Mbits/sec                  
[  8]   2.00-3.00   sec  4.73 MBytes  39.7 Mbits/sec                  
[ 10]   2.00-3.00   sec  3.11 MBytes  26.1 Mbits/sec                  
[ 12]   2.00-3.00   sec  3.34 MBytes  28.0 Mbits/sec                  
[ 14]   2.00-3.00   sec  3.45 MBytes  29.0 Mbits/sec                  
[SUM]   2.00-3.00   sec  17.6 MBytes   148 Mbits/sec                  
- - - - - - - - - - - - - - - - - - - - - - - - -
[  6]   3.00-4.00   sec  3.86 MBytes  32.3 Mbits/sec                  
[  8]   3.00-4.00   sec  3.86 MBytes  32.4 Mbits/sec                  
[ 10]   3.00-4.00   sec  3.37 MBytes  28.3 Mbits/sec                  
[ 12]   3.00-4.00   sec  2.53 MBytes  21.2 Mbits/sec                  
[ 14]   3.00-4.00   sec  3.56 MBytes  29.8 Mbits/sec                  
[SUM]   3.00-4.00   sec  17.2 MBytes   144 Mbits/sec                  
- - - - - - - - - - - - - - - - - - - - - - - - -
[  6]   4.00-5.00   sec  3.58 MBytes  30.1 Mbits/sec                  
[  8]   4.00-5.00   sec  3.53 MBytes  29.6 Mbits/sec                  
[ 10]   4.00-5.00   sec  3.34 MBytes  28.1 Mbits/sec                  
[ 12]   4.00-5.00   sec  2.74 MBytes  22.9 Mbits/sec                  
[ 14]   4.00-5.00   sec  3.74 MBytes  31.4 Mbits/sec                  
[SUM]   4.00-5.00   sec  16.9 MBytes   142 Mbits/sec                  
- - - - - - - - - - - - - - - - - - - - - - - - -
[  6]   5.00-6.00   sec  4.03 MBytes  33.8 Mbits/sec                  
[  8]   5.00-6.00   sec  3.62 MBytes  30.4 Mbits/sec                  
[ 10]   5.00-6.00   sec  3.70 MBytes  31.1 Mbits/sec                  
[ 12]   5.00-6.00   sec  3.03 MBytes  25.4 Mbits/sec                  
[ 14]   5.00-6.00   sec  3.77 MBytes  31.6 Mbits/sec                  
[SUM]   5.00-6.00   sec  18.2 MBytes   152 Mbits/sec                  
- - - - - - - - - - - - - - - - - - - - - - - - -
[  6]   6.00-7.00   sec  2.58 MBytes  21.6 Mbits/sec                  
[  8]   6.00-7.00   sec  2.97 MBytes  24.9 Mbits/sec                  
[ 10]   6.00-7.00   sec  3.50 MBytes  29.3 Mbits/sec                  
[ 12]   6.00-7.00   sec  3.10 MBytes  26.0 Mbits/sec                  
[ 14]   6.00-7.00   sec  3.83 MBytes  32.2 Mbits/sec                  
[SUM]   6.00-7.00   sec  16.0 MBytes   134 Mbits/sec                  
- - - - - - - - - - - - - - - - - - - - - - - - -
[  6]   7.00-8.00   sec  3.01 MBytes  25.3 Mbits/sec                  
[  8]   7.00-8.00   sec  3.88 MBytes  32.6 Mbits/sec                  
[ 10]   7.00-8.00   sec  2.36 MBytes  19.8 Mbits/sec                  
[ 12]   7.00-8.00   sec  2.63 MBytes  22.1 Mbits/sec                  
[ 14]   7.00-8.00   sec  2.64 MBytes  22.1 Mbits/sec                  
[SUM]   7.00-8.00   sec  14.5 MBytes   122 Mbits/sec                  
- - - - - - - - - - - - - - - - - - - - - - - - -
[  6]   8.00-9.00   sec  3.56 MBytes  29.8 Mbits/sec                  
[  8]   8.00-9.00   sec  3.76 MBytes  31.5 Mbits/sec                  
[ 10]   8.00-9.00   sec  3.40 MBytes  28.6 Mbits/sec                  
[ 12]   8.00-9.00   sec  3.47 MBytes  29.1 Mbits/sec                  
[ 14]   8.00-9.00   sec  3.14 MBytes  26.3 Mbits/sec                  
[SUM]   8.00-9.00   sec  17.3 MBytes   145 Mbits/sec                  
- - - - - - - - - - - - - - - - - - - - - - - - -
[  6]   9.00-10.00  sec  4.03 MBytes  33.8 Mbits/sec                  
[  8]   9.00-10.00  sec  2.13 MBytes  17.9 Mbits/sec                  
[ 10]   9.00-10.00  sec  2.69 MBytes  22.6 Mbits/sec                  
[ 12]   9.00-10.00  sec  3.94 MBytes  33.1 Mbits/sec                  
[ 14]   9.00-10.00  sec  2.89 MBytes  24.3 Mbits/sec                  
[SUM]   9.00-10.00  sec  15.7 MBytes   132 Mbits/sec                  
- - - - - - - - - - - - - - - - - - - - - - - - -
[  6]  10.00-11.00  sec  1.54 MBytes  12.9 Mbits/sec                  
[  8]  10.00-11.00  sec   916 KBytes  7.51 Mbits/sec                  
[ 10]  10.00-11.00  sec  1.03 MBytes  8.65 Mbits/sec                  
[ 12]  10.00-11.00  sec   885 KBytes  7.25 Mbits/sec                  
[ 14]  10.00-11.00  sec  1.21 MBytes  10.1 Mbits/sec                  
[SUM]  10.00-11.00  sec  5.53 MBytes  46.4 Mbits/sec                  
- - - - - - - - - - - - - - - - - - - - - - - - -
[  6]  11.00-12.00  sec   542 KBytes  4.44 Mbits/sec                  
[  8]  11.00-12.00  sec   324 KBytes  2.65 Mbits/sec                  
[ 10]  11.00-12.00  sec   358 KBytes  2.93 Mbits/sec                  
[ 12]  11.00-12.00  sec   247 KBytes  2.03 Mbits/sec                  
[ 14]  11.00-12.00  sec   421 KBytes  3.45 Mbits/sec                  
[SUM]  11.00-12.00  sec  1.85 MBytes  15.5 Mbits/sec                  
- - - - - - - - - - - - - - - - - - - - - - - - -
[  6]  12.00-13.00  sec  1.07 MBytes  9.00 Mbits/sec                  
[  8]  12.00-13.00  sec   660 KBytes  5.41 Mbits/sec                  
[ 10]  12.00-13.00  sec   703 KBytes  5.76 Mbits/sec                  
[ 12]  12.00-13.00  sec   544 KBytes  4.46 Mbits/sec                  
[ 14]  12.00-13.00  sec   792 KBytes  6.49 Mbits/sec                  
[SUM]  12.00-13.00  sec  3.71 MBytes  31.1 Mbits/sec                  
- - - - - - - - - - - - - - - - - - - - - - - - -
[  6]  13.00-14.00  sec  1.16 MBytes  9.72 Mbits/sec                  
[  8]  13.00-14.00  sec   772 KBytes  6.33 Mbits/sec                  
[ 10]  13.00-14.00  sec   887 KBytes  7.26 Mbits/sec                  
[ 12]  13.00-14.00  sec   689 KBytes  5.64 Mbits/sec                  
[ 14]  13.00-14.00  sec   938 KBytes  7.68 Mbits/sec                  
[SUM]  13.00-14.00  sec  4.37 MBytes  36.6 Mbits/sec                  
- - - - - - - - - - - - - - - - - - - - - - - - -
[  6]  14.00-15.00  sec  2.61 MBytes  21.9 Mbits/sec                  
[  8]  14.00-15.00  sec  3.87 MBytes  32.4 Mbits/sec                  
[ 10]  14.00-15.00  sec  2.70 MBytes  22.7 Mbits/sec                  
[ 12]  14.00-15.00  sec  1.95 MBytes  16.4 Mbits/sec                  
[ 14]  14.00-15.00  sec  2.97 MBytes  25.0 Mbits/sec                  
[SUM]  14.00-15.00  sec  14.1 MBytes   118 Mbits/sec                  
- - - - - - - - - - - - - - - - - - - - - - - - -
[  6]  15.00-16.00  sec  3.64 MBytes  30.5 Mbits/sec                  
[  8]  15.00-16.00  sec  4.69 MBytes  39.3 Mbits/sec                  
[ 10]  15.00-16.00  sec  3.72 MBytes  31.2 Mbits/sec                  
[ 12]  15.00-16.00  sec  3.17 MBytes  26.6 Mbits/sec                  
[ 14]  15.00-16.00  sec  3.40 MBytes  28.5 Mbits/sec                  
[SUM]  15.00-16.00  sec  18.6 MBytes   156 Mbits/sec                  
- - - - - - - - - - - - - - - - - - - - - - - - -
[  6]  16.00-17.00  sec  3.78 MBytes  31.7 Mbits/sec                  
[  8]  16.00-17.00  sec  3.45 MBytes  28.9 Mbits/sec                  
[ 10]  16.00-17.00  sec  4.12 MBytes  34.6 Mbits/sec                  
[ 12]  16.00-17.00  sec  3.60 MBytes  30.2 Mbits/sec                  
[ 14]  16.00-17.00  sec  3.92 MBytes  32.9 Mbits/sec                  
[SUM]  16.00-17.00  sec  18.9 MBytes   158 Mbits/sec                  
- - - - - - - - - - - - - - - - - - - - - - - - -
[  6]  17.00-18.00  sec  3.16 MBytes  26.5 Mbits/sec                  
[  8]  17.00-18.00  sec  4.04 MBytes  33.9 Mbits/sec                  
[ 10]  17.00-18.00  sec  3.20 MBytes  26.8 Mbits/sec                  
[ 12]  17.00-18.00  sec  2.35 MBytes  19.7 Mbits/sec                  
[ 14]  17.00-18.00  sec  4.76 MBytes  39.9 Mbits/sec                  
[SUM]  17.00-18.00  sec  17.5 MBytes   147 Mbits/sec                  
- - - - - - - - - - - - - - - - - - - - - - - - -
[  6]  18.00-19.00  sec  3.48 MBytes  29.2 Mbits/sec                  
[  8]  18.00-19.00  sec  3.36 MBytes  28.2 Mbits/sec                  
[ 10]  18.00-19.00  sec  4.35 MBytes  36.5 Mbits/sec                  
[ 12]  18.00-19.00  sec  3.14 MBytes  26.4 Mbits/sec                  
[ 14]  18.00-19.00  sec  3.32 MBytes  27.8 Mbits/sec                  
[SUM]  18.00-19.00  sec  17.7 MBytes   148 Mbits/sec                  
- - - - - - - - - - - - - - - - - - - - - - - - -
[  6]  19.00-20.00  sec  3.14 MBytes  26.4 Mbits/sec                  
[  8]  19.00-20.00  sec  4.58 MBytes  38.4 Mbits/sec                  
[ 10]  19.00-20.00  sec  4.00 MBytes  33.5 Mbits/sec                  
[ 12]  19.00-20.00  sec  3.07 MBytes  25.8 Mbits/sec                  
[ 14]  19.00-20.00  sec  2.91 MBytes  24.4 Mbits/sec                  
[SUM]  19.00-20.00  sec  17.7 MBytes   149 Mbits/sec                  
- - - - - - - - - - - - - - - - - - - - - - - - -
[  6]  20.00-21.00  sec  3.26 MBytes  27.4 Mbits/sec                  
[  8]  20.00-21.00  sec  3.60 MBytes  30.2 Mbits/sec                  
[ 10]  20.00-21.00  sec  3.80 MBytes  31.9 Mbits/sec                  
[ 12]  20.00-21.00  sec  3.47 MBytes  29.1 Mbits/sec                  
[ 14]  20.00-21.00  sec  2.27 MBytes  19.0 Mbits/sec                  
[SUM]  20.00-21.00  sec  16.4 MBytes   138 Mbits/sec                  
- - - - - - - - - - - - - - - - - - - - - - - - -
[  6]  21.00-22.00  sec  2.69 MBytes  22.6 Mbits/sec                  
[  8]  21.00-22.00  sec  3.48 MBytes  29.2 Mbits/sec                  
[ 10]  21.00-22.00  sec  2.87 MBytes  24.1 Mbits/sec                  
[ 12]  21.00-22.00  sec  3.44 MBytes  28.9 Mbits/sec                  
[ 14]  21.00-22.00  sec  3.25 MBytes  27.3 Mbits/sec                  
[SUM]  21.00-22.00  sec  15.7 MBytes   132 Mbits/sec                  
- - - - - - - - - - - - - - - - - - - - - - - - -
[  6]  22.00-23.00  sec  3.00 MBytes  25.2 Mbits/sec                  
[  8]  22.00-23.00  sec  2.85 MBytes  23.9 Mbits/sec                  
[ 10]  22.00-23.00  sec  3.12 MBytes  26.2 Mbits/sec                  
[ 12]  22.00-23.00  sec  3.77 MBytes  31.6 Mbits/sec                  
[ 14]  22.00-23.00  sec  3.15 MBytes  26.4 Mbits/sec                  
[SUM]  22.00-23.00  sec  15.9 MBytes   133 Mbits/sec                  
- - - - - - - - - - - - - - - - - - - - - - - - -
[  6]  23.00-24.00  sec  3.92 MBytes  32.9 Mbits/sec                  
[  8]  23.00-24.00  sec  3.16 MBytes  26.5 Mbits/sec                  
[ 10]  23.00-24.00  sec  4.19 MBytes  35.1 Mbits/sec                  
[ 12]  23.00-24.00  sec  3.30 MBytes  27.7 Mbits/sec                  
[ 14]  23.00-24.00  sec  3.95 MBytes  33.1 Mbits/sec                  
[SUM]  23.00-24.00  sec  18.5 MBytes   155 Mbits/sec                  
- - - - - - - - - - - - - - - - - - - - - - - - -
[  6]  24.00-25.00  sec  3.23 MBytes  27.1 Mbits/sec                  
[  8]  24.00-25.00  sec  2.98 MBytes  25.0 Mbits/sec                  
[ 10]  24.00-25.00  sec  3.78 MBytes  31.7 Mbits/sec                  
[ 12]  24.00-25.00  sec  3.00 MBytes  25.2 Mbits/sec                  
[ 14]  24.00-25.00  sec  3.46 MBytes  29.0 Mbits/sec                  
[SUM]  24.00-25.00  sec  16.5 MBytes   138 Mbits/sec                  
- - - - - - - - - - - - - - - - - - - - - - - - -
[  6]  25.00-26.00  sec  1.28 MBytes  10.7 Mbits/sec                  
[  8]  25.00-26.00  sec  1.25 MBytes  10.5 Mbits/sec                  
[ 10]  25.00-26.00  sec  1.13 MBytes  9.44 Mbits/sec                  
[ 12]  25.00-26.00  sec  1.09 MBytes  9.12 Mbits/sec                  
[ 14]  25.00-26.00  sec  1.35 MBytes  11.3 Mbits/sec                  
[SUM]  25.00-26.00  sec  6.09 MBytes  51.1 Mbits/sec                  
- - - - - - - - - - - - - - - - - - - - - - - - -
[  6]  26.00-27.00  sec   465 KBytes  3.81 Mbits/sec                  
[  8]  26.00-27.00  sec   699 KBytes  5.72 Mbits/sec                  
[ 10]  26.00-27.00  sec   641 KBytes  5.25 Mbits/sec                  
[ 12]  26.00-27.00  sec   270 KBytes  2.21 Mbits/sec                  
[ 14]  26.00-27.00  sec   424 KBytes  3.48 Mbits/sec                  
[SUM]  26.00-27.00  sec  2.44 MBytes  20.5 Mbits/sec                  
- - - - - - - - - - - - - - - - - - - - - - - - -
[  6]  27.00-28.00  sec   617 KBytes  5.05 Mbits/sec                  
[  8]  27.00-28.00  sec  1.09 MBytes  9.16 Mbits/sec                  
[ 10]  27.00-28.00  sec   841 KBytes  6.89 Mbits/sec                  
[ 12]  27.00-28.00  sec   520 KBytes  4.26 Mbits/sec                  
[ 14]  27.00-28.00  sec  1.23 MBytes  10.3 Mbits/sec                  
[SUM]  27.00-28.00  sec  4.25 MBytes  35.7 Mbits/sec                  
- - - - - - - - - - - - - - - - - - - - - - - - -
[  6]  28.00-29.00  sec   390 KBytes  3.20 Mbits/sec                  
[  8]  28.00-29.00  sec   564 KBytes  4.62 Mbits/sec                  
[ 10]  28.00-29.00  sec   529 KBytes  4.33 Mbits/sec                  
[ 12]  28.00-29.00  sec   454 KBytes  3.72 Mbits/sec                  
[ 14]  28.00-29.00  sec  1.47 MBytes  12.4 Mbits/sec                  
[SUM]  28.00-29.00  sec  3.37 MBytes  28.2 Mbits/sec                  
- - - - - - - - - - - - - - - - - - - - - - - - -
[  6]  29.00-30.00  sec  2.51 MBytes  21.1 Mbits/sec                  
[  8]  29.00-30.00  sec  2.94 MBytes  24.7 Mbits/sec                  
[ 10]  29.00-30.00  sec  3.12 MBytes  26.1 Mbits/sec                  
[ 12]  29.00-30.00  sec  2.66 MBytes  22.3 Mbits/sec                  
[ 14]  29.00-30.00  sec  5.62 MBytes  47.2 Mbits/sec                  
[SUM]  29.00-30.00  sec  16.9 MBytes   141 Mbits/sec                  
- - - - - - - - - - - - - - - - - - - - - - - - -
[ ID] Interval           Transfer     Bitrate         Retr
[  6]   0.00-30.03  sec  83.2 MBytes  23.2 Mbits/sec  125             sender
[  6]   0.00-30.00  sec  82.4 MBytes  23.0 Mbits/sec                  receiver
[  8]   0.00-30.03  sec  85.2 MBytes  23.8 Mbits/sec  119             sender
[  8]   0.00-30.00  sec  84.5 MBytes  23.6 Mbits/sec                  receiver
[ 10]   0.00-30.03  sec  79.9 MBytes  22.3 Mbits/sec  125             sender
[ 10]   0.00-30.00  sec  79.2 MBytes  22.1 Mbits/sec                  receiver
[ 12]   0.00-30.03  sec  73.1 MBytes  20.4 Mbits/sec  119             sender
[ 12]   0.00-30.00  sec  72.3 MBytes  20.2 Mbits/sec                  receiver
[ 14]   0.00-30.03  sec  89.7 MBytes  25.1 Mbits/sec  124             sender
[ 14]   0.00-30.00  sec  88.3 MBytes  24.7 Mbits/sec                  receiver
[SUM]   0.00-30.03  sec   411 MBytes   115 Mbits/sec  612             sender
[SUM]   0.00-30.00  sec   407 MBytes   114 Mbits/sec                  receiver

iperf Done.
