Connecting to host 192.168.0.104, port 5201
Reverse mode, remote host 192.168.0.104 is sending
[  6] local 192.168.0.168 port 39042 connected to 192.168.0.104 port 5201
[  8] local 192.168.0.168 port 39058 connected to 192.168.0.104 port 5201
[ 10] local 192.168.0.168 port 39070 connected to 192.168.0.104 port 5201
[ 12] local 192.168.0.168 port 39076 connected to 192.168.0.104 port 5201
[ 14] local 192.168.0.168 port 39084 connected to 192.168.0.104 port 5201
[ ID] Interval           Transfer     Bitrate
[  6]   0.00-1.00   sec  1.95 MBytes  16.3 Mbits/sec                  
[  8]   0.00-1.00   sec  2.61 MBytes  21.9 Mbits/sec                  
[ 10]   0.00-1.00   sec  1.19 MBytes  9.97 Mbits/sec                  
[ 12]   0.00-1.00   sec  1.63 MBytes  13.6 Mbits/sec                  
[ 14]   0.00-1.00   sec  1.26 MBytes  10.6 Mbits/sec                  
[SUM]   0.00-1.00   sec  8.63 MBytes  72.4 Mbits/sec                  
- - - - - - - - - - - - - - - - - - - - - - - - -
[  6]   1.00-2.00   sec  3.92 MBytes  32.9 Mbits/sec                  
[  8]   1.00-2.00   sec  4.26 MBytes  35.7 Mbits/sec                  
[ 10]   1.00-2.00   sec  2.32 MBytes  19.4 Mbits/sec                  
[ 12]   1.00-2.00   sec  3.49 MBytes  29.2 Mbits/sec                  
[ 14]   1.00-2.00   sec  2.86 MBytes  24.0 Mbits/sec                  
[SUM]   1.00-2.00   sec  16.8 MBytes   141 Mbits/sec                  
- - - - - - - - - - - - - - - - - - - - - - - - -
[  6]   2.00-3.00   sec  3.57 MBytes  29.9 Mbits/sec                  
[  8]   2.00-3.00   sec  4.55 MBytes  38.2 Mbits/sec                  
[ 10]   2.00-3.00   sec  2.96 MBytes  24.8 Mbits/sec                  
[ 12]   2.00-3.00   sec  4.52 MBytes  38.0 Mbits/sec                  
[ 14]   2.00-3.00   sec  3.23 MBytes  27.1 Mbits/sec                  
[SUM]   2.00-3.00   sec  18.8 MBytes   158 Mbits/sec                  
- - - - - - - - - - - - - - - - - - - - - - - - -
[  6]   3.00-4.00   sec  1.62 MBytes  13.6 Mbits/sec                  
[  8]   3.00-4.00   sec  4.13 MBytes  34.6 Mbits/sec                  
[ 10]   3.00-4.00   sec  3.46 MBytes  29.0 Mbits/sec                  
[ 12]   3.00-4.00   sec  4.62 MBytes  38.7 Mbits/sec                  
[ 14]   3.00-4.00   sec  2.82 MBytes  23.7 Mbits/sec                  
[SUM]   3.00-4.00   sec  16.6 MBytes   140 Mbits/sec                  
- - - - - - - - - - - - - - - - - - - - - - - - -
[  6]   4.00-5.00   sec  2.03 MBytes  17.0 Mbits/sec                  
[  8]   4.00-5.00   sec  4.15 MBytes  34.8 Mbits/sec                  
[ 10]   4.00-5.00   sec  3.42 MBytes  28.7 Mbits/sec                  
[ 12]   4.00-5.00   sec  3.52 MBytes  29.5 Mbits/sec                  
[ 14]   4.00-5.00   sec  2.78 MBytes  23.3 Mbits/sec                  
[SUM]   4.00-5.00   sec  15.9 MBytes   133 Mbits/sec                  
- - - - - - - - - - - - - - - - - - - - - - - - -
[  6]   5.00-6.00   sec  2.18 MBytes  18.3 Mbits/sec                  
[  8]   5.00-6.00   sec  3.58 MBytes  30.0 Mbits/sec                  
[ 10]   5.00-6.00   sec  3.74 MBytes  31.4 Mbits/sec                  
[ 12]   5.00-6.00   sec  5.00 MBytes  41.9 Mbits/sec                  
[ 14]   5.00-6.00   sec  3.18 MBytes  26.6 Mbits/sec                  
[SUM]   5.00-6.00   sec  17.7 MBytes   148 Mbits/sec                  
- - - - - - - - - - - - - - - - - - - - - - - - -
[  6]   6.00-7.00   sec  3.00 MBytes  25.1 Mbits/sec                  
[  8]   6.00-7.00   sec  3.60 MBytes  30.2 Mbits/sec                  
[ 10]   6.00-7.00   sec  3.38 MBytes  28.3 Mbits/sec                  
[ 12]   6.00-7.00   sec  3.33 MBytes  27.9 Mbits/sec                  
[ 14]   6.00-7.00   sec  3.96 MBytes  33.2 Mbits/sec                  
[SUM]   6.00-7.00   sec  17.3 MBytes   145 Mbits/sec                  
- - - - - - - - - - - - - - - - - - - - - - - - -
[  6]   7.00-8.00   sec  2.68 MBytes  22.5 Mbits/sec                  
[  8]   7.00-8.00   sec  3.95 MBytes  33.1 Mbits/sec                  
[ 10]   7.00-8.00   sec  2.73 MBytes  22.9 Mbits/sec                  
[ 12]   7.00-8.00   sec  4.22 MBytes  35.4 Mbits/sec                  
[ 14]   7.00-8.00   sec  3.43 MBytes  28.8 Mbits/sec                  
[SUM]   7.00-8.00   sec  17.0 MBytes   143 Mbits/sec                  
- - - - - - - - - - - - - - - - - - - - - - - - -
[  6]   8.00-9.00   sec  3.53 MBytes  29.6 Mbits/sec                  
[  8]   8.00-9.00   sec  3.91 MBytes  32.8 Mbits/sec                  
[ 10]   8.00-9.00   sec  2.65 MBytes  22.2 Mbits/sec                  
[ 12]   8.00-9.00   sec  4.34 MBytes  36.4 Mbits/sec                  
[ 14]   8.00-9.00   sec  4.29 MBytes  36.0 Mbits/sec                  
[SUM]   8.00-9.00   sec  18.7 MBytes   157 Mbits/sec                  
- - - - - - - - - - - - - - - - - - - - - - - - -
[  6]   9.00-10.00  sec  2.84 MBytes  23.8 Mbits/sec                  
[  8]   9.00-10.00  sec  3.64 MBytes  30.5 Mbits/sec                  
[ 10]   9.00-10.00  sec  2.82 MBytes  23.6 Mbits/sec                  
[ 12]   9.00-10.00  sec  3.20 MBytes  26.8 Mbits/sec                  
[ 14]   9.00-10.00  sec  4.42 MBytes  37.1 Mbits/sec                  
[SUM]   9.00-10.00  sec  16.9 MBytes   142 Mbits/sec                  
- - - - - - - - - - - - - - - - - - - - - - - - -
[  6]  10.00-11.00  sec  2.90 MBytes  24.3 Mbits/sec                  
[  8]  10.00-11.00  sec  4.47 MBytes  37.5 Mbits/sec                  
[ 10]  10.00-11.00  sec  3.45 MBytes  29.0 Mbits/sec                  
[ 12]  10.00-11.00  sec  3.31 MBytes  27.7 Mbits/sec                  
[ 14]  10.00-11.00  sec  3.86 MBytes  32.4 Mbits/sec                  
[SUM]  10.00-11.00  sec  18.0 MBytes   151 Mbits/sec                  
- - - - - - - - - - - - - - - - - - - - - - - - -
[  6]  11.00-12.00  sec  3.19 MBytes  26.8 Mbits/sec                  
[  8]  11.00-12.00  sec  3.13 MBytes  26.3 Mbits/sec                  
[ 10]  11.00-12.00  sec  2.83 MBytes  23.7 Mbits/sec                  
[ 12]  11.00-12.00  sec  3.35 MBytes  28.1 Mbits/sec                  
[ 14]  11.00-12.00  sec  3.83 MBytes  32.1 Mbits/sec                  
[SUM]  11.00-12.00  sec  16.3 MBytes   137 Mbits/sec                  
- - - - - - - - - - - - - - - - - - - - - - - - -
[  6]  12.00-13.00  sec   554 KBytes  4.54 Mbits/sec                  
[  8]  12.00-13.00  sec   420 KBytes  3.44 Mbits/sec                  
[ 10]  12.00-13.00  sec   229 KBytes  1.88 Mbits/sec                  
[ 12]  12.00-13.00  sec   513 KBytes  4.20 Mbits/sec                  
[ 14]  12.00-13.00  sec   570 KBytes  4.67 Mbits/sec                  
[SUM]  12.00-13.00  sec  2.23 MBytes  18.7 Mbits/sec                  
- - - - - - - - - - - - - - - - - - - - - - - - -
[  6]  13.00-14.00  sec   984 KBytes  8.07 Mbits/sec                  
[  8]  13.00-14.00  sec   609 KBytes  4.99 Mbits/sec                  
[ 10]  13.00-14.00  sec   392 KBytes  3.21 Mbits/sec                  
[ 12]  13.00-14.00  sec   732 KBytes  6.00 Mbits/sec                  
[ 14]  13.00-14.00  sec   824 KBytes  6.76 Mbits/sec                  
[SUM]  13.00-14.00  sec  3.46 MBytes  29.0 Mbits/sec                  
- - - - - - - - - - - - - - - - - - - - - - - - -
[  6]  14.00-15.00  sec  1.22 MBytes  10.2 Mbits/sec                  
[  8]  14.00-15.00  sec   908 KBytes  7.44 Mbits/sec                  
[ 10]  14.00-15.00  sec   452 KBytes  3.71 Mbits/sec                  
[ 12]  14.00-15.00  sec   904 KBytes  7.40 Mbits/sec                  
[ 14]  14.00-15.00  sec   898 KBytes  7.36 Mbits/sec                  
[SUM]  14.00-15.00  sec  4.31 MBytes  36.1 Mbits/sec                  
- - - - - - - - - - - - - - - - - - - - - - - - -
[  6]  15.00-16.00  sec  1.81 MBytes  15.2 Mbits/sec                  
[  8]  15.00-16.00  sec  2.04 MBytes  17.1 Mbits/sec                  
[ 10]  15.00-16.00  sec   964 KBytes  7.90 Mbits/sec                  
[ 12]  15.00-16.00  sec  2.13 MBytes  17.9 Mbits/sec                  
[ 14]  15.00-16.00  sec  1.73 MBytes  14.5 Mbits/sec                  
[SUM]  15.00-16.00  sec  8.65 MBytes  72.6 Mbits/sec                  
- - - - - - - - - - - - - - - - - - - - - - - - -
[  6]  16.00-17.00  sec  3.58 MBytes  30.0 Mbits/sec                  
[  8]  16.00-17.00  sec  2.73 MBytes  22.9 Mbits/sec                  
[ 10]  16.00-17.00  sec  2.62 MBytes  22.0 Mbits/sec                  
[ 12]  16.00-17.00  sec  2.85 MBytes  23.9 Mbits/sec                  
[ 14]  16.00-17.00  sec  3.25 MBytes  27.3 Mbits/sec                  
[SUM]  16.00-17.00  sec  15.0 MBytes   126 Mbits/sec                  
- - - - - - - - - - - - - - - - - - - - - - - - -
[  6]  17.00-18.00  sec  4.06 MBytes  34.1 Mbits/sec                  
[  8]  17.00-18.00  sec  3.07 MBytes  25.8 Mbits/sec                  
[ 10]  17.00-18.00  sec  3.19 MBytes  26.8 Mbits/sec                  
[ 12]  17.00-18.00  sec  3.05 MBytes  25.6 Mbits/sec                  
[ 14]  17.00-18.00  sec  3.67 MBytes  30.8 Mbits/sec                  
[SUM]  17.00-18.00  sec  17.0 MBytes   143 Mbits/sec                  
- - - - - - - - - - - - - - - - - - - - - - - - -
[  6]  18.00-19.00  sec  3.88 MBytes  32.6 Mbits/sec                  
[  8]  18.00-19.00  sec  3.33 MBytes  28.0 Mbits/sec                  
[ 10]  18.00-19.00  sec  3.40 MBytes  28.5 Mbits/sec                  
[ 12]  18.00-19.00  sec  3.34 MBytes  28.0 Mbits/sec                  
[ 14]  18.00-19.00  sec  3.84 MBytes  32.2 Mbits/sec                  
[SUM]  18.00-19.00  sec  17.8 MBytes   149 Mbits/sec                  
- - - - - - - - - - - - - - - - - - - - - - - - -
[  6]  19.00-20.00  sec  3.72 MBytes  31.2 Mbits/sec                  
[  8]  19.00-20.00  sec  3.19 MBytes  26.8 Mbits/sec                  
[ 10]  19.00-20.00  sec  4.05 MBytes  33.9 Mbits/sec                  
[ 12]  19.00-20.00  sec  3.70 MBytes  31.1 Mbits/sec                  
[ 14]  19.00-20.00  sec  3.96 MBytes  33.3 Mbits/sec                  
[SUM]  19.00-20.00  sec  18.6 MBytes   156 Mbits/sec                  
- - - - - - - - - - - - - - - - - - - - - - - - -
[  6]  20.00-21.00  sec  2.38 MBytes  20.0 Mbits/sec                  
[  8]  20.00-21.00  sec  4.01 MBytes  33.6 Mbits/sec                  
[ 10]  20.00-21.00  sec  3.87 MBytes  32.5 Mbits/sec                  
[ 12]  20.00-21.00  sec  2.89 MBytes  24.2 Mbits/sec                  
[ 14]  20.00-21.00  sec  3.00 MBytes  25.2 Mbits/sec                  
[SUM]  20.00-21.00  sec  16.2 MBytes   136 Mbits/sec                  
- - - - - - - - - - - - - - - - - - - - - - - - -
[  6]  21.00-22.00  sec  3.04 MBytes  25.5 Mbits/sec                  
[  8]  21.00-22.00  sec  3.97 MBytes  33.3 Mbits/sec                  
[ 10]  21.00-22.00  sec  3.64 MBytes  30.5 Mbits/sec                  
[ 12]  21.00-22.00  sec  3.61 MBytes  30.2 Mbits/sec                  
[ 14]  21.00-22.00  sec  3.85 MBytes  32.3 Mbits/sec                  
[SUM]  21.00-22.00  sec  18.1 MBytes   152 Mbits/sec                  
- - - - - - - - - - - - - - - - - - - - - - - - -
[  6]  22.00-23.00  sec  4.97 MBytes  41.7 Mbits/sec                  
[  8]  22.00-23.00  sec  2.80 MBytes  23.5 Mbits/sec                  
[ 10]  22.00-23.00  sec  3.16 MBytes  26.5 Mbits/sec                  
[ 12]  22.00-23.00  sec  3.68 MBytes  30.9 Mbits/sec                  
[ 14]  22.00-23.00  sec  3.50 MBytes  29.4 Mbits/sec                  
[SUM]  22.00-23.00  sec  18.1 MBytes   152 Mbits/sec                  
- - - - - - - - - - - - - - - - - - - - - - - - -
[  6]  23.00-24.00  sec  5.35 MBytes  44.9 Mbits/sec                  
[  8]  23.00-24.00  sec  3.28 MBytes  27.5 Mbits/sec                  
[ 10]  23.00-24.00  sec  2.83 MBytes  23.7 Mbits/sec                  
[ 12]  23.00-24.00  sec  3.85 MBytes  32.3 Mbits/sec                  
[ 14]  23.00-24.00  sec  3.46 MBytes  29.0 Mbits/sec                  
[SUM]  23.00-24.00  sec  18.8 MBytes   157 Mbits/sec                  
- - - - - - - - - - - - - - - - - - - - - - - - -
[  6]  24.00-25.00  sec  4.33 MBytes  36.4 Mbits/sec                  
[  8]  24.00-25.00  sec  4.15 MBytes  34.8 Mbits/sec                  
[ 10]  24.00-25.00  sec  3.30 MBytes  27.7 Mbits/sec                  
[ 12]  24.00-25.00  sec  3.78 MBytes  31.7 Mbits/sec                  
[ 14]  24.00-25.00  sec  2.53 MBytes  21.2 Mbits/sec                  
[SUM]  24.00-25.00  sec  18.1 MBytes   152 Mbits/sec                  
- - - - - - - - - - - - - - - - - - - - - - - - -
[  6]  25.00-26.00  sec  3.24 MBytes  27.2 Mbits/sec                  
[  8]  25.00-26.00  sec  3.38 MBytes  28.3 Mbits/sec                  
[ 10]  25.00-26.00  sec  3.84 MBytes  32.2 Mbits/sec                  
[ 12]  25.00-26.00  sec  3.39 MBytes  28.5 Mbits/sec                  
[ 14]  25.00-26.00  sec  2.77 MBytes  23.2 Mbits/sec                  
[SUM]  25.00-26.00  sec  16.6 MBytes   139 Mbits/sec                  
- - - - - - - - - - - - - - - - - - - - - - - - -
[  6]  26.00-27.00  sec  2.52 MBytes  21.1 Mbits/sec                  
[  8]  26.00-27.00  sec  2.62 MBytes  22.0 Mbits/sec                  
[ 10]  26.00-27.00  sec  3.96 MBytes  33.2 Mbits/sec                  
[ 12]  26.00-27.00  sec  3.06 MBytes  25.7 Mbits/sec                  
[ 14]  26.00-27.00  sec  3.63 MBytes  30.5 Mbits/sec                  
[SUM]  26.00-27.00  sec  15.8 MBytes   132 Mbits/sec                  
- - - - - - - - - - - - - - - - - - - - - - - - -
[  6]  27.00-28.00  sec   443 KBytes  3.62 Mbits/sec                  
[  8]  27.00-28.00  sec   180 KBytes  1.47 Mbits/sec                  
[ 10]  27.00-28.00  sec   328 KBytes  2.69 Mbits/sec                  
[ 12]  27.00-28.00  sec   247 KBytes  2.03 Mbits/sec                  
[ 14]  27.00-28.00  sec   181 KBytes  1.48 Mbits/sec                  
[SUM]  27.00-28.00  sec  1.35 MBytes  11.3 Mbits/sec                  
- - - - - - - - - - - - - - - - - - - - - - - - -
[  6]  28.00-29.00  sec   624 KBytes  5.11 Mbits/sec                  
[  8]  28.00-29.00  sec   276 KBytes  2.26 Mbits/sec                  
[ 10]  28.00-29.00  sec   450 KBytes  3.69 Mbits/sec                  
[ 12]  28.00-29.00  sec   328 KBytes  2.69 Mbits/sec                  
[ 14]  28.00-29.00  sec   304 KBytes  2.49 Mbits/sec                  
[SUM]  28.00-29.00  sec  1.93 MBytes  16.2 Mbits/sec                  
- - - - - - - - - - - - - - - - - - - - - - - - -
[  6]  29.00-30.00  sec   994 KBytes  8.14 Mbits/sec                  
[  8]  29.00-30.00  sec   462 KBytes  3.79 Mbits/sec                  
[ 10]  29.00-30.00  sec   848 KBytes  6.95 Mbits/sec                  
[ 12]  29.00-30.00  sec   641 KBytes  5.25 Mbits/sec                  
[ 14]  29.00-30.00  sec   648 KBytes  5.30 Mbits/sec                  
[SUM]  29.00-30.00  sec  3.51 MBytes  29.4 Mbits/sec                  
- - - - - - - - - - - - - - - - - - - - - - - - -
[ ID] Interval           Transfer     Bitrate         Retr
[  6]   0.00-30.15  sec  81.7 MBytes  22.7 Mbits/sec  107             sender
[  6]   0.00-30.00  sec  81.0 MBytes  22.7 Mbits/sec                  receiver
[  8]   0.00-30.15  sec  88.1 MBytes  24.5 Mbits/sec   88             sender
[  8]   0.00-30.00  sec  87.3 MBytes  24.4 Mbits/sec                  receiver
[ 10]   0.00-30.15  sec  77.0 MBytes  21.4 Mbits/sec  104             sender
[ 10]   0.00-30.00  sec  76.4 MBytes  21.4 Mbits/sec                  receiver
[ 12]   0.00-30.15  sec  88.0 MBytes  24.5 Mbits/sec   76             sender
[ 12]   0.00-30.00  sec  87.1 MBytes  24.4 Mbits/sec                  receiver
[ 14]   0.00-30.15  sec  83.2 MBytes  23.2 Mbits/sec  120             sender
[ 14]   0.00-30.00  sec  82.5 MBytes  23.1 Mbits/sec                  receiver
[SUM]   0.00-30.15  sec   418 MBytes   116 Mbits/sec  495             sender
[SUM]   0.00-30.00  sec   414 MBytes   116 Mbits/sec                  receiver

iperf Done.
