Connecting to host 192.168.0.104, port 5201
[  6] local 192.168.0.168 port 52198 connected to 192.168.0.104 port 5201
[  8] local 192.168.0.168 port 52212 connected to 192.168.0.104 port 5201
[ 10] local 192.168.0.168 port 52218 connected to 192.168.0.104 port 5201
[ 12] local 192.168.0.168 port 52228 connected to 192.168.0.104 port 5201
[ 14] local 192.168.0.168 port 52244 connected to 192.168.0.104 port 5201
[ ID] Interval           Transfer     Bitrate         Retr  Cwnd
[  6]   0.00-1.00   sec  5.89 MBytes  49.4 Mbits/sec    1    506 KBytes       
[  8]   0.00-1.00   sec  5.66 MBytes  47.5 Mbits/sec    1    547 KBytes       
[ 10]   0.00-1.00   sec  4.98 MBytes  41.8 Mbits/sec    0    361 KBytes       
[ 12]   0.00-1.00   sec  4.80 MBytes  40.3 Mbits/sec    0    348 KBytes       
[ 14]   0.00-1.00   sec  6.68 MBytes  56.1 Mbits/sec    0    820 KBytes       
[SUM]   0.00-1.00   sec  28.0 MBytes   235 Mbits/sec    2             
- - - - - - - - - - - - - - - - - - - - - - - - -
[  6]   1.00-2.00   sec  2.11 MBytes  17.7 Mbits/sec    0    506 KBytes       
[  8]   1.00-2.00   sec  2.23 MBytes  18.7 Mbits/sec    0    547 KBytes       
[ 10]   1.00-2.00   sec  2.24 MBytes  18.8 Mbits/sec    0    361 KBytes       
[ 12]   1.00-2.00   sec  2.17 MBytes  18.2 Mbits/sec    0    348 KBytes       
[ 14]   1.00-2.00   sec  2.50 MBytes  21.0 Mbits/sec    0    820 KBytes       
[SUM]   1.00-2.00   sec  11.3 MBytes  94.4 Mbits/sec    0             
- - - - - - - - - - - - - - - - - - - - - - - - -
[  6]   2.00-3.00   sec  1.18 MBytes  9.90 Mbits/sec    0    529 KBytes       
[  8]   2.00-3.00   sec  1.25 MBytes  10.5 Mbits/sec    1    581 KBytes       
[ 10]   2.00-3.00   sec   764 KBytes  6.25 Mbits/sec    0    376 KBytes       
[ 12]   2.00-3.00   sec   827 KBytes  6.78 Mbits/sec    0    369 KBytes       
[ 14]   2.00-3.00   sec  1.25 MBytes  10.5 Mbits/sec    1    870 KBytes       
[SUM]   2.00-3.00   sec  5.23 MBytes  43.9 Mbits/sec    2             
- - - - - - - - - - - - - - - - - - - - - - - - -
[  6]   3.00-4.00   sec  0.00 Bytes  0.00 bits/sec    0    529 KBytes       
[  8]   3.00-4.00   sec  1.17 MBytes  9.85 Mbits/sec    0    581 KBytes       
[ 10]   3.00-4.00   sec  0.00 Bytes  0.00 bits/sec    0    376 KBytes       
[ 12]   3.00-4.00   sec  0.00 Bytes  0.00 bits/sec    0    369 KBytes       
[ 14]   3.00-4.00   sec  1.25 MBytes  10.5 Mbits/sec    0    870 KBytes       
[SUM]   3.00-4.00   sec  2.42 MBytes  20.3 Mbits/sec    0             
- - - - - - - - - - - - - - - - - - - - - - - - -
[  6]   4.00-5.00   sec  2.17 MBytes  18.2 Mbits/sec    0    544 KBytes       
[  8]   4.00-5.00   sec  1.25 MBytes  10.5 Mbits/sec    0    600 KBytes       
[ 10]   4.00-5.00   sec  1.62 MBytes  13.6 Mbits/sec    0    396 KBytes       
[ 12]   4.00-5.00   sec   827 KBytes  6.78 Mbits/sec    0    387 KBytes       
[ 14]   4.00-5.00   sec  2.50 MBytes  21.0 Mbits/sec    0    911 KBytes       
[SUM]   4.00-5.00   sec  8.35 MBytes  70.0 Mbits/sec    0             
- - - - - - - - - - - - - - - - - - - - - - - - -
[  6]   5.00-6.00   sec  1.12 MBytes  9.38 Mbits/sec    0    554 KBytes       
[  8]   5.00-6.00   sec  1.25 MBytes  10.5 Mbits/sec    0    611 KBytes       
[ 10]   5.00-6.00   sec  0.00 Bytes  0.00 bits/sec    0    396 KBytes       
[ 12]   5.00-6.00   sec   827 KBytes  6.78 Mbits/sec    0    387 KBytes       
[ 14]   5.00-6.00   sec  1.25 MBytes  10.5 Mbits/sec    0    911 KBytes       
[SUM]   5.00-6.00   sec  4.43 MBytes  37.1 Mbits/sec    0             
- - - - - - - - - - - - - - - - - - - - - - - - -
[  6]   6.00-7.00   sec  2.49 MBytes  20.9 Mbits/sec    0    591 KBytes       
[  8]   6.00-7.00   sec  2.50 MBytes  21.0 Mbits/sec    0    641 KBytes       
[ 10]   6.00-7.00   sec  3.79 MBytes  31.8 Mbits/sec    0    486 KBytes       
[ 12]   6.00-7.00   sec  3.54 MBytes  29.7 Mbits/sec    0    461 KBytes       
[ 14]   6.00-7.00   sec  3.75 MBytes  31.5 Mbits/sec    0    911 KBytes       
[SUM]   6.00-7.00   sec  16.1 MBytes   135 Mbits/sec    0             
- - - - - - - - - - - - - - - - - - - - - - - - -
[  6]   7.00-8.00   sec  4.99 MBytes  41.8 Mbits/sec    0    717 KBytes       
[  8]   7.00-8.00   sec  5.00 MBytes  41.9 Mbits/sec    0    713 KBytes       
[ 10]   7.00-8.00   sec  4.47 MBytes  37.5 Mbits/sec    0    581 KBytes       
[ 12]   7.00-8.00   sec  4.23 MBytes  35.4 Mbits/sec    0    554 KBytes       
[ 14]   7.00-8.00   sec  5.00 MBytes  41.9 Mbits/sec    0   1014 KBytes       
[SUM]   7.00-8.00   sec  23.7 MBytes   199 Mbits/sec    0             
- - - - - - - - - - - - - - - - - - - - - - - - -
[  6]   8.00-9.00   sec  3.75 MBytes  31.5 Mbits/sec    0    786 KBytes       
[  8]   8.00-9.00   sec  3.75 MBytes  31.5 Mbits/sec    0    751 KBytes       
[ 10]   8.00-9.00   sec  3.67 MBytes  30.8 Mbits/sec    0    632 KBytes       
[ 12]   8.00-9.00   sec  3.67 MBytes  30.8 Mbits/sec    0    619 KBytes       
[ 14]   8.00-9.00   sec  6.25 MBytes  52.4 Mbits/sec    0   1.04 MBytes       
[SUM]   8.00-9.00   sec  21.1 MBytes   177 Mbits/sec    0             
- - - - - - - - - - - - - - - - - - - - - - - - -
[  6]   9.00-10.00  sec  3.75 MBytes  31.5 Mbits/sec    0    786 KBytes       
[  8]   9.00-10.00  sec  3.75 MBytes  31.5 Mbits/sec    0    751 KBytes       
[ 10]   9.00-10.00  sec  3.74 MBytes  31.4 Mbits/sec    0    731 KBytes       
[ 12]   9.00-10.00  sec  3.74 MBytes  31.4 Mbits/sec    0    721 KBytes       
[ 14]   9.00-10.00  sec  6.25 MBytes  52.4 Mbits/sec    0   1.04 MBytes       
[SUM]   9.00-10.00  sec  21.2 MBytes   178 Mbits/sec    0             
- - - - - - - - - - - - - - - - - - - - - - - - -
[  6]  10.00-11.00  sec  2.50 MBytes  21.0 Mbits/sec    0    786 KBytes       
[  8]  10.00-11.00  sec  2.50 MBytes  21.0 Mbits/sec    0    751 KBytes       
[ 10]  10.00-11.00  sec  3.75 MBytes  31.5 Mbits/sec    0    731 KBytes       
[ 12]  10.00-11.00  sec  3.75 MBytes  31.5 Mbits/sec    0    721 KBytes       
[ 14]  10.00-11.00  sec  5.00 MBytes  41.9 Mbits/sec    0   1.04 MBytes       
[SUM]  10.00-11.00  sec  17.5 MBytes   147 Mbits/sec    0             
- - - - - - - - - - - - - - - - - - - - - - - - -
[  6]  11.00-12.00  sec  3.75 MBytes  31.4 Mbits/sec    0    786 KBytes       
[  8]  11.00-12.00  sec  3.75 MBytes  31.4 Mbits/sec    0    751 KBytes       
[ 10]  11.00-12.00  sec  2.50 MBytes  21.0 Mbits/sec    0    731 KBytes       
[ 12]  11.00-12.00  sec  2.50 MBytes  21.0 Mbits/sec    2    506 KBytes       
[ 14]  11.00-12.00  sec  3.75 MBytes  31.4 Mbits/sec   24    745 KBytes       
[SUM]  11.00-12.00  sec  16.2 MBytes   136 Mbits/sec   26             
- - - - - - - - - - - - - - - - - - - - - - - - -
[  6]  12.00-13.00  sec  6.25 MBytes  52.4 Mbits/sec    0   1.43 MBytes       
[  8]  12.00-13.00  sec  3.75 MBytes  31.5 Mbits/sec    0   1017 KBytes       
[ 10]  12.00-13.00  sec  5.00 MBytes  41.9 Mbits/sec    0   1.28 MBytes       
[ 12]  12.00-13.00  sec  3.75 MBytes  31.5 Mbits/sec    0    602 KBytes       
[ 14]  12.00-13.00  sec  3.75 MBytes  31.5 Mbits/sec    0    823 KBytes       
[SUM]  12.00-13.00  sec  22.5 MBytes   189 Mbits/sec    0             
- - - - - - - - - - - - - - - - - - - - - - - - -
[  6]  13.00-14.00  sec  6.25 MBytes  52.4 Mbits/sec    0   1.43 MBytes       
[  8]  13.00-14.00  sec  3.75 MBytes  31.5 Mbits/sec    0   1017 KBytes       
[ 10]  13.00-14.00  sec  6.25 MBytes  52.4 Mbits/sec    0   1.28 MBytes       
[ 12]  13.00-14.00  sec  3.75 MBytes  31.5 Mbits/sec    0    602 KBytes       
[ 14]  13.00-14.00  sec  2.50 MBytes  21.0 Mbits/sec    0    823 KBytes       
[SUM]  13.00-14.00  sec  22.5 MBytes   189 Mbits/sec    0             
- - - - - - - - - - - - - - - - - - - - - - - - -
[  6]  14.00-15.00  sec  5.00 MBytes  41.9 Mbits/sec    0   1.94 MBytes       
[  8]  14.00-15.00  sec  2.50 MBytes  21.0 Mbits/sec    0   1017 KBytes       
[ 10]  14.00-15.00  sec  5.00 MBytes  41.9 Mbits/sec    0   1.77 MBytes       
[ 12]  14.00-15.00  sec  2.50 MBytes  21.0 Mbits/sec    0    665 KBytes       
[ 14]  14.00-15.00  sec  2.50 MBytes  21.0 Mbits/sec    1    864 KBytes       
[SUM]  14.00-15.00  sec  17.5 MBytes   147 Mbits/sec    1             
- - - - - - - - - - - - - - - - - - - - - - - - -
[  6]  15.00-16.00  sec  6.25 MBytes  52.4 Mbits/sec    0   1.94 MBytes       
[  8]  15.00-16.00  sec  2.50 MBytes  21.0 Mbits/sec    0   1017 KBytes       
[ 10]  15.00-16.00  sec  6.25 MBytes  52.4 Mbits/sec    0   1.77 MBytes       
[ 12]  15.00-16.00  sec  2.50 MBytes  21.0 Mbits/sec    0    665 KBytes       
[ 14]  15.00-16.00  sec  3.75 MBytes  31.5 Mbits/sec    0    864 KBytes       
[SUM]  15.00-16.00  sec  21.2 MBytes   178 Mbits/sec    0             
- - - - - - - - - - - - - - - - - - - - - - - - -
[  6]  16.00-17.00  sec  6.25 MBytes  52.4 Mbits/sec    0   1.94 MBytes       
[  8]  16.00-17.00  sec  3.75 MBytes  31.5 Mbits/sec    0   1017 KBytes       
[ 10]  16.00-17.00  sec  6.25 MBytes  52.4 Mbits/sec    0   1.77 MBytes       
[ 12]  16.00-17.00  sec  3.75 MBytes  31.5 Mbits/sec    0    665 KBytes       
[ 14]  16.00-17.00  sec  2.50 MBytes  21.0 Mbits/sec    0    864 KBytes       
[SUM]  16.00-17.00  sec  22.5 MBytes   189 Mbits/sec    0             
- - - - - - - - - - - - - - - - - - - - - - - - -
[  6]  17.00-18.00  sec  0.00 Bytes  0.00 bits/sec    0   1.94 MBytes       
[  8]  17.00-18.00  sec  0.00 Bytes  0.00 bits/sec    1   1017 KBytes       
[ 10]  17.00-18.00  sec  0.00 Bytes  0.00 bits/sec    1    250 KBytes       
[ 12]  17.00-18.00  sec  0.00 Bytes  0.00 bits/sec    2    178 KBytes       
[ 14]  17.00-18.00  sec  1.25 MBytes  10.5 Mbits/sec    0    262 KBytes       
[SUM]  17.00-18.00  sec  1.25 MBytes  10.5 Mbits/sec    4             
- - - - - - - - - - - - - - - - - - - - - - - - -
[  6]  18.00-19.00  sec  1.25 MBytes  10.5 Mbits/sec    0   1.94 MBytes       
[  8]  18.00-19.00  sec  1.25 MBytes  10.5 Mbits/sec    0   1017 KBytes       
[ 10]  18.00-19.00  sec  1.25 MBytes  10.5 Mbits/sec    0   1.24 MBytes       
[ 12]  18.00-19.00  sec  0.00 Bytes  0.00 bits/sec    0    465 KBytes       
[ 14]  18.00-19.00  sec  0.00 Bytes  0.00 bits/sec    2    262 KBytes       
[SUM]  18.00-19.00  sec  3.75 MBytes  31.5 Mbits/sec    2             
- - - - - - - - - - - - - - - - - - - - - - - - -
[  6]  19.00-20.00  sec  2.50 MBytes  21.0 Mbits/sec    0   1.94 MBytes       
[  8]  19.00-20.00  sec  2.50 MBytes  21.0 Mbits/sec    0   1017 KBytes       
[ 10]  19.00-20.00  sec  2.50 MBytes  21.0 Mbits/sec    0   1.24 MBytes       
[ 12]  19.00-20.00  sec  1.25 MBytes  10.5 Mbits/sec    0    465 KBytes       
[ 14]  19.00-20.00  sec  0.00 Bytes  0.00 bits/sec    0    262 KBytes       
[SUM]  19.00-20.00  sec  8.75 MBytes  73.4 Mbits/sec    0             
- - - - - - - - - - - - - - - - - - - - - - - - -
[  6]  20.00-21.00  sec  3.75 MBytes  31.5 Mbits/sec    0   1.94 MBytes       
[  8]  20.00-21.00  sec  2.50 MBytes  21.0 Mbits/sec    0   1017 KBytes       
[ 10]  20.00-21.00  sec  2.50 MBytes  21.0 Mbits/sec    0   1.24 MBytes       
[ 12]  20.00-21.00  sec  1.25 MBytes  10.5 Mbits/sec    0    465 KBytes       
[ 14]  20.00-21.00  sec  1.25 MBytes  10.5 Mbits/sec    0    262 KBytes       
[SUM]  20.00-21.00  sec  11.2 MBytes  94.4 Mbits/sec    0             
- - - - - - - - - - - - - - - - - - - - - - - - -
[  6]  21.00-22.00  sec  6.25 MBytes  52.4 Mbits/sec    0   1.94 MBytes       
[  8]  21.00-22.00  sec  2.50 MBytes  21.0 Mbits/sec   23    711 KBytes       
[ 10]  21.00-22.00  sec  3.75 MBytes  31.5 Mbits/sec   20    889 KBytes       
[ 12]  21.00-22.00  sec  2.50 MBytes  21.0 Mbits/sec    0    496 KBytes       
[ 14]  21.00-22.00  sec  2.50 MBytes  21.0 Mbits/sec    0    342 KBytes       
[SUM]  21.00-22.00  sec  17.5 MBytes   147 Mbits/sec   43             
- - - - - - - - - - - - - - - - - - - - - - - - -
[  6]  22.00-23.00  sec  11.2 MBytes  94.4 Mbits/sec    0   2.93 MBytes       
[  8]  22.00-23.00  sec  3.75 MBytes  31.5 Mbits/sec    0    810 KBytes       
[ 10]  22.00-23.00  sec  2.50 MBytes  21.0 Mbits/sec    0    930 KBytes       
[ 12]  22.00-23.00  sec  3.75 MBytes  31.5 Mbits/sec    0    539 KBytes       
[ 14]  22.00-23.00  sec  2.50 MBytes  21.0 Mbits/sec    0    478 KBytes       
[SUM]  22.00-23.00  sec  23.8 MBytes   199 Mbits/sec    0             
- - - - - - - - - - - - - - - - - - - - - - - - -
[  6]  23.00-24.00  sec  8.75 MBytes  73.4 Mbits/sec    0   2.93 MBytes       
[  8]  23.00-24.00  sec  3.75 MBytes  31.5 Mbits/sec    0    810 KBytes       
[ 10]  23.00-24.00  sec  3.75 MBytes  31.5 Mbits/sec    0    930 KBytes       
[ 12]  23.00-24.00  sec  2.50 MBytes  21.0 Mbits/sec    0    539 KBytes       
[ 14]  23.00-24.00  sec  2.50 MBytes  21.0 Mbits/sec    0    501 KBytes       
[SUM]  23.00-24.00  sec  21.2 MBytes   178 Mbits/sec    0             
- - - - - - - - - - - - - - - - - - - - - - - - -
[  6]  24.00-25.00  sec  11.2 MBytes  94.4 Mbits/sec    0   2.93 MBytes       
[  8]  24.00-25.00  sec  2.50 MBytes  21.0 Mbits/sec    0    810 KBytes       
[ 10]  24.00-25.00  sec  2.50 MBytes  21.0 Mbits/sec    0    930 KBytes       
[ 12]  24.00-25.00  sec  2.50 MBytes  21.0 Mbits/sec    0    602 KBytes       
[ 14]  24.00-25.00  sec  2.50 MBytes  21.0 Mbits/sec    0    631 KBytes       
[SUM]  24.00-25.00  sec  21.2 MBytes   178 Mbits/sec    0             
- - - - - - - - - - - - - - - - - - - - - - - - -
[  6]  25.00-26.00  sec  8.75 MBytes  73.4 Mbits/sec    0   2.93 MBytes       
[  8]  25.00-26.00  sec  2.50 MBytes  21.0 Mbits/sec    0    810 KBytes       
[ 10]  25.00-26.00  sec  3.75 MBytes  31.5 Mbits/sec    0    930 KBytes       
[ 12]  25.00-26.00  sec  3.75 MBytes  31.5 Mbits/sec    0    602 KBytes       
[ 14]  25.00-26.00  sec  3.75 MBytes  31.5 Mbits/sec    0    631 KBytes       
[SUM]  25.00-26.00  sec  22.5 MBytes   189 Mbits/sec    0             
- - - - - - - - - - - - - - - - - - - - - - - - -
[  6]  26.00-27.00  sec  8.75 MBytes  73.4 Mbits/sec    0   2.93 MBytes       
[  8]  26.00-27.00  sec  3.75 MBytes  31.5 Mbits/sec    0    810 KBytes       
[ 10]  26.00-27.00  sec  3.75 MBytes  31.5 Mbits/sec    0    930 KBytes       
[ 12]  26.00-27.00  sec  2.50 MBytes  21.0 Mbits/sec    0    643 KBytes       
[ 14]  26.00-27.00  sec  2.50 MBytes  21.0 Mbits/sec    0    749 KBytes       
[SUM]  26.00-27.00  sec  21.2 MBytes   178 Mbits/sec    0             
- - - - - - - - - - - - - - - - - - - - - - - - -
[  6]  27.00-28.00  sec  11.2 MBytes  94.4 Mbits/sec    0   2.93 MBytes       
[  8]  27.00-28.00  sec  3.75 MBytes  31.5 Mbits/sec    0    810 KBytes       
[ 10]  27.00-28.00  sec  3.75 MBytes  31.5 Mbits/sec    0    930 KBytes       
[ 12]  27.00-28.00  sec  5.00 MBytes  41.9 Mbits/sec    0    643 KBytes       
[ 14]  27.00-28.00  sec  5.00 MBytes  41.9 Mbits/sec    0    749 KBytes       
[SUM]  27.00-28.00  sec  28.8 MBytes   241 Mbits/sec    0             
- - - - - - - - - - - - - - - - - - - - - - - - -
[  6]  28.00-29.00  sec  8.75 MBytes  73.4 Mbits/sec    0   2.93 MBytes       
[  8]  28.00-29.00  sec  3.75 MBytes  31.5 Mbits/sec    0    810 KBytes       
[ 10]  28.00-29.00  sec  2.50 MBytes  21.0 Mbits/sec    0    930 KBytes       
[ 12]  28.00-29.00  sec  2.50 MBytes  21.0 Mbits/sec    0    658 KBytes       
[ 14]  28.00-29.00  sec  2.50 MBytes  21.0 Mbits/sec    0    749 KBytes       
[SUM]  28.00-29.00  sec  20.0 MBytes   168 Mbits/sec    0             
- - - - - - - - - - - - - - - - - - - - - - - - -
[  6]  29.00-30.00  sec  8.75 MBytes  73.4 Mbits/sec    0   2.93 MBytes       
[  8]  29.00-30.00  sec  2.50 MBytes  21.0 Mbits/sec    0    810 KBytes       
[ 10]  29.00-30.00  sec  3.75 MBytes  31.5 Mbits/sec    0    930 KBytes       
[ 12]  29.00-30.00  sec  2.50 MBytes  21.0 Mbits/sec    0    658 KBytes       
[ 14]  29.00-30.00  sec  2.50 MBytes  21.0 Mbits/sec    0    749 KBytes       
[SUM]  29.00-30.00  sec  20.0 MBytes   168 Mbits/sec    0             
- - - - - - - - - - - - - - - - - - - - - - - - -
[ ID] Interval           Transfer     Bitrate         Retr
[  6]   0.00-30.00  sec   155 MBytes  43.3 Mbits/sec    1             sender
[  6]   0.00-30.06  sec   153 MBytes  42.8 Mbits/sec                  receiver
[  8]   0.00-30.00  sec  85.3 MBytes  23.9 Mbits/sec   26             sender
[  8]   0.00-30.06  sec  82.2 MBytes  22.9 Mbits/sec                  receiver
[ 10]   0.00-30.00  sec  96.5 MBytes  27.0 Mbits/sec   21             sender
[ 10]   0.00-30.06  sec  93.1 MBytes  26.0 Mbits/sec                  receiver
[ 12]   0.00-30.00  sec  77.1 MBytes  21.6 Mbits/sec    4             sender
[ 12]   0.00-30.06  sec  74.3 MBytes  20.7 Mbits/sec                  receiver
[ 14]   0.00-30.00  sec  89.2 MBytes  24.9 Mbits/sec   28             sender
[ 14]   0.00-30.06  sec  86.7 MBytes  24.2 Mbits/sec                  receiver
[SUM]   0.00-30.00  sec   503 MBytes   141 Mbits/sec   80             sender
[SUM]   0.00-30.06  sec   490 MBytes   137 Mbits/sec                  receiver

iperf Done.
